Change Component Designator: Old Designator=C1 New Designator=C125
Change Component Designator: Old Designator=C2 New Designator=C129
Change Component Designator: Old Designator=C3 New Designator=C127
Change Component Designator: Old Designator=C4 New Designator=C132
Change Component Designator: Old Designator=D1 New Designator=D54
Change Component Designator: Old Designator=D2 New Designator=D55
Change Component Designator: Old Designator=FD1 New Designator=FD3
Change Component Designator: Old Designator=FD2 New Designator=FD1
Change Component Designator: Old Designator=FD3 New Designator=FD2
Change Component Designator: Old Designator=J1 New Designator=J22
Change Component Designator: Old Designator=J2 New Designator=J23
Change Component Designator: Old Designator=J3 New Designator=J24
Change Component Designator: Old Designator=J4 New Designator=J25
Change Component Designator: Old Designator=J5 New Designator=J26
Change Component Designator: Old Designator=J5 New Designator=J26
Change Component Designator: Old Designator=J5 New Designator=J26
Change Component Designator: Old Designator=J5 New Designator=J26
Change Component Designator: Old Designator=J6 New Designator=J27
Change Component Designator: Old Designator=R1 New Designator=R128
Change Component Designator: Old Designator=R2 New Designator=R127
Change Component Designator: Old Designator=R3 New Designator=R108
Change Component Designator: Old Designator=R4 New Designator=R109
Change Component Designator: Old Designator=R5 New Designator=R113
Change Component Designator: Old Designator=R6 New Designator=R114
Change Component Designator: Old Designator=R7 New Designator=R117
Change Component Designator: Old Designator=R8 New Designator=R125
Change Component Designator: Old Designator=R9 New Designator=R119
Change Component Designator: Old Designator=R10 New Designator=R120
Change Component Designator: Old Designator=R11 New Designator=R123
Change Component Designator: Old Designator=R12 New Designator=R126
Change Component Designator: Old Designator=R13 New Designator=R97
Change Component Designator: Old Designator=R14 New Designator=R98
Change Component Designator: Old Designator=R15 New Designator=R99
Change Component Designator: Old Designator=R16 New Designator=R111
Change Component Designator: Old Designator=R17 New Designator=R100
Change Component Designator: Old Designator=R18 New Designator=R110
Change Component Designator: Old Designator=R19 New Designator=R115
Change Component Designator: Old Designator=TP1 New Designator=TP31
Change Component Designator: Old Designator=TP2 New Designator=TP32
Change Component Designator: Old Designator=TP3 New Designator=TP33
Change Component Designator: Old Designator=TP4 New Designator=TP34
Change Component Designator: Old Designator=TP5 New Designator=TP35
Change Component Designator: Old Designator=TP7 New Designator=TP4
Change Component Designator: Old Designator=TP8 New Designator=TP7
Change Component Designator: Old Designator=TP9 New Designator=TP8
Change Component Designator: Old Designator=U1 New Designator=U12
Change Component Designator: Old Designator=U2 New Designator=U13
