Change Pin Designator/Name:  Old Designator=U12C-10 Old Name=VDDCORE New Designator =VDDCORE New Name=10
Change Pin Designator/Name:  Old Designator=U12C-11 Old Name=VDDIO New Designator =VDDIO New Name=11
Change Pin Designator/Name:  Old Designator=U12C-12 Old Name=GND New Designator =GND New Name=12
Change Pin Designator/Name:  Old Designator=U12C-33 Old Name=GNDPLL New Designator =GNDPLL New Name=33
Change Pin Designator/Name:  Old Designator=U12C-34 Old Name=VDDPLL New Designator =VDDPLL New Name=34
Change Pin Designator/Name:  Old Designator=U12B-35 Old Name=XOUT New Designator =XOUT New Name=35
Change Pin Designator/Name:  Old Designator=U12B-36 Old Name=XIN New Designator =XIN New Name=36
Change Pin Designator/Name:  Old Designator=U12B-37 Old Name=DHSDP New Designator =DHSDP New Name=37
Change Pin Designator/Name:  Old Designator=U12B-38 Old Name=DHSDM New Designator =DHSDM New Name=38
Change Pin Designator/Name:  Old Designator=U12B-39 Old Name=VBUS New Designator =VBUS New Name=39
Change Pin Designator/Name:  Old Designator=U12B-40 Old Name=VBG New Designator =VBG New Name=40
Change Pin Designator/Name:  Old Designator=U12C-41 Old Name=VDDUTMI New Designator =VDDUTMI New Name=41
Change Pin Designator/Name:  Old Designator=U12B-42 Old Name=DFSDP New Designator =DFSDP New Name=42
Change Pin Designator/Name:  Old Designator=U12B-43 Old Name=DFSDM New Designator =DFSDM New Name=43
Change Pin Designator/Name:  Old Designator=U12C-44 Old Name=GNDUTMI New Designator =GNDUTMI New Name=44
Change Pin Designator/Name:  Old Designator=U12C-45 Old Name=VDDCORE New Designator =VDDCORE New Name=45
Change Pin Designator/Name:  Old Designator=U12B-46 Old Name=JTAGSEL New Designator =JTAGSEL New Name=46
Change Pin Designator/Name:  Old Designator=U12B-47 Old Name=NRSTB New Designator =NRSTB New Name=47
Change Pin Designator/Name:  Old Designator=U12B-48 Old Name=XIN32 New Designator =XIN32 New Name=48
Change Pin Designator/Name:  Old Designator=U12B-49 Old Name=XOUT32 New Designator =XOUT32 New Name=49
Change Pin Designator/Name:  Old Designator=U12B-50 Old Name=SHDN New Designator =SHDN New Name=50
Change Pin Designator/Name:  Old Designator=U12B-51 Old Name=TST New Designator =TST New Name=51
Change Pin Designator/Name:  Old Designator=U12C-52 Old Name=VDDBU New Designator =VDDBU New Name=52
Change Pin Designator/Name:  Old Designator=U12B-53 Old Name=FWUP New Designator =FWUP New Name=53
Change Pin Designator/Name:  Old Designator=U12C-54 Old Name=GNDBU New Designator =GNDBU New Name=54
Change Pin Designator/Name:  Old Designator=U12C-56 Old Name=VDDOUT New Designator =VDDOUT New Name=56
Change Pin Designator/Name:  Old Designator=U12C-57 Old Name=VDDIN New Designator =VDDIN New Name=57
Change Pin Designator/Name:  Old Designator=U12C-58 Old Name=GND New Designator =GND New Name=58
Change Pin Designator/Name:  Old Designator=U12C-61 Old Name=VDDCORE New Designator =VDDCORE New Name=61
Change Pin Designator/Name:  Old Designator=U12C-62 Old Name=VDDIO New Designator =VDDIO New Name=62
Change Pin Designator/Name:  Old Designator=U12B-69 Old Name=NRST New Designator =NRST New Name=69
Change Pin Designator/Name:  Old Designator=U12C-73 Old Name=VDDANA New Designator =VDDANA New Name=73
Change Pin Designator/Name:  Old Designator=U12C-74 Old Name=GNDANA New Designator =GNDANA New Name=74
Change Pin Designator/Name:  Old Designator=U12B-75 Old Name=ADVREF New Designator =ADVREF New Name=75
Change Pin Designator/Name:  Old Designator=U12C-104 Old Name=VDDCORE New Designator =VDDCORE New Name=104
Change Pin Designator/Name:  Old Designator=U12C-105 Old Name=VDDIO New Designator =VDDIO New Name=105
Change Pin Designator/Name:  Old Designator=U12C-106 Old Name=GND New Designator =GND New Name=106
Change Pin Designator/Name:  Old Designator=U12C-124 Old Name=VDDCORE New Designator =VDDCORE New Name=124
Change Pin Designator/Name:  Old Designator=U12C-125 Old Name=VDDIO New Designator =VDDIO New Name=125
Change Pin Designator/Name:  Old Designator=U12C-126 Old Name=GND New Designator =GND New Name=126
