Change Component Designator: Old Designator=C64 New Designator=C3
Change Component Designator: Old Designator=C65 New Designator=C20
Change Component Designator: Old Designator=C68 New Designator=C8
Change Component Designator: Old Designator=C69 New Designator=C7
Change Component Designator: Old Designator=C72 New Designator=C25
Change Component Designator: Old Designator=C73 New Designator=C13
Change Component Designator: Old Designator=C74 New Designator=C14
Change Component Designator: Old Designator=C75 New Designator=C2
Change Component Designator: Old Designator=C76 New Designator=C1
Change Component Designator: Old Designator=C77 New Designator=C28
Change Component Designator: Old Designator=C78 New Designator=C22
Change Component Designator: Old Designator=C79 New Designator=C19
Change Component Designator: Old Designator=C81 New Designator=C15
Change Component Designator: Old Designator=C82 New Designator=C10
Change Component Designator: Old Designator=C83 New Designator=C9
Change Component Designator: Old Designator=C90 New Designator=C26
Change Component Designator: Old Designator=C91 New Designator=C17
Change Component Designator: Old Designator=C92 New Designator=C16
Change Component Designator: Old Designator=C93 New Designator=C21
Change Component Designator: Old Designator=C94 New Designator=C23
Change Component Designator: Old Designator=C95 New Designator=C24
Change Component Designator: Old Designator=C96 New Designator=C38
Change Component Designator: Old Designator=C97 New Designator=C6
Change Component Designator: Old Designator=C98 New Designator=C35
Change Component Designator: Old Designator=C99 New Designator=C39
Change Component Designator: Old Designator=C100 New Designator=C11
Change Component Designator: Old Designator=C101 New Designator=C27
Change Component Designator: Old Designator=C102 New Designator=C18
Change Component Designator: Old Designator=C103 New Designator=C29
Change Component Designator: Old Designator=C104 New Designator=C4
Change Component Designator: Old Designator=C105 New Designator=C5
Change Component Designator: Old Designator=C107 New Designator=C37
Change Component Designator: Old Designator=C112 New Designator=C33
Change Component Designator: Old Designator=C114 New Designator=C12
Change Component Designator: Old Designator=C115 New Designator=C31
Change Component Designator: Old Designator=C116 New Designator=C30
Change Component Designator: Old Designator=C117 New Designator=C32
Change Component Designator: Old Designator=C119 New Designator=C34
Change Component Designator: Old Designator=C121 New Designator=C36
Change Component Designator: Old Designator=D37 New Designator=D1
Change Component Designator: Old Designator=D38 New Designator=D2
Change Component Designator: Old Designator=D39 New Designator=D4
Change Component Designator: Old Designator=D40 New Designator=D3
Change Component Designator: Old Designator=FD1 New Designator=FD3
Change Component Designator: Old Designator=FD2 New Designator=FD1
Change Component Designator: Old Designator=FD3 New Designator=FD2
Change Component Designator: Old Designator=J1 New Designator=J2
Change Component Designator: Old Designator=J2 New Designator=J1
Change Component Designator: Old Designator=L1 New Designator=L2
Change Component Designator: Old Designator=L2 New Designator=L3
Change Component Designator: Old Designator=L3 New Designator=L5
Change Component Designator: Old Designator=L4 New Designator=L6
Change Component Designator: Old Designator=L5 New Designator=L1
Change Component Designator: Old Designator=L6 New Designator=L4
Change Component Designator: Old Designator=P6 New Designator=P2
Change Component Designator: Old Designator=P7 New Designator=P3
Change Component Designator: Old Designator=R44 New Designator=R11
Change Component Designator: Old Designator=R45 New Designator=R16
Change Component Designator: Old Designator=R46 New Designator=R6
Change Component Designator: Old Designator=R47 New Designator=R19
Change Component Designator: Old Designator=R53 New Designator=R17
Change Component Designator: Old Designator=R58 New Designator=R15
Change Component Designator: Old Designator=R59 New Designator=R5
Change Component Designator: Old Designator=R60 New Designator=R4
Change Component Designator: Old Designator=R61 New Designator=R1
Change Component Designator: Old Designator=R62 New Designator=R2
Change Component Designator: Old Designator=R63 New Designator=R3
Change Component Designator: Old Designator=R77 New Designator=R9
Change Component Designator: Old Designator=R78 New Designator=R14
Change Component Designator: Old Designator=R79 New Designator=R13
Change Component Designator: Old Designator=R80 New Designator=R8
Change Component Designator: Old Designator=R81 New Designator=R23
Change Component Designator: Old Designator=R82 New Designator=R27
Change Component Designator: Old Designator=R83 New Designator=R26
Change Component Designator: Old Designator=R84 New Designator=R25
Change Component Designator: Old Designator=R85 New Designator=R10
Change Component Designator: Old Designator=R86 New Designator=R24
Change Component Designator: Old Designator=R87 New Designator=R12
Change Component Designator: Old Designator=R88 New Designator=R18
Change Component Designator: Old Designator=R89 New Designator=R7
Change Component Designator: Old Designator=R90 New Designator=R20
Change Component Designator: Old Designator=R91 New Designator=R21
Change Component Designator: Old Designator=R92 New Designator=R29
Change Component Designator: Old Designator=R93 New Designator=R28
Change Component Designator: Old Designator=R95 New Designator=R22
Change Component Designator: Old Designator=T2 New Designator=T1
Change Component Designator: Old Designator=T2 New Designator=T1
Change Component Designator: Old Designator=T2 New Designator=T1
Change Component Designator: Old Designator=T2 New Designator=T1
Change Component Designator: Old Designator=TP62 New Designator=TP5
Change Component Designator: Old Designator=TP63 New Designator=TP1
Change Component Designator: Old Designator=TP64 New Designator=TP2
Change Component Designator: Old Designator=TP65 New Designator=TP3
Change Component Designator: Old Designator=TP66 New Designator=TP4
Change Component Designator: Old Designator=TP79 New Designator=TP12
Change Component Designator: Old Designator=TP80 New Designator=TP14
Change Component Designator: Old Designator=TP81 New Designator=TP13
Change Component Designator: Old Designator=TP82 New Designator=TP11
Change Component Designator: Old Designator=TP84 New Designator=TP15
Change Component Designator: Old Designator=TP85 New Designator=TP6
Change Component Designator: Old Designator=TP86 New Designator=TP8
Change Component Designator: Old Designator=TP87 New Designator=TP10
Change Component Designator: Old Designator=TP89 New Designator=TP7
Change Component Designator: Old Designator=TP90 New Designator=TP9
Change Component Designator: Old Designator=U6 New Designator=U2
Change Component Designator: Old Designator=U7 New Designator=U1
Change Component Designator: Old Designator=U7 New Designator=U1
Change Component Designator: Old Designator=U7 New Designator=U1
Change Component Designator: Old Designator=U8 New Designator=U3
