Change Component Designator: OldDesignator=C1 NewDesignator=C88
Change Component Designator: OldDesignator=C88 NewDesignator=C85
Change Component Designator: OldDesignator=C85 NewDesignator=C87
Change Component Designator: OldDesignator=C2 NewDesignator=C84
Change Component Designator: OldDesignator=C84 NewDesignator=C89
Change Component Designator: OldDesignator=C89 NewDesignator=C86
Change Component Designator: OldDesignator=C3 NewDesignator=C10
Change Component Designator: OldDesignator=C10 NewDesignator=C3
Change Component Designator: OldDesignator=C3 NewDesignator=C7
Change Component Designator: OldDesignator=C7 NewDesignator=C8
Change Component Designator: OldDesignator=C4 NewDesignator=C75
Change Component Designator: OldDesignator=C5 NewDesignator=C15
Change Component Designator: OldDesignator=C15 NewDesignator=C11
Change Component Designator: OldDesignator=C11 NewDesignator=C13
Change Component Designator: OldDesignator=C13 NewDesignator=C14
Change Component Designator: OldDesignator=C6 NewDesignator=C2
Change Component Designator: OldDesignator=C2 NewDesignator=C4
Change Component Designator: OldDesignator=C4 NewDesignator=C1
Change Component Designator: OldDesignator=C1 NewDesignator=C9
Change Component Designator: OldDesignator=C7 NewDesignator=C133
Change Component Designator: OldDesignator=C8 NewDesignator=C16
Change Component Designator: OldDesignator=C16 NewDesignator=C17
Change Component Designator: OldDesignator=C17 NewDesignator=C19
Change Component Designator: OldDesignator=C19 NewDesignator=C20
Change Component Designator: OldDesignator=C9 NewDesignator=C143
Change Component Designator: OldDesignator=C10 NewDesignator=C141
Change Component Designator: OldDesignator=C11 NewDesignator=C142
Change Component Designator: OldDesignator=C12 NewDesignator=C25
Change Component Designator: OldDesignator=C25 NewDesignator=C26
Change Component Designator: OldDesignator=C26 NewDesignator=C27
Change Component Designator: OldDesignator=C27 NewDesignator=C28
Change Component Designator: OldDesignator=C13 NewDesignator=C73
Change Component Designator: OldDesignator=C14 NewDesignator=C29
Change Component Designator: OldDesignator=C29 NewDesignator=C30
Change Component Designator: OldDesignator=C30 NewDesignator=C31
Change Component Designator: OldDesignator=C31 NewDesignator=C32
Change Component Designator: OldDesignator=C15 NewDesignator=C52
Change Component Designator: OldDesignator=C52 NewDesignator=C53
Change Component Designator: OldDesignator=C53 NewDesignator=C55
Change Component Designator: OldDesignator=C55 NewDesignator=C56
Change Component Designator: OldDesignator=C16 NewDesignator=C106
Change Component Designator: OldDesignator=C17 NewDesignator=C91
Change Component Designator: OldDesignator=C18 NewDesignator=C120
Change Component Designator: OldDesignator=C19 NewDesignator=C80
Change Component Designator: OldDesignator=C20 NewDesignator=C126
Change Component Designator: OldDesignator=C21 NewDesignator=C144
Change Component Designator: OldDesignator=C22 NewDesignator=C139
Change Component Designator: OldDesignator=C23 NewDesignator=C65
Change Component Designator: OldDesignator=C24 NewDesignator=C98
Change Component Designator: OldDesignator=C25 NewDesignator=C82
Change Component Designator: OldDesignator=C26 NewDesignator=C123
Change Component Designator: OldDesignator=C27 NewDesignator=C74
Change Component Designator: OldDesignator=C28 NewDesignator=C108
Change Component Designator: OldDesignator=C29 NewDesignator=C81
Change Component Designator: OldDesignator=C30 NewDesignator=C67
Change Component Designator: OldDesignator=C67 NewDesignator=C71
Change Component Designator: OldDesignator=C71 NewDesignator=C66
Change Component Designator: OldDesignator=C66 NewDesignator=C70
Change Component Designator: OldDesignator=C31 NewDesignator=C24
Change Component Designator: OldDesignator=C32 NewDesignator=C114
Change Component Designator: OldDesignator=C33 NewDesignator=C100
Change Component Designator: OldDesignator=C34 NewDesignator=C64
Change Component Designator: OldDesignator=C36 NewDesignator=C83
Change Component Designator: OldDesignator=C37 NewDesignator=C49
Change Component Designator: OldDesignator=C49 NewDesignator=C50
Change Component Designator: OldDesignator=C50 NewDesignator=C22
Change Component Designator: OldDesignator=C22 NewDesignator=C23
Change Component Designator: OldDesignator=C38 NewDesignator=C102
Change Component Designator: OldDesignator=C39 NewDesignator=C79
Change Component Designator: OldDesignator=C40 NewDesignator=C140
Change Component Designator: OldDesignator=C41 NewDesignator=C93
Change Component Designator: OldDesignator=C42 NewDesignator=C78
Change Component Designator: OldDesignator=C43 NewDesignator=C105
Change Component Designator: OldDesignator=C44 NewDesignator=C104
Change Component Designator: OldDesignator=C45 NewDesignator=C72
Change Component Designator: OldDesignator=C46 NewDesignator=C90
Change Component Designator: OldDesignator=C47 NewDesignator=C101
Change Component Designator: OldDesignator=C48 NewDesignator=C77
Change Component Designator: OldDesignator=C49 NewDesignator=C46
Change Component Designator: OldDesignator=C50 NewDesignator=C61
Change Component Designator: OldDesignator=C51 NewDesignator=C21
Change Component Designator: OldDesignator=C52 NewDesignator=C5
Change Component Designator: OldDesignator=C53 NewDesignator=C92
Change Component Designator: OldDesignator=C54 NewDesignator=C76
Change Component Designator: OldDesignator=C55 NewDesignator=C111
Change Component Designator: OldDesignator=C56 NewDesignator=C115
Change Component Designator: OldDesignator=C57 NewDesignator=C117
Change Component Designator: OldDesignator=C58 NewDesignator=C119
Change Component Designator: OldDesignator=C59 NewDesignator=C112
Change Component Designator: OldDesignator=C60 NewDesignator=C94
Change Component Designator: OldDesignator=C61 NewDesignator=C95
Change Component Designator: OldDesignator=C62 NewDesignator=C12
Change Component Designator: OldDesignator=C63 NewDesignator=C107
Change Component Designator: OldDesignator=C64 NewDesignator=C110
Change Component Designator: OldDesignator=C65 NewDesignator=C68
Change Component Designator: OldDesignator=C66 NewDesignator=C34
Change Component Designator: OldDesignator=C34 NewDesignator=C38
Change Component Designator: OldDesignator=C38 NewDesignator=C36
Change Component Designator: OldDesignator=C36 NewDesignator=C37
Change Component Designator: OldDesignator=C67 NewDesignator=C6
Change Component Designator: OldDesignator=C68 NewDesignator=C44
Change Component Designator: OldDesignator=C44 NewDesignator=C45
Change Component Designator: OldDesignator=C45 NewDesignator=C47
Change Component Designator: OldDesignator=C47 NewDesignator=C48
Change Component Designator: OldDesignator=C69 NewDesignator=C33
Change Component Designator: OldDesignator=C70 NewDesignator=C113
Change Component Designator: OldDesignator=C71 NewDesignator=C59
Change Component Designator: OldDesignator=C59 NewDesignator=C60
Change Component Designator: OldDesignator=C60 NewDesignator=C62
Change Component Designator: OldDesignator=C62 NewDesignator=C63
Change Component Designator: OldDesignator=C72 NewDesignator=C18
Change Component Designator: OldDesignator=C73 NewDesignator=C97
Change Component Designator: OldDesignator=C74 NewDesignator=C99
Change Component Designator: OldDesignator=C75 NewDesignator=C40
Change Component Designator: OldDesignator=C40 NewDesignator=C43
Change Component Designator: OldDesignator=C43 NewDesignator=C41
Change Component Designator: OldDesignator=C41 NewDesignator=C42
Change Component Designator: OldDesignator=C76 NewDesignator=C118
Change Component Designator: OldDesignator=C77 NewDesignator=C128
Change Component Designator: OldDesignator=C78 NewDesignator=C130
Change Component Designator: OldDesignator=C79 NewDesignator=C131
Change Component Designator: OldDesignator=C80 NewDesignator=C58
Change Component Designator: OldDesignator=C81 NewDesignator=C51
Change Component Designator: OldDesignator=C82 NewDesignator=C57
Change Component Designator: OldDesignator=C83 NewDesignator=C109
Change Component Designator: OldDesignator=C84 NewDesignator=C39
Change Component Designator: OldDesignator=C85 NewDesignator=C127
Change Component Designator: OldDesignator=C86 NewDesignator=C125
Change Component Designator: OldDesignator=C87 NewDesignator=C124
Change Component Designator: OldDesignator=C88 NewDesignator=C122
Change Component Designator: OldDesignator=C89 NewDesignator=C69
Change Component Designator: OldDesignator=C90 NewDesignator=C54
Change Component Designator: OldDesignator=C91 NewDesignator=C138
Change Component Designator: OldDesignator=C92 NewDesignator=C103
Change Component Designator: OldDesignator=C93 NewDesignator=C116
Change Component Designator: OldDesignator=C94 NewDesignator=C121
Change Component Designator: OldDesignator=C95 NewDesignator=C96
Change Component Designator: OldDesignator=C96 NewDesignator=C132
Change Component Designator: OldDesignator=C97 NewDesignator=C136
Change Component Designator: OldDesignator=C98 NewDesignator=C137
Change Component Designator: OldDesignator=C99 NewDesignator=C135
Change Component Designator: OldDesignator=C100 NewDesignator=C134
Change Component Designator: OldDesignator=C101 NewDesignator=C129
Change Component Designator: OldDesignator=D1 NewDesignator=D23
Change Component Designator: OldDesignator=D2 NewDesignator=D57
Change Component Designator: OldDesignator=D3 NewDesignator=D28
Change Component Designator: OldDesignator=D28 NewDesignator=D30
Change Component Designator: OldDesignator=D30 NewDesignator=D26
Change Component Designator: OldDesignator=D26 NewDesignator=D29
Change Component Designator: OldDesignator=D4 NewDesignator=D62
Change Component Designator: OldDesignator=D5 NewDesignator=D24
Change Component Designator: OldDesignator=D24 NewDesignator=D27
Change Component Designator: OldDesignator=D27 NewDesignator=D22
Change Component Designator: OldDesignator=D22 NewDesignator=D25
Change Component Designator: OldDesignator=D6 NewDesignator=D41
Change Component Designator: OldDesignator=D7 NewDesignator=D21
Change Component Designator: OldDesignator=D8 NewDesignator=D38
Change Component Designator: OldDesignator=D9 NewDesignator=D58
Change Component Designator: OldDesignator=D10 NewDesignator=D42
Change Component Designator: OldDesignator=D11 NewDesignator=D61
Change Component Designator: OldDesignator=D12 NewDesignator=D45
Change Component Designator: OldDesignator=D13 NewDesignator=D54
Change Component Designator: OldDesignator=D14 NewDesignator=D55
Change Component Designator: OldDesignator=D15 NewDesignator=D48
Change Component Designator: OldDesignator=D16 NewDesignator=D56
Change Component Designator: OldDesignator=D17 NewDesignator=D46
Change Component Designator: OldDesignator=D18 NewDesignator=D50
Change Component Designator: OldDesignator=D19 NewDesignator=D49
Change Component Designator: OldDesignator=D20 NewDesignator=D11
Change Component Designator: OldDesignator=D11 NewDesignator=D13
Change Component Designator: OldDesignator=D13 NewDesignator=D17
Change Component Designator: OldDesignator=D17 NewDesignator=D19
Change Component Designator: OldDesignator=D21 NewDesignator=D4
Change Component Designator: OldDesignator=D4 NewDesignator=D5
Change Component Designator: OldDesignator=D5 NewDesignator=D7
Change Component Designator: OldDesignator=D7 NewDesignator=D9
Change Component Designator: OldDesignator=D22 NewDesignator=D12
Change Component Designator: OldDesignator=D12 NewDesignator=D14
Change Component Designator: OldDesignator=D14 NewDesignator=D18
Change Component Designator: OldDesignator=D18 NewDesignator=D20
Change Component Designator: OldDesignator=D23 NewDesignator=D1
Change Component Designator: OldDesignator=D1 NewDesignator=D2
Change Component Designator: OldDesignator=D2 NewDesignator=D8
Change Component Designator: OldDesignator=D8 NewDesignator=D10
Change Component Designator: OldDesignator=D24 NewDesignator=D40
Change Component Designator: OldDesignator=D25 NewDesignator=D15
Change Component Designator: OldDesignator=D26 NewDesignator=D6
Change Component Designator: OldDesignator=D27 NewDesignator=D16
Change Component Designator: OldDesignator=D28 NewDesignator=D3
Change Component Designator: OldDesignator=D29 NewDesignator=D39
Change Component Designator: OldDesignator=D30 NewDesignator=D44
Change Component Designator: OldDesignator=D31 NewDesignator=D43
Change Component Designator: OldDesignator=D32 NewDesignator=D59
Change Component Designator: OldDesignator=D33 NewDesignator=D47
Change Component Designator: OldDesignator=D34 NewDesignator=D51
Change Component Designator: OldDesignator=D35 NewDesignator=D52
Change Component Designator: OldDesignator=D36 NewDesignator=D53
Change Component Designator: OldDesignator=D37 NewDesignator=D60
Change Component Designator: OldDesignator=D38 NewDesignator=D32
Change Component Designator: OldDesignator=D32 NewDesignator=D34
Change Component Designator: OldDesignator=D34 NewDesignator=D36
Change Component Designator: OldDesignator=D39 NewDesignator=D31
Change Component Designator: OldDesignator=D31 NewDesignator=D33
Change Component Designator: OldDesignator=D33 NewDesignator=D35
Change Component Designator: OldDesignator=D40 NewDesignator=D37
Change Component Designator: OldDesignator=F1 NewDesignator=F2
Change Component Designator: OldDesignator=F2 NewDesignator=F3
Change Component Designator: OldDesignator=F3 NewDesignator=F1
Change Component Designator: OldDesignator=FD1 NewDesignator=FD2
Change Component Designator: OldDesignator=FD2 NewDesignator=FD1
Change Component Designator: OldDesignator=GND_TP NewDesignator=GND_TP1
Change Component Designator: OldDesignator=H1 NewDesignator=H2
Change Component Designator: OldDesignator=H2 NewDesignator=H1
Change Component Designator: OldDesignator=H3 NewDesignator=H6
Change Component Designator: OldDesignator=H4 NewDesignator=H7
Change Component Designator: OldDesignator=H5 NewDesignator=H3
Change Component Designator: OldDesignator=H6 NewDesignator=H5
Change Component Designator: OldDesignator=H7 NewDesignator=H4
Change Component Designator: OldDesignator=L1 NewDesignator=L7
Change Component Designator: OldDesignator=L2 NewDesignator=L5
Change Component Designator: OldDesignator=L3 NewDesignator=L1
Change Component Designator: OldDesignator=L4 NewDesignator=L2
Change Component Designator: OldDesignator=L5 NewDesignator=L3
Change Component Designator: OldDesignator=L7 NewDesignator=L4
Change Component Designator: OldDesignator=M1 NewDesignator=M1
Change Component Designator: OldDesignator=M1 NewDesignator=M1
Change Component Designator: OldDesignator=M1 NewDesignator=M1
Change Component Designator: OldDesignator=M1 NewDesignator=M1
Change Component Designator: OldDesignator=M1 NewDesignator=M2
Change Component Designator: OldDesignator=M1 NewDesignator=M2
Change Component Designator: OldDesignator=M1 NewDesignator=M2
Change Component Designator: OldDesignator=M1 NewDesignator=M2
Change Component Designator: OldDesignator=M2 NewDesignator=M5
Change Component Designator: OldDesignator=M2 NewDesignator=M5
Change Component Designator: OldDesignator=M2 NewDesignator=M5
Change Component Designator: OldDesignator=M2 NewDesignator=M5
Change Component Designator: OldDesignator=M5 NewDesignator=M6
Change Component Designator: OldDesignator=M5 NewDesignator=M6
Change Component Designator: OldDesignator=M5 NewDesignator=M6
Change Component Designator: OldDesignator=M5 NewDesignator=M6
Change Component Designator: OldDesignator=M2 NewDesignator=M4
Change Component Designator: OldDesignator=M2 NewDesignator=M4
Change Component Designator: OldDesignator=M2 NewDesignator=M4
Change Component Designator: OldDesignator=M2 NewDesignator=M4
Change Component Designator: OldDesignator=MAX1 NewDesignator=MAX1
Change Component Designator: OldDesignator=MAX1 NewDesignator=MAX1
Change Component Designator: OldDesignator=MAX1 NewDesignator=MAX1
Change Component Designator: OldDesignator=MAX1 NewDesignator=MAX2
Change Component Designator: OldDesignator=MAX1 NewDesignator=MAX2
Change Component Designator: OldDesignator=MAX1 NewDesignator=MAX2
Change Component Designator: OldDesignator=MAX2 NewDesignator=MAX3
Change Component Designator: OldDesignator=MAX2 NewDesignator=MAX3
Change Component Designator: OldDesignator=MAX2 NewDesignator=MAX3
Change Component Designator: OldDesignator=MIN1 NewDesignator=MIN1
Change Component Designator: OldDesignator=MIN1 NewDesignator=MIN1
Change Component Designator: OldDesignator=MIN1 NewDesignator=MIN1
Change Component Designator: OldDesignator=MIN1 NewDesignator=MIN2
Change Component Designator: OldDesignator=MIN1 NewDesignator=MIN2
Change Component Designator: OldDesignator=MIN1 NewDesignator=MIN2
Change Component Designator: OldDesignator=MIN2 NewDesignator=MIN3
Change Component Designator: OldDesignator=MIN2 NewDesignator=MIN3
Change Component Designator: OldDesignator=MIN2 NewDesignator=MIN3
Change Component Designator: OldDesignator=P2 NewDesignator=P2
Change Component Designator: OldDesignator=P2 NewDesignator=P2
Change Component Designator: OldDesignator=P2 NewDesignator=P3
Change Component Designator: OldDesignator=P2 NewDesignator=P3
Change Component Designator: OldDesignator=P3 NewDesignator=P4
Change Component Designator: OldDesignator=P3 NewDesignator=P4
Change Component Designator: OldDesignator=P4 NewDesignator=P5
Change Component Designator: OldDesignator=P4 NewDesignator=P5
Change Component Designator: OldDesignator=P3 NewDesignator=P6
Change Component Designator: OldDesignator=P4 NewDesignator=P7
Change Component Designator: OldDesignator=P5 NewDesignator=P1
Change Component Designator: OldDesignator=Q1 NewDesignator=Q5
Change Component Designator: OldDesignator=Q1 NewDesignator=Q5
Change Component Designator: OldDesignator=Q4 NewDesignator=Q2
Change Component Designator: OldDesignator=Q5 NewDesignator=Q3
Change Component Designator: OldDesignator=Q6 NewDesignator=Q4
Change Component Designator: OldDesignator=Q7 NewDesignator=Q1
Change Component Designator: OldDesignator=R1 NewDesignator=R52
Change Component Designator: OldDesignator=R2 NewDesignator=R66
Change Component Designator: OldDesignator=R66 NewDesignator=R70
Change Component Designator: OldDesignator=R70 NewDesignator=R74
Change Component Designator: OldDesignator=R3 NewDesignator=R76
Change Component Designator: OldDesignator=R76 NewDesignator=R68
Change Component Designator: OldDesignator=R68 NewDesignator=R72
Change Component Designator: OldDesignator=R4 NewDesignator=R39
Change Component Designator: OldDesignator=R39 NewDesignator=R40
Change Component Designator: OldDesignator=R40 NewDesignator=R42
Change Component Designator: OldDesignator=R42 NewDesignator=R43
Change Component Designator: OldDesignator=R5 NewDesignator=R80
Change Component Designator: OldDesignator=R6 NewDesignator=R77
Change Component Designator: OldDesignator=R7 NewDesignator=R127
Change Component Designator: OldDesignator=R8 NewDesignator=R13
Change Component Designator: OldDesignator=R13 NewDesignator=R14
Change Component Designator: OldDesignator=R14 NewDesignator=R28
Change Component Designator: OldDesignator=R28 NewDesignator=R30
Change Component Designator: OldDesignator=R9 NewDesignator=R24
Change Component Designator: OldDesignator=R24 NewDesignator=R26
Change Component Designator: OldDesignator=R26 NewDesignator=R29
Change Component Designator: OldDesignator=R29 NewDesignator=R31
Change Component Designator: OldDesignator=R10 NewDesignator=R119
Change Component Designator: OldDesignator=R11 NewDesignator=R94
Change Component Designator: OldDesignator=R12 NewDesignator=R118
Change Component Designator: OldDesignator=R13 NewDesignator=R115
Change Component Designator: OldDesignator=R14 NewDesignator=R49
Change Component Designator: OldDesignator=R49 NewDesignator=R51
Change Component Designator: OldDesignator=R51 NewDesignator=R48
Change Component Designator: OldDesignator=R48 NewDesignator=R50
Change Component Designator: OldDesignator=R15 NewDesignator=R81
Change Component Designator: OldDesignator=R16 NewDesignator=R45
Change Component Designator: OldDesignator=R17 NewDesignator=R128
Change Component Designator: OldDesignator=R18 NewDesignator=R86
Change Component Designator: OldDesignator=R19 NewDesignator=R55
Change Component Designator: OldDesignator=R55 NewDesignator=R57
Change Component Designator: OldDesignator=R57 NewDesignator=R54
Change Component Designator: OldDesignator=R54 NewDesignator=R56
Change Component Designator: OldDesignator=R20 NewDesignator=R83
Change Component Designator: OldDesignator=R21 NewDesignator=R98
Change Component Designator: OldDesignator=R22 NewDesignator=R85
Change Component Designator: OldDesignator=R23 NewDesignator=R79
Change Component Designator: OldDesignator=R24 NewDesignator=R82
Change Component Designator: OldDesignator=R25 NewDesignator=R93
Change Component Designator: OldDesignator=R26 NewDesignator=R92
Change Component Designator: OldDesignator=R27 NewDesignator=R23
Change Component Designator: OldDesignator=R28 NewDesignator=R61
Change Component Designator: OldDesignator=R29 NewDesignator=R62
Change Component Designator: OldDesignator=R30 NewDesignator=R15
Change Component Designator: OldDesignator=R15 NewDesignator=R16
Change Component Designator: OldDesignator=R16 NewDesignator=R18
Change Component Designator: OldDesignator=R18 NewDesignator=R19
Change Component Designator: OldDesignator=R31 NewDesignator=R25
Change Component Designator: OldDesignator=R25 NewDesignator=R27
Change Component Designator: OldDesignator=R27 NewDesignator=R22
Change Component Designator: OldDesignator=R22 NewDesignator=R32
Change Component Designator: OldDesignator=R32 NewDesignator=R4
Change Component Designator: OldDesignator=R4 NewDesignator=R6
Change Component Designator: OldDesignator=R6 NewDesignator=R10
Change Component Designator: OldDesignator=R10 NewDesignator=R12
Change Component Designator: OldDesignator=R33 NewDesignator=R3
Change Component Designator: OldDesignator=R3 NewDesignator=R5
Change Component Designator: OldDesignator=R5 NewDesignator=R9
Change Component Designator: OldDesignator=R9 NewDesignator=R11
Change Component Designator: OldDesignator=R34 NewDesignator=R63
Change Component Designator: OldDesignator=R35 NewDesignator=R60
Change Component Designator: OldDesignator=R36 NewDesignator=R17
Change Component Designator: OldDesignator=R37 NewDesignator=R21
Change Component Designator: OldDesignator=R38 NewDesignator=R8
Change Component Designator: OldDesignator=R39 NewDesignator=R7
Change Component Designator: OldDesignator=R40 NewDesignator=R59
Change Component Designator: OldDesignator=R41 NewDesignator=R64
Change Component Designator: OldDesignator=R42 NewDesignator=R58
Change Component Designator: OldDesignator=R43 NewDesignator=R88
Change Component Designator: OldDesignator=R44 NewDesignator=R34
Change Component Designator: OldDesignator=R34 NewDesignator=R35
Change Component Designator: OldDesignator=R35 NewDesignator=R37
Change Component Designator: OldDesignator=R37 NewDesignator=R38
Change Component Designator: OldDesignator=R45 NewDesignator=R113
Change Component Designator: OldDesignator=R46 NewDesignator=R114
Change Component Designator: OldDesignator=R47 NewDesignator=R120
Change Component Designator: OldDesignator=R48 NewDesignator=R41
Change Component Designator: OldDesignator=R49 NewDesignator=R36
Change Component Designator: OldDesignator=R50 NewDesignator=R46
Change Component Designator: OldDesignator=R51 NewDesignator=R117
Change Component Designator: OldDesignator=R52 NewDesignator=R111
Change Component Designator: OldDesignator=R53 NewDesignator=R20
Change Component Designator: OldDesignator=R54 NewDesignator=R101
Change Component Designator: OldDesignator=R55 NewDesignator=R106
Change Component Designator: OldDesignator=R56 NewDesignator=R124
Change Component Designator: OldDesignator=R57 NewDesignator=R108
Change Component Designator: OldDesignator=R58 NewDesignator=R102
Change Component Designator: OldDesignator=R59 NewDesignator=R107
Change Component Designator: OldDesignator=R60 NewDesignator=R123
Change Component Designator: OldDesignator=R61 NewDesignator=R109
Change Component Designator: OldDesignator=R62 NewDesignator=R103
Change Component Designator: OldDesignator=R63 NewDesignator=R104
Change Component Designator: OldDesignator=R64 NewDesignator=R121
Change Component Designator: OldDesignator=R65 NewDesignator=R110
Change Component Designator: OldDesignator=R66 NewDesignator=R105
Change Component Designator: OldDesignator=R67 NewDesignator=R99
Change Component Designator: OldDesignator=R68 NewDesignator=R122
Change Component Designator: OldDesignator=R69 NewDesignator=R100
Change Component Designator: OldDesignator=R70 NewDesignator=R112
Change Component Designator: OldDesignator=R71 NewDesignator=R90
Change Component Designator: OldDesignator=R72 NewDesignator=R97
Change Component Designator: OldDesignator=R73 NewDesignator=R44
Change Component Designator: OldDesignator=R74 NewDesignator=R91
Change Component Designator: OldDesignator=R75 NewDesignator=R95
Change Component Designator: OldDesignator=R76 NewDesignator=R67
Change Component Designator: OldDesignator=R67 NewDesignator=R71
Change Component Designator: OldDesignator=R71 NewDesignator=R75
Change Component Designator: OldDesignator=R77 NewDesignator=R65
Change Component Designator: OldDesignator=R65 NewDesignator=R69
Change Component Designator: OldDesignator=R69 NewDesignator=R73
Change Component Designator: OldDesignator=R78 NewDesignator=R116
Change Component Designator: OldDesignator=R79 NewDesignator=R126
Change Component Designator: OldDesignator=R80 NewDesignator=R2
Change Component Designator: OldDesignator=R81 NewDesignator=R1
Change Component Designator: OldDesignator=R82 NewDesignator=R125
Change Component Designator: OldDesignator=R83 NewDesignator=R33
Change Component Designator: OldDesignator=R84 NewDesignator=R96
Change Component Designator: OldDesignator=R85 NewDesignator=R53
Change Component Designator: OldDesignator=R86 NewDesignator=R47
Change Component Designator: OldDesignator=R88 NewDesignator=R78
Change Component Designator: OldDesignator=R89 NewDesignator=R84
Change Component Designator: OldDesignator=R90 NewDesignator=R89
Change Component Designator: OldDesignator=S1 NewDesignator=S2
Change Component Designator: OldDesignator=S2 NewDesignator=S1
Change Component Designator: OldDesignator=SD NewDesignator=SD1
Change Component Designator: OldDesignator=T1 NewDesignator=T4
Change Component Designator: OldDesignator=T4 NewDesignator=T1
Change Component Designator: OldDesignator=T4 NewDesignator=T1
Change Component Designator: OldDesignator=T4 NewDesignator=T1
Change Component Designator: OldDesignator=T4 NewDesignator=T1
Change Component Designator: OldDesignator=TP1 NewDesignator=TP5
Change Component Designator: OldDesignator=TP5 NewDesignator=TP2
Change Component Designator: OldDesignator=TP2 NewDesignator=TP3
Change Component Designator: OldDesignator=TP3 NewDesignator=TP4
Change Component Designator: OldDesignator=TP2 NewDesignator=TP71
Change Component Designator: OldDesignator=TP3 NewDesignator=TP1
Change Component Designator: OldDesignator=TP4 NewDesignator=TP46
Change Component Designator: OldDesignator=TP5 NewDesignator=TP47
Change Component Designator: OldDesignator=TP6 NewDesignator=TP63
Change Component Designator: OldDesignator=TP7 NewDesignator=TP64
Change Component Designator: OldDesignator=TP8 NewDesignator=TP65
Change Component Designator: OldDesignator=TP9 NewDesignator=TP78
Change Component Designator: OldDesignator=TP78 NewDesignator=TP76
Change Component Designator: OldDesignator=TP76 NewDesignator=TP74
Change Component Designator: OldDesignator=TP10 NewDesignator=TP73
Change Component Designator: OldDesignator=TP73 NewDesignator=TP77
Change Component Designator: OldDesignator=TP77 NewDesignator=TP75
Change Component Designator: OldDesignator=TP11 NewDesignator=TP100
Change Component Designator: OldDesignator=TP12 NewDesignator=TP99
Change Component Designator: OldDesignator=TP13 NewDesignator=TP98
Change Component Designator: OldDesignator=TP14 NewDesignator=TP97
Change Component Designator: OldDesignator=TP15 NewDesignator=TP56
Change Component Designator: OldDesignator=TP16 NewDesignator=TP10
Change Component Designator: OldDesignator=TP17 NewDesignator=TP19
Change Component Designator: OldDesignator=TP18 NewDesignator=TP24
Change Component Designator: OldDesignator=TP19 NewDesignator=TP9
Change Component Designator: OldDesignator=TP20 NewDesignator=TP21
Change Component Designator: OldDesignator=TP21 NewDesignator=TP25
Change Component Designator: OldDesignator=TP22 NewDesignator=TP44
Change Component Designator: OldDesignator=TP23 NewDesignator=TP45
Change Component Designator: OldDesignator=TP24 NewDesignator=TP55
Change Component Designator: OldDesignator=TP55 NewDesignator=TP51
Change Component Designator: OldDesignator=TP51 NewDesignator=TP43
Change Component Designator: OldDesignator=TP43 NewDesignator=TP39
Change Component Designator: OldDesignator=TP25 NewDesignator=TP54
Change Component Designator: OldDesignator=TP54 NewDesignator=TP50
Change Component Designator: OldDesignator=TP50 NewDesignator=TP42
Change Component Designator: OldDesignator=TP42 NewDesignator=TP38
Change Component Designator: OldDesignator=TP26 NewDesignator=TP52
Change Component Designator: OldDesignator=TP52 NewDesignator=TP48
Change Component Designator: OldDesignator=TP48 NewDesignator=TP40
Change Component Designator: OldDesignator=TP40 NewDesignator=TP36
Change Component Designator: OldDesignator=TP27 NewDesignator=TP53
Change Component Designator: OldDesignator=TP53 NewDesignator=TP49
Change Component Designator: OldDesignator=TP49 NewDesignator=TP41
Change Component Designator: OldDesignator=TP41 NewDesignator=TP37
Change Component Designator: OldDesignator=TP28 NewDesignator=TP66
Change Component Designator: OldDesignator=TP29 NewDesignator=TP79
Change Component Designator: OldDesignator=TP30 NewDesignator=TP62
Change Component Designator: OldDesignator=TP31 NewDesignator=TP101
Change Component Designator: OldDesignator=TP32 NewDesignator=TP34
Change Component Designator: OldDesignator=TP34 NewDesignator=TP8
Change Component Designator: OldDesignator=TP8 NewDesignator=TP12
Change Component Designator: OldDesignator=TP12 NewDesignator=TP15
Change Component Designator: OldDesignator=TP33 NewDesignator=TP60
Change Component Designator: OldDesignator=TP60 NewDesignator=TP59
Change Component Designator: OldDesignator=TP59 NewDesignator=TP58
Change Component Designator: OldDesignator=TP58 NewDesignator=TP57
Change Component Designator: OldDesignator=TP34 NewDesignator=TP88
Change Component Designator: OldDesignator=TP35 NewDesignator=TP22
Change Component Designator: OldDesignator=TP22 NewDesignator=TP18
Change Component Designator: OldDesignator=TP18 NewDesignator=TP16
Change Component Designator: OldDesignator=TP16 NewDesignator=TP20
Change Component Designator: OldDesignator=TP36 NewDesignator=TP6
Change Component Designator: OldDesignator=TP6 NewDesignator=TP28
Change Component Designator: OldDesignator=TP28 NewDesignator=TP17
Change Component Designator: OldDesignator=TP17 NewDesignator=TP13
Change Component Designator: OldDesignator=TP37 NewDesignator=TP32
Change Component Designator: OldDesignator=TP32 NewDesignator=TP7
Change Component Designator: OldDesignator=TP7 NewDesignator=TP11
Change Component Designator: OldDesignator=TP11 NewDesignator=TP14
Change Component Designator: OldDesignator=TP38 NewDesignator=TP80
Change Component Designator: OldDesignator=TP39 NewDesignator=TP35
Change Component Designator: OldDesignator=TP35 NewDesignator=TP23
Change Component Designator: OldDesignator=TP23 NewDesignator=TP27
Change Component Designator: OldDesignator=TP27 NewDesignator=TP31
Change Component Designator: OldDesignator=TP40 NewDesignator=TP33
Change Component Designator: OldDesignator=TP33 NewDesignator=TP29
Change Component Designator: OldDesignator=TP29 NewDesignator=TP26
Change Component Designator: OldDesignator=TP26 NewDesignator=TP30
Change Component Designator: OldDesignator=TP41 NewDesignator=TP96
Change Component Designator: OldDesignator=TP42 NewDesignator=TP95
Change Component Designator: OldDesignator=TP43 NewDesignator=TP72
Change Component Designator: OldDesignator=TP48 NewDesignator=TP93
Change Component Designator: OldDesignator=TP49 NewDesignator=TP94
Change Component Designator: OldDesignator=TP50 NewDesignator=TP91
Change Component Designator: OldDesignator=TP51 NewDesignator=TP92
Change Component Designator: OldDesignator=TP52 NewDesignator=TP70
Change Component Designator: OldDesignator=TP70 NewDesignator=TP69
Change Component Designator: OldDesignator=TP69 NewDesignator=TP67
Change Component Designator: OldDesignator=TP67 NewDesignator=TP68
Change Component Designator: OldDesignator=TP53 NewDesignator=TP83
Change Component Designator: OldDesignator=TP54 NewDesignator=TP61
Change Component Designator: OldDesignator=TP55 NewDesignator=TP85
Change Component Designator: OldDesignator=TP56 NewDesignator=TP82
Change Component Designator: OldDesignator=TP57 NewDesignator=TP81
Change Component Designator: OldDesignator=TP58 NewDesignator=TP84
Change Component Designator: OldDesignator=TP59 NewDesignator=TP89
Change Component Designator: OldDesignator=TP60 NewDesignator=TP86
Change Component Designator: OldDesignator=TP61 NewDesignator=TP90
Change Component Designator: OldDesignator=TP62 NewDesignator=TP87
Change Component Designator: OldDesignator=U1 NewDesignator=U16
Change Component Designator: OldDesignator=U2 NewDesignator=U9
Change Component Designator: OldDesignator=U3 NewDesignator=U7
Change Component Designator: OldDesignator=U3 NewDesignator=U7
Change Component Designator: OldDesignator=U3 NewDesignator=U7
Change Component Designator: OldDesignator=U4 NewDesignator=U11
Change Component Designator: OldDesignator=U5 NewDesignator=U3
Change Component Designator: OldDesignator=U6 NewDesignator=U8
Change Component Designator: OldDesignator=U7 NewDesignator=U1
Change Component Designator: OldDesignator=U1 NewDesignator=U2
Change Component Designator: OldDesignator=U2 NewDesignator=U4
Change Component Designator: OldDesignator=U4 NewDesignator=U5
Change Component Designator: OldDesignator=U8 NewDesignator=U13
Change Component Designator: OldDesignator=U9 NewDesignator=U6
Change Component Designator: OldDesignator=U10 NewDesignator=U14
Change Component Designator: OldDesignator=U11 NewDesignator=U15
Change Component Designator: OldDesignator=U13 NewDesignator=U10
Change Component Designator: OldDesignator=X2 NewDesignator=X1
