Change Component Designator: Old Designator=C4 New Designator=C2
Change Component Designator: Old Designator=C17 New Designator=C16
Change Component Designator: Old Designator=C23 New Designator=C19
Change Component Designator: Old Designator=C24 New Designator=C35
Change Component Designator: Old Designator=C25 New Designator=C10
Change Component Designator: Old Designator=C27 New Designator=C14
Change Component Designator: Old Designator=C29 New Designator=C33
Change Component Designator: Old Designator=C32 New Designator=C12
Change Component Designator: Old Designator=C33 New Designator=C11
Change Component Designator: Old Designator=C34 New Designator=C3
Change Component Designator: Old Designator=C36 New Designator=C9
Change Component Designator: Old Designator=C38 New Designator=C17
Change Component Designator: Old Designator=C39 New Designator=C18
Change Component Designator: Old Designator=C41 New Designator=C20
Change Component Designator: Old Designator=C42 New Designator=C21
Change Component Designator: Old Designator=C43 New Designator=C5
Change Component Designator: Old Designator=C44 New Designator=C4
Change Component Designator: Old Designator=C45 New Designator=C24
Change Component Designator: Old Designator=C46 New Designator=C25
Change Component Designator: Old Designator=C47 New Designator=C26
Change Component Designator: Old Designator=C48 New Designator=C27
Change Component Designator: Old Designator=C53 New Designator=C15
Change Component Designator: Old Designator=C54 New Designator=C1
Change Component Designator: Old Designator=C56 New Designator=C30
Change Component Designator: Old Designator=C57 New Designator=C31
Change Component Designator: Old Designator=C58 New Designator=C34
Change Component Designator: Old Designator=C59 New Designator=C32
Change Component Designator: Old Designator=C60 New Designator=C22
Change Component Designator: Old Designator=C61 New Designator=C23
Change Component Designator: Old Designator=C63 New Designator=C37
Change Component Designator: Old Designator=C65 New Designator=C8
Change Component Designator: Old Designator=C73 New Designator=C6
Change Component Designator: Old Designator=C74 New Designator=C38
Change Component Designator: Old Designator=C89 New Designator=C7
Change Component Designator: Old Designator=C92 New Designator=C28
Change Component Designator: Old Designator=C93 New Designator=C29
Change Component Designator: Old Designator=C94 New Designator=C36
Change Component Designator: Old Designator=C95 New Designator=C39
Change Component Designator: Old Designator=D8 New Designator=D2
Change Component Designator: Old Designator=D24 New Designator=D3
Change Component Designator: Old Designator=D29 New Designator=D4
Change Component Designator: Old Designator=D40 New Designator=D1
Change Component Designator: Old Designator=FD2 New Designator=FD3
Change Component Designator: Old Designator=FD3 New Designator=FD2
Change Component Designator: Old Designator=GND_TP New Designator=GND_TP1
Change Component Designator: Old Designator=J? New Designator=J1
Change Component Designator: Old Designator=J? New Designator=J1
Change Component Designator: Old Designator=J? New Designator=J1
Change Component Designator: Old Designator=J? New Designator=J1
Change Component Designator: Old Designator=J? New Designator=J2
Change Component Designator: Old Designator=J? New Designator=J3
Change Component Designator: Old Designator=J? New Designator=J4
Change Component Designator: Old Designator=J? New Designator=J5
Change Component Designator: Old Designator=J? New Designator=J6
Change Component Designator: Old Designator=L2 New Designator=L1
Change Component Designator: Old Designator=L3 New Designator=L2
Change Component Designator: Old Designator=L4 New Designator=L3
Change Component Designator: Old Designator=L6 New Designator=L4
Change Component Designator: Old Designator=L7 New Designator=L6
Change Component Designator: Old Designator=R5 New Designator=R8
Change Component Designator: Old Designator=R6 New Designator=R9
Change Component Designator: Old Designator=R15 New Designator=R21
Change Component Designator: Old Designator=R16 New Designator=R15
Change Component Designator: Old Designator=R18 New Designator=R22
Change Component Designator: Old Designator=R20 New Designator=R24
Change Component Designator: Old Designator=R22 New Designator=R10
Change Component Designator: Old Designator=R23 New Designator=R13
Change Component Designator: Old Designator=R24 New Designator=R25
Change Component Designator: Old Designator=R25 New Designator=R28
Change Component Designator: Old Designator=R26 New Designator=R29
Change Component Designator: Old Designator=R28 New Designator=R1
Change Component Designator: Old Designator=R29 New Designator=R2
Change Component Designator: Old Designator=R34 New Designator=R3
Change Component Designator: Old Designator=R35 New Designator=R4
Change Component Designator: Old Designator=R40 New Designator=R5
Change Component Designator: Old Designator=R42 New Designator=R26
Change Component Designator: Old Designator=R43 New Designator=R27
Change Component Designator: Old Designator=R50 New Designator=R6
Change Component Designator: Old Designator=R71 New Designator=R18
Change Component Designator: Old Designator=R73 New Designator=R11
Change Component Designator: Old Designator=R74 New Designator=R19
Change Component Designator: Old Designator=R75 New Designator=R20
Change Component Designator: Old Designator=R85 New Designator=R16
Change Component Designator: Old Designator=R86 New Designator=R17
Change Component Designator: Old Designator=R87 New Designator=R12
Change Component Designator: Old Designator=R88 New Designator=R14
Change Component Designator: Old Designator=R89 New Designator=R23
Change Component Designator: Old Designator=R90 New Designator=R7
Change Component Designator: Old Designator=S1 New Designator=S2
Change Component Designator: Old Designator=S2 New Designator=S1
Change Component Designator: Old Designator=SD New Designator=SD1
Change Component Designator: Old Designator=TP6 New Designator=TP1
Change Component Designator: Old Designator=TP7 New Designator=TP2
Change Component Designator: Old Designator=TP8 New Designator=TP3
Change Component Designator: Old Designator=TP28 New Designator=TP4
Change Component Designator: Old Designator=TP29 New Designator=TP12
Change Component Designator: Old Designator=TP30 New Designator=TP5
Change Component Designator: Old Designator=TP38 New Designator=TP14
Change Component Designator: Old Designator=TP55 New Designator=TP6
Change Component Designator: Old Designator=TP56 New Designator=TP11
Change Component Designator: Old Designator=TP57 New Designator=TP13
Change Component Designator: Old Designator=TP58 New Designator=TP15
Change Component Designator: Old Designator=TP59 New Designator=TP7
Change Component Designator: Old Designator=TP60 New Designator=TP8
Change Component Designator: Old Designator=TP61 New Designator=TP9
Change Component Designator: Old Designator=TP62 New Designator=TP10
Change Component Designator: Old Designator=U3 New Designator=U1
Change Component Designator: Old Designator=U3 New Designator=U1
Change Component Designator: Old Designator=U3 New Designator=U1
Change Component Designator: Old Designator=U6 New Designator=U3
Change Component Designator: Old Designator=U9 New Designator=U2
Change Component Designator: Old Designator=X2 New Designator=X1
