Change Component Designator: OldDesignator=C8 NewDesignator=C10
Change Component Designator: OldDesignator=C10 NewDesignator=C3
Change Component Designator: OldDesignator=C3 NewDesignator=C7
Change Component Designator: OldDesignator=C7 NewDesignator=C8
Change Component Designator: OldDesignator=C9 NewDesignator=C2
Change Component Designator: OldDesignator=C2 NewDesignator=C4
Change Component Designator: OldDesignator=C4 NewDesignator=C1
Change Component Designator: OldDesignator=C1 NewDesignator=C9
Change Component Designator: OldDesignator=C14 NewDesignator=C15
Change Component Designator: OldDesignator=C15 NewDesignator=C11
Change Component Designator: OldDesignator=C11 NewDesignator=C13
Change Component Designator: OldDesignator=C13 NewDesignator=C14
Change Component Designator: OldDesignator=C20 NewDesignator=C16
Change Component Designator: OldDesignator=C16 NewDesignator=C17
Change Component Designator: OldDesignator=C17 NewDesignator=C19
Change Component Designator: OldDesignator=C19 NewDesignator=C20
Change Component Designator: OldDesignator=C23 NewDesignator=C49
Change Component Designator: OldDesignator=C49 NewDesignator=C50
Change Component Designator: OldDesignator=C50 NewDesignator=C22
Change Component Designator: OldDesignator=C22 NewDesignator=C23
Change Component Designator: OldDesignator=C28 NewDesignator=C25
Change Component Designator: OldDesignator=C25 NewDesignator=C26
Change Component Designator: OldDesignator=C26 NewDesignator=C27
Change Component Designator: OldDesignator=C27 NewDesignator=C28
Change Component Designator: OldDesignator=C32 NewDesignator=C29
Change Component Designator: OldDesignator=C29 NewDesignator=C30
Change Component Designator: OldDesignator=C30 NewDesignator=C31
Change Component Designator: OldDesignator=C31 NewDesignator=C32
Change Component Designator: OldDesignator=C37 NewDesignator=C34
Change Component Designator: OldDesignator=C34 NewDesignator=C38
Change Component Designator: OldDesignator=C38 NewDesignator=C36
Change Component Designator: OldDesignator=C36 NewDesignator=C37
Change Component Designator: OldDesignator=C42 NewDesignator=C40
Change Component Designator: OldDesignator=C40 NewDesignator=C43
Change Component Designator: OldDesignator=C43 NewDesignator=C41
Change Component Designator: OldDesignator=C41 NewDesignator=C42
Change Component Designator: OldDesignator=C48 NewDesignator=C44
Change Component Designator: OldDesignator=C44 NewDesignator=C45
Change Component Designator: OldDesignator=C45 NewDesignator=C47
Change Component Designator: OldDesignator=C47 NewDesignator=C48
Change Component Designator: OldDesignator=C56 NewDesignator=C52
Change Component Designator: OldDesignator=C52 NewDesignator=C53
Change Component Designator: OldDesignator=C53 NewDesignator=C55
Change Component Designator: OldDesignator=C55 NewDesignator=C56
Change Component Designator: OldDesignator=C63 NewDesignator=C59
Change Component Designator: OldDesignator=C59 NewDesignator=C60
Change Component Designator: OldDesignator=C60 NewDesignator=C62
Change Component Designator: OldDesignator=C62 NewDesignator=C63
Change Component Designator: OldDesignator=C70 NewDesignator=C67
Change Component Designator: OldDesignator=C67 NewDesignator=C71
Change Component Designator: OldDesignator=C71 NewDesignator=C66
Change Component Designator: OldDesignator=C66 NewDesignator=C70
Change Component Designator: OldDesignator=C86 NewDesignator=C84
Change Component Designator: OldDesignator=C84 NewDesignator=C89
Change Component Designator: OldDesignator=C89 NewDesignator=C86
Change Component Designator: OldDesignator=C87 NewDesignator=C88
Change Component Designator: OldDesignator=C88 NewDesignator=C85
Change Component Designator: OldDesignator=C85 NewDesignator=C87
Change Component Designator: OldDesignator=D9 NewDesignator=D4
Change Component Designator: OldDesignator=D4 NewDesignator=D5
Change Component Designator: OldDesignator=D5 NewDesignator=D7
Change Component Designator: OldDesignator=D7 NewDesignator=D9
Change Component Designator: OldDesignator=D10 NewDesignator=D1
Change Component Designator: OldDesignator=D1 NewDesignator=D2
Change Component Designator: OldDesignator=D2 NewDesignator=D8
Change Component Designator: OldDesignator=D8 NewDesignator=D10
Change Component Designator: OldDesignator=D19 NewDesignator=D11
Change Component Designator: OldDesignator=D11 NewDesignator=D13
Change Component Designator: OldDesignator=D13 NewDesignator=D17
Change Component Designator: OldDesignator=D17 NewDesignator=D19
Change Component Designator: OldDesignator=D20 NewDesignator=D12
Change Component Designator: OldDesignator=D12 NewDesignator=D14
Change Component Designator: OldDesignator=D14 NewDesignator=D18
Change Component Designator: OldDesignator=D18 NewDesignator=D20
Change Component Designator: OldDesignator=D25 NewDesignator=D24
Change Component Designator: OldDesignator=D24 NewDesignator=D27
Change Component Designator: OldDesignator=D27 NewDesignator=D22
Change Component Designator: OldDesignator=D22 NewDesignator=D25
Change Component Designator: OldDesignator=D29 NewDesignator=D28
Change Component Designator: OldDesignator=D28 NewDesignator=D30
Change Component Designator: OldDesignator=D30 NewDesignator=D26
Change Component Designator: OldDesignator=D26 NewDesignator=D29
Change Component Designator: OldDesignator=D35 NewDesignator=D31
Change Component Designator: OldDesignator=D31 NewDesignator=D33
Change Component Designator: OldDesignator=D33 NewDesignator=D35
Change Component Designator: OldDesignator=D36 NewDesignator=D32
Change Component Designator: OldDesignator=D32 NewDesignator=D34
Change Component Designator: OldDesignator=D34 NewDesignator=D36
Change Component Designator: OldDesignator=M6 NewDesignator=M1
Change Component Designator: OldDesignator=M6 NewDesignator=M1
Change Component Designator: OldDesignator=M6 NewDesignator=M1
Change Component Designator: OldDesignator=M6 NewDesignator=M1
Change Component Designator: OldDesignator=M1 NewDesignator=M2
Change Component Designator: OldDesignator=M1 NewDesignator=M2
Change Component Designator: OldDesignator=M1 NewDesignator=M2
Change Component Designator: OldDesignator=M1 NewDesignator=M2
Change Component Designator: OldDesignator=M2 NewDesignator=M5
Change Component Designator: OldDesignator=M2 NewDesignator=M5
Change Component Designator: OldDesignator=M2 NewDesignator=M5
Change Component Designator: OldDesignator=M2 NewDesignator=M5
Change Component Designator: OldDesignator=M5 NewDesignator=M6
Change Component Designator: OldDesignator=M5 NewDesignator=M6
Change Component Designator: OldDesignator=M5 NewDesignator=M6
Change Component Designator: OldDesignator=M5 NewDesignator=M6
Change Component Designator: OldDesignator=MAX3 NewDesignator=MAX1
Change Component Designator: OldDesignator=MAX3 NewDesignator=MAX1
Change Component Designator: OldDesignator=MAX3 NewDesignator=MAX1
Change Component Designator: OldDesignator=MAX1 NewDesignator=MAX2
Change Component Designator: OldDesignator=MAX1 NewDesignator=MAX2
Change Component Designator: OldDesignator=MAX1 NewDesignator=MAX2
Change Component Designator: OldDesignator=MAX2 NewDesignator=MAX3
Change Component Designator: OldDesignator=MAX2 NewDesignator=MAX3
Change Component Designator: OldDesignator=MAX2 NewDesignator=MAX3
Change Component Designator: OldDesignator=MIN3 NewDesignator=MIN1
Change Component Designator: OldDesignator=MIN3 NewDesignator=MIN1
Change Component Designator: OldDesignator=MIN3 NewDesignator=MIN1
Change Component Designator: OldDesignator=MIN1 NewDesignator=MIN2
Change Component Designator: OldDesignator=MIN1 NewDesignator=MIN2
Change Component Designator: OldDesignator=MIN1 NewDesignator=MIN2
Change Component Designator: OldDesignator=MIN2 NewDesignator=MIN3
Change Component Designator: OldDesignator=MIN2 NewDesignator=MIN3
Change Component Designator: OldDesignator=MIN2 NewDesignator=MIN3
Change Component Designator: OldDesignator=P5 NewDesignator=P2
Change Component Designator: OldDesignator=P5 NewDesignator=P2
Change Component Designator: OldDesignator=P2 NewDesignator=P3
Change Component Designator: OldDesignator=P2 NewDesignator=P3
Change Component Designator: OldDesignator=P3 NewDesignator=P4
Change Component Designator: OldDesignator=P3 NewDesignator=P4
Change Component Designator: OldDesignator=P4 NewDesignator=P5
Change Component Designator: OldDesignator=P4 NewDesignator=P5
Change Component Designator: OldDesignator=R11 NewDesignator=R3
Change Component Designator: OldDesignator=R3 NewDesignator=R5
Change Component Designator: OldDesignator=R5 NewDesignator=R9
Change Component Designator: OldDesignator=R9 NewDesignator=R11
Change Component Designator: OldDesignator=R12 NewDesignator=R4
Change Component Designator: OldDesignator=R4 NewDesignator=R6
Change Component Designator: OldDesignator=R6 NewDesignator=R10
Change Component Designator: OldDesignator=R10 NewDesignator=R12
Change Component Designator: OldDesignator=R19 NewDesignator=R15
Change Component Designator: OldDesignator=R15 NewDesignator=R16
Change Component Designator: OldDesignator=R16 NewDesignator=R18
Change Component Designator: OldDesignator=R18 NewDesignator=R19
Change Component Designator: OldDesignator=R30 NewDesignator=R13
Change Component Designator: OldDesignator=R13 NewDesignator=R14
Change Component Designator: OldDesignator=R14 NewDesignator=R28
Change Component Designator: OldDesignator=R28 NewDesignator=R30
Change Component Designator: OldDesignator=R31 NewDesignator=R24
Change Component Designator: OldDesignator=R24 NewDesignator=R26
Change Component Designator: OldDesignator=R26 NewDesignator=R29
Change Component Designator: OldDesignator=R29 NewDesignator=R31
Change Component Designator: OldDesignator=R32 NewDesignator=R25
Change Component Designator: OldDesignator=R25 NewDesignator=R27
Change Component Designator: OldDesignator=R27 NewDesignator=R22
Change Component Designator: OldDesignator=R22 NewDesignator=R32
Change Component Designator: OldDesignator=R38 NewDesignator=R34
Change Component Designator: OldDesignator=R34 NewDesignator=R35
Change Component Designator: OldDesignator=R35 NewDesignator=R37
Change Component Designator: OldDesignator=R37 NewDesignator=R38
Change Component Designator: OldDesignator=R43 NewDesignator=R39
Change Component Designator: OldDesignator=R39 NewDesignator=R40
Change Component Designator: OldDesignator=R40 NewDesignator=R42
Change Component Designator: OldDesignator=R42 NewDesignator=R43
Change Component Designator: OldDesignator=R50 NewDesignator=R49
Change Component Designator: OldDesignator=R49 NewDesignator=R51
Change Component Designator: OldDesignator=R51 NewDesignator=R48
Change Component Designator: OldDesignator=R48 NewDesignator=R50
Change Component Designator: OldDesignator=R56 NewDesignator=R55
Change Component Designator: OldDesignator=R55 NewDesignator=R57
Change Component Designator: OldDesignator=R57 NewDesignator=R54
Change Component Designator: OldDesignator=R54 NewDesignator=R56
Change Component Designator: OldDesignator=R72 NewDesignator=R76
Change Component Designator: OldDesignator=R76 NewDesignator=R68
Change Component Designator: OldDesignator=R68 NewDesignator=R72
Change Component Designator: OldDesignator=R73 NewDesignator=R65
Change Component Designator: OldDesignator=R65 NewDesignator=R69
Change Component Designator: OldDesignator=R69 NewDesignator=R73
Change Component Designator: OldDesignator=R74 NewDesignator=R66
Change Component Designator: OldDesignator=R66 NewDesignator=R70
Change Component Designator: OldDesignator=R70 NewDesignator=R74
Change Component Designator: OldDesignator=R75 NewDesignator=R67
Change Component Designator: OldDesignator=R67 NewDesignator=R71
Change Component Designator: OldDesignator=R71 NewDesignator=R75
Change Component Designator: OldDesignator=TP4 NewDesignator=TP5
Change Component Designator: OldDesignator=TP5 NewDesignator=TP2
Change Component Designator: OldDesignator=TP2 NewDesignator=TP3
Change Component Designator: OldDesignator=TP3 NewDesignator=TP4
Change Component Designator: OldDesignator=TP13 NewDesignator=TP6
Change Component Designator: OldDesignator=TP6 NewDesignator=TP28
Change Component Designator: OldDesignator=TP28 NewDesignator=TP17
Change Component Designator: OldDesignator=TP17 NewDesignator=TP13
Change Component Designator: OldDesignator=TP14 NewDesignator=TP32
Change Component Designator: OldDesignator=TP32 NewDesignator=TP7
Change Component Designator: OldDesignator=TP7 NewDesignator=TP11
Change Component Designator: OldDesignator=TP11 NewDesignator=TP14
Change Component Designator: OldDesignator=TP15 NewDesignator=TP34
Change Component Designator: OldDesignator=TP34 NewDesignator=TP8
Change Component Designator: OldDesignator=TP8 NewDesignator=TP12
Change Component Designator: OldDesignator=TP12 NewDesignator=TP15
Change Component Designator: OldDesignator=TP20 NewDesignator=TP22
Change Component Designator: OldDesignator=TP22 NewDesignator=TP18
Change Component Designator: OldDesignator=TP18 NewDesignator=TP16
Change Component Designator: OldDesignator=TP16 NewDesignator=TP20
Change Component Designator: OldDesignator=TP30 NewDesignator=TP33
Change Component Designator: OldDesignator=TP33 NewDesignator=TP29
Change Component Designator: OldDesignator=TP29 NewDesignator=TP26
Change Component Designator: OldDesignator=TP26 NewDesignator=TP30
Change Component Designator: OldDesignator=TP31 NewDesignator=TP35
Change Component Designator: OldDesignator=TP35 NewDesignator=TP23
Change Component Designator: OldDesignator=TP23 NewDesignator=TP27
Change Component Designator: OldDesignator=TP27 NewDesignator=TP31
Change Component Designator: OldDesignator=TP36 NewDesignator=TP52
Change Component Designator: OldDesignator=TP52 NewDesignator=TP48
Change Component Designator: OldDesignator=TP48 NewDesignator=TP40
Change Component Designator: OldDesignator=TP40 NewDesignator=TP36
Change Component Designator: OldDesignator=TP37 NewDesignator=TP53
Change Component Designator: OldDesignator=TP53 NewDesignator=TP49
Change Component Designator: OldDesignator=TP49 NewDesignator=TP41
Change Component Designator: OldDesignator=TP41 NewDesignator=TP37
Change Component Designator: OldDesignator=TP38 NewDesignator=TP54
Change Component Designator: OldDesignator=TP54 NewDesignator=TP50
Change Component Designator: OldDesignator=TP50 NewDesignator=TP42
Change Component Designator: OldDesignator=TP42 NewDesignator=TP38
Change Component Designator: OldDesignator=TP39 NewDesignator=TP55
Change Component Designator: OldDesignator=TP55 NewDesignator=TP51
Change Component Designator: OldDesignator=TP51 NewDesignator=TP43
Change Component Designator: OldDesignator=TP43 NewDesignator=TP39
Change Component Designator: OldDesignator=TP57 NewDesignator=TP60
Change Component Designator: OldDesignator=TP60 NewDesignator=TP59
Change Component Designator: OldDesignator=TP59 NewDesignator=TP58
Change Component Designator: OldDesignator=TP58 NewDesignator=TP57
Change Component Designator: OldDesignator=TP68 NewDesignator=TP70
Change Component Designator: OldDesignator=TP70 NewDesignator=TP69
Change Component Designator: OldDesignator=TP69 NewDesignator=TP67
Change Component Designator: OldDesignator=TP67 NewDesignator=TP68
Change Component Designator: OldDesignator=TP74 NewDesignator=TP78
Change Component Designator: OldDesignator=TP78 NewDesignator=TP76
Change Component Designator: OldDesignator=TP76 NewDesignator=TP74
Change Component Designator: OldDesignator=TP75 NewDesignator=TP73
Change Component Designator: OldDesignator=TP73 NewDesignator=TP77
Change Component Designator: OldDesignator=TP77 NewDesignator=TP75
Change Component Designator: OldDesignator=U5 NewDesignator=U1
Change Component Designator: OldDesignator=U1 NewDesignator=U2
Change Component Designator: OldDesignator=U2 NewDesignator=U4
Change Component Designator: OldDesignator=U4 NewDesignator=U5
