Change Component Designator: Old Designator=C1 New Designator=C81
Change Component Designator: Old Designator=C2 New Designator=C68
Change Component Designator: Old Designator=C3 New Designator=C64
Change Component Designator: Old Designator=C4 New Designator=C67
Change Component Designator: Old Designator=D1 New Designator=D23
Change Component Designator: Old Designator=D2 New Designator=D25
Change Component Designator: Old Designator=FD1 New Designator=FD3
Change Component Designator: Old Designator=FD3 New Designator=FD1
Change Component Designator: Old Designator=J1 New Designator=J13
Change Component Designator: Old Designator=J2 New Designator=J14
Change Component Designator: Old Designator=J3 New Designator=J12
Change Component Designator: Old Designator=J4 New Designator=J19
Change Component Designator: Old Designator=J5 New Designator=J20
Change Component Designator: Old Designator=J5 New Designator=J20
Change Component Designator: Old Designator=J5 New Designator=J20
Change Component Designator: Old Designator=J5 New Designator=J20
Change Component Designator: Old Designator=J6 New Designator=J4
Change Component Designator: Old Designator=R1 New Designator=R46
Change Component Designator: Old Designator=R2 New Designator=R85
Change Component Designator: Old Designator=R3 New Designator=R51
Change Component Designator: Old Designator=R4 New Designator=R84
Change Component Designator: Old Designator=R5 New Designator=R73
Change Component Designator: Old Designator=R6 New Designator=R68
Change Component Designator: Old Designator=R7 New Designator=R67
Change Component Designator: Old Designator=R8 New Designator=R72
Change Component Designator: Old Designator=R9 New Designator=R66
Change Component Designator: Old Designator=R10 New Designator=R54
Change Component Designator: Old Designator=R11 New Designator=R65
Change Component Designator: Old Designator=R12 New Designator=R79
Change Component Designator: Old Designator=R13 New Designator=R33
Change Component Designator: Old Designator=R14 New Designator=R71
Change Component Designator: Old Designator=R15 New Designator=R47
Change Component Designator: Old Designator=R16 New Designator=R37
Change Component Designator: Old Designator=R17 New Designator=R39
Change Component Designator: Old Designator=R18 New Designator=R38
Change Component Designator: Old Designator=R19 New Designator=R35
Change Component Designator: Old Designator=S1 New Designator=S2
Change Component Designator: Old Designator=TP1 New Designator=TP73
Change Component Designator: Old Designator=TP2 New Designator=TP76
Change Component Designator: Old Designator=TP3 New Designator=TP74
Change Component Designator: Old Designator=TP4 New Designator=TP72
Change Component Designator: Old Designator=TP5 New Designator=TP77
Change Component Designator: Old Designator=TP6 New Designator=TP52
Change Component Designator: Old Designator=TP7 New Designator=TP51
Change Component Designator: Old Designator=TP8 New Designator=TP50
Change Component Designator: Old Designator=TP9 New Designator=TP49
Change Component Designator: Old Designator=TP10 New Designator=TP48
Change Component Designator: Old Designator=U1 New Designator=U10
Change Component Designator: Old Designator=U2 New Designator=U11
