Change Component Designator: Old Designator=C1 New Designator=C2
Change Component Designator: Old Designator=C2 New Designator=C3
Change Component Designator: Old Designator=C3 New Designator=C1
Change Component Designator: Old Designator=C33 New Designator=C4
Change Component Designator: Old Designator=D3 New Designator=D1
Change Component Designator: Old Designator=D4 New Designator=D2
Change Component Designator: Old Designator=FD1 New Designator=FD3
Change Component Designator: Old Designator=FD3 New Designator=FD1
Change Component Designator: Old Designator=J1 New Designator=J5
Change Component Designator: Old Designator=J1 New Designator=J5
Change Component Designator: Old Designator=J1 New Designator=J5
Change Component Designator: Old Designator=J1 New Designator=J5
Change Component Designator: Old Designator=J2 New Designator=J6
Change Component Designator: Old Designator=J3 New Designator=J4
Change Component Designator: Old Designator=J5 New Designator=J2
Change Component Designator: Old Designator=J6 New Designator=J3
Change Component Designator: Old Designator=J15 New Designator=J1
Change Component Designator: Old Designator=R1 New Designator=R6
Change Component Designator: Old Designator=R2 New Designator=R7
Change Component Designator: Old Designator=R3 New Designator=R9
Change Component Designator: Old Designator=R4 New Designator=R10
Change Component Designator: Old Designator=R5 New Designator=R11
Change Component Designator: Old Designator=R6 New Designator=R12
Change Component Designator: Old Designator=R11 New Designator=R2
Change Component Designator: Old Designator=R12 New Designator=R1
Change Component Designator: Old Designator=R14 New Designator=R3
Change Component Designator: Old Designator=R15 New Designator=R4
Change Component Designator: Old Designator=R16 New Designator=R5
Change Component Designator: Old Designator=R17 New Designator=R8
Change Component Designator: Old Designator=R18 New Designator=R17
Change Component Designator: Old Designator=R19 New Designator=R18
Change Component Designator: Old Designator=R20 New Designator=R19
Change Component Designator: Old Designator=R26 New Designator=R14
Change Component Designator: Old Designator=R27 New Designator=R15
Change Component Designator: Old Designator=R28 New Designator=R13
Change Component Designator: Old Designator=R29 New Designator=R16
