Change Component Designator: Old Designator=C3 New Designator=C47
Change Component Designator: Old Designator=C5 New Designator=C48
Change Component Designator: Old Designator=C6 New Designator=C49
Change Component Designator: Old Designator=C8 New Designator=C50
Change Component Designator: Old Designator=C12 New Designator=C52
Change Component Designator: Old Designator=C14 New Designator=C53
Change Component Designator: Old Designator=C15 New Designator=C51
Change Component Designator: Old Designator=C37 New Designator=C42
Change Component Designator: Old Designator=C66 New Designator=C44
Change Component Designator: Old Designator=C68 New Designator=C45
Change Component Designator: Old Designator=C71 New Designator=C46
Change Component Designator: Old Designator=C75 New Designator=C43
Change Component Designator: Old Designator=D20 New Designator=D7
Change Component Designator: Old Designator=D21 New Designator=D8
Change Component Designator: Old Designator=D22 New Designator=D9
Change Component Designator: Old Designator=D23 New Designator=D10
Change Component Designator: Old Designator=J? New Designator=J9
Change Component Designator: Old Designator=J? New Designator=J9
Change Component Designator: Old Designator=J? New Designator=J9
Change Component Designator: Old Designator=J? New Designator=J9
Change Component Designator: Old Designator=R4 New Designator=R40
Change Component Designator: Old Designator=R8 New Designator=R36
Change Component Designator: Old Designator=R9 New Designator=R35
Change Component Designator: Old Designator=R30 New Designator=R37
Change Component Designator: Old Designator=R31 New Designator=R34
Change Component Designator: Old Designator=R32 New Designator=R38
Change Component Designator: Old Designator=R33 New Designator=R39
Change Component Designator: Old Designator=R44 New Designator=R41
Change Component Designator: Old Designator=TP1 New Designator=TP19
Change Component Designator: Old Designator=TP24 New Designator=TP21
Change Component Designator: Old Designator=TP25 New Designator=TP22
Change Component Designator: Old Designator=TP26 New Designator=TP23
Change Component Designator: Old Designator=TP27 New Designator=TP24
Change Component Designator: Old Designator=TP32 New Designator=TP20
Change Component Designator: Old Designator=TP33 New Designator=TP18
Change Component Designator: Old Designator=TP35 New Designator=TP25
Change Component Designator: Old Designator=TP36 New Designator=TP26
Change Component Designator: Old Designator=TP37 New Designator=TP27
Change Component Designator: Old Designator=TP39 New Designator=TP28
Change Component Designator: Old Designator=TP40 New Designator=TP29
Change Component Designator: Old Designator=U7 New Designator=U4
