Change Component Designator: Old Designator=C7 New Designator=C137
Change Component Designator: Old Designator=C8 New Designator=C139
Change Component Designator: Old Designator=C9 New Designator=C141
Change Component Designator: Old Designator=C10 New Designator=C143
Change Component Designator: Old Designator=C11 New Designator=C126
Change Component Designator: Old Designator=C12 New Designator=C128
Change Component Designator: Old Designator=C13 New Designator=C130
Change Component Designator: Old Designator=C14 New Designator=C134
Change Component Designator: Old Designator=C15 New Designator=C131
Change Component Designator: Old Designator=C16 New Designator=C135
Change Component Designator: Old Designator=C17 New Designator=C138
Change Component Designator: Old Designator=C18 New Designator=C140
Change Component Designator: Old Designator=D5 New Designator=D58
Change Component Designator: Old Designator=D6 New Designator=D59
Change Component Designator: Old Designator=D7 New Designator=D60
Change Component Designator: Old Designator=D8 New Designator=D61
Change Component Designator: Old Designator=J9 New Designator=J19
Change Component Designator: Old Designator=J9 New Designator=J19
Change Component Designator: Old Designator=J9 New Designator=J19
Change Component Designator: Old Designator=J9 New Designator=J19
Change Component Designator: Old Designator=R24 New Designator=R102
Change Component Designator: Old Designator=R25 New Designator=R112
Change Component Designator: Old Designator=R26 New Designator=R104
Change Component Designator: Old Designator=R27 New Designator=R105
Change Component Designator: Old Designator=R28 New Designator=R103
Change Component Designator: Old Designator=R29 New Designator=R121
Change Component Designator: Old Designator=R30 New Designator=R106
Change Component Designator: Old Designator=R31 New Designator=R124
Change Component Designator: Old Designator=TP13 New Designator=TP20
Change Component Designator: Old Designator=TP14 New Designator=TP9
Change Component Designator: Old Designator=TP15 New Designator=TP21
Change Component Designator: Old Designator=TP16 New Designator=TP22
Change Component Designator: Old Designator=TP17 New Designator=TP23
Change Component Designator: Old Designator=TP18 New Designator=TP24
Change Component Designator: Old Designator=TP19 New Designator=TP28
Change Component Designator: Old Designator=TP20 New Designator=TP30
Change Component Designator: Old Designator=TP21 New Designator=TP5
Change Component Designator: Old Designator=TP22 New Designator=TP11
Change Component Designator: Old Designator=TP23 New Designator=TP12
Change Component Designator: Old Designator=TP24 New Designator=TP18
Change Component Designator: Old Designator=U3 New Designator=U14
