Change Component Designator: Old Designator=C8 New Designator=C47
Change Component Designator: Old Designator=C9 New Designator=C49
Change Component Designator: Old Designator=C14 New Designator=C48
Change Component Designator: Old Designator=C20 New Designator=C50
Change Component Designator: Old Designator=C23 New Designator=C42
Change Component Designator: Old Designator=C28 New Designator=C52
Change Component Designator: Old Designator=C32 New Designator=C53
Change Component Designator: Old Designator=C37 New Designator=C44
Change Component Designator: Old Designator=C42 New Designator=C43
Change Component Designator: Old Designator=C48 New Designator=C45
Change Component Designator: Old Designator=C56 New Designator=C51
Change Component Designator: Old Designator=C63 New Designator=C46
Change Component Designator: Old Designator=D9 New Designator=D8
Change Component Designator: Old Designator=D19 New Designator=D7
Change Component Designator: Old Designator=D20 New Designator=D9
Change Component Designator: Old Designator=M6 New Designator=M1
Change Component Designator: Old Designator=M6 New Designator=M1
Change Component Designator: Old Designator=M6 New Designator=M1
Change Component Designator: Old Designator=M6 New Designator=M1
Change Component Designator: Old Designator=R11 New Designator=R39
Change Component Designator: Old Designator=R12 New Designator=R38
Change Component Designator: Old Designator=R19 New Designator=R37
Change Component Designator: Old Designator=R30 New Designator=R36
Change Component Designator: Old Designator=R31 New Designator=R35
Change Component Designator: Old Designator=R32 New Designator=R34
Change Component Designator: Old Designator=R38 New Designator=R41
Change Component Designator: Old Designator=R43 New Designator=R40
Change Component Designator: Old Designator=TP4 New Designator=TP19
Change Component Designator: Old Designator=TP13 New Designator=TP26
Change Component Designator: Old Designator=TP14 New Designator=TP27
Change Component Designator: Old Designator=TP15 New Designator=TP20
Change Component Designator: Old Designator=TP20 New Designator=TP25
Change Component Designator: Old Designator=TP30 New Designator=TP29
Change Component Designator: Old Designator=TP31 New Designator=TP28
Change Component Designator: Old Designator=TP36 New Designator=TP23
Change Component Designator: Old Designator=TP37 New Designator=TP24
Change Component Designator: Old Designator=TP38 New Designator=TP22
Change Component Designator: Old Designator=TP39 New Designator=TP21
Change Component Designator: Old Designator=TP57 New Designator=TP18
Change Component Designator: Old Designator=U5 New Designator=U4
