Change Component Designator: Old Designator=C42 New Designator=C7
Change Component Designator: Old Designator=C43 New Designator=C8
Change Component Designator: Old Designator=C44 New Designator=C9
Change Component Designator: Old Designator=C45 New Designator=C10
Change Component Designator: Old Designator=C46 New Designator=C11
Change Component Designator: Old Designator=C47 New Designator=C12
Change Component Designator: Old Designator=C48 New Designator=C13
Change Component Designator: Old Designator=C49 New Designator=C14
Change Component Designator: Old Designator=C50 New Designator=C15
Change Component Designator: Old Designator=C51 New Designator=C16
Change Component Designator: Old Designator=C52 New Designator=C17
Change Component Designator: Old Designator=C53 New Designator=C18
Change Component Designator: Old Designator=D7 New Designator=D5
Change Component Designator: Old Designator=D8 New Designator=D6
Change Component Designator: Old Designator=D9 New Designator=D7
Change Component Designator: Old Designator=D10 New Designator=D8
Change Component Designator: Old Designator=R34 New Designator=R24
Change Component Designator: Old Designator=R35 New Designator=R25
Change Component Designator: Old Designator=R36 New Designator=R26
Change Component Designator: Old Designator=R37 New Designator=R27
Change Component Designator: Old Designator=R38 New Designator=R28
Change Component Designator: Old Designator=R39 New Designator=R29
Change Component Designator: Old Designator=R40 New Designator=R30
Change Component Designator: Old Designator=R41 New Designator=R31
Change Component Designator: Old Designator=TP18 New Designator=TP13
Change Component Designator: Old Designator=TP19 New Designator=TP14
Change Component Designator: Old Designator=TP20 New Designator=TP15
Change Component Designator: Old Designator=TP21 New Designator=TP16
Change Component Designator: Old Designator=TP22 New Designator=TP17
Change Component Designator: Old Designator=TP23 New Designator=TP18
Change Component Designator: Old Designator=TP24 New Designator=TP19
Change Component Designator: Old Designator=TP25 New Designator=TP20
Change Component Designator: Old Designator=TP26 New Designator=TP21
Change Component Designator: Old Designator=TP27 New Designator=TP22
Change Component Designator: Old Designator=TP28 New Designator=TP23
Change Component Designator: Old Designator=TP29 New Designator=TP24
Change Component Designator: Old Designator=U4 New Designator=U3
