Change Component Designator: Old Designator=C126 New Designator=C11
Change Component Designator: Old Designator=C128 New Designator=C12
Change Component Designator: Old Designator=C130 New Designator=C13
Change Component Designator: Old Designator=C131 New Designator=C15
Change Component Designator: Old Designator=C134 New Designator=C14
Change Component Designator: Old Designator=C135 New Designator=C16
Change Component Designator: Old Designator=C137 New Designator=C7
Change Component Designator: Old Designator=C138 New Designator=C17
Change Component Designator: Old Designator=C139 New Designator=C8
Change Component Designator: Old Designator=C140 New Designator=C18
Change Component Designator: Old Designator=C141 New Designator=C9
Change Component Designator: Old Designator=C143 New Designator=C10
Change Component Designator: Old Designator=D58 New Designator=D5
Change Component Designator: Old Designator=D59 New Designator=D6
Change Component Designator: Old Designator=D60 New Designator=D7
Change Component Designator: Old Designator=D61 New Designator=D8
Change Component Designator: Old Designator=J19 New Designator=J9
Change Component Designator: Old Designator=J19 New Designator=J9
Change Component Designator: Old Designator=J19 New Designator=J9
Change Component Designator: Old Designator=J19 New Designator=J9
Change Component Designator: Old Designator=R102 New Designator=R24
Change Component Designator: Old Designator=R103 New Designator=R28
Change Component Designator: Old Designator=R104 New Designator=R26
Change Component Designator: Old Designator=R105 New Designator=R27
Change Component Designator: Old Designator=R106 New Designator=R30
Change Component Designator: Old Designator=R112 New Designator=R25
Change Component Designator: Old Designator=R121 New Designator=R29
Change Component Designator: Old Designator=R124 New Designator=R31
Change Component Designator: Old Designator=TP5 New Designator=TP21
Change Component Designator: Old Designator=TP9 New Designator=TP14
Change Component Designator: Old Designator=TP11 New Designator=TP22
Change Component Designator: Old Designator=TP12 New Designator=TP23
Change Component Designator: Old Designator=TP18 New Designator=TP24
Change Component Designator: Old Designator=TP20 New Designator=TP13
Change Component Designator: Old Designator=TP21 New Designator=TP15
Change Component Designator: Old Designator=TP22 New Designator=TP16
Change Component Designator: Old Designator=TP23 New Designator=TP17
Change Component Designator: Old Designator=TP24 New Designator=TP18
Change Component Designator: Old Designator=TP28 New Designator=TP19
Change Component Designator: Old Designator=TP30 New Designator=TP20
Change Component Designator: Old Designator=U14 New Designator=U3
