Change Component Designator: Old Designator=C19 New Designator=C16
Change Component Designator: Old Designator=C20 New Designator=C21
Change Component Designator: Old Designator=C21 New Designator=C7
Change Component Designator: Old Designator=C22 New Designator=C18
Change Component Designator: Old Designator=C23 New Designator=C19
Change Component Designator: Old Designator=C24 New Designator=C8
Change Component Designator: Old Designator=C25 New Designator=C20
Change Component Designator: Old Designator=C26 New Designator=C9
Change Component Designator: Old Designator=C27 New Designator=C22
Change Component Designator: Old Designator=C28 New Designator=C10
Change Component Designator: Old Designator=C30 New Designator=C11
Change Component Designator: Old Designator=D9 New Designator=D20
Change Component Designator: Old Designator=D10 New Designator=D2
Change Component Designator: Old Designator=D11 New Designator=D21
Change Component Designator: Old Designator=D12 New Designator=D4
Change Component Designator: Old Designator=D13 New Designator=D17
Change Component Designator: Old Designator=D14 New Designator=D3
Change Component Designator: Old Designator=D15 New Designator=D6
Change Component Designator: Old Designator=D16 New Designator=D7
Change Component Designator: Old Designator=D17 New Designator=D5
Change Component Designator: Old Designator=D18 New Designator=D9
Change Component Designator: Old Designator=D19 New Designator=D10
Change Component Designator: Old Designator=D20 New Designator=D8
Change Component Designator: Old Designator=D21 New Designator=D18
Change Component Designator: Old Designator=D22 New Designator=D12
Change Component Designator: Old Designator=D23 New Designator=D11
Change Component Designator: Old Designator=D24 New Designator=D14
Change Component Designator: Old Designator=D25 New Designator=D19
Change Component Designator: Old Designator=D26 New Designator=D13
Change Component Designator: Old Designator=J10 New Designator=J2
Change Component Designator: Old Designator=J10 New Designator=J2
Change Component Designator: Old Designator=J11 New Designator=J1
Change Component Designator: Old Designator=R32 New Designator=R13
Change Component Designator: Old Designator=R33 New Designator=R15
Change Component Designator: Old Designator=R34 New Designator=R18
Change Component Designator: Old Designator=R35 New Designator=R29
Change Component Designator: Old Designator=R36 New Designator=R4
Change Component Designator: Old Designator=R37 New Designator=R17
Change Component Designator: Old Designator=R38 New Designator=R16
Change Component Designator: Old Designator=R39 New Designator=R19
Change Component Designator: Old Designator=R40 New Designator=R5
Change Component Designator: Old Designator=R41 New Designator=R20
Change Component Designator: Old Designator=R42 New Designator=R21
Change Component Designator: Old Designator=R43 New Designator=R22
Change Component Designator: Old Designator=R44 New Designator=R6
Change Component Designator: Old Designator=R45 New Designator=R23
Change Component Designator: Old Designator=R46 New Designator=R24
Change Component Designator: Old Designator=R47 New Designator=R25
Change Component Designator: Old Designator=R48 New Designator=R7
Change Component Designator: Old Designator=R49 New Designator=R26
Change Component Designator: Old Designator=R50 New Designator=R27
Change Component Designator: Old Designator=R51 New Designator=R28
Change Component Designator: Old Designator=R52 New Designator=R30
Change Component Designator: Old Designator=R53 New Designator=R8
Change Component Designator: Old Designator=R54 New Designator=R31
Change Component Designator: Old Designator=R55 New Designator=R36
Change Component Designator: Old Designator=TP25 New Designator=TP44
Change Component Designator: Old Designator=TP26 New Designator=TP43
Change Component Designator: Old Designator=TP27 New Designator=TP40
Change Component Designator: Old Designator=TP28 New Designator=TP39
Change Component Designator: Old Designator=TP29 New Designator=TP38
Change Component Designator: Old Designator=TP30 New Designator=TP37
Change Component Designator: Old Designator=U4 New Designator=U2
Change Component Designator: Old Designator=U5 New Designator=U3
Change Component Designator: Old Designator=U6 New Designator=U4
Change Component Designator: Old Designator=U7 New Designator=U5
Change Component Designator: Old Designator=U8 New Designator=U6
Change Component Designator: Old Designator=U9 New Designator=U7
