Change Component Designator: Old Designator=C20 New Designator=C57
Change Component Designator: Old Designator=C26 New Designator=C55
Change Component Designator: Old Designator=C85 New Designator=C58
Change Component Designator: Old Designator=C86 New Designator=C60
Change Component Designator: Old Designator=C87 New Designator=C62
Change Component Designator: Old Designator=C88 New Designator=C64
Change Component Designator: Old Designator=C96 New Designator=C56
Change Component Designator: Old Designator=C97 New Designator=C59
Change Component Designator: Old Designator=C98 New Designator=C61
Change Component Designator: Old Designator=C99 New Designator=C63
Change Component Designator: Old Designator=C100 New Designator=C65
Change Component Designator: Old Designator=C101 New Designator=C54
Change Component Designator: Old Designator=D10 New Designator=D11
Change Component Designator: Old Designator=D11 New Designator=D14
Change Component Designator: Old Designator=D13 New Designator=D17
Change Component Designator: Old Designator=D14 New Designator=D20
Change Component Designator: Old Designator=D15 New Designator=D21
Change Component Designator: Old Designator=D16 New Designator=D23
Change Component Designator: Old Designator=D17 New Designator=D24
Change Component Designator: Old Designator=D18 New Designator=D26
Change Component Designator: Old Designator=D19 New Designator=D27
Change Component Designator: Old Designator=D30 New Designator=D13
Change Component Designator: Old Designator=D31 New Designator=D15
Change Component Designator: Old Designator=D32 New Designator=D16
Change Component Designator: Old Designator=D33 New Designator=D18
Change Component Designator: Old Designator=D34 New Designator=D19
Change Component Designator: Old Designator=D35 New Designator=D22
Change Component Designator: Old Designator=D36 New Designator=D25
Change Component Designator: Old Designator=D37 New Designator=D28
Change Component Designator: Old Designator=J? New Designator=J10
Change Component Designator: Old Designator=J? New Designator=J10
Change Component Designator: Old Designator=J? New Designator=J11
Change Component Designator: Old Designator=Q4 New Designator=Q2
Change Component Designator: Old Designator=Q5 New Designator=Q3
Change Component Designator: Old Designator=Q6 New Designator=Q4
Change Component Designator: Old Designator=Q7 New Designator=Q5
Change Component Designator: Old Designator=R13 New Designator=R42
Change Component Designator: Old Designator=R21 New Designator=R45
Change Component Designator: Old Designator=R45 New Designator=R44
Change Component Designator: Old Designator=R46 New Designator=R47
Change Component Designator: Old Designator=R47 New Designator=R46
Change Component Designator: Old Designator=R52 New Designator=R48
Change Component Designator: Old Designator=R54 New Designator=R49
Change Component Designator: Old Designator=R55 New Designator=R51
Change Component Designator: Old Designator=R56 New Designator=R50
Change Component Designator: Old Designator=R57 New Designator=R52
Change Component Designator: Old Designator=R58 New Designator=R53
Change Component Designator: Old Designator=R59 New Designator=R55
Change Component Designator: Old Designator=R60 New Designator=R54
Change Component Designator: Old Designator=R61 New Designator=R56
Change Component Designator: Old Designator=R62 New Designator=R57
Change Component Designator: Old Designator=R63 New Designator=R59
Change Component Designator: Old Designator=R64 New Designator=R58
Change Component Designator: Old Designator=R65 New Designator=R60
Change Component Designator: Old Designator=R66 New Designator=R61
Change Component Designator: Old Designator=R67 New Designator=R62
Change Component Designator: Old Designator=R68 New Designator=R63
Change Component Designator: Old Designator=R69 New Designator=R64
Change Component Designator: Old Designator=R70 New Designator=R43
Change Component Designator: Old Designator=R72 New Designator=R65
Change Component Designator: Old Designator=TP11 New Designator=TP32
Change Component Designator: Old Designator=TP12 New Designator=TP33
Change Component Designator: Old Designator=TP13 New Designator=TP34
Change Component Designator: Old Designator=TP14 New Designator=TP35
Change Component Designator: Old Designator=TP41 New Designator=TP30
Change Component Designator: Old Designator=TP42 New Designator=TP31
Change Component Designator: Old Designator=U4 New Designator=U5
Change Component Designator: Old Designator=U8 New Designator=U6
Change Component Designator: Old Designator=U10 New Designator=U7
Change Component Designator: Old Designator=U11 New Designator=U8
Change Component Designator: Old Designator=U12 New Designator=U9
Change Component Designator: Old Designator=U13 New Designator=U10
