Change Component Designator: Old Designator=C54 New Designator=C?
Change Component Designator: Old Designator=C55 New Designator=C?
Change Component Designator: Old Designator=C56 New Designator=C?
Change Component Designator: Old Designator=C57 New Designator=C?
Change Component Designator: Old Designator=C58 New Designator=C?
Change Component Designator: Old Designator=C59 New Designator=C?
Change Component Designator: Old Designator=C60 New Designator=C?
Change Component Designator: Old Designator=C61 New Designator=C?
Change Component Designator: Old Designator=C62 New Designator=C?
Change Component Designator: Old Designator=C63 New Designator=C?
Change Component Designator: Old Designator=C64 New Designator=C?
Change Component Designator: Old Designator=C65 New Designator=C?
Change Component Designator: Old Designator=D11 New Designator=D?
Change Component Designator: Old Designator=D12 New Designator=D?
Change Component Designator: Old Designator=D13 New Designator=D?
Change Component Designator: Old Designator=D14 New Designator=D?
Change Component Designator: Old Designator=D15 New Designator=D?
Change Component Designator: Old Designator=D16 New Designator=D?
Change Component Designator: Old Designator=D17 New Designator=D?
Change Component Designator: Old Designator=D18 New Designator=D?
Change Component Designator: Old Designator=D19 New Designator=D?
Change Component Designator: Old Designator=D20 New Designator=D?
Change Component Designator: Old Designator=D21 New Designator=D?
Change Component Designator: Old Designator=D22 New Designator=D?
Change Component Designator: Old Designator=D23 New Designator=D?
Change Component Designator: Old Designator=D24 New Designator=D?
Change Component Designator: Old Designator=D25 New Designator=D?
Change Component Designator: Old Designator=D26 New Designator=D?
Change Component Designator: Old Designator=D27 New Designator=D?
Change Component Designator: Old Designator=D28 New Designator=D?
Change Component Designator: Old Designator=J10 New Designator=J?
Change Component Designator: Old Designator=J10 New Designator=J?
Change Component Designator: Old Designator=J11 New Designator=J?
Change Component Designator: Old Designator=Q1 New Designator=Q?
Change Component Designator: Old Designator=Q1 New Designator=Q?
Change Component Designator: Old Designator=Q2 New Designator=Q?
Change Component Designator: Old Designator=Q3 New Designator=Q?
Change Component Designator: Old Designator=Q4 New Designator=Q?
Change Component Designator: Old Designator=Q5 New Designator=Q?
Change Component Designator: Old Designator=R42 New Designator=R?
Change Component Designator: Old Designator=R43 New Designator=R?
Change Component Designator: Old Designator=R44 New Designator=R?
Change Component Designator: Old Designator=R45 New Designator=R?
Change Component Designator: Old Designator=R46 New Designator=R?
Change Component Designator: Old Designator=R47 New Designator=R?
Change Component Designator: Old Designator=R48 New Designator=R?
Change Component Designator: Old Designator=R49 New Designator=R?
Change Component Designator: Old Designator=R50 New Designator=R?
Change Component Designator: Old Designator=R51 New Designator=R?
Change Component Designator: Old Designator=R52 New Designator=R?
Change Component Designator: Old Designator=R53 New Designator=R?
Change Component Designator: Old Designator=R54 New Designator=R?
Change Component Designator: Old Designator=R55 New Designator=R?
Change Component Designator: Old Designator=R56 New Designator=R?
Change Component Designator: Old Designator=R57 New Designator=R?
Change Component Designator: Old Designator=R58 New Designator=R?
Change Component Designator: Old Designator=R59 New Designator=R?
Change Component Designator: Old Designator=R60 New Designator=R?
Change Component Designator: Old Designator=R61 New Designator=R?
Change Component Designator: Old Designator=R62 New Designator=R?
Change Component Designator: Old Designator=R63 New Designator=R?
Change Component Designator: Old Designator=R64 New Designator=R?
Change Component Designator: Old Designator=R65 New Designator=R?
Change Component Designator: Old Designator=TP30 New Designator=TP?
Change Component Designator: Old Designator=TP31 New Designator=TP?
Change Component Designator: Old Designator=TP32 New Designator=TP?
Change Component Designator: Old Designator=TP33 New Designator=TP?
Change Component Designator: Old Designator=TP34 New Designator=TP?
Change Component Designator: Old Designator=TP35 New Designator=TP?
Change Component Designator: Old Designator=U5 New Designator=U?
Change Component Designator: Old Designator=U6 New Designator=U?
Change Component Designator: Old Designator=U7 New Designator=U?
Change Component Designator: Old Designator=U8 New Designator=U?
Change Component Designator: Old Designator=U9 New Designator=U?
Change Component Designator: Old Designator=U10 New Designator=U?
