Change Component Designator: Old Designator=C122 New Designator=C64
Change Component Designator: Old Designator=C123 New Designator=C55
Change Component Designator: Old Designator=C124 New Designator=C62
Change Component Designator: Old Designator=C125 New Designator=C60
Change Component Designator: Old Designator=C126 New Designator=C57
Change Component Designator: Old Designator=C127 New Designator=C58
Change Component Designator: Old Designator=C129 New Designator=C54
Change Component Designator: Old Designator=C132 New Designator=C56
Change Component Designator: Old Designator=C134 New Designator=C65
Change Component Designator: Old Designator=C135 New Designator=C63
Change Component Designator: Old Designator=C136 New Designator=C59
Change Component Designator: Old Designator=C137 New Designator=C61
Change Component Designator: Old Designator=D42 New Designator=D11
Change Component Designator: Old Designator=D43 New Designator=D15
Change Component Designator: Old Designator=D44 New Designator=D13
Change Component Designator: Old Designator=D45 New Designator=D12
Change Component Designator: Old Designator=D46 New Designator=D24
Change Component Designator: Old Designator=D47 New Designator=D18
Change Component Designator: Old Designator=D48 New Designator=D21
Change Component Designator: Old Designator=D49 New Designator=D27
Change Component Designator: Old Designator=D50 New Designator=D26
Change Component Designator: Old Designator=D51 New Designator=D19
Change Component Designator: Old Designator=D52 New Designator=D22
Change Component Designator: Old Designator=D53 New Designator=D25
Change Component Designator: Old Designator=D54 New Designator=D17
Change Component Designator: Old Designator=D55 New Designator=D20
Change Component Designator: Old Designator=D56 New Designator=D23
Change Component Designator: Old Designator=D59 New Designator=D16
Change Component Designator: Old Designator=D60 New Designator=D28
Change Component Designator: Old Designator=D61 New Designator=D14
Change Component Designator: Old Designator=Q1 New Designator=Q5
Change Component Designator: Old Designator=Q5 New Designator=Q1
Change Component Designator: Old Designator=Q5 New Designator=Q1
Change Component Designator: Old Designator=R97 New Designator=R65
Change Component Designator: Old Designator=R98 New Designator=R45
Change Component Designator: Old Designator=R99 New Designator=R62
Change Component Designator: Old Designator=R100 New Designator=R64
Change Component Designator: Old Designator=R101 New Designator=R49
Change Component Designator: Old Designator=R102 New Designator=R53
Change Component Designator: Old Designator=R103 New Designator=R57
Change Component Designator: Old Designator=R104 New Designator=R59
Change Component Designator: Old Designator=R105 New Designator=R61
Change Component Designator: Old Designator=R106 New Designator=R51
Change Component Designator: Old Designator=R107 New Designator=R55
Change Component Designator: Old Designator=R108 New Designator=R52
Change Component Designator: Old Designator=R109 New Designator=R56
Change Component Designator: Old Designator=R110 New Designator=R60
Change Component Designator: Old Designator=R111 New Designator=R48
Change Component Designator: Old Designator=R112 New Designator=R43
Change Component Designator: Old Designator=R113 New Designator=R44
Change Component Designator: Old Designator=R114 New Designator=R47
Change Component Designator: Old Designator=R115 New Designator=R42
Change Component Designator: Old Designator=R120 New Designator=R46
Change Component Designator: Old Designator=R121 New Designator=R58
Change Component Designator: Old Designator=R122 New Designator=R63
Change Component Designator: Old Designator=R123 New Designator=R54
Change Component Designator: Old Designator=R124 New Designator=R50
Change Component Designator: Old Designator=T4 New Designator=T2
Change Component Designator: Old Designator=TP95 New Designator=TP31
Change Component Designator: Old Designator=TP96 New Designator=TP30
Change Component Designator: Old Designator=TP97 New Designator=TP35
Change Component Designator: Old Designator=TP98 New Designator=TP34
Change Component Designator: Old Designator=TP99 New Designator=TP33
Change Component Designator: Old Designator=TP100 New Designator=TP32
Change Component Designator: Old Designator=U11 New Designator=U5
Change Component Designator: Old Designator=U12 New Designator=U9
Change Component Designator: Old Designator=U13 New Designator=U6
Change Component Designator: Old Designator=U14 New Designator=U7
Change Component Designator: Old Designator=U15 New Designator=U8
