Change Component Designator: Old Designator=C19 New Designator=C142
Change Component Designator: Old Designator=C20 New Designator=C144
Change Component Designator: Old Designator=C21 New Designator=C94
Change Component Designator: Old Designator=C22 New Designator=C103
Change Component Designator: Old Designator=C23 New Designator=C93
Change Component Designator: Old Designator=C24 New Designator=C104
Change Component Designator: Old Designator=C25 New Designator=C95
Change Component Designator: Old Designator=C26 New Designator=C96
Change Component Designator: Old Designator=C27 New Designator=C107
Change Component Designator: Old Designator=C28 New Designator=C105
Change Component Designator: Old Designator=C29 New Designator=C106
Change Component Designator: Old Designator=C30 New Designator=C108
Change Component Designator: Old Designator=D9 New Designator=D62
Change Component Designator: Old Designator=D10 New Designator=D63
Change Component Designator: Old Designator=D11 New Designator=D44
Change Component Designator: Old Designator=D12 New Designator=D45
Change Component Designator: Old Designator=D13 New Designator=D53
Change Component Designator: Old Designator=D14 New Designator=D46
Change Component Designator: Old Designator=D15 New Designator=D47
Change Component Designator: Old Designator=D16 New Designator=D48
Change Component Designator: Old Designator=D17 New Designator=D49
Change Component Designator: Old Designator=D18 New Designator=D50
Change Component Designator: Old Designator=D19 New Designator=D51
Change Component Designator: Old Designator=D20 New Designator=D52
Change Component Designator: Old Designator=D21 New Designator=D43
Change Component Designator: Old Designator=D22 New Designator=D34
Change Component Designator: Old Designator=D23 New Designator=D35
Change Component Designator: Old Designator=D24 New Designator=D36
Change Component Designator: Old Designator=D25 New Designator=D37
Change Component Designator: Old Designator=D26 New Designator=D39
Change Component Designator: Old Designator=J10 New Designator=J20
Change Component Designator: Old Designator=J10 New Designator=J20
Change Component Designator: Old Designator=J11 New Designator=J13
Change Component Designator: Old Designator=Q1 New Designator=Q2
Change Component Designator: Old Designator=Q1 New Designator=Q2
Change Component Designator: Old Designator=Q2 New Designator=Q3
Change Component Designator: Old Designator=Q3 New Designator=Q4
Change Component Designator: Old Designator=Q4 New Designator=Q5
Change Component Designator: Old Designator=Q5 New Designator=Q1
Change Component Designator: Old Designator=R32 New Designator=R122
Change Component Designator: Old Designator=R33 New Designator=R96
Change Component Designator: Old Designator=R34 New Designator=R86
Change Component Designator: Old Designator=R35 New Designator=R87
Change Component Designator: Old Designator=R36 New Designator=R88
Change Component Designator: Old Designator=R37 New Designator=R89
Change Component Designator: Old Designator=R38 New Designator=R90
Change Component Designator: Old Designator=R39 New Designator=R91
Change Component Designator: Old Designator=R40 New Designator=R92
Change Component Designator: Old Designator=R41 New Designator=R93
Change Component Designator: Old Designator=R42 New Designator=R94
Change Component Designator: Old Designator=R43 New Designator=R95
Change Component Designator: Old Designator=R44 New Designator=R85
Change Component Designator: Old Designator=R45 New Designator=R72
Change Component Designator: Old Designator=R46 New Designator=R80
Change Component Designator: Old Designator=R47 New Designator=R73
Change Component Designator: Old Designator=R48 New Designator=R81
Change Component Designator: Old Designator=R49 New Designator=R74
Change Component Designator: Old Designator=R50 New Designator=R75
Change Component Designator: Old Designator=R51 New Designator=R76
Change Component Designator: Old Designator=R52 New Designator=R77
Change Component Designator: Old Designator=R53 New Designator=R78
Change Component Designator: Old Designator=R54 New Designator=R82
Change Component Designator: Old Designator=R55 New Designator=R79
Change Component Designator: Old Designator=TP25 New Designator=TP14
Change Component Designator: Old Designator=TP26 New Designator=TP19
Change Component Designator: Old Designator=TP27 New Designator=TP25
Change Component Designator: Old Designator=TP28 New Designator=TP26
Change Component Designator: Old Designator=TP29 New Designator=TP27
Change Component Designator: Old Designator=TP30 New Designator=TP29
Change Component Designator: Old Designator=U4 New Designator=U15
Change Component Designator: Old Designator=U5 New Designator=U16
Change Component Designator: Old Designator=U6 New Designator=U11
Change Component Designator: Old Designator=U7 New Designator=U10
