Change Component Designator: Old Designator=C54 New Designator=C19
Change Component Designator: Old Designator=C55 New Designator=C20
Change Component Designator: Old Designator=C56 New Designator=C21
Change Component Designator: Old Designator=C57 New Designator=C22
Change Component Designator: Old Designator=C58 New Designator=C23
Change Component Designator: Old Designator=C59 New Designator=C24
Change Component Designator: Old Designator=C60 New Designator=C25
Change Component Designator: Old Designator=C61 New Designator=C26
Change Component Designator: Old Designator=C62 New Designator=C27
Change Component Designator: Old Designator=C63 New Designator=C28
Change Component Designator: Old Designator=C64 New Designator=C29
Change Component Designator: Old Designator=C65 New Designator=C30
Change Component Designator: Old Designator=D11 New Designator=D9
Change Component Designator: Old Designator=D12 New Designator=D10
Change Component Designator: Old Designator=D13 New Designator=D11
Change Component Designator: Old Designator=D14 New Designator=D12
Change Component Designator: Old Designator=D15 New Designator=D13
Change Component Designator: Old Designator=D16 New Designator=D14
Change Component Designator: Old Designator=D17 New Designator=D15
Change Component Designator: Old Designator=D18 New Designator=D16
Change Component Designator: Old Designator=D19 New Designator=D17
Change Component Designator: Old Designator=D20 New Designator=D18
Change Component Designator: Old Designator=D21 New Designator=D19
Change Component Designator: Old Designator=D22 New Designator=D20
Change Component Designator: Old Designator=D23 New Designator=D21
Change Component Designator: Old Designator=D24 New Designator=D22
Change Component Designator: Old Designator=D25 New Designator=D23
Change Component Designator: Old Designator=D26 New Designator=D24
Change Component Designator: Old Designator=D27 New Designator=D25
Change Component Designator: Old Designator=D28 New Designator=D26
Change Component Designator: Old Designator=R42 New Designator=R32
Change Component Designator: Old Designator=R43 New Designator=R33
Change Component Designator: Old Designator=R44 New Designator=R34
Change Component Designator: Old Designator=R45 New Designator=R35
Change Component Designator: Old Designator=R46 New Designator=R36
Change Component Designator: Old Designator=R47 New Designator=R37
Change Component Designator: Old Designator=R48 New Designator=R38
Change Component Designator: Old Designator=R49 New Designator=R39
Change Component Designator: Old Designator=R50 New Designator=R40
Change Component Designator: Old Designator=R51 New Designator=R41
Change Component Designator: Old Designator=R52 New Designator=R42
Change Component Designator: Old Designator=R53 New Designator=R43
Change Component Designator: Old Designator=R54 New Designator=R44
Change Component Designator: Old Designator=R55 New Designator=R45
Change Component Designator: Old Designator=R56 New Designator=R46
Change Component Designator: Old Designator=R57 New Designator=R47
Change Component Designator: Old Designator=R58 New Designator=R48
Change Component Designator: Old Designator=R59 New Designator=R49
Change Component Designator: Old Designator=R60 New Designator=R50
Change Component Designator: Old Designator=R61 New Designator=R51
Change Component Designator: Old Designator=R62 New Designator=R52
Change Component Designator: Old Designator=R63 New Designator=R53
Change Component Designator: Old Designator=R64 New Designator=R54
Change Component Designator: Old Designator=R65 New Designator=R55
Change Component Designator: Old Designator=TP30 New Designator=TP25
Change Component Designator: Old Designator=TP31 New Designator=TP26
Change Component Designator: Old Designator=TP32 New Designator=TP27
Change Component Designator: Old Designator=TP33 New Designator=TP28
Change Component Designator: Old Designator=TP34 New Designator=TP29
Change Component Designator: Old Designator=TP35 New Designator=TP30
Change Component Designator: Old Designator=U5 New Designator=U4
Change Component Designator: Old Designator=U6 New Designator=U5
Change Component Designator: Old Designator=U7 New Designator=U6
Change Component Designator: Old Designator=U8 New Designator=U7
Change Component Designator: Old Designator=U9 New Designator=U8
Change Component Designator: Old Designator=U10 New Designator=U9
