Change Component Designator: Old Designator=C93 New Designator=C23
Change Component Designator: Old Designator=C94 New Designator=C21
Change Component Designator: Old Designator=C95 New Designator=C25
Change Component Designator: Old Designator=C96 New Designator=C26
Change Component Designator: Old Designator=C103 New Designator=C22
Change Component Designator: Old Designator=C104 New Designator=C24
Change Component Designator: Old Designator=C105 New Designator=C28
Change Component Designator: Old Designator=C106 New Designator=C29
Change Component Designator: Old Designator=C107 New Designator=C27
Change Component Designator: Old Designator=C108 New Designator=C30
Change Component Designator: Old Designator=C142 New Designator=C19
Change Component Designator: Old Designator=C144 New Designator=C20
Change Component Designator: Old Designator=D34 New Designator=D22
Change Component Designator: Old Designator=D35 New Designator=D23
Change Component Designator: Old Designator=D36 New Designator=D24
Change Component Designator: Old Designator=D37 New Designator=D25
Change Component Designator: Old Designator=D39 New Designator=D26
Change Component Designator: Old Designator=D43 New Designator=D21
Change Component Designator: Old Designator=D44 New Designator=D11
Change Component Designator: Old Designator=D45 New Designator=D12
Change Component Designator: Old Designator=D46 New Designator=D14
Change Component Designator: Old Designator=D47 New Designator=D15
Change Component Designator: Old Designator=D48 New Designator=D16
Change Component Designator: Old Designator=D49 New Designator=D17
Change Component Designator: Old Designator=D50 New Designator=D18
Change Component Designator: Old Designator=D51 New Designator=D19
Change Component Designator: Old Designator=D52 New Designator=D20
Change Component Designator: Old Designator=D53 New Designator=D13
Change Component Designator: Old Designator=D62 New Designator=D9
Change Component Designator: Old Designator=D63 New Designator=D10
Change Component Designator: Old Designator=J13 New Designator=J11
Change Component Designator: Old Designator=J20 New Designator=J10
Change Component Designator: Old Designator=J20 New Designator=J10
Change Component Designator: Old Designator=Q1 New Designator=Q5
Change Component Designator: Old Designator=Q2 New Designator=Q1
Change Component Designator: Old Designator=Q2 New Designator=Q1
Change Component Designator: Old Designator=Q3 New Designator=Q2
Change Component Designator: Old Designator=Q4 New Designator=Q3
Change Component Designator: Old Designator=Q5 New Designator=Q4
Change Component Designator: Old Designator=R72 New Designator=R45
Change Component Designator: Old Designator=R73 New Designator=R47
Change Component Designator: Old Designator=R74 New Designator=R49
Change Component Designator: Old Designator=R75 New Designator=R50
Change Component Designator: Old Designator=R76 New Designator=R51
Change Component Designator: Old Designator=R77 New Designator=R52
Change Component Designator: Old Designator=R78 New Designator=R53
Change Component Designator: Old Designator=R79 New Designator=R55
Change Component Designator: Old Designator=R80 New Designator=R46
Change Component Designator: Old Designator=R81 New Designator=R48
Change Component Designator: Old Designator=R82 New Designator=R54
Change Component Designator: Old Designator=R85 New Designator=R44
Change Component Designator: Old Designator=R86 New Designator=R34
Change Component Designator: Old Designator=R87 New Designator=R35
Change Component Designator: Old Designator=R88 New Designator=R36
Change Component Designator: Old Designator=R89 New Designator=R37
Change Component Designator: Old Designator=R90 New Designator=R38
Change Component Designator: Old Designator=R91 New Designator=R39
Change Component Designator: Old Designator=R92 New Designator=R40
Change Component Designator: Old Designator=R93 New Designator=R41
Change Component Designator: Old Designator=R94 New Designator=R42
Change Component Designator: Old Designator=R95 New Designator=R43
Change Component Designator: Old Designator=R96 New Designator=R33
Change Component Designator: Old Designator=R122 New Designator=R32
Change Component Designator: Old Designator=TP14 New Designator=TP25
Change Component Designator: Old Designator=TP19 New Designator=TP26
Change Component Designator: Old Designator=TP25 New Designator=TP27
Change Component Designator: Old Designator=TP26 New Designator=TP28
Change Component Designator: Old Designator=TP27 New Designator=TP29
Change Component Designator: Old Designator=TP29 New Designator=TP30
Change Component Designator: Old Designator=U10 New Designator=U7
Change Component Designator: Old Designator=U11 New Designator=U6
Change Component Designator: Old Designator=U15 New Designator=U4
Change Component Designator: Old Designator=U16 New Designator=U5
