Change Component Designator: Old Designator=C97 New Designator=C31
Change Component Designator: Old Designator=C98 New Designator=C33
Change Component Designator: Old Designator=C99 New Designator=C40
Change Component Designator: Old Designator=C109 New Designator=C34
Change Component Designator: Old Designator=C110 New Designator=C35
Change Component Designator: Old Designator=C111 New Designator=C36
Change Component Designator: Old Designator=C112 New Designator=C37
Change Component Designator: Old Designator=C113 New Designator=C41
Change Component Designator: Old Designator=C114 New Designator=C39
Change Component Designator: Old Designator=C115 New Designator=C42
Change Component Designator: Old Designator=C117 New Designator=C38
Change Component Designator: Old Designator=C122 New Designator=C32
Change Component Designator: Old Designator=D38 New Designator=D27
Change Component Designator: Old Designator=D40 New Designator=D28
Change Component Designator: Old Designator=D41 New Designator=D29
Change Component Designator: Old Designator=D42 New Designator=D30
Change Component Designator: Old Designator=J15 New Designator=J12
Change Component Designator: Old Designator=J15 New Designator=J12
Change Component Designator: Old Designator=J15 New Designator=J12
Change Component Designator: Old Designator=J15 New Designator=J12
Change Component Designator: Old Designator=J16 New Designator=J13
Change Component Designator: Old Designator=J16 New Designator=J13
Change Component Designator: Old Designator=J16 New Designator=J13
Change Component Designator: Old Designator=J16 New Designator=J13
Change Component Designator: Old Designator=R54 New Designator=R59
Change Component Designator: Old Designator=R55 New Designator=R63
Change Component Designator: Old Designator=R62 New Designator=R60
Change Component Designator: Old Designator=R64 New Designator=R61
Change Component Designator: Old Designator=R65 New Designator=R62
Change Component Designator: Old Designator=R71 New Designator=R58
Change Component Designator: Old Designator=R83 New Designator=R56
Change Component Designator: Old Designator=R84 New Designator=R57
Change Component Designator: Old Designator=TP1 New Designator=TP33
Change Component Designator: Old Designator=TP2 New Designator=TP34
Change Component Designator: Old Designator=TP3 New Designator=TP35
Change Component Designator: Old Designator=TP16 New Designator=TP31
Change Component Designator: Old Designator=TP17 New Designator=TP32
Change Component Designator: Old Designator=TP83 New Designator=TP36
Change Component Designator: Old Designator=TP84 New Designator=TP39
Change Component Designator: Old Designator=TP85 New Designator=TP37
Change Component Designator: Old Designator=TP86 New Designator=TP38
Change Component Designator: Old Designator=TP87 New Designator=TP40
Change Component Designator: Old Designator=TP89 New Designator=TP41
Change Component Designator: Old Designator=TP90 New Designator=TP42
Change Component Designator: Old Designator=U7 New Designator=U10
