Change Component Designator: Old Designator=C31 New Designator=C76
Change Component Designator: Old Designator=C35 New Designator=C68
Change Component Designator: Old Designator=C49 New Designator=C69
Change Component Designator: Old Designator=C50 New Designator=C70
Change Component Designator: Old Designator=C51 New Designator=C66
Change Component Designator: Old Designator=C52 New Designator=C71
Change Component Designator: Old Designator=C62 New Designator=C72
Change Component Designator: Old Designator=C67 New Designator=C73
Change Component Designator: Old Designator=C69 New Designator=C77
Change Component Designator: Old Designator=C72 New Designator=C74
Change Component Designator: Old Designator=C84 New Designator=C67
Change Component Designator: Old Designator=C90 New Designator=C75
Change Component Designator: Old Designator=D25 New Designator=D29
Change Component Designator: Old Designator=D26 New Designator=D30
Change Component Designator: Old Designator=D27 New Designator=D31
Change Component Designator: Old Designator=D28 New Designator=D32
Change Component Designator: Old Designator=J? New Designator=J12
Change Component Designator: Old Designator=J? New Designator=J13
Change Component Designator: Old Designator=J? New Designator=J12
Change Component Designator: Old Designator=J? New Designator=J13
Change Component Designator: Old Designator=J? New Designator=J12
Change Component Designator: Old Designator=J? New Designator=J13
Change Component Designator: Old Designator=J? New Designator=J12
Change Component Designator: Old Designator=J? New Designator=J13
Change Component Designator: Old Designator=R27 New Designator=R66
Change Component Designator: Old Designator=R36 New Designator=R69
Change Component Designator: Old Designator=R37 New Designator=R67
Change Component Designator: Old Designator=R38 New Designator=R70
Change Component Designator: Old Designator=R39 New Designator=R71
Change Component Designator: Old Designator=R48 New Designator=R72
Change Component Designator: Old Designator=R49 New Designator=R73
Change Component Designator: Old Designator=R53 New Designator=R68
Change Component Designator: Old Designator=TP3 New Designator=TP38
Change Component Designator: Old Designator=TP4 New Designator=TP37
Change Component Designator: Old Designator=TP5 New Designator=TP40
Change Component Designator: Old Designator=TP15 New Designator=TP36
Change Component Designator: Old Designator=TP16 New Designator=TP39
Change Component Designator: Old Designator=TP17 New Designator=TP41
Change Component Designator: Old Designator=TP18 New Designator=TP42
Change Component Designator: Old Designator=TP19 New Designator=TP43
Change Component Designator: Old Designator=TP20 New Designator=TP44
Change Component Designator: Old Designator=TP21 New Designator=TP45
Change Component Designator: Old Designator=TP22 New Designator=TP46
Change Component Designator: Old Designator=TP23 New Designator=TP47
Change Component Designator: Old Designator=U5 New Designator=U11
