Change Component Designator: Old Designator=C31 New Designator=C116
Change Component Designator: Old Designator=C32 New Designator=C110
Change Component Designator: Old Designator=C33 New Designator=C115
Change Component Designator: Old Designator=C34 New Designator=C108
Change Component Designator: Old Designator=C35 New Designator=C86
Change Component Designator: Old Designator=C36 New Designator=C133
Change Component Designator: Old Designator=C37 New Designator=C134
Change Component Designator: Old Designator=C38 New Designator=C136
Change Component Designator: Old Designator=C39 New Designator=C137
Change Component Designator: Old Designator=C40 New Designator=C87
Change Component Designator: Old Designator=C41 New Designator=C107
Change Component Designator: Old Designator=C42 New Designator=C109
Change Component Designator: Old Designator=D27 New Designator=D48
Change Component Designator: Old Designator=D28 New Designator=D58
Change Component Designator: Old Designator=D29 New Designator=D50
Change Component Designator: Old Designator=D30 New Designator=D59
Change Component Designator: Old Designator=J12 New Designator=J25
Change Component Designator: Old Designator=J12 New Designator=J25
Change Component Designator: Old Designator=J12 New Designator=J25
Change Component Designator: Old Designator=J12 New Designator=J25
Change Component Designator: Old Designator=J13 New Designator=J24
Change Component Designator: Old Designator=J13 New Designator=J24
Change Component Designator: Old Designator=J13 New Designator=J24
Change Component Designator: Old Designator=J13 New Designator=J24
Change Component Designator: Old Designator=R56 New Designator=R107
Change Component Designator: Old Designator=R57 New Designator=R105
Change Component Designator: Old Designator=R58 New Designator=R106
Change Component Designator: Old Designator=R59 New Designator=R104
Change Component Designator: Old Designator=R60 New Designator=R122
Change Component Designator: Old Designator=R61 New Designator=R121
Change Component Designator: Old Designator=R62 New Designator=R89
Change Component Designator: Old Designator=R63 New Designator=R90
Change Component Designator: Old Designator=TP31 New Designator=TP80
Change Component Designator: Old Designator=TP32 New Designator=TP94
Change Component Designator: Old Designator=TP34 New Designator=TP13
Change Component Designator: Old Designator=TP35 New Designator=TP93
Change Component Designator: Old Designator=TP36 New Designator=TP12
Change Component Designator: Old Designator=TP37 New Designator=TP14
Change Component Designator: Old Designator=TP38 New Designator=TP20
Change Component Designator: Old Designator=TP39 New Designator=TP15
Change Component Designator: Old Designator=TP40 New Designator=TP16
Change Component Designator: Old Designator=TP41 New Designator=TP92
Change Component Designator: Old Designator=TP42 New Designator=TP91
Change Component Designator: Old Designator=U10 New Designator=U14
