Change Component Designator: Old Designator=C5 New Designator=C71
Change Component Designator: Old Designator=C6 New Designator=C73
Change Component Designator: Old Designator=C12 New Designator=C72
Change Component Designator: Old Designator=C18 New Designator=C74
Change Component Designator: Old Designator=C21 New Designator=C66
Change Component Designator: Old Designator=C24 New Designator=C76
Change Component Designator: Old Designator=C33 New Designator=C77
Change Component Designator: Old Designator=C35 New Designator=C68
Change Component Designator: Old Designator=C39 New Designator=C67
Change Component Designator: Old Designator=C46 New Designator=C69
Change Component Designator: Old Designator=C54 New Designator=C75
Change Component Designator: Old Designator=C61 New Designator=C70
Change Component Designator: Old Designator=D3 New Designator=D32
Change Component Designator: Old Designator=D6 New Designator=D30
Change Component Designator: Old Designator=D15 New Designator=D29
Change Component Designator: Old Designator=D16 New Designator=D31
Change Component Designator: Old Designator=M4 New Designator=M2
Change Component Designator: Old Designator=M4 New Designator=M2
Change Component Designator: Old Designator=M4 New Designator=M2
Change Component Designator: Old Designator=M4 New Designator=M2
Change Component Designator: Old Designator=R7 New Designator=R71
Change Component Designator: Old Designator=R8 New Designator=R70
Change Component Designator: Old Designator=R17 New Designator=R69
Change Component Designator: Old Designator=R20 New Designator=R68
Change Component Designator: Old Designator=R21 New Designator=R67
Change Component Designator: Old Designator=R23 New Designator=R66
Change Component Designator: Old Designator=R36 New Designator=R73
Change Component Designator: Old Designator=R41 New Designator=R72
Change Component Designator: Old Designator=TP1 New Designator=TP38
Change Component Designator: Old Designator=TP9 New Designator=TP43
Change Component Designator: Old Designator=TP10 New Designator=TP39
Change Component Designator: Old Designator=TP19 New Designator=TP41
Change Component Designator: Old Designator=TP21 New Designator=TP44
Change Component Designator: Old Designator=TP24 New Designator=TP42
Change Component Designator: Old Designator=TP25 New Designator=TP45
Change Component Designator: Old Designator=TP44 New Designator=TP46
Change Component Designator: Old Designator=TP45 New Designator=TP47
Change Component Designator: Old Designator=TP46 New Designator=TP37
Change Component Designator: Old Designator=TP47 New Designator=TP40
Change Component Designator: Old Designator=TP56 New Designator=TP36
Change Component Designator: Old Designator=U3 New Designator=U11
