Change Component Designator: Old Designator=C31 New Designator=C97
Change Component Designator: Old Designator=C32 New Designator=C122
Change Component Designator: Old Designator=C33 New Designator=C98
Change Component Designator: Old Designator=C34 New Designator=C109
Change Component Designator: Old Designator=C35 New Designator=C110
Change Component Designator: Old Designator=C36 New Designator=C111
Change Component Designator: Old Designator=C37 New Designator=C112
Change Component Designator: Old Designator=C38 New Designator=C117
Change Component Designator: Old Designator=C39 New Designator=C114
Change Component Designator: Old Designator=C40 New Designator=C99
Change Component Designator: Old Designator=C41 New Designator=C113
Change Component Designator: Old Designator=C42 New Designator=C115
Change Component Designator: Old Designator=D27 New Designator=D38
Change Component Designator: Old Designator=D28 New Designator=D40
Change Component Designator: Old Designator=D29 New Designator=D41
Change Component Designator: Old Designator=D30 New Designator=D42
Change Component Designator: Old Designator=J12 New Designator=J15
Change Component Designator: Old Designator=J12 New Designator=J15
Change Component Designator: Old Designator=J12 New Designator=J15
Change Component Designator: Old Designator=J12 New Designator=J15
Change Component Designator: Old Designator=J13 New Designator=J16
Change Component Designator: Old Designator=J13 New Designator=J16
Change Component Designator: Old Designator=J13 New Designator=J16
Change Component Designator: Old Designator=J13 New Designator=J16
Change Component Designator: Old Designator=R56 New Designator=R83
Change Component Designator: Old Designator=R57 New Designator=R84
Change Component Designator: Old Designator=R58 New Designator=R71
Change Component Designator: Old Designator=R59 New Designator=R54
Change Component Designator: Old Designator=R60 New Designator=R62
Change Component Designator: Old Designator=R61 New Designator=R64
Change Component Designator: Old Designator=R62 New Designator=R65
Change Component Designator: Old Designator=R63 New Designator=R55
Change Component Designator: Old Designator=TP31 New Designator=TP16
Change Component Designator: Old Designator=TP32 New Designator=TP17
Change Component Designator: Old Designator=TP33 New Designator=TP1
Change Component Designator: Old Designator=TP34 New Designator=TP2
Change Component Designator: Old Designator=TP35 New Designator=TP3
Change Component Designator: Old Designator=TP36 New Designator=TP83
Change Component Designator: Old Designator=TP37 New Designator=TP85
Change Component Designator: Old Designator=TP38 New Designator=TP86
Change Component Designator: Old Designator=TP39 New Designator=TP84
Change Component Designator: Old Designator=TP40 New Designator=TP87
Change Component Designator: Old Designator=TP41 New Designator=TP89
Change Component Designator: Old Designator=TP42 New Designator=TP90
Change Component Designator: Old Designator=U10 New Designator=U7
