Change Component Designator: Old Designator=C9 New Designator=C43
Change Component Designator: Old Designator=C10 New Designator=C44
Change Component Designator: Old Designator=C11 New Designator=C49
Change Component Designator: Old Designator=C12 New Designator=C50
Change Component Designator: Old Designator=C13 New Designator=C51
Change Component Designator: Old Designator=C14 New Designator=C52
Change Component Designator: Old Designator=C15 New Designator=C57
Change Component Designator: Old Designator=C16 New Designator=C58
Change Component Designator: Old Designator=C17 New Designator=C59
Change Component Designator: Old Designator=C18 New Designator=C60
Change Component Designator: Old Designator=C19 New Designator=C61
Change Component Designator: Old Designator=C20 New Designator=C62
Change Component Designator: Old Designator=C21 New Designator=C63
Change Component Designator: Old Designator=C22 New Designator=C65
Change Component Designator: Old Designator=C23 New Designator=C68
Change Component Designator: Old Designator=C24 New Designator=C72
Change Component Designator: Old Designator=C25 New Designator=C71
Change Component Designator: Old Designator=C26 New Designator=C70
Change Component Designator: Old Designator=C27 New Designator=C69
Change Component Designator: Old Designator=C78 New Designator=C45
Change Component Designator: Old Designator=C79 New Designator=C46
Change Component Designator: Old Designator=C80 New Designator=C47
Change Component Designator: Old Designator=C81 New Designator=C48
Change Component Designator: Old Designator=C82 New Designator=C77
Change Component Designator: Old Designator=C83 New Designator=C78
Change Component Designator: Old Designator=C84 New Designator=C80
Change Component Designator: Old Designator=C85 New Designator=C53
Change Component Designator: Old Designator=C86 New Designator=C54
Change Component Designator: Old Designator=C87 New Designator=C55
Change Component Designator: Old Designator=C88 New Designator=C56
Change Component Designator: Old Designator=C89 New Designator=C79
Change Component Designator: Old Designator=C90 New Designator=C81
Change Component Designator: Old Designator=C91 New Designator=C82
Change Component Designator: Old Designator=C92 New Designator=C64
Change Component Designator: Old Designator=C93 New Designator=C66
Change Component Designator: Old Designator=C94 New Designator=C67
Change Component Designator: Old Designator=C95 New Designator=C73
Change Component Designator: Old Designator=C96 New Designator=C74
Change Component Designator: Old Designator=C97 New Designator=C75
Change Component Designator: Old Designator=C98 New Designator=C76
Change Component Designator: Old Designator=C99 New Designator=C83
Change Component Designator: Old Designator=C100 New Designator=C84
Change Component Designator: Old Designator=D33 New Designator=D31
Change Component Designator: Old Designator=D35 New Designator=D32
Change Component Designator: Old Designator=D36 New Designator=D33
Change Component Designator: Old Designator=D37 New Designator=D35
Change Component Designator: Old Designator=D38 New Designator=D36
Change Component Designator: Old Designator=L7 New Designator=L4
Change Component Designator: Old Designator=R74 New Designator=R65
Change Component Designator: Old Designator=R75 New Designator=R66
Change Component Designator: Old Designator=R76 New Designator=R67
Change Component Designator: Old Designator=R77 New Designator=R68
Change Component Designator: Old Designator=R78 New Designator=R69
Change Component Designator: Old Designator=R79 New Designator=R70
Change Component Designator: Old Designator=R80 New Designator=R64
Change Component Designator: Old Designator=R81 New Designator=R73
Change Component Designator: Old Designator=R82 New Designator=R74
Change Component Designator: Old Designator=R83 New Designator=R75
Change Component Designator: Old Designator=R84 New Designator=R76
Change Component Designator: Old Designator=R85 New Designator=R77
Change Component Designator: Old Designator=R86 New Designator=R78
Change Component Designator: Old Designator=R87 New Designator=R71
Change Component Designator: Old Designator=R88 New Designator=R72
Change Component Designator: Old Designator=TP48 New Designator=TP43
Change Component Designator: Old Designator=TP49 New Designator=TP44
Change Component Designator: Old Designator=TP50 New Designator=TP45
Change Component Designator: Old Designator=TP51 New Designator=TP46
Change Component Designator: Old Designator=TP52 New Designator=TP47
Change Component Designator: Old Designator=TP53 New Designator=TP48
Change Component Designator: Old Designator=TP54 New Designator=TP51
Change Component Designator: Old Designator=TP55 New Designator=TP49
Change Component Designator: Old Designator=TP56 New Designator=TP50
Change Component Designator: Old Designator=TP57 New Designator=TP52
Change Component Designator: Old Designator=U13 New Designator=U11
