Change Component Designator: Old Designator=C51 New Designator=C93
Change Component Designator: Old Designator=C57 New Designator=C94
Change Component Designator: Old Designator=C58 New Designator=C92
Change Component Designator: Old Designator=C80 New Designator=C99
Change Component Designator: Old Designator=C106 New Designator=C85
Change Component Designator: Old Designator=C108 New Designator=C96
Change Component Designator: Old Designator=C109 New Designator=C88
Change Component Designator: Old Designator=C110 New Designator=C87
Change Component Designator: Old Designator=C111 New Designator=C86
Change Component Designator: Old Designator=C113 New Designator=C97
Change Component Designator: Old Designator=C118 New Designator=C98
Change Component Designator: Old Designator=C120 New Designator=C95
Change Component Designator: Old Designator=C128 New Designator=C79
Change Component Designator: Old Designator=C130 New Designator=C80
Change Component Designator: Old Designator=C131 New Designator=C81
Change Component Designator: Old Designator=C133 New Designator=C100
Change Component Designator: Old Designator=C138 New Designator=C78
Change Component Designator: Old Designator=C139 New Designator=C91
Change Component Designator: Old Designator=C140 New Designator=C83
Change Component Designator: Old Designator=C141 New Designator=C84
Change Component Designator: Old Designator=C142 New Designator=C89
Change Component Designator: Old Designator=C143 New Designator=C82
Change Component Designator: Old Designator=C144 New Designator=C90
Change Component Designator: Old Designator=D21 New Designator=D36
Change Component Designator: Old Designator=D23 New Designator=D37
Change Component Designator: Old Designator=D41 New Designator=D35
Change Component Designator: Old Designator=D57 New Designator=D34
Change Component Designator: Old Designator=D58 New Designator=D38
Change Component Designator: Old Designator=D62 New Designator=D33
Change Component Designator: Old Designator=F1 New Designator=F3
Change Component Designator: Old Designator=F3 New Designator=F1
Change Component Designator: Old Designator=H1 New Designator=H2
Change Component Designator: Old Designator=H2 New Designator=H1
Change Component Designator: Old Designator=H3 New Designator=H5
Change Component Designator: Old Designator=H4 New Designator=H7
Change Component Designator: Old Designator=H5 New Designator=H6
Change Component Designator: Old Designator=H6 New Designator=H3
Change Component Designator: Old Designator=H7 New Designator=H4
Change Component Designator: Old Designator=R1 New Designator=R84
Change Component Designator: Old Designator=R2 New Designator=R82
Change Component Designator: Old Designator=R33 New Designator=R83
Change Component Designator: Old Designator=R52 New Designator=R79
Change Component Designator: Old Designator=R64 New Designator=R88
Change Component Designator: Old Designator=R94 New Designator=R80
Change Component Designator: Old Designator=R96 New Designator=R86
Change Component Designator: Old Designator=R116 New Designator=R87
Change Component Designator: Old Designator=R117 New Designator=R76
Change Component Designator: Old Designator=R118 New Designator=R78
Change Component Designator: Old Designator=R119 New Designator=R77
Change Component Designator: Old Designator=R125 New Designator=R85
Change Component Designator: Old Designator=R126 New Designator=R81
Change Component Designator: Old Designator=R127 New Designator=R75
Change Component Designator: Old Designator=R128 New Designator=R74
Change Component Designator: Old Designator=T1 New Designator=T4
Change Component Designator: Old Designator=T1 New Designator=T4
Change Component Designator: Old Designator=T1 New Designator=T4
Change Component Designator: Old Designator=T1 New Designator=T4
Change Component Designator: Old Designator=TP61 New Designator=TP53
Change Component Designator: Old Designator=TP71 New Designator=TP54
Change Component Designator: Old Designator=TP72 New Designator=TP57
Change Component Designator: Old Designator=TP83 New Designator=TP52
Change Component Designator: Old Designator=TP88 New Designator=TP56
Change Component Designator: Old Designator=TP91 New Designator=TP51
Change Component Designator: Old Designator=TP92 New Designator=TP50
Change Component Designator: Old Designator=TP93 New Designator=TP48
Change Component Designator: Old Designator=TP94 New Designator=TP49
Change Component Designator: Old Designator=TP101 New Designator=TP55
Change Component Designator: Old Designator=U9 New Designator=U13
Change Component Designator: Old Designator=U16 New Designator=U12
