Change Component Designator: Old Designator=C7 New Designator=C100
Change Component Designator: Old Designator=C9 New Designator=C82
Change Component Designator: Old Designator=C10 New Designator=C84
Change Component Designator: Old Designator=C11 New Designator=C89
Change Component Designator: Old Designator=C16 New Designator=C85
Change Component Designator: Old Designator=C18 New Designator=C95
Change Component Designator: Old Designator=C19 New Designator=C99
Change Component Designator: Old Designator=C21 New Designator=C90
Change Component Designator: Old Designator=C22 New Designator=C91
Change Component Designator: Old Designator=C28 New Designator=C96
Change Component Designator: Old Designator=C40 New Designator=C83
Change Component Designator: Old Designator=C55 New Designator=C86
Change Component Designator: Old Designator=C64 New Designator=C87
Change Component Designator: Old Designator=C70 New Designator=C97
Change Component Designator: Old Designator=C76 New Designator=C98
Change Component Designator: Old Designator=C77 New Designator=C79
Change Component Designator: Old Designator=C78 New Designator=C80
Change Component Designator: Old Designator=C79 New Designator=C81
Change Component Designator: Old Designator=C80 New Designator=C92
Change Component Designator: Old Designator=C81 New Designator=C93
Change Component Designator: Old Designator=C82 New Designator=C94
Change Component Designator: Old Designator=C83 New Designator=C88
Change Component Designator: Old Designator=C91 New Designator=C78
Change Component Designator: Old Designator=D1 New Designator=D37
Change Component Designator: Old Designator=D2 New Designator=D34
Change Component Designator: Old Designator=D4 New Designator=D33
Change Component Designator: Old Designator=D6 New Designator=D35
Change Component Designator: Old Designator=D7 New Designator=D36
Change Component Designator: Old Designator=D9 New Designator=D38
Change Component Designator: Old Designator=F1 New Designator=F2
Change Component Designator: Old Designator=F2 New Designator=F1
Change Component Designator: Old Designator=L1 New Designator=L7
Change Component Designator: Old Designator=R1 New Designator=R79
Change Component Designator: Old Designator=R7 New Designator=R75
Change Component Designator: Old Designator=R10 New Designator=R77
Change Component Designator: Old Designator=R11 New Designator=R80
Change Component Designator: Old Designator=R12 New Designator=R78
Change Component Designator: Old Designator=R17 New Designator=R74
Change Component Designator: Old Designator=R41 New Designator=R88
Change Component Designator: Old Designator=R51 New Designator=R76
Change Component Designator: Old Designator=R78 New Designator=R87
Change Component Designator: Old Designator=R79 New Designator=R81
Change Component Designator: Old Designator=R80 New Designator=R82
Change Component Designator: Old Designator=R81 New Designator=R84
Change Component Designator: Old Designator=R82 New Designator=R85
Change Component Designator: Old Designator=R84 New Designator=R86
Change Component Designator: Old Designator=T3 New Designator=T1
Change Component Designator: Old Designator=T3 New Designator=T1
Change Component Designator: Old Designator=T3 New Designator=T1
Change Component Designator: Old Designator=T3 New Designator=T1
Change Component Designator: Old Designator=T3 New Designator=T1
Change Component Designator: Old Designator=T3 New Designator=T1
Change Component Designator: Old Designator=T4 New Designator=T2
Change Component Designator: Old Designator=T4 New Designator=T2
Change Component Designator: Old Designator=T4 New Designator=T2
Change Component Designator: Old Designator=T4 New Designator=T2
Change Component Designator: Old Designator=TP2 New Designator=TP54
Change Component Designator: Old Designator=TP31 New Designator=TP55
Change Component Designator: Old Designator=TP34 New Designator=TP56
Change Component Designator: Old Designator=TP43 New Designator=TP57
Change Component Designator: Old Designator=TP50 New Designator=TP51
Change Component Designator: Old Designator=TP51 New Designator=TP50
Change Component Designator: Old Designator=TP53 New Designator=TP52
Change Component Designator: Old Designator=TP54 New Designator=TP53
Change Component Designator: Old Designator=U1 New Designator=U12
Change Component Designator: Old Designator=U2 New Designator=U13
