Change Component Designator: Old Designator=C43 New Designator=C121
Change Component Designator: Old Designator=C44 New Designator=C116
Change Component Designator: Old Designator=C45 New Designator=C118
Change Component Designator: Old Designator=C46 New Designator=C120
Change Component Designator: Old Designator=C47 New Designator=C83
Change Component Designator: Old Designator=C48 New Designator=C85
Change Component Designator: Old Designator=C49 New Designator=C87
Change Component Designator: Old Designator=C50 New Designator=C89
Change Component Designator: Old Designator=C51 New Designator=C100
Change Component Designator: Old Designator=C52 New Designator=C119
Change Component Designator: Old Designator=C53 New Designator=C123
Change Component Designator: Old Designator=C54 New Designator=C124
Change Component Designator: Old Designator=C55 New Designator=C91
Change Component Designator: Old Designator=C56 New Designator=C101
Change Component Designator: Old Designator=C57 New Designator=C92
Change Component Designator: Old Designator=C58 New Designator=C102
Change Component Designator: Old Designator=C59 New Designator=C82
Change Component Designator: Old Designator=C60 New Designator=C84
Change Component Designator: Old Designator=C61 New Designator=C88
Change Component Designator: Old Designator=C62 New Designator=C86
Change Component Designator: Old Designator=C63 New Designator=C90
Change Component Designator: Old Designator=C64 New Designator=C73
Change Component Designator: Old Designator=C65 New Designator=C76
Change Component Designator: Old Designator=C66 New Designator=C81
Change Component Designator: Old Designator=C67 New Designator=C71
Change Component Designator: Old Designator=C68 New Designator=C72
Change Component Designator: Old Designator=C69 New Designator=C74
Change Component Designator: Old Designator=C70 New Designator=C75
Change Component Designator: Old Designator=C71 New Designator=C77
Change Component Designator: Old Designator=C72 New Designator=C78
Change Component Designator: Old Designator=C73 New Designator=C79
Change Component Designator: Old Designator=C74 New Designator=C80
Change Component Designator: Old Designator=C75 New Designator=C59
Change Component Designator: Old Designator=C76 New Designator=C60
Change Component Designator: Old Designator=C77 New Designator=C64
Change Component Designator: Old Designator=C78 New Designator=C54
Change Component Designator: Old Designator=C79 New Designator=C66
Change Component Designator: Old Designator=C80 New Designator=C67
Change Component Designator: Old Designator=C81 New Designator=C55
Change Component Designator: Old Designator=C82 New Designator=C56
Change Component Designator: Old Designator=C83 New Designator=C68
Change Component Designator: Old Designator=C84 New Designator=C57
Change Component Designator: Old Designator=D31 New Designator=D28
Change Component Designator: Old Designator=D32 New Designator=D29
Change Component Designator: Old Designator=D33 New Designator=D30
Change Component Designator: Old Designator=D34 New Designator=D31
Change Component Designator: Old Designator=D35 New Designator=D32
Change Component Designator: Old Designator=D36 New Designator=D33
Change Component Designator: Old Designator=D41 New Designator=D23
Change Component Designator: Old Designator=F1 New Designator=F3
Change Component Designator: Old Designator=F3 New Designator=F1
Change Component Designator: Old Designator=H1 New Designator=H6
Change Component Designator: Old Designator=H2 New Designator=H7
Change Component Designator: Old Designator=H3 New Designator=H5
Change Component Designator: Old Designator=H5 New Designator=H3
Change Component Designator: Old Designator=H6 New Designator=H1
Change Component Designator: Old Designator=H7 New Designator=H2
Change Component Designator: Old Designator=J16 New Designator=J5
Change Component Designator: Old Designator=J16 New Designator=J5
Change Component Designator: Old Designator=J16 New Designator=J5
Change Component Designator: Old Designator=J16 New Designator=J5
Change Component Designator: Old Designator=J16 New Designator=J5
Change Component Designator: Old Designator=J16 New Designator=J5
Change Component Designator: Old Designator=J17 New Designator=J12
Change Component Designator: Old Designator=J17 New Designator=J12
Change Component Designator: Old Designator=J17 New Designator=J12
Change Component Designator: Old Designator=J17 New Designator=J12
Change Component Designator: Old Designator=L1 New Designator=L7
Change Component Designator: Old Designator=L2 New Designator=L6
Change Component Designator: Old Designator=L4 New Designator=L5
Change Component Designator: Old Designator=R64 New Designator=R66
Change Component Designator: Old Designator=R65 New Designator=R53
Change Component Designator: Old Designator=R66 New Designator=R56
Change Component Designator: Old Designator=R67 New Designator=R57
Change Component Designator: Old Designator=R68 New Designator=R58
Change Component Designator: Old Designator=R69 New Designator=R59
Change Component Designator: Old Designator=R70 New Designator=R67
Change Component Designator: Old Designator=R71 New Designator=R60
Change Component Designator: Old Designator=R72 New Designator=R61
Change Component Designator: Old Designator=R73 New Designator=R68
Change Component Designator: Old Designator=R74 New Designator=R69
Change Component Designator: Old Designator=R75 New Designator=R52
Change Component Designator: Old Designator=R76 New Designator=R63
Change Component Designator: Old Designator=R77 New Designator=R70
Change Component Designator: Old Designator=R78 New Designator=R51
Change Component Designator: Old Designator=TP43 New Designator=TP88
Change Component Designator: Old Designator=TP44 New Designator=TP91
Change Component Designator: Old Designator=TP45 New Designator=TP92
Change Component Designator: Old Designator=TP46 New Designator=TP93
Change Component Designator: Old Designator=TP47 New Designator=TP94
Change Component Designator: Old Designator=TP48 New Designator=TP95
Change Component Designator: Old Designator=TP49 New Designator=TP97
Change Component Designator: Old Designator=TP50 New Designator=TP98
Change Component Designator: Old Designator=TP51 New Designator=TP96
Change Component Designator: Old Designator=TP52 New Designator=TP99
Change Component Designator: Old Designator=U1 New Designator=U12
Change Component Designator: Old Designator=U11 New Designator=U2
Change Component Designator: Old Designator=U12 New Designator=U3
