Change Component Designator: Old Designator=C54 New Designator=C78
Change Component Designator: Old Designator=C55 New Designator=C81
Change Component Designator: Old Designator=C56 New Designator=C82
Change Component Designator: Old Designator=C57 New Designator=C84
Change Component Designator: Old Designator=C59 New Designator=C75
Change Component Designator: Old Designator=C60 New Designator=C76
Change Component Designator: Old Designator=C64 New Designator=C77
Change Component Designator: Old Designator=C66 New Designator=C79
Change Component Designator: Old Designator=C67 New Designator=C80
Change Component Designator: Old Designator=C68 New Designator=C83
Change Component Designator: Old Designator=C71 New Designator=C67
Change Component Designator: Old Designator=C72 New Designator=C68
Change Component Designator: Old Designator=C73 New Designator=C64
Change Component Designator: Old Designator=C74 New Designator=C69
Change Component Designator: Old Designator=C75 New Designator=C70
Change Component Designator: Old Designator=C76 New Designator=C65
Change Component Designator: Old Designator=C77 New Designator=C71
Change Component Designator: Old Designator=C78 New Designator=C72
Change Component Designator: Old Designator=C79 New Designator=C73
Change Component Designator: Old Designator=C80 New Designator=C74
Change Component Designator: Old Designator=C81 New Designator=C66
Change Component Designator: Old Designator=C82 New Designator=C59
Change Component Designator: Old Designator=C83 New Designator=C47
Change Component Designator: Old Designator=C84 New Designator=C60
Change Component Designator: Old Designator=C85 New Designator=C48
Change Component Designator: Old Designator=C86 New Designator=C62
Change Component Designator: Old Designator=C87 New Designator=C49
Change Component Designator: Old Designator=C88 New Designator=C61
Change Component Designator: Old Designator=C89 New Designator=C50
Change Component Designator: Old Designator=C90 New Designator=C63
Change Component Designator: Old Designator=C91 New Designator=C55
Change Component Designator: Old Designator=C92 New Designator=C57
Change Component Designator: Old Designator=C100 New Designator=C51
Change Component Designator: Old Designator=C101 New Designator=C56
Change Component Designator: Old Designator=C102 New Designator=C58
Change Component Designator: Old Designator=C116 New Designator=C44
Change Component Designator: Old Designator=C118 New Designator=C45
Change Component Designator: Old Designator=C119 New Designator=C52
Change Component Designator: Old Designator=C120 New Designator=C46
Change Component Designator: Old Designator=C121 New Designator=C43
Change Component Designator: Old Designator=C123 New Designator=C53
Change Component Designator: Old Designator=C124 New Designator=C54
Change Component Designator: Old Designator=D23 New Designator=D35
Change Component Designator: Old Designator=D28 New Designator=D31
Change Component Designator: Old Designator=D29 New Designator=D32
Change Component Designator: Old Designator=D30 New Designator=D33
Change Component Designator: Old Designator=D31 New Designator=D34
Change Component Designator: Old Designator=D32 New Designator=D36
Change Component Designator: Old Designator=D33 New Designator=D37
Change Component Designator: Old Designator=F1 New Designator=F3
Change Component Designator: Old Designator=F3 New Designator=F1
Change Component Designator: Old Designator=H1 New Designator=H6
Change Component Designator: Old Designator=H2 New Designator=H7
Change Component Designator: Old Designator=H3 New Designator=H5
Change Component Designator: Old Designator=H5 New Designator=H3
Change Component Designator: Old Designator=H6 New Designator=H1
Change Component Designator: Old Designator=H7 New Designator=H2
Change Component Designator: Old Designator=J5 New Designator=J14
Change Component Designator: Old Designator=J5 New Designator=J14
Change Component Designator: Old Designator=J5 New Designator=J14
Change Component Designator: Old Designator=J5 New Designator=J14
Change Component Designator: Old Designator=J5 New Designator=J14
Change Component Designator: Old Designator=J5 New Designator=J14
Change Component Designator: Old Designator=J12 New Designator=J15
Change Component Designator: Old Designator=J12 New Designator=J15
Change Component Designator: Old Designator=J12 New Designator=J15
Change Component Designator: Old Designator=J12 New Designator=J15
Change Component Designator: Old Designator=L5 New Designator=L4
Change Component Designator: Old Designator=L6 New Designator=L2
Change Component Designator: Old Designator=L7 New Designator=L1
Change Component Designator: Old Designator=R51 New Designator=R78
Change Component Designator: Old Designator=R52 New Designator=R75
Change Component Designator: Old Designator=R53 New Designator=R65
Change Component Designator: Old Designator=R56 New Designator=R66
Change Component Designator: Old Designator=R57 New Designator=R67
Change Component Designator: Old Designator=R58 New Designator=R68
Change Component Designator: Old Designator=R59 New Designator=R69
Change Component Designator: Old Designator=R60 New Designator=R71
Change Component Designator: Old Designator=R61 New Designator=R72
Change Component Designator: Old Designator=R63 New Designator=R76
Change Component Designator: Old Designator=R66 New Designator=R64
Change Component Designator: Old Designator=R67 New Designator=R70
Change Component Designator: Old Designator=R68 New Designator=R73
Change Component Designator: Old Designator=R69 New Designator=R74
Change Component Designator: Old Designator=R70 New Designator=R77
Change Component Designator: Old Designator=TP88 New Designator=TP43
Change Component Designator: Old Designator=TP91 New Designator=TP44
Change Component Designator: Old Designator=TP92 New Designator=TP45
Change Component Designator: Old Designator=TP93 New Designator=TP46
Change Component Designator: Old Designator=TP94 New Designator=TP47
Change Component Designator: Old Designator=TP95 New Designator=TP48
Change Component Designator: Old Designator=TP96 New Designator=TP51
Change Component Designator: Old Designator=TP97 New Designator=TP49
Change Component Designator: Old Designator=TP98 New Designator=TP50
Change Component Designator: Old Designator=TP99 New Designator=TP52
Change Component Designator: Old Designator=U2 New Designator=U11
Change Component Designator: Old Designator=U3 New Designator=U12
Change Component Designator: Old Designator=U10 New Designator=U1
