Change Component Designator: Old Designator=C82 New Designator=C90
Change Component Designator: Old Designator=C83 New Designator=C91
Change Component Designator: Old Designator=C84 New Designator=C92
Change Component Designator: Old Designator=C85 New Designator=C82
Change Component Designator: Old Designator=C86 New Designator=C83
Change Component Designator: Old Designator=C87 New Designator=C84
Change Component Designator: Old Designator=C88 New Designator=C85
Change Component Designator: Old Designator=C89 New Designator=C96
Change Component Designator: Old Designator=C90 New Designator=C97
Change Component Designator: Old Designator=C91 New Designator=C98
Change Component Designator: Old Designator=C92 New Designator=C86
Change Component Designator: Old Designator=C93 New Designator=C87
Change Component Designator: Old Designator=C94 New Designator=C88
Change Component Designator: Old Designator=C95 New Designator=C89
Change Component Designator: Old Designator=C96 New Designator=C93
Change Component Designator: Old Designator=C97 New Designator=C94
Change Component Designator: Old Designator=C98 New Designator=C95
Change Component Designator: Old Designator=D34 New Designator=D37
Change Component Designator: Old Designator=D37 New Designator=D34
Change Component Designator: Old Designator=J14 New Designator=J15
Change Component Designator: Old Designator=J14 New Designator=J15
Change Component Designator: Old Designator=J14 New Designator=J15
Change Component Designator: Old Designator=J14 New Designator=J15
Change Component Designator: Old Designator=J14 New Designator=J15
Change Component Designator: Old Designator=J14 New Designator=J15
Change Component Designator: Old Designator=J15 New Designator=J16
Change Component Designator: Old Designator=J15 New Designator=J16
Change Component Designator: Old Designator=J15 New Designator=J16
Change Component Designator: Old Designator=J15 New Designator=J16
Change Component Designator: Old Designator=R74 New Designator=R75
Change Component Designator: Old Designator=R75 New Designator=R76
Change Component Designator: Old Designator=R76 New Designator=R77
Change Component Designator: Old Designator=R77 New Designator=R79
Change Component Designator: Old Designator=R78 New Designator=R80
Change Component Designator: Old Designator=R79 New Designator=R78
Change Component Designator: Old Designator=R80 New Designator=R74
Change Component Designator: Old Designator=TP52 New Designator=TP53
Change Component Designator: Old Designator=TP53 New Designator=TP54
Change Component Designator: Old Designator=TP54 New Designator=TP55
Change Component Designator: Old Designator=TP55 New Designator=TP56
Change Component Designator: Old Designator=TP56 New Designator=TP52
