Change Component Designator: Old Designator=C43 New Designator=C55
Change Component Designator: Old Designator=C44 New Designator=C56
Change Component Designator: Old Designator=C45 New Designator=C1
Change Component Designator: Old Designator=C46 New Designator=C17
Change Component Designator: Old Designator=C47 New Designator=C13
Change Component Designator: Old Designator=C48 New Designator=C14
Change Component Designator: Old Designator=C49 New Designator=C45
Change Component Designator: Old Designator=C50 New Designator=C33
Change Component Designator: Old Designator=C51 New Designator=C75
Change Component Designator: Old Designator=C52 New Designator=C76
Change Component Designator: Old Designator=C53 New Designator=C23
Change Component Designator: Old Designator=C54 New Designator=C36
Change Component Designator: Old Designator=C55 New Designator=C35
Change Component Designator: Old Designator=C56 New Designator=C34
Change Component Designator: Old Designator=C57 New Designator=C52
Change Component Designator: Old Designator=C58 New Designator=C54
Change Component Designator: Old Designator=C59 New Designator=C47
Change Component Designator: Old Designator=C60 New Designator=C59
Change Component Designator: Old Designator=C61 New Designator=C73
Change Component Designator: Old Designator=C62 New Designator=C53
Change Component Designator: Old Designator=C63 New Designator=C70
Change Component Designator: Old Designator=C64 New Designator=C92
Change Component Designator: Old Designator=C65 New Designator=C50
Change Component Designator: Old Designator=C66 New Designator=C96
Change Component Designator: Old Designator=C67 New Designator=C95
Change Component Designator: Old Designator=C68 New Designator=C51
Change Component Designator: Old Designator=C70 New Designator=C46
Change Component Designator: Old Designator=C71 New Designator=C57
Change Component Designator: Old Designator=C73 New Designator=C28
Change Component Designator: Old Designator=C74 New Designator=C37
Change Component Designator: Old Designator=C75 New Designator=C44
Change Component Designator: Old Designator=C76 New Designator=C30
Change Component Designator: Old Designator=C77 New Designator=C3
Change Component Designator: Old Designator=C78 New Designator=C4
Change Component Designator: Old Designator=C79 New Designator=C6
Change Component Designator: Old Designator=C80 New Designator=C2
Change Component Designator: Old Designator=C81 New Designator=C5
Change Component Designator: Old Designator=C82 New Designator=C12
Change Component Designator: Old Designator=C83 New Designator=C58
Change Component Designator: Old Designator=C84 New Designator=C15
Change Component Designator: Old Designator=D31 New Designator=D1
Change Component Designator: Old Designator=D32 New Designator=D22
Change Component Designator: Old Designator=D33 New Designator=D43
Change Component Designator: Old Designator=D34 New Designator=D15
Change Component Designator: Old Designator=D35 New Designator=D24
Change Component Designator: Old Designator=D36 New Designator=D42
Change Component Designator: Old Designator=D37 New Designator=D16
Change Component Designator: Old Designator=H1 New Designator=H7
Change Component Designator: Old Designator=H2 New Designator=H6
Change Component Designator: Old Designator=H3 New Designator=H1
Change Component Designator: Old Designator=H4 New Designator=H2
Change Component Designator: Old Designator=H6 New Designator=H3
Change Component Designator: Old Designator=H7 New Designator=H4
Change Component Designator: Old Designator=J14 New Designator=J3
Change Component Designator: Old Designator=J14 New Designator=J3
Change Component Designator: Old Designator=J14 New Designator=J3
Change Component Designator: Old Designator=J14 New Designator=J3
Change Component Designator: Old Designator=J14 New Designator=J3
Change Component Designator: Old Designator=J14 New Designator=J3
Change Component Designator: Old Designator=J15 New Designator=J21
Change Component Designator: Old Designator=J15 New Designator=J21
Change Component Designator: Old Designator=J15 New Designator=J21
Change Component Designator: Old Designator=J15 New Designator=J21
Change Component Designator: Old Designator=L1 New Designator=L3
Change Component Designator: Old Designator=L2 New Designator=L7
Change Component Designator: Old Designator=L3 New Designator=L6
Change Component Designator: Old Designator=L4 New Designator=L1
Change Component Designator: Old Designator=R64 New Designator=R34
Change Component Designator: Old Designator=R65 New Designator=R1
Change Component Designator: Old Designator=R66 New Designator=R2
Change Component Designator: Old Designator=R67 New Designator=R10
Change Component Designator: Old Designator=R68 New Designator=R11
Change Component Designator: Old Designator=R69 New Designator=R9
Change Component Designator: Old Designator=R70 New Designator=R83
Change Component Designator: Old Designator=R71 New Designator=R14
Change Component Designator: Old Designator=R72 New Designator=R64
Change Component Designator: Old Designator=R73 New Designator=R12
Change Component Designator: Old Designator=R74 New Designator=R127
Change Component Designator: Old Designator=R75 New Designator=R96
Change Component Designator: Old Designator=R76 New Designator=R128
Change Component Designator: Old Designator=R77 New Designator=R3
Change Component Designator: Old Designator=R78 New Designator=R32
Change Component Designator: Old Designator=TP43 New Designator=TP41
Change Component Designator: Old Designator=TP44 New Designator=TP42
Change Component Designator: Old Designator=TP45 New Designator=TP46
Change Component Designator: Old Designator=TP46 New Designator=TP45
Change Component Designator: Old Designator=TP47 New Designator=TP53
Change Component Designator: Old Designator=TP48 New Designator=TP75
Change Component Designator: Old Designator=TP49 New Designator=TP36
Change Component Designator: Old Designator=TP50 New Designator=TP47
Change Component Designator: Old Designator=TP51 New Designator=TP69
Change Component Designator: Old Designator=TP52 New Designator=TP66
Change Component Designator: Old Designator=U1 New Designator=U10
Change Component Designator: Old Designator=U11 New Designator=U9
Change Component Designator: Old Designator=U12 New Designator=U1
