Change Physical Footprint: Designator=FAN-1 Old Footprint=70543-02 New Footprint=70543-02
Change Physical Footprint: Designator=FD1 Old Footprint=FIDUCIAL-1X2 New Footprint=FIDUCIAL-1X2
Change Physical Footprint: Designator=FD2 Old Footprint=FIDUCIAL-1X2 New Footprint=FIDUCIAL-1X2
Change Physical Footprint: Designator=FD3 Old Footprint=FIDUCIAL-1X2 New Footprint=FIDUCIAL-1X2
Change Physical Footprint: Designator=H1 Old Footprint=Wave_hole_3x7-singleSided New Footprint=Wave_hole_3x7-singleSided
Change Physical Footprint: Designator=L2 Old Footprint=C0805 New Footprint=C0805
Change Physical Footprint: Designator=L3 Old Footprint=C0805 New Footprint=C0805
Change Physical Footprint: Designator=L4 Old Footprint=C0805 New Footprint=C0805
Change Physical Footprint: Designator=MAX1_ES1 Old Footprint=70543-03 New Footprint=70543-03
Change Physical Footprint: Designator=MAX1_ES2 Old Footprint=70543-03 New Footprint=70543-03
Change Physical Footprint: Designator=MAX1_ES3 Old Footprint=70543-03 New Footprint=70543-03
Change Physical Footprint: Designator=MIN1_ES1 Old Footprint=70543-03 New Footprint=70543-03
Change Physical Footprint: Designator=MIN1_ES2 Old Footprint=70543-03 New Footprint=70543-03
Change Physical Footprint: Designator=MIN1_ES3 Old Footprint=70543-03 New Footprint=70543-03
Change Physical Footprint: Designator=P2_TR1 Old Footprint=70543-02 New Footprint=70543-02
Change Physical Footprint: Designator=P2_TR2 Old Footprint=70543-02 New Footprint=70543-02
Change Physical Footprint: Designator=P2_TR3 Old Footprint=70543-02 New Footprint=70543-02
Change Physical Footprint: Designator=P2_TR4 Old Footprint=70543-02 New Footprint=70543-02
Change Physical Footprint: Designator=S1 Old Footprint=B3F-31XX New Footprint=B3F-31XX
Change Physical Footprint: Designator=T4 Old Footprint=4POL254 New Footprint=4POL254
Change Physical Footprint: Designator=U1 Old Footprint=VSSOP10 New Footprint=VSSOP10
