Removed Pin From Net: NetName=VDDOUT Pin=U10-10
Removed Pin From Net: NetName=3.3VCC Pin=U10-11
Removed Pin From Net: NetName=GND Pin=U10-12
Removed Pin From Net: NetName=GND Pin=U10-33
Removed Pin From Net: NetName=VDDPLL Pin=U10-34
Removed Pin From Net: NetName=NetC38_1 Pin=U10-35
Removed Pin From Net: NetName=NetC37_1 Pin=U10-36
Removed Pin From Net: NetName=UMCU_P Pin=U10-37
Removed Pin From Net: NetName=UMCU_N Pin=U10-38
Removed Pin From Net: NetName=NetR38_1 Pin=U10-39
Removed Pin From Net: NetName=NetC49_1 Pin=U10-40
Removed Pin From Net: NetName=VDDUTMI Pin=U10-41
Removed Pin From Net: NetName=NetR44_1 Pin=U10-42
Removed Pin From Net: NetName=NetR47_1 Pin=U10-43
Removed Pin From Net: NetName=GND Pin=U10-44
Removed Pin From Net: NetName=VDDOUT Pin=U10-45
Removed Pin From Net: NetName=GND Pin=U10-46
Removed Pin From Net: NetName=RESET Pin=U10-47
Removed Pin From Net: NetName=XIN32 Pin=U10-48
Removed Pin From Net: NetName=XOUT32 Pin=U10-49
Removed Pin From Net: NetName=SHDN Pin=U10-50
Removed Pin From Net: NetName=GND Pin=U10-51
Removed Pin From Net: NetName=3.3VCC Pin=U10-52
Removed Pin From Net: NetName=NetR52_1 Pin=U10-53
Removed Pin From Net: NetName=GND Pin=U10-54
Removed Pin From Net: NetName=VDDOUT Pin=U10-56
Removed Pin From Net: NetName=3.3VCC Pin=U10-57
Removed Pin From Net: NetName=GND Pin=U10-58
Removed Pin From Net: NetName=VDDOUT Pin=U10-61
Removed Pin From Net: NetName=3.3VCC Pin=U10-62
Removed Pin From Net: NetName=NRST Pin=U10-69
Removed Pin From Net: NetName=VDDANA Pin=U10-73
Removed Pin From Net: NetName=GND Pin=U10-74
Removed Pin From Net: NetName=VDDANA Pin=U10-75
Removed Pin From Net: NetName=VDDOUT Pin=U10-104
Removed Pin From Net: NetName=3.3VCC Pin=U10-105
Removed Pin From Net: NetName=GND Pin=U10-106
Removed Pin From Net: NetName=VDDOUT Pin=U10-124
Removed Pin From Net: NetName=3.3VCC Pin=U10-125
Removed Pin From Net: NetName=GND Pin=U10-126
Added Component: Designator=U10(LQFP144_N)
Added Pin To Net: NetName=VDDOUT Pin=U10-10
Added Pin To Net: NetName=3.3VCC Pin=U10-11
Added Pin To Net: NetName=GND Pin=U10-12
Added Pin To Net: NetName=GND Pin=U10-33
Added Pin To Net: NetName=VDDPLL Pin=U10-34
Added Pin To Net: NetName=NetC38_1 Pin=U10-35
Added Pin To Net: NetName=NetC37_1 Pin=U10-36
Added Pin To Net: NetName=UMCU_P Pin=U10-37
Added Pin To Net: NetName=UMCU_N Pin=U10-38
Added Pin To Net: NetName=NetR38_1 Pin=U10-39
Added Pin To Net: NetName=NetC49_1 Pin=U10-40
Added Pin To Net: NetName=VDDUTMI Pin=U10-41
Added Pin To Net: NetName=NetR44_1 Pin=U10-42
Added Pin To Net: NetName=NetR47_1 Pin=U10-43
Added Pin To Net: NetName=GND Pin=U10-44
Added Pin To Net: NetName=VDDOUT Pin=U10-45
Added Pin To Net: NetName=GND Pin=U10-46
Added Pin To Net: NetName=RESET Pin=U10-47
Added Pin To Net: NetName=XIN32 Pin=U10-48
Added Pin To Net: NetName=XOUT32 Pin=U10-49
Added Pin To Net: NetName=SHDN Pin=U10-50
Added Pin To Net: NetName=GND Pin=U10-51
Added Pin To Net: NetName=3.3VCC Pin=U10-52
Added Pin To Net: NetName=NetR52_1 Pin=U10-53
Added Pin To Net: NetName=GND Pin=U10-54
Added Pin To Net: NetName=VDDOUT Pin=U10-56
Added Pin To Net: NetName=3.3VCC Pin=U10-57
Added Pin To Net: NetName=GND Pin=U10-58
Added Pin To Net: NetName=VDDOUT Pin=U10-61
Added Pin To Net: NetName=3.3VCC Pin=U10-62
Added Pin To Net: NetName=NRST Pin=U10-69
Added Pin To Net: NetName=VDDANA Pin=U10-73
Added Pin To Net: NetName=GND Pin=U10-74
Added Pin To Net: NetName=VDDANA Pin=U10-75
Added Pin To Net: NetName=VDDOUT Pin=U10-104
Added Pin To Net: NetName=3.3VCC Pin=U10-105
Added Pin To Net: NetName=GND Pin=U10-106
Added Pin To Net: NetName=VDDOUT Pin=U10-124
Added Pin To Net: NetName=3.3VCC Pin=U10-125
Added Pin To Net: NetName=GND Pin=U10-126
Added Member To Class: ClassName=USB Member=Component U10 (U12A) ATML-ATSAM3X-LQFP-144
