Reset Component Physical Designator: Old Designator=C1 New Designator=C1
Reset Component Physical Designator: Old Designator=C2 New Designator=C2
Reset Component Physical Designator: Old Designator=C3 New Designator=C3
Reset Component Physical Designator: Old Designator=C4 New Designator=C4
Reset Component Physical Designator: Old Designator=C5 New Designator=C5
Reset Component Physical Designator: Old Designator=C6 New Designator=C6
Reset Component Physical Designator: Old Designator=C7 New Designator=C7
Reset Component Physical Designator: Old Designator=C8 New Designator=C8
Reset Component Physical Designator: Old Designator=C9 New Designator=C9
Reset Component Physical Designator: Old Designator=C10 New Designator=C10
Reset Component Physical Designator: Old Designator=C11 New Designator=C11
Reset Component Physical Designator: Old Designator=C12 New Designator=C12
Reset Component Physical Designator: Old Designator=C13 New Designator=C13
Reset Component Physical Designator: Old Designator=C14 New Designator=C14
Reset Component Physical Designator: Old Designator=C15 New Designator=C15
Reset Component Physical Designator: Old Designator=C16 New Designator=C16
Reset Component Physical Designator: Old Designator=C17 New Designator=C17
Reset Component Physical Designator: Old Designator=C18 New Designator=C18
Reset Component Physical Designator: Old Designator=C19 New Designator=C19
Reset Component Physical Designator: Old Designator=C20 New Designator=C20
Reset Component Physical Designator: Old Designator=C21 New Designator=C21
Reset Component Physical Designator: Old Designator=C22 New Designator=C22
Reset Component Physical Designator: Old Designator=C23 New Designator=C23
Reset Component Physical Designator: Old Designator=C24 New Designator=C24
Reset Component Physical Designator: Old Designator=C25 New Designator=C25
Reset Component Physical Designator: Old Designator=C26 New Designator=C26
Reset Component Physical Designator: Old Designator=C27 New Designator=C27
Reset Component Physical Designator: Old Designator=C28 New Designator=C28
Reset Component Physical Designator: Old Designator=C29 New Designator=C29
Reset Component Physical Designator: Old Designator=C30 New Designator=C30
Reset Component Physical Designator: Old Designator=C31 New Designator=C31
Reset Component Physical Designator: Old Designator=C32 New Designator=C32
Reset Component Physical Designator: Old Designator=C33 New Designator=C33
Reset Component Physical Designator: Old Designator=C34 New Designator=C34
Reset Component Physical Designator: Old Designator=C35 New Designator=C35
Reset Component Physical Designator: Old Designator=C36 New Designator=C36
Reset Component Physical Designator: Old Designator=C37 New Designator=C37
Reset Component Physical Designator: Old Designator=C38 New Designator=C38
Reset Component Physical Designator: Old Designator=C39 New Designator=C39
Reset Component Physical Designator: Old Designator=C40 New Designator=C40
Reset Component Physical Designator: Old Designator=C41 New Designator=C41
Reset Component Physical Designator: Old Designator=C42 New Designator=C42
Reset Component Physical Designator: Old Designator=C43 New Designator=C43
Reset Component Physical Designator: Old Designator=C44 New Designator=C44
Reset Component Physical Designator: Old Designator=C45 New Designator=C45
Reset Component Physical Designator: Old Designator=C46 New Designator=C46
Reset Component Physical Designator: Old Designator=C47 New Designator=C47
Reset Component Physical Designator: Old Designator=C48 New Designator=C48
Reset Component Physical Designator: Old Designator=C49 New Designator=C49
Reset Component Physical Designator: Old Designator=C50 New Designator=C50
Reset Component Physical Designator: Old Designator=C51 New Designator=C51
Reset Component Physical Designator: Old Designator=C52 New Designator=C52
Reset Component Physical Designator: Old Designator=C53 New Designator=C53
Reset Component Physical Designator: Old Designator=C54 New Designator=C54
Reset Component Physical Designator: Old Designator=C55 New Designator=C55
Reset Component Physical Designator: Old Designator=C56 New Designator=C56
Reset Component Physical Designator: Old Designator=C57 New Designator=C57
Reset Component Physical Designator: Old Designator=C58 New Designator=C58
Reset Component Physical Designator: Old Designator=C59 New Designator=C59
Reset Component Physical Designator: Old Designator=C60 New Designator=C60
Reset Component Physical Designator: Old Designator=C61 New Designator=C61
Reset Component Physical Designator: Old Designator=C62 New Designator=C62
Reset Component Physical Designator: Old Designator=C63 New Designator=C63
Reset Component Physical Designator: Old Designator=C64 New Designator=C64
Reset Component Physical Designator: Old Designator=C65 New Designator=C65
Reset Component Physical Designator: Old Designator=C66 New Designator=C66
Reset Component Physical Designator: Old Designator=C67 New Designator=C67
Reset Component Physical Designator: Old Designator=C68 New Designator=C68
Reset Component Physical Designator: Old Designator=C69 New Designator=C69
Reset Component Physical Designator: Old Designator=C70 New Designator=C70
Reset Component Physical Designator: Old Designator=C71 New Designator=C71
Reset Component Physical Designator: Old Designator=C72 New Designator=C72
Reset Component Physical Designator: Old Designator=C73 New Designator=C73
Reset Component Physical Designator: Old Designator=C74 New Designator=C74
Reset Component Physical Designator: Old Designator=C75 New Designator=C75
Reset Component Physical Designator: Old Designator=C76 New Designator=C76
Reset Component Physical Designator: Old Designator=C77 New Designator=C77
Reset Component Physical Designator: Old Designator=C78 New Designator=C78
Reset Component Physical Designator: Old Designator=C79 New Designator=C79
Reset Component Physical Designator: Old Designator=C80 New Designator=C80
Reset Component Physical Designator: Old Designator=C81 New Designator=C81
Reset Component Physical Designator: Old Designator=C82 New Designator=C82
Reset Component Physical Designator: Old Designator=C83 New Designator=C83
Reset Component Physical Designator: Old Designator=C84 New Designator=C84
Reset Component Physical Designator: Old Designator=C85 New Designator=C85
Reset Component Physical Designator: Old Designator=C86 New Designator=C86
Reset Component Physical Designator: Old Designator=C87 New Designator=C87
Reset Component Physical Designator: Old Designator=C88 New Designator=C88
Reset Component Physical Designator: Old Designator=C89 New Designator=C89
Reset Component Physical Designator: Old Designator=C90 New Designator=C90
Reset Component Physical Designator: Old Designator=C91 New Designator=C91
Reset Component Physical Designator: Old Designator=C92 New Designator=C92
Reset Component Physical Designator: Old Designator=C93 New Designator=C93
Reset Component Physical Designator: Old Designator=C94 New Designator=C94
Reset Component Physical Designator: Old Designator=C95 New Designator=C95
Reset Component Physical Designator: Old Designator=C96 New Designator=C96
Reset Component Physical Designator: Old Designator=C97 New Designator=C97
Reset Component Physical Designator: Old Designator=C98 New Designator=C98
Reset Component Physical Designator: Old Designator=C99 New Designator=C99
Reset Component Physical Designator: Old Designator=C100 New Designator=C100
Reset Component Physical Designator: Old Designator=C101 New Designator=C101
Reset Component Physical Designator: Old Designator=C102 New Designator=C102
Reset Component Physical Designator: Old Designator=C103 New Designator=C103
Reset Component Physical Designator: Old Designator=C104 New Designator=C104
Reset Component Physical Designator: Old Designator=C105 New Designator=C105
Reset Component Physical Designator: Old Designator=C106 New Designator=C106
Reset Component Physical Designator: Old Designator=C107 New Designator=C107
Reset Component Physical Designator: Old Designator=C108 New Designator=C108
Reset Component Physical Designator: Old Designator=C109 New Designator=C109
Reset Component Physical Designator: Old Designator=C110 New Designator=C110
Reset Component Physical Designator: Old Designator=C111 New Designator=C111
Reset Component Physical Designator: Old Designator=C112 New Designator=C112
Reset Component Physical Designator: Old Designator=C113 New Designator=C113
Reset Component Physical Designator: Old Designator=C114 New Designator=C114
Reset Component Physical Designator: Old Designator=C115 New Designator=C115
Reset Component Physical Designator: Old Designator=C116 New Designator=C116
Reset Component Physical Designator: Old Designator=C117 New Designator=C117
Reset Component Physical Designator: Old Designator=C118 New Designator=C118
Reset Component Physical Designator: Old Designator=C119 New Designator=C119
Reset Component Physical Designator: Old Designator=C120 New Designator=C120
Reset Component Physical Designator: Old Designator=C121 New Designator=C121
Reset Component Physical Designator: Old Designator=C122 New Designator=C122
Reset Component Physical Designator: Old Designator=C123 New Designator=C123
Reset Component Physical Designator: Old Designator=C124 New Designator=C124
Reset Component Physical Designator: Old Designator=C125 New Designator=C125
Reset Component Physical Designator: Old Designator=C126 New Designator=C126
Reset Component Physical Designator: Old Designator=C127 New Designator=C127
Reset Component Physical Designator: Old Designator=C128 New Designator=C128
Reset Component Physical Designator: Old Designator=C129 New Designator=C129
Reset Component Physical Designator: Old Designator=C130 New Designator=C130
Reset Component Physical Designator: Old Designator=C131 New Designator=C131
Reset Component Physical Designator: Old Designator=C132 New Designator=C132
Reset Component Physical Designator: Old Designator=C133 New Designator=C133
Reset Component Physical Designator: Old Designator=C134 New Designator=C134
Reset Component Physical Designator: Old Designator=C135 New Designator=C135
Reset Component Physical Designator: Old Designator=C136 New Designator=C136
Reset Component Physical Designator: Old Designator=C137 New Designator=C137
Reset Component Physical Designator: Old Designator=C138 New Designator=C138
Reset Component Physical Designator: Old Designator=C139 New Designator=C139
Reset Component Physical Designator: Old Designator=C140 New Designator=C140
Reset Component Physical Designator: Old Designator=C141 New Designator=C141
Reset Component Physical Designator: Old Designator=C142 New Designator=C142
Reset Component Physical Designator: Old Designator=C143 New Designator=C143
Reset Component Physical Designator: Old Designator=C144 New Designator=C144
Reset Component Physical Designator: Old Designator=D1 New Designator=D1
Reset Component Physical Designator: Old Designator=D2 New Designator=D2
Reset Component Physical Designator: Old Designator=D3 New Designator=D3
Reset Component Physical Designator: Old Designator=D4 New Designator=D4
Reset Component Physical Designator: Old Designator=D5 New Designator=D5
Reset Component Physical Designator: Old Designator=D6 New Designator=D6
Reset Component Physical Designator: Old Designator=D7 New Designator=D7
Reset Component Physical Designator: Old Designator=D8 New Designator=D8
Reset Component Physical Designator: Old Designator=D9 New Designator=D9
Reset Component Physical Designator: Old Designator=D10 New Designator=D10
Reset Component Physical Designator: Old Designator=D11 New Designator=D11
Reset Component Physical Designator: Old Designator=D12 New Designator=D12
Reset Component Physical Designator: Old Designator=D13 New Designator=D13
Reset Component Physical Designator: Old Designator=D14 New Designator=D14
Reset Component Physical Designator: Old Designator=D15 New Designator=D15
Reset Component Physical Designator: Old Designator=D16 New Designator=D16
Reset Component Physical Designator: Old Designator=D17 New Designator=D17
Reset Component Physical Designator: Old Designator=D18 New Designator=D18
Reset Component Physical Designator: Old Designator=D19 New Designator=D19
Reset Component Physical Designator: Old Designator=D20 New Designator=D20
Reset Component Physical Designator: Old Designator=D21 New Designator=D21
Reset Component Physical Designator: Old Designator=D22 New Designator=D22
Reset Component Physical Designator: Old Designator=D23 New Designator=D23
Reset Component Physical Designator: Old Designator=D24 New Designator=D24
Reset Component Physical Designator: Old Designator=D25 New Designator=D25
Reset Component Physical Designator: Old Designator=D26 New Designator=D26
Reset Component Physical Designator: Old Designator=D27 New Designator=D27
Reset Component Physical Designator: Old Designator=D28 New Designator=D28
Reset Component Physical Designator: Old Designator=D29 New Designator=D29
Reset Component Physical Designator: Old Designator=D30 New Designator=D30
Reset Component Physical Designator: Old Designator=D31 New Designator=D31
Reset Component Physical Designator: Old Designator=D32 New Designator=D32
Reset Component Physical Designator: Old Designator=D33 New Designator=D33
Reset Component Physical Designator: Old Designator=D34 New Designator=D34
Reset Component Physical Designator: Old Designator=D35 New Designator=D35
Reset Component Physical Designator: Old Designator=D36 New Designator=D36
Reset Component Physical Designator: Old Designator=D37 New Designator=D37
Reset Component Physical Designator: Old Designator=D38 New Designator=D38
Reset Component Physical Designator: Old Designator=D39 New Designator=D39
Reset Component Physical Designator: Old Designator=D40 New Designator=D40
Reset Component Physical Designator: Old Designator=D41 New Designator=D41
Reset Component Physical Designator: Old Designator=D42 New Designator=D42
Reset Component Physical Designator: Old Designator=D43 New Designator=D43
Reset Component Physical Designator: Old Designator=D44 New Designator=D44
Reset Component Physical Designator: Old Designator=D45 New Designator=D45
Reset Component Physical Designator: Old Designator=D46 New Designator=D46
Reset Component Physical Designator: Old Designator=D47 New Designator=D47
Reset Component Physical Designator: Old Designator=D48 New Designator=D48
Reset Component Physical Designator: Old Designator=D49 New Designator=D49
Reset Component Physical Designator: Old Designator=D50 New Designator=D50
Reset Component Physical Designator: Old Designator=D51 New Designator=D51
Reset Component Physical Designator: Old Designator=D52 New Designator=D52
Reset Component Physical Designator: Old Designator=D53 New Designator=D53
Reset Component Physical Designator: Old Designator=D54 New Designator=D54
Reset Component Physical Designator: Old Designator=D55 New Designator=D55
Reset Component Physical Designator: Old Designator=D56 New Designator=D56
Reset Component Physical Designator: Old Designator=D57 New Designator=D57
Reset Component Physical Designator: Old Designator=D58 New Designator=D58
Reset Component Physical Designator: Old Designator=D59 New Designator=D59
Reset Component Physical Designator: Old Designator=D60 New Designator=D60
Reset Component Physical Designator: Old Designator=D61 New Designator=D61
Reset Component Physical Designator: Old Designator=D62 New Designator=D62
Reset Component Physical Designator: Old Designator=D63 New Designator=D63
Reset Component Physical Designator: Old Designator=F1 New Designator=F1
Reset Component Physical Designator: Old Designator=F2 New Designator=F2
Reset Component Physical Designator: Old Designator=F3 New Designator=F3
Reset Component Physical Designator: Old Designator=FD1 New Designator=FD1
Reset Component Physical Designator: Old Designator=FD2 New Designator=FD2
Reset Component Physical Designator: Old Designator=FD3 New Designator=FD3
Reset Component Physical Designator: Old Designator=H1 New Designator=H1
Reset Component Physical Designator: Old Designator=H2 New Designator=H2
Reset Component Physical Designator: Old Designator=H3 New Designator=H3
Reset Component Physical Designator: Old Designator=H4 New Designator=H4
Reset Component Physical Designator: Old Designator=H5 New Designator=H5
Reset Component Physical Designator: Old Designator=H6 New Designator=H6
Reset Component Physical Designator: Old Designator=H7 New Designator=H7
Reset Component Physical Designator: Old Designator=J1 New Designator=J1
Reset Component Physical Designator: Old Designator=J2 New Designator=J2
Reset Component Physical Designator: Old Designator=J3 New Designator=J3
Reset Component Physical Designator: Old Designator=J4 New Designator=J4
Reset Component Physical Designator: Old Designator=J5 New Designator=J5
Reset Component Physical Designator: Old Designator=J5 New Designator=J5
Reset Component Physical Designator: Old Designator=J5 New Designator=J5
Reset Component Physical Designator: Old Designator=J5 New Designator=J5
Reset Component Physical Designator: Old Designator=J6 New Designator=J6
Reset Component Physical Designator: Old Designator=J7 New Designator=J7
Reset Component Physical Designator: Old Designator=J7 New Designator=J7
Reset Component Physical Designator: Old Designator=J7 New Designator=J7
Reset Component Physical Designator: Old Designator=J8 New Designator=J8
Reset Component Physical Designator: Old Designator=J8 New Designator=J8
Reset Component Physical Designator: Old Designator=J8 New Designator=J8
Reset Component Physical Designator: Old Designator=J9 New Designator=J9
Reset Component Physical Designator: Old Designator=J9 New Designator=J9
Reset Component Physical Designator: Old Designator=J9 New Designator=J9
Reset Component Physical Designator: Old Designator=J10 New Designator=J10
Reset Component Physical Designator: Old Designator=J10 New Designator=J10
Reset Component Physical Designator: Old Designator=J10 New Designator=J10
Reset Component Physical Designator: Old Designator=J11 New Designator=J11
Reset Component Physical Designator: Old Designator=J11 New Designator=J11
Reset Component Physical Designator: Old Designator=J11 New Designator=J11
Reset Component Physical Designator: Old Designator=J12 New Designator=J12
Reset Component Physical Designator: Old Designator=J12 New Designator=J12
Reset Component Physical Designator: Old Designator=J12 New Designator=J12
Reset Component Physical Designator: Old Designator=J13 New Designator=J13
Reset Component Physical Designator: Old Designator=J13 New Designator=J13
Reset Component Physical Designator: Old Designator=J13 New Designator=J13
Reset Component Physical Designator: Old Designator=J13 New Designator=J13
Reset Component Physical Designator: Old Designator=J14 New Designator=J14
Reset Component Physical Designator: Old Designator=J14 New Designator=J14
Reset Component Physical Designator: Old Designator=J14 New Designator=J14
Reset Component Physical Designator: Old Designator=J14 New Designator=J14
Reset Component Physical Designator: Old Designator=J15 New Designator=J15
Reset Component Physical Designator: Old Designator=J15 New Designator=J15
Reset Component Physical Designator: Old Designator=J15 New Designator=J15
Reset Component Physical Designator: Old Designator=J15 New Designator=J15
Reset Component Physical Designator: Old Designator=J16 New Designator=J16
Reset Component Physical Designator: Old Designator=J16 New Designator=J16
Reset Component Physical Designator: Old Designator=J16 New Designator=J16
Reset Component Physical Designator: Old Designator=J16 New Designator=J16
Reset Component Physical Designator: Old Designator=J17 New Designator=J17
Reset Component Physical Designator: Old Designator=J17 New Designator=J17
Reset Component Physical Designator: Old Designator=J18 New Designator=J18
Reset Component Physical Designator: Old Designator=J19 New Designator=J19
Reset Component Physical Designator: Old Designator=J19 New Designator=J19
Reset Component Physical Designator: Old Designator=J19 New Designator=J19
Reset Component Physical Designator: Old Designator=J19 New Designator=J19
Reset Component Physical Designator: Old Designator=J20 New Designator=J20
Reset Component Physical Designator: Old Designator=J20 New Designator=J20
Reset Component Physical Designator: Old Designator=J20 New Designator=J20
Reset Component Physical Designator: Old Designator=J20 New Designator=J20
Reset Component Physical Designator: Old Designator=J21 New Designator=J21
Reset Component Physical Designator: Old Designator=J21 New Designator=J21
Reset Component Physical Designator: Old Designator=J21 New Designator=J21
Reset Component Physical Designator: Old Designator=J21 New Designator=J21
Reset Component Physical Designator: Old Designator=J21 New Designator=J21
Reset Component Physical Designator: Old Designator=J21 New Designator=J21
Reset Component Physical Designator: Old Designator=J22 New Designator=J22
Reset Component Physical Designator: Old Designator=J22 New Designator=J22
Reset Component Physical Designator: Old Designator=J22 New Designator=J22
Reset Component Physical Designator: Old Designator=J22 New Designator=J22
Reset Component Physical Designator: Old Designator=J23 New Designator=J23
Reset Component Physical Designator: Old Designator=J23 New Designator=J23
Reset Component Physical Designator: Old Designator=J24 New Designator=J24
Reset Component Physical Designator: Old Designator=J24 New Designator=J24
Reset Component Physical Designator: Old Designator=J25 New Designator=J25
Reset Component Physical Designator: Old Designator=J25 New Designator=J25
Reset Component Physical Designator: Old Designator=J26 New Designator=J26
Reset Component Physical Designator: Old Designator=J26 New Designator=J26
Reset Component Physical Designator: Old Designator=J27 New Designator=J27
Reset Component Physical Designator: Old Designator=L1 New Designator=L1
Reset Component Physical Designator: Old Designator=L2 New Designator=L2
Reset Component Physical Designator: Old Designator=L3 New Designator=L3
Reset Component Physical Designator: Old Designator=L4 New Designator=L4
Reset Component Physical Designator: Old Designator=L5 New Designator=L5
Reset Component Physical Designator: Old Designator=L6 New Designator=L6
Reset Component Physical Designator: Old Designator=L7 New Designator=L7
Reset Component Physical Designator: Old Designator=LOGO1 New Designator=LOGO1
Reset Component Physical Designator: Old Designator=Q1 New Designator=Q1
Reset Component Physical Designator: Old Designator=Q1 New Designator=Q1
Reset Component Physical Designator: Old Designator=Q2 New Designator=Q2
Reset Component Physical Designator: Old Designator=Q3 New Designator=Q3
Reset Component Physical Designator: Old Designator=Q4 New Designator=Q4
Reset Component Physical Designator: Old Designator=Q5 New Designator=Q5
Reset Component Physical Designator: Old Designator=R1 New Designator=R1
Reset Component Physical Designator: Old Designator=R2 New Designator=R2
Reset Component Physical Designator: Old Designator=R3 New Designator=R3
Reset Component Physical Designator: Old Designator=R4 New Designator=R4
Reset Component Physical Designator: Old Designator=R5 New Designator=R5
Reset Component Physical Designator: Old Designator=R6 New Designator=R6
Reset Component Physical Designator: Old Designator=R7 New Designator=R7
Reset Component Physical Designator: Old Designator=R8 New Designator=R8
Reset Component Physical Designator: Old Designator=R9 New Designator=R9
Reset Component Physical Designator: Old Designator=R10 New Designator=R10
Reset Component Physical Designator: Old Designator=R11 New Designator=R11
Reset Component Physical Designator: Old Designator=R12 New Designator=R12
Reset Component Physical Designator: Old Designator=R13 New Designator=R13
Reset Component Physical Designator: Old Designator=R14 New Designator=R14
Reset Component Physical Designator: Old Designator=R15 New Designator=R15
Reset Component Physical Designator: Old Designator=R16 New Designator=R16
Reset Component Physical Designator: Old Designator=R17 New Designator=R17
Reset Component Physical Designator: Old Designator=R18 New Designator=R18
Reset Component Physical Designator: Old Designator=R19 New Designator=R19
Reset Component Physical Designator: Old Designator=R20 New Designator=R20
Reset Component Physical Designator: Old Designator=R21 New Designator=R21
Reset Component Physical Designator: Old Designator=R22 New Designator=R22
Reset Component Physical Designator: Old Designator=R23 New Designator=R23
Reset Component Physical Designator: Old Designator=R24 New Designator=R24
Reset Component Physical Designator: Old Designator=R25 New Designator=R25
Reset Component Physical Designator: Old Designator=R26 New Designator=R26
Reset Component Physical Designator: Old Designator=R27 New Designator=R27
Reset Component Physical Designator: Old Designator=R28 New Designator=R28
Reset Component Physical Designator: Old Designator=R29 New Designator=R29
Reset Component Physical Designator: Old Designator=R30 New Designator=R30
Reset Component Physical Designator: Old Designator=R31 New Designator=R31
Reset Component Physical Designator: Old Designator=R32 New Designator=R32
Reset Component Physical Designator: Old Designator=R33 New Designator=R33
Reset Component Physical Designator: Old Designator=R34 New Designator=R34
Reset Component Physical Designator: Old Designator=R35 New Designator=R35
Reset Component Physical Designator: Old Designator=R36 New Designator=R36
Reset Component Physical Designator: Old Designator=R37 New Designator=R37
Reset Component Physical Designator: Old Designator=R38 New Designator=R38
Reset Component Physical Designator: Old Designator=R39 New Designator=R39
Reset Component Physical Designator: Old Designator=R40 New Designator=R40
Reset Component Physical Designator: Old Designator=R41 New Designator=R41
Reset Component Physical Designator: Old Designator=R42 New Designator=R42
Reset Component Physical Designator: Old Designator=R43 New Designator=R43
Reset Component Physical Designator: Old Designator=R44 New Designator=R44
Reset Component Physical Designator: Old Designator=R45 New Designator=R45
Reset Component Physical Designator: Old Designator=R46 New Designator=R46
Reset Component Physical Designator: Old Designator=R47 New Designator=R47
Reset Component Physical Designator: Old Designator=R48 New Designator=R48
Reset Component Physical Designator: Old Designator=R49 New Designator=R49
Reset Component Physical Designator: Old Designator=R50 New Designator=R50
Reset Component Physical Designator: Old Designator=R51 New Designator=R51
Reset Component Physical Designator: Old Designator=R52 New Designator=R52
Reset Component Physical Designator: Old Designator=R53 New Designator=R53
Reset Component Physical Designator: Old Designator=R54 New Designator=R54
Reset Component Physical Designator: Old Designator=R55 New Designator=R55
Reset Component Physical Designator: Old Designator=R56 New Designator=R56
Reset Component Physical Designator: Old Designator=R57 New Designator=R57
Reset Component Physical Designator: Old Designator=R58 New Designator=R58
Reset Component Physical Designator: Old Designator=R59 New Designator=R59
Reset Component Physical Designator: Old Designator=R60 New Designator=R60
Reset Component Physical Designator: Old Designator=R61 New Designator=R61
Reset Component Physical Designator: Old Designator=R62 New Designator=R62
Reset Component Physical Designator: Old Designator=R63 New Designator=R63
Reset Component Physical Designator: Old Designator=R64 New Designator=R64
Reset Component Physical Designator: Old Designator=R65 New Designator=R65
Reset Component Physical Designator: Old Designator=R66 New Designator=R66
Reset Component Physical Designator: Old Designator=R67 New Designator=R67
Reset Component Physical Designator: Old Designator=R68 New Designator=R68
Reset Component Physical Designator: Old Designator=R69 New Designator=R69
Reset Component Physical Designator: Old Designator=R70 New Designator=R70
Reset Component Physical Designator: Old Designator=R71 New Designator=R71
Reset Component Physical Designator: Old Designator=R72 New Designator=R72
Reset Component Physical Designator: Old Designator=R73 New Designator=R73
Reset Component Physical Designator: Old Designator=R74 New Designator=R74
Reset Component Physical Designator: Old Designator=R75 New Designator=R75
Reset Component Physical Designator: Old Designator=R76 New Designator=R76
Reset Component Physical Designator: Old Designator=R77 New Designator=R77
Reset Component Physical Designator: Old Designator=R78 New Designator=R78
Reset Component Physical Designator: Old Designator=R79 New Designator=R79
Reset Component Physical Designator: Old Designator=R80 New Designator=R80
Reset Component Physical Designator: Old Designator=R81 New Designator=R81
Reset Component Physical Designator: Old Designator=R82 New Designator=R82
Reset Component Physical Designator: Old Designator=R83 New Designator=R83
Reset Component Physical Designator: Old Designator=R84 New Designator=R84
Reset Component Physical Designator: Old Designator=R85 New Designator=R85
Reset Component Physical Designator: Old Designator=R86 New Designator=R86
Reset Component Physical Designator: Old Designator=R87 New Designator=R87
Reset Component Physical Designator: Old Designator=R88 New Designator=R88
Reset Component Physical Designator: Old Designator=R89 New Designator=R89
Reset Component Physical Designator: Old Designator=R90 New Designator=R90
Reset Component Physical Designator: Old Designator=R91 New Designator=R91
Reset Component Physical Designator: Old Designator=R92 New Designator=R92
Reset Component Physical Designator: Old Designator=R93 New Designator=R93
Reset Component Physical Designator: Old Designator=R94 New Designator=R94
Reset Component Physical Designator: Old Designator=R95 New Designator=R95
Reset Component Physical Designator: Old Designator=R96 New Designator=R96
Reset Component Physical Designator: Old Designator=R97 New Designator=R97
Reset Component Physical Designator: Old Designator=R98 New Designator=R98
Reset Component Physical Designator: Old Designator=R99 New Designator=R99
Reset Component Physical Designator: Old Designator=R100 New Designator=R100
Reset Component Physical Designator: Old Designator=R101 New Designator=R101
Reset Component Physical Designator: Old Designator=R102 New Designator=R102
Reset Component Physical Designator: Old Designator=R103 New Designator=R103
Reset Component Physical Designator: Old Designator=R104 New Designator=R104
Reset Component Physical Designator: Old Designator=R105 New Designator=R105
Reset Component Physical Designator: Old Designator=R106 New Designator=R106
Reset Component Physical Designator: Old Designator=R107 New Designator=R107
Reset Component Physical Designator: Old Designator=R108 New Designator=R108
Reset Component Physical Designator: Old Designator=R109 New Designator=R109
Reset Component Physical Designator: Old Designator=R110 New Designator=R110
Reset Component Physical Designator: Old Designator=R111 New Designator=R111
Reset Component Physical Designator: Old Designator=R112 New Designator=R112
Reset Component Physical Designator: Old Designator=R113 New Designator=R113
Reset Component Physical Designator: Old Designator=R114 New Designator=R114
Reset Component Physical Designator: Old Designator=R115 New Designator=R115
Reset Component Physical Designator: Old Designator=R116 New Designator=R116
Reset Component Physical Designator: Old Designator=R117 New Designator=R117
Reset Component Physical Designator: Old Designator=R118 New Designator=R118
Reset Component Physical Designator: Old Designator=R119 New Designator=R119
Reset Component Physical Designator: Old Designator=R120 New Designator=R120
Reset Component Physical Designator: Old Designator=R121 New Designator=R121
Reset Component Physical Designator: Old Designator=R122 New Designator=R122
Reset Component Physical Designator: Old Designator=R123 New Designator=R123
Reset Component Physical Designator: Old Designator=R124 New Designator=R124
Reset Component Physical Designator: Old Designator=R125 New Designator=R125
Reset Component Physical Designator: Old Designator=R126 New Designator=R126
Reset Component Physical Designator: Old Designator=R127 New Designator=R127
Reset Component Physical Designator: Old Designator=R128 New Designator=R128
Reset Component Physical Designator: Old Designator=S1 New Designator=S1
Reset Component Physical Designator: Old Designator=S2 New Designator=S2
Reset Component Physical Designator: Old Designator=TP1 New Designator=TP1
Reset Component Physical Designator: Old Designator=TP2 New Designator=TP2
Reset Component Physical Designator: Old Designator=TP3 New Designator=TP3
Reset Component Physical Designator: Old Designator=TP4 New Designator=TP4
Reset Component Physical Designator: Old Designator=TP5 New Designator=TP5
Reset Component Physical Designator: Old Designator=TP6 New Designator=TP6
Reset Component Physical Designator: Old Designator=TP7 New Designator=TP7
Reset Component Physical Designator: Old Designator=TP8 New Designator=TP8
Reset Component Physical Designator: Old Designator=TP9 New Designator=TP9
Reset Component Physical Designator: Old Designator=TP10 New Designator=TP10
Reset Component Physical Designator: Old Designator=TP11 New Designator=TP11
Reset Component Physical Designator: Old Designator=TP12 New Designator=TP12
Reset Component Physical Designator: Old Designator=TP13 New Designator=TP13
Reset Component Physical Designator: Old Designator=TP14 New Designator=TP14
Reset Component Physical Designator: Old Designator=TP15 New Designator=TP15
Reset Component Physical Designator: Old Designator=TP16 New Designator=TP16
Reset Component Physical Designator: Old Designator=TP17 New Designator=TP17
Reset Component Physical Designator: Old Designator=TP18 New Designator=TP18
Reset Component Physical Designator: Old Designator=TP19 New Designator=TP19
Reset Component Physical Designator: Old Designator=TP20 New Designator=TP20
Reset Component Physical Designator: Old Designator=TP21 New Designator=TP21
Reset Component Physical Designator: Old Designator=TP22 New Designator=TP22
Reset Component Physical Designator: Old Designator=TP23 New Designator=TP23
Reset Component Physical Designator: Old Designator=TP24 New Designator=TP24
Reset Component Physical Designator: Old Designator=TP25 New Designator=TP25
Reset Component Physical Designator: Old Designator=TP26 New Designator=TP26
Reset Component Physical Designator: Old Designator=TP27 New Designator=TP27
Reset Component Physical Designator: Old Designator=TP28 New Designator=TP28
Reset Component Physical Designator: Old Designator=TP29 New Designator=TP29
Reset Component Physical Designator: Old Designator=TP30 New Designator=TP30
Reset Component Physical Designator: Old Designator=TP31 New Designator=TP31
Reset Component Physical Designator: Old Designator=TP32 New Designator=TP32
Reset Component Physical Designator: Old Designator=TP33 New Designator=TP33
Reset Component Physical Designator: Old Designator=TP34 New Designator=TP34
Reset Component Physical Designator: Old Designator=TP35 New Designator=TP35
Reset Component Physical Designator: Old Designator=TP36 New Designator=TP36
Reset Component Physical Designator: Old Designator=TP37 New Designator=TP37
Reset Component Physical Designator: Old Designator=TP38 New Designator=TP38
Reset Component Physical Designator: Old Designator=TP39 New Designator=TP39
Reset Component Physical Designator: Old Designator=TP40 New Designator=TP40
Reset Component Physical Designator: Old Designator=TP41 New Designator=TP41
Reset Component Physical Designator: Old Designator=TP42 New Designator=TP42
Reset Component Physical Designator: Old Designator=TP43 New Designator=TP43
Reset Component Physical Designator: Old Designator=TP44 New Designator=TP44
Reset Component Physical Designator: Old Designator=TP45 New Designator=TP45
Reset Component Physical Designator: Old Designator=TP46 New Designator=TP46
Reset Component Physical Designator: Old Designator=TP47 New Designator=TP47
Reset Component Physical Designator: Old Designator=TP48 New Designator=TP48
Reset Component Physical Designator: Old Designator=TP49 New Designator=TP49
Reset Component Physical Designator: Old Designator=TP50 New Designator=TP50
Reset Component Physical Designator: Old Designator=TP51 New Designator=TP51
Reset Component Physical Designator: Old Designator=TP52 New Designator=TP52
Reset Component Physical Designator: Old Designator=TP53 New Designator=TP53
Reset Component Physical Designator: Old Designator=TP54 New Designator=TP54
Reset Component Physical Designator: Old Designator=TP55 New Designator=TP55
Reset Component Physical Designator: Old Designator=TP56 New Designator=TP56
Reset Component Physical Designator: Old Designator=TP57 New Designator=TP57
Reset Component Physical Designator: Old Designator=TP58 New Designator=TP58
Reset Component Physical Designator: Old Designator=TP59 New Designator=TP59
Reset Component Physical Designator: Old Designator=TP60 New Designator=TP60
Reset Component Physical Designator: Old Designator=TP61 New Designator=TP61
Reset Component Physical Designator: Old Designator=TP62 New Designator=TP62
Reset Component Physical Designator: Old Designator=TP63 New Designator=TP63
Reset Component Physical Designator: Old Designator=TP64 New Designator=TP64
Reset Component Physical Designator: Old Designator=TP65 New Designator=TP65
Reset Component Physical Designator: Old Designator=TP66 New Designator=TP66
Reset Component Physical Designator: Old Designator=TP67 New Designator=TP67
Reset Component Physical Designator: Old Designator=TP68 New Designator=TP68
Reset Component Physical Designator: Old Designator=TP69 New Designator=TP69
Reset Component Physical Designator: Old Designator=TP70 New Designator=TP70
Reset Component Physical Designator: Old Designator=TP71 New Designator=TP71
Reset Component Physical Designator: Old Designator=TP72 New Designator=TP72
Reset Component Physical Designator: Old Designator=TP73 New Designator=TP73
Reset Component Physical Designator: Old Designator=TP74 New Designator=TP74
Reset Component Physical Designator: Old Designator=TP75 New Designator=TP75
Reset Component Physical Designator: Old Designator=TP76 New Designator=TP76
Reset Component Physical Designator: Old Designator=TP77 New Designator=TP77
Reset Component Physical Designator: Old Designator=TP78 New Designator=TP78
Reset Component Physical Designator: Old Designator=TP79 New Designator=TP79
Reset Component Physical Designator: Old Designator=TP80 New Designator=TP80
Reset Component Physical Designator: Old Designator=TP81 New Designator=TP81
Reset Component Physical Designator: Old Designator=TP82 New Designator=TP82
Reset Component Physical Designator: Old Designator=TP83 New Designator=TP83
Reset Component Physical Designator: Old Designator=TP84 New Designator=TP84
Reset Component Physical Designator: Old Designator=TP85 New Designator=TP85
Reset Component Physical Designator: Old Designator=TP86 New Designator=TP86
Reset Component Physical Designator: Old Designator=TP87 New Designator=TP87
Reset Component Physical Designator: Old Designator=TP88 New Designator=TP88
Reset Component Physical Designator: Old Designator=TP89 New Designator=TP89
Reset Component Physical Designator: Old Designator=TP90 New Designator=TP90
Reset Component Physical Designator: Old Designator=TP91 New Designator=TP91
Reset Component Physical Designator: Old Designator=TP92 New Designator=TP92
Reset Component Physical Designator: Old Designator=TP93 New Designator=TP93
Reset Component Physical Designator: Old Designator=TP94 New Designator=TP94
Reset Component Physical Designator: Old Designator=TP95 New Designator=TP95
Reset Component Physical Designator: Old Designator=TP96 New Designator=TP96
Reset Component Physical Designator: Old Designator=TP97 New Designator=TP97
Reset Component Physical Designator: Old Designator=TP98 New Designator=TP98
Reset Component Physical Designator: Old Designator=TP99 New Designator=TP99
Reset Component Physical Designator: Old Designator=TP100 New Designator=TP100
Reset Component Physical Designator: Old Designator=TP101 New Designator=TP101
Reset Component Physical Designator: Old Designator=TP102 New Designator=TP102
Reset Component Physical Designator: Old Designator=U1 New Designator=U1
Reset Component Physical Designator: Old Designator=U2 New Designator=U2
Reset Component Physical Designator: Old Designator=U2 New Designator=U2
Reset Component Physical Designator: Old Designator=U2 New Designator=U2
Reset Component Physical Designator: Old Designator=U3 New Designator=U3
Reset Component Physical Designator: Old Designator=U4 New Designator=U4
Reset Component Physical Designator: Old Designator=U5 New Designator=U5
Reset Component Physical Designator: Old Designator=U6 New Designator=U6
Reset Component Physical Designator: Old Designator=U7 New Designator=U7
Reset Component Physical Designator: Old Designator=U8 New Designator=U8
Reset Component Physical Designator: Old Designator=U9 New Designator=U9
Reset Component Physical Designator: Old Designator=U10 New Designator=U10
Reset Component Physical Designator: Old Designator=U11 New Designator=U11
Reset Component Physical Designator: Old Designator=U12 New Designator=U12
Reset Component Physical Designator: Old Designator=U13 New Designator=U13
Reset Component Physical Designator: Old Designator=U14 New Designator=U14
Reset Component Physical Designator: Old Designator=U15 New Designator=U15
Reset Component Physical Designator: Old Designator=U16 New Designator=U16
Reset Component Physical Designator: Old Designator=X1 New Designator=X1
