Removed Pin From Net: NetName=PB4_ECRSDV Pin=P5-1
Removed Pin From Net: NetName=PB3_ETX1 Pin=P5-2
Removed Pin From Net: NetName=PB5_ERX0 Pin=P5-3
Removed Pin From Net: NetName=PB2_ETX0 Pin=P5-4
Removed Pin From Net: NetName=PB6_ERX1 Pin=P5-5
Removed Pin From Net: NetName=PB1_ETXEN Pin=P5-6
Removed Pin From Net: NetName=PB7_ERXER Pin=P5-7
Removed Pin From Net: NetName=PB0_ETXCK Pin=P5-8
Removed Pin From Net: NetName=PB8_EMDC Pin=P5-9
Removed Pin From Net: NetName=NRST Pin=P5-10
Removed Pin From Net: NetName=GND Pin=P5-23
Removed Pin From Net: NetName=3.3VCC Pin=P5-24
Removed Pin From Net: NetName=THERM_AN2 Pin=U3-88
Removed Pin From Net: NetName=THERM_AN1 Pin=U3-89
Removed Pin From Net: NetName=THERM_AN4 Pin=U3-90
Removed Pin From Net: NetName=THERM_AN3 Pin=U3-91
Added Pin To Net: NetName=3.3VCC Pin=P5-1
Added Pin To Net: NetName=GND Pin=P5-2
Added Pin To Net: NetName=NRST Pin=P5-15
Added Pin To Net: NetName=PB8_EMDC Pin=P5-16
Added Pin To Net: NetName=PB0_ETXCK Pin=P5-17
Added Pin To Net: NetName=PB7_ERXER Pin=P5-18
Added Pin To Net: NetName=PB1_ETXEN Pin=P5-19
Added Pin To Net: NetName=PB6_ERX1 Pin=P5-20
Added Pin To Net: NetName=PB2_ETX0 Pin=P5-21
Added Pin To Net: NetName=PB5_ERX0 Pin=P5-22
Added Pin To Net: NetName=PB3_ETX1 Pin=P5-23
Added Pin To Net: NetName=PB4_ECRSDV Pin=P5-24
Added Pin To Net: NetName=THERM_AN4 Pin=U3-88
Added Pin To Net: NetName=THERM_AN3 Pin=U3-89
Added Pin To Net: NetName=THERM_AN2 Pin=U3-90
Added Pin To Net: NetName=THERM_AN1 Pin=U3-91
Added Member To Class: ClassName=U_MOSFETs and Driver Member=Component R21 100K
Added Member To Class: ClassName=ATSAM3X8E Main Controller - TR R1.1 Member=Component R71 100K
