Change Component Footprint: Designator=R4_M1 Old Footprint=R0402 New Footprint=R1206
Change Component Footprint: Designator=R4_M2 Old Footprint=R0402 New Footprint=R1206
Change Component Footprint: Designator=R4_M3 Old Footprint=R0402 New Footprint=R1206
Change Component Footprint: Designator=R4_M4 Old Footprint=R0402 New Footprint=R1206
Change Component Footprint: Designator=R44_M1 Old Footprint=R0402 New Footprint=R1206
Change Component Footprint: Designator=R44_M2 Old Footprint=R0402 New Footprint=R1206
Change Component Footprint: Designator=R44_M3 Old Footprint=R0402 New Footprint=R1206
Change Component Footprint: Designator=R44_M4 Old Footprint=R0402 New Footprint=R1206
Change Component Footprint: Designator=R48 Old Footprint=R0402 New Footprint=R1206
Change Component Footprint: Designator=R49 Old Footprint=R0402 New Footprint=R1206
Change Physical Footprint: Designator=C2_ES1 Old Footprint=C0402 New Footprint=C0402
Change Physical Footprint: Designator=C4 Old Footprint=C0805 New Footprint=C0805
Change Physical Footprint: Designator=C9 Old Footprint=C1206 New Footprint=C1206
Change Physical Footprint: Designator=C10 Old Footprint=C0805 New Footprint=C0805
Change Physical Footprint: Designator=C11 Old Footprint=C0402 New Footprint=C0402
Change Physical Footprint: Designator=C12_M1 Old Footprint=C0603 New Footprint=C0603
Change Physical Footprint: Designator=C12_M2 Old Footprint=C0603 New Footprint=C0603
Change Physical Footprint: Designator=C12_M3 Old Footprint=C0603 New Footprint=C0603
Change Physical Footprint: Designator=C12_M4 Old Footprint=C0603 New Footprint=C0603
Change Physical Footprint: Designator=C13 Old Footprint=C0603 New Footprint=C0603
Change Physical Footprint: Designator=C14_M1 Old Footprint=C0603 New Footprint=C0603
Change Physical Footprint: Designator=C14_M2 Old Footprint=C0603 New Footprint=C0603
Change Physical Footprint: Designator=C14_M3 Old Footprint=C0603 New Footprint=C0603
Change Physical Footprint: Designator=C14_M4 Old Footprint=C0603 New Footprint=C0603
Change Physical Footprint: Designator=C17 Old Footprint=C0603 New Footprint=C0603
Change Physical Footprint: Designator=C18 Old Footprint=C0402 New Footprint=C0402
Change Physical Footprint: Designator=C19 Old Footprint=C0402 New Footprint=C0402
Change Physical Footprint: Designator=C21 Old Footprint=C0805 New Footprint=C0805
Change Physical Footprint: Designator=C22 Old Footprint=C0402 New Footprint=C0402
Change Physical Footprint: Designator=C24 Old Footprint=C0402 New Footprint=C0402
Change Physical Footprint: Designator=C28 Old Footprint=C0402 New Footprint=C0402
Change Physical Footprint: Designator=C29 Old Footprint=C0603 New Footprint=C0603
Change Physical Footprint: Designator=C30_TR3 Old Footprint=C0402 New Footprint=C0402
Change Physical Footprint: Designator=C30_TR4 Old Footprint=C0402 New Footprint=C0402
Change Physical Footprint: Designator=C31 Old Footprint=C0603 New Footprint=C0603
Change Physical Footprint: Designator=C35 Old Footprint=C0402 New Footprint=C0402
Change Physical Footprint: Designator=C36 Old Footprint=C0603 New Footprint=C0603
Change Physical Footprint: Designator=C40 Old Footprint=C0603 New Footprint=C0603
Change Physical Footprint: Designator=C43 Old Footprint=C0402 New Footprint=C0402
Change Physical Footprint: Designator=C44 Old Footprint=C0402 New Footprint=C0402
Change Physical Footprint: Designator=C60 Old Footprint=C0603 New Footprint=C0603
Change Physical Footprint: Designator=C63 Old Footprint=C0402 New Footprint=C0402
Change Physical Footprint: Designator=C64 Old Footprint=C0603 New Footprint=C0603
Change Physical Footprint: Designator=C66_M1 Old Footprint=C0402 New Footprint=C0402
Change Physical Footprint: Designator=C66_M2 Old Footprint=C0402 New Footprint=C0402
Change Physical Footprint: Designator=C66_M3 Old Footprint=C0402 New Footprint=C0402
Change Physical Footprint: Designator=C66_M4 Old Footprint=C0402 New Footprint=C0402
Change Physical Footprint: Designator=C69 Old Footprint=C0603 New Footprint=C0603
Change Physical Footprint: Designator=C70 Old Footprint=C0402 New Footprint=C0402
Change Physical Footprint: Designator=C73 Old Footprint=C0402 New Footprint=C0402
Change Physical Footprint: Designator=C74 Old Footprint=C0402 New Footprint=C0402
Change Physical Footprint: Designator=C76 Old Footprint=C0805 New Footprint=C0805
Change Physical Footprint: Designator=C78 Old Footprint=C0603 New Footprint=C0603
Change Physical Footprint: Designator=C79 Old Footprint=C0603 New Footprint=C0603
Change Physical Footprint: Designator=C81 Old Footprint=C0603 New Footprint=C0603
Change Physical Footprint: Designator=C82 Old Footprint=C0603 New Footprint=C0603
Change Physical Footprint: Designator=C83 Old Footprint=C0603 New Footprint=C0603
Change Physical Footprint: Designator=D2 Old Footprint=SMA-SM New Footprint=SMA-SM
Change Physical Footprint: Designator=D21_M4 Old Footprint=SMA-SM New Footprint=SMA-SM
Change Physical Footprint: Designator=Q4 Old Footprint=SOT669 New Footprint=SOT669
Change Physical Footprint: Designator=Q5 Old Footprint=SOT669 New Footprint=SOT669
Change Physical Footprint: Designator=Q6 Old Footprint=SOT669 New Footprint=SOT669
Change Physical Footprint: Designator=Q7 Old Footprint=SOT669 New Footprint=SOT669
Change Physical Footprint: Designator=R1 Old Footprint=R0603 New Footprint=R0603
Change Physical Footprint: Designator=R5 Old Footprint=R0402 New Footprint=R0402
Change Physical Footprint: Designator=R6 Old Footprint=R0402 New Footprint=R0402
Change Physical Footprint: Designator=R7 Old Footprint=R0603 New Footprint=R0603
Change Physical Footprint: Designator=R8_M1 Old Footprint=R0402 New Footprint=R0402
Change Physical Footprint: Designator=R8_M2 Old Footprint=R0402 New Footprint=R0402
Change Physical Footprint: Designator=R8_M3 Old Footprint=R0402 New Footprint=R0402
Change Physical Footprint: Designator=R8_M4 Old Footprint=R0402 New Footprint=R0402
Change Physical Footprint: Designator=R10 Old Footprint=R0603 New Footprint=R0603
Change Physical Footprint: Designator=R11 Old Footprint=R0603 New Footprint=R0603
Change Physical Footprint: Designator=R12 Old Footprint=R0603 New Footprint=R0603
Change Physical Footprint: Designator=R13 Old Footprint=R0603 New Footprint=R0603
Change Physical Footprint: Designator=R14_TR1 Old Footprint=R0603 New Footprint=R0603
Change Physical Footprint: Designator=R14_TR2 Old Footprint=R0603 New Footprint=R0603
Change Physical Footprint: Designator=R14_TR3 Old Footprint=R0603 New Footprint=R0603
Change Physical Footprint: Designator=R14_TR4 Old Footprint=R0603 New Footprint=R0603
Change Physical Footprint: Designator=R15 Old Footprint=R0603 New Footprint=R0603
Change Physical Footprint: Designator=R16 Old Footprint=R0603 New Footprint=R0603
Change Physical Footprint: Designator=R17 Old Footprint=R0402 New Footprint=R0402
Change Physical Footprint: Designator=R18 Old Footprint=R0603 New Footprint=R0603
Change Physical Footprint: Designator=R19_TR1 Old Footprint=R0603 New Footprint=R0603
Change Physical Footprint: Designator=R19_TR2 Old Footprint=R0603 New Footprint=R0603
Change Physical Footprint: Designator=R19_TR3 Old Footprint=R0603 New Footprint=R0603
Change Physical Footprint: Designator=R19_TR4 Old Footprint=R0603 New Footprint=R0603
Change Physical Footprint: Designator=R20 Old Footprint=R0603 New Footprint=R0603
Change Physical Footprint: Designator=R21 Old Footprint=R0603 New Footprint=R0603
Change Physical Footprint: Designator=R22 Old Footprint=R0402 New Footprint=R0402
Change Physical Footprint: Designator=R23 Old Footprint=R0402 New Footprint=R0402
Change Physical Footprint: Designator=R27 Old Footprint=R0402 New Footprint=R0402
Change Physical Footprint: Designator=R28 Old Footprint=R0603 New Footprint=R0603
Change Physical Footprint: Designator=R29 Old Footprint=R0603 New Footprint=R0603
Change Physical Footprint: Designator=R31_M1 Old Footprint=R0402 New Footprint=R0402
Change Physical Footprint: Designator=R31_M2 Old Footprint=R0402 New Footprint=R0402
Change Physical Footprint: Designator=R31_M3 Old Footprint=R0402 New Footprint=R0402
Change Physical Footprint: Designator=R31_M4 Old Footprint=R0402 New Footprint=R0402
Change Physical Footprint: Designator=R34 Old Footprint=R0603 New Footprint=R0603
Change Physical Footprint: Designator=R35 Old Footprint=R0603 New Footprint=R0603
Change Physical Footprint: Designator=R37 Old Footprint=R0402 New Footprint=R0402
Change Physical Footprint: Designator=R40 Old Footprint=R0603 New Footprint=R0603
Change Physical Footprint: Designator=R41 Old Footprint=R0402 New Footprint=R0402
Change Physical Footprint: Designator=R42 Old Footprint=R0603 New Footprint=R0603
Change Physical Footprint: Designator=R43 Old Footprint=R0603 New Footprint=R0603
Change Physical Footprint: Designator=R46 Old Footprint=R0402 New Footprint=R0402
Change Physical Footprint: Designator=R47 Old Footprint=R0603 New Footprint=R0603
Change Physical Footprint: Designator=R55 Old Footprint=R0402 New Footprint=R0402
Change Physical Footprint: Designator=R59 Old Footprint=R0402 New Footprint=R0402
Change Physical Footprint: Designator=R63 Old Footprint=R0402 New Footprint=R0402
Change Physical Footprint: Designator=R67 Old Footprint=R0402 New Footprint=R0402
Change Physical Footprint: Designator=R71 Old Footprint=R0402 New Footprint=R0402
