Removed Pin From Net: NetName=NetP2_TR1_1 Pin=P2_TR1-1
Removed Pin From Net: NetName=GND Pin=P2_TR1-2
Removed Pin From Net: NetName=NetP2_TR2_1 Pin=P2_TR2-1
Removed Pin From Net: NetName=GND Pin=P2_TR2-2
Removed Pin From Net: NetName=NetP2_TR3_1 Pin=P2_TR3-1
Removed Pin From Net: NetName=GND Pin=P2_TR3-2
Removed Pin From Net: NetName=NetP2_TR4_1 Pin=P2_TR4-1
Removed Pin From Net: NetName=GND Pin=P2_TR4-2
Change Component DesignItemId : Designator=P2_TR1 Old DesignItemId=Molex 70543-02 New DesignItemId=C-GRID-02-70543
Change Component DesignItemId : Designator=P2_TR2 Old DesignItemId=Molex 70543-02 New DesignItemId=C-GRID-02-70543
Change Component DesignItemId : Designator=P2_TR3 Old DesignItemId=Molex 70543-02 New DesignItemId=C-GRID-02-70543
Change Component DesignItemId : Designator=P2_TR4 Old DesignItemId=Molex 70543-02 New DesignItemId=C-GRID-02-70543
Change Component Comment : Designator=P2_TR1 Old Comment=Molex 70543-02 New Comment=C-GRID-02-70543
Change Component Comment : Designator=P2_TR2 Old Comment=Molex 70543-02 New Comment=C-GRID-02-70543
Change Component Comment : Designator=P2_TR3 Old Comment=Molex 70543-02 New Comment=C-GRID-02-70543
Change Component Comment : Designator=P2_TR4 Old Comment=Molex 70543-02 New Comment=C-GRID-02-70543
Change Component Description : Designator=P2_TR1 Old Description=Molex 70543-02 New Description=Connector 2pos
Change Component Description : Designator=P2_TR2 Old Description=Molex 70543-02 New Description=Connector 2pos
Change Component Description : Designator=P2_TR3 Old Description=Molex 70543-02 New Description=Connector 2pos
Change Component Description : Designator=P2_TR4 Old Description=Molex 70543-02 New Description=Connector 2pos
Change Component Library : Designator=P2_TR1 Old Library=ZMBo Schematic Library.SchLib New Library=3Delight.SCHLIB
Change Component Library : Designator=P2_TR2 Old Library=ZMBo Schematic Library.SchLib New Library=3Delight.SCHLIB
Change Component Library : Designator=P2_TR3 Old Library=ZMBo Schematic Library.SchLib New Library=3Delight.SCHLIB
Change Component Library : Designator=P2_TR4 Old Library=ZMBo Schematic Library.SchLib New Library=3Delight.SCHLIB
Added Pin To Net: NetName=GND Pin=P2_TR1-1
Added Pin To Net: NetName=NetP2_TR1_1 Pin=P2_TR1-2
Added Pin To Net: NetName=GND Pin=P2_TR2-1
Added Pin To Net: NetName=NetP2_TR2_1 Pin=P2_TR2-2
Added Pin To Net: NetName=GND Pin=P2_TR3-1
Added Pin To Net: NetName=NetP2_TR3_1 Pin=P2_TR3-2
Added Pin To Net: NetName=GND Pin=P2_TR4-1
Added Pin To Net: NetName=NetP2_TR4_1 Pin=P2_TR4-2
Change Net Name : Old Net Name=NetP2_TR1_1 New Net Name=NetP2_TR1_2
Change Net Name : Old Net Name=NetP2_TR2_1 New Net Name=NetP2_TR2_2
Change Net Name : Old Net Name=NetP2_TR3_1 New Net Name=NetP2_TR3_2
Change Net Name : Old Net Name=NetP2_TR4_1 New Net Name=NetP2_TR4_2
