Change Component Physical Designator: Old Designator=C1 New Designator=C81
Change Component Physical Designator: Old Designator=C2 New Designator=C59
Change Component Physical Designator: Old Designator=C3 New Designator=C64
Change Component Physical Designator: Old Designator=C4 New Designator=C54
Change Component Physical Designator: Old Designator=C5A New Designator=C62
Change Component Physical Designator: Old Designator=C5B New Designator=C65
Change Component Physical Designator: Old Designator=C5C New Designator=C70
Change Component Physical Designator: Old Designator=C6A New Designator=C61
Change Component Physical Designator: Old Designator=C6B New Designator=C63
Change Component Physical Designator: Old Designator=C6C New Designator=C69
Change Component Physical Designator: Old Designator=C7A New Designator=C95
Change Component Physical Designator: Old Designator=C7B New Designator=C97
Change Component Physical Designator: Old Designator=C7C New Designator=C121
Change Component Physical Designator: Old Designator=C7D New Designator=C123
Change Component Physical Designator: Old Designator=C8A New Designator=C96
Change Component Physical Designator: Old Designator=C8B New Designator=C122
Change Component Physical Designator: Old Designator=C8C New Designator=C116
Change Component Physical Designator: Old Designator=C8D New Designator=C124
Change Component Physical Designator: Old Designator=C9A New Designator=C93
Change Component Physical Designator: Old Designator=C9B New Designator=C107
Change Component Physical Designator: Old Designator=C9C New Designator=C114
Change Component Physical Designator: Old Designator=C9D New Designator=C119
Change Component Physical Designator: Old Designator=C10A New Designator=C94
Change Component Physical Designator: Old Designator=C10B New Designator=C105
Change Component Physical Designator: Old Designator=C10C New Designator=C99
Change Component Physical Designator: Old Designator=C10D New Designator=C100
Change Component Physical Designator: Old Designator=C11A New Designator=C82
Change Component Physical Designator: Old Designator=C11B New Designator=C84
Change Component Physical Designator: Old Designator=C11C New Designator=C88
Change Component Physical Designator: Old Designator=C11D New Designator=C90
Change Component Physical Designator: Old Designator=C12A New Designator=C125
Change Component Physical Designator: Old Designator=C12B New Designator=C129
Change Component Physical Designator: Old Designator=C12C New Designator=C137
Change Component Physical Designator: Old Designator=C12D New Designator=C141
Change Component Physical Designator: Old Designator=C13A New Designator=C126
Change Component Physical Designator: Old Designator=C13B New Designator=C130
Change Component Physical Designator: Old Designator=C13C New Designator=C138
Change Component Physical Designator: Old Designator=C13D New Designator=C142
Change Component Physical Designator: Old Designator=C14A New Designator=C127
Change Component Physical Designator: Old Designator=C14B New Designator=C133
Change Component Physical Designator: Old Designator=C14C New Designator=C139
Change Component Physical Designator: Old Designator=C14D New Designator=C143
Change Component Physical Designator: Old Designator=C15A New Designator=C128
Change Component Physical Designator: Old Designator=C15B New Designator=C134
Change Component Physical Designator: Old Designator=C15C New Designator=C140
Change Component Physical Designator: Old Designator=C15D New Designator=C144
Change Component Physical Designator: Old Designator=C16A New Designator=C83
Change Component Physical Designator: Old Designator=C16B New Designator=C85
Change Component Physical Designator: Old Designator=C16C New Designator=C89
Change Component Physical Designator: Old Designator=C16D New Designator=C91
Change Component Physical Designator: Old Designator=C17A New Designator=C103
Change Component Physical Designator: Old Designator=C17B New Designator=C106
Change Component Physical Designator: Old Designator=C17C New Designator=C113
Change Component Physical Designator: Old Designator=C17D New Designator=C118
Change Component Physical Designator: Old Designator=C18A New Designator=C104
Change Component Physical Designator: Old Designator=C18B New Designator=C108
Change Component Physical Designator: Old Designator=C18C New Designator=C115
Change Component Physical Designator: Old Designator=C18D New Designator=C120
Change Component Physical Designator: Old Designator=C19 New Designator=C15
Change Component Physical Designator: Old Designator=C20 New Designator=C21
Change Component Physical Designator: Old Designator=C21 New Designator=C7
Change Component Physical Designator: Old Designator=C22 New Designator=C18
Change Component Physical Designator: Old Designator=C23 New Designator=C19
Change Component Physical Designator: Old Designator=C24 New Designator=C8
Change Component Physical Designator: Old Designator=C25 New Designator=C20
Change Component Physical Designator: Old Designator=C26 New Designator=C9
Change Component Physical Designator: Old Designator=C27 New Designator=C22
Change Component Physical Designator: Old Designator=C28 New Designator=C10
Change Component Physical Designator: Old Designator=C29 New Designator=C26
Change Component Physical Designator: Old Designator=C30 New Designator=C11
Change Component Physical Designator: Old Designator=C31 New Designator=C117
Change Component Physical Designator: Old Designator=C32 New Designator=C112
Change Component Physical Designator: Old Designator=C33 New Designator=C110
Change Component Physical Designator: Old Designator=C34 New Designator=C98
Change Component Physical Designator: Old Designator=C35 New Designator=C86
Change Component Physical Designator: Old Designator=C36 New Designator=C132
Change Component Physical Designator: Old Designator=C37 New Designator=C131
Change Component Physical Designator: Old Designator=C38 New Designator=C136
Change Component Physical Designator: Old Designator=C39 New Designator=C135
Change Component Physical Designator: Old Designator=C40 New Designator=C87
Change Component Physical Designator: Old Designator=C41 New Designator=C109
Change Component Physical Designator: Old Designator=C42 New Designator=C111
Change Component Physical Designator: Old Designator=C43 New Designator=C56
Change Component Physical Designator: Old Designator=C44 New Designator=C55
Change Component Physical Designator: Old Designator=C45 New Designator=C1
Change Component Physical Designator: Old Designator=C46 New Designator=C17
Change Component Physical Designator: Old Designator=C47 New Designator=C16
Change Component Physical Designator: Old Designator=C48 New Designator=C13
Change Component Physical Designator: Old Designator=C49 New Designator=C47
Change Component Physical Designator: Old Designator=C50 New Designator=C39
Change Component Physical Designator: Old Designator=C51 New Designator=C71
Change Component Physical Designator: Old Designator=C52 New Designator=C72
Change Component Physical Designator: Old Designator=C53 New Designator=C25
Change Component Physical Designator: Old Designator=C54 New Designator=C41
Change Component Physical Designator: Old Designator=C55 New Designator=C42
Change Component Physical Designator: Old Designator=C56 New Designator=C43
Change Component Physical Designator: Old Designator=C57 New Designator=C53
Change Component Physical Designator: Old Designator=C58 New Designator=C57
Change Component Physical Designator: Old Designator=C59 New Designator=C45
Change Component Physical Designator: Old Designator=C60 New Designator=C68
Change Component Physical Designator: Old Designator=C61 New Designator=C75
Change Component Physical Designator: Old Designator=C62 New Designator=C51
Change Component Physical Designator: Old Designator=C63 New Designator=C66
Change Component Physical Designator: Old Designator=C64 New Designator=C92
Change Component Physical Designator: Old Designator=C65 New Designator=C50
Change Component Physical Designator: Old Designator=C66 New Designator=C101
Change Component Physical Designator: Old Designator=C67 New Designator=C102
Change Component Physical Designator: Old Designator=C68 New Designator=C52
Change Component Physical Designator: Old Designator=C69 New Designator=C67
Change Component Physical Designator: Old Designator=C70 New Designator=C46
Change Component Physical Designator: Old Designator=C71 New Designator=C58
Change Component Physical Designator: Old Designator=C72 New Designator=C76
Change Component Physical Designator: Old Designator=C73 New Designator=C30
Change Component Physical Designator: Old Designator=C74 New Designator=C40
Change Component Physical Designator: Old Designator=C75 New Designator=C36
Change Component Physical Designator: Old Designator=C76 New Designator=C24
Change Component Physical Designator: Old Designator=C77 New Designator=C2
Change Component Physical Designator: Old Designator=C78 New Designator=C5
Change Component Physical Designator: Old Designator=C79 New Designator=C6
Change Component Physical Designator: Old Designator=C80 New Designator=C3
Change Component Physical Designator: Old Designator=C81 New Designator=C4
Change Component Physical Designator: Old Designator=C82 New Designator=C12
Change Component Physical Designator: Old Designator=C83 New Designator=C60
Change Component Physical Designator: Old Designator=C84 New Designator=C14
Change Component Physical Designator: Old Designator=C85A New Designator=C77
Change Component Physical Designator: Old Designator=C85B New Designator=C78
Change Component Physical Designator: Old Designator=C85C New Designator=C79
Change Component Physical Designator: Old Designator=C85D New Designator=C80
Change Component Physical Designator: Old Designator=C86 New Designator=C35
Change Component Physical Designator: Old Designator=C87 New Designator=C38
Change Component Physical Designator: Old Designator=C88 New Designator=C37
Change Component Physical Designator: Old Designator=C89 New Designator=C49
Change Component Physical Designator: Old Designator=C90 New Designator=C73
Change Component Physical Designator: Old Designator=C91 New Designator=C74
Change Component Physical Designator: Old Designator=C92 New Designator=C34
Change Component Physical Designator: Old Designator=C93 New Designator=C27
Change Component Physical Designator: Old Designator=C94 New Designator=C29
Change Component Physical Designator: Old Designator=C95 New Designator=C32
Change Component Physical Designator: Old Designator=C96 New Designator=C31
Change Component Physical Designator: Old Designator=C97 New Designator=C28
Change Component Physical Designator: Old Designator=C98 New Designator=C23
Change Component Physical Designator: Old Designator=C99 New Designator=C44
Change Component Physical Designator: Old Designator=C100 New Designator=C33
Change Component Physical Designator: Old Designator=C101 New Designator=C48
Change Component Physical Designator: Old Designator=D1 New Designator=D24
Change Component Physical Designator: Old Designator=D2 New Designator=D25
Change Component Physical Designator: Old Designator=D3A New Designator=D29
Change Component Physical Designator: Old Designator=D3B New Designator=D31
Change Component Physical Designator: Old Designator=D3C New Designator=D33
Change Component Physical Designator: Old Designator=D4A New Designator=D28
Change Component Physical Designator: Old Designator=D4B New Designator=D30
Change Component Physical Designator: Old Designator=D4C New Designator=D32
Change Component Physical Designator: Old Designator=D5A New Designator=D44
Change Component Physical Designator: Old Designator=D5B New Designator=D53
Change Component Physical Designator: Old Designator=D5C New Designator=D49
Change Component Physical Designator: Old Designator=D5D New Designator=D51
Change Component Physical Designator: Old Designator=D6A New Designator=D54
Change Component Physical Designator: Old Designator=D6B New Designator=D56
Change Component Physical Designator: Old Designator=D6C New Designator=D60
Change Component Physical Designator: Old Designator=D6D New Designator=D62
Change Component Physical Designator: Old Designator=D7A New Designator=D45
Change Component Physical Designator: Old Designator=D7B New Designator=D46
Change Component Physical Designator: Old Designator=D7C New Designator=D50
Change Component Physical Designator: Old Designator=D7D New Designator=D52
Change Component Physical Designator: Old Designator=D8A New Designator=D55
Change Component Physical Designator: Old Designator=D8B New Designator=D57
Change Component Physical Designator: Old Designator=D8C New Designator=D61
Change Component Physical Designator: Old Designator=D8D New Designator=D63
Change Component Physical Designator: Old Designator=D9 New Designator=D20
Change Component Physical Designator: Old Designator=D10 New Designator=D2
Change Component Physical Designator: Old Designator=D11 New Designator=D21
Change Component Physical Designator: Old Designator=D12 New Designator=D4
Change Component Physical Designator: Old Designator=D13 New Designator=D18
Change Component Physical Designator: Old Designator=D14 New Designator=D3
Change Component Physical Designator: Old Designator=D15 New Designator=D6
Change Component Physical Designator: Old Designator=D16 New Designator=D7
Change Component Physical Designator: Old Designator=D17 New Designator=D5
Change Component Physical Designator: Old Designator=D18 New Designator=D9
Change Component Physical Designator: Old Designator=D19 New Designator=D10
Change Component Physical Designator: Old Designator=D20 New Designator=D8
Change Component Physical Designator: Old Designator=D21 New Designator=D12
Change Component Physical Designator: Old Designator=D22 New Designator=D13
Change Component Physical Designator: Old Designator=D23 New Designator=D11
Change Component Physical Designator: Old Designator=D24 New Designator=D15
Change Component Physical Designator: Old Designator=D25 New Designator=D19
Change Component Physical Designator: Old Designator=D26 New Designator=D14
Change Component Physical Designator: Old Designator=D27 New Designator=D47
Change Component Physical Designator: Old Designator=D28 New Designator=D58
Change Component Physical Designator: Old Designator=D29 New Designator=D48
Change Component Physical Designator: Old Designator=D30 New Designator=D59
Change Component Physical Designator: Old Designator=D31 New Designator=D1
Change Component Physical Designator: Old Designator=D32 New Designator=D22
Change Component Physical Designator: Old Designator=D33 New Designator=D43
Change Component Physical Designator: Old Designator=D34 New Designator=D16
Change Component Physical Designator: Old Designator=D35 New Designator=D42
Change Component Physical Designator: Old Designator=D36 New Designator=D17
Change Component Physical Designator: Old Designator=D37A New Designator=D34
Change Component Physical Designator: Old Designator=D37B New Designator=D37
Change Component Physical Designator: Old Designator=D37C New Designator=D38
Change Component Physical Designator: Old Designator=D37D New Designator=D40
Change Component Physical Designator: Old Designator=D38A New Designator=D35
Change Component Physical Designator: Old Designator=D38B New Designator=D36
Change Component Physical Designator: Old Designator=D38C New Designator=D39
Change Component Physical Designator: Old Designator=D38D New Designator=D41
Change Component Physical Designator: Old Designator=D39 New Designator=D27
Change Component Physical Designator: Old Designator=D40 New Designator=D26
Change Component Physical Designator: Old Designator=D41 New Designator=D23
Change Component Physical Designator: Old Designator=FD1 New Designator=FD3
Change Component Physical Designator: Old Designator=FD3 New Designator=FD1
Change Component Physical Designator: Old Designator=H1 New Designator=H7
Change Component Physical Designator: Old Designator=H2 New Designator=H6
Change Component Physical Designator: Old Designator=H3 New Designator=H1
Change Component Physical Designator: Old Designator=H4 New Designator=H2
Change Component Physical Designator: Old Designator=H6 New Designator=H3
Change Component Physical Designator: Old Designator=H7 New Designator=H4
Change Component Physical Designator: Old Designator=J1 New Designator=J14
Change Component Physical Designator: Old Designator=J2 New Designator=J13
Change Component Physical Designator: Old Designator=J3 New Designator=J12
Change Component Physical Designator: Old Designator=J4 New Designator=J19
Change Component Physical Designator: Old Designator=J5 New Designator=J20
Change Component Physical Designator: Old Designator=J6 New Designator=J4
Change Component Physical Designator: Old Designator=J7A New Designator=J6
Change Component Physical Designator: Old Designator=J7B New Designator=J7
Change Component Physical Designator: Old Designator=J7C New Designator=J8
Change Component Physical Designator: Old Designator=J8A New Designator=J9
Change Component Physical Designator: Old Designator=J8B New Designator=J10
Change Component Physical Designator: Old Designator=J8C New Designator=J11
Change Component Physical Designator: Old Designator=J9A New Designator=J22
Change Component Physical Designator: Old Designator=J9B New Designator=J23
Change Component Physical Designator: Old Designator=J9C New Designator=J26
Change Component Physical Designator: Old Designator=J9D New Designator=J27
Change Component Physical Designator: Old Designator=J10 New Designator=J2
Change Component Physical Designator: Old Designator=J11 New Designator=J1
Change Component Physical Designator: Old Designator=J12 New Designator=J25
Change Component Physical Designator: Old Designator=J13 New Designator=J24
Change Component Physical Designator: Old Designator=J14A New Designator=J15
Change Component Physical Designator: Old Designator=J14B New Designator=J16
Change Component Physical Designator: Old Designator=J14C New Designator=J17
Change Component Physical Designator: Old Designator=J14D New Designator=J18
Change Component Physical Designator: Old Designator=J15 New Designator=J5
Change Component Physical Designator: Old Designator=J16 New Designator=J3
Change Component Physical Designator: Old Designator=J17 New Designator=J21
Change Component Physical Designator: Old Designator=L1 New Designator=L4
Change Component Physical Designator: Old Designator=L2 New Designator=L7
Change Component Physical Designator: Old Designator=L3 New Designator=L6
Change Component Physical Designator: Old Designator=L4 New Designator=L1
Change Component Physical Designator: Old Designator=L5 New Designator=L2
Change Component Physical Designator: Old Designator=L6 New Designator=L5
Change Component Physical Designator: Old Designator=L7 New Designator=L3
Change Component Physical Designator: Old Designator=R1 New Designator=R43
Change Component Physical Designator: Old Designator=R2 New Designator=R85
Change Component Physical Designator: Old Designator=R3 New Designator=R51
Change Component Physical Designator: Old Designator=R4 New Designator=R80
Change Component Physical Designator: Old Designator=R5 New Designator=R73
Change Component Physical Designator: Old Designator=R6 New Designator=R65
Change Component Physical Designator: Old Designator=R7 New Designator=R55
Change Component Physical Designator: Old Designator=R8 New Designator=R81
Change Component Physical Designator: Old Designator=R9 New Designator=R66
Change Component Physical Designator: Old Designator=R10 New Designator=R62
Change Component Physical Designator: Old Designator=R11 New Designator=R64
Change Component Physical Designator: Old Designator=R12 New Designator=R72
Change Component Physical Designator: Old Designator=R13 New Designator=R36
Change Component Physical Designator: Old Designator=R14 New Designator=R71
Change Component Physical Designator: Old Designator=R15 New Designator=R48
Change Component Physical Designator: Old Designator=R16 New Designator=R37
Change Component Physical Designator: Old Designator=R17 New Designator=R39
Change Component Physical Designator: Old Designator=R18 New Designator=R40
Change Component Physical Designator: Old Designator=R19 New Designator=R33
Change Component Physical Designator: Old Designator=R20A New Designator=R56
Change Component Physical Designator: Old Designator=R20B New Designator=R67
Change Component Physical Designator: Old Designator=R20C New Designator=R69
Change Component Physical Designator: Old Designator=R21A New Designator=R59
Change Component Physical Designator: Old Designator=R21B New Designator=R61
Change Component Physical Designator: Old Designator=R21C New Designator=R70
Change Component Physical Designator: Old Designator=R22A New Designator=R53
Change Component Physical Designator: Old Designator=R22B New Designator=R58
Change Component Physical Designator: Old Designator=R22C New Designator=R68
Change Component Physical Designator: Old Designator=R23A New Designator=R57
Change Component Physical Designator: Old Designator=R23B New Designator=R60
Change Component Physical Designator: Old Designator=R23C New Designator=R63
Change Component Physical Designator: Old Designator=R24A New Designator=R99
Change Component Physical Designator: Old Designator=R24B New Designator=R116
Change Component Physical Designator: Old Designator=R24C New Designator=R105
Change Component Physical Designator: Old Designator=R24D New Designator=R122
Change Component Physical Designator: Old Designator=R25A New Designator=R98
Change Component Physical Designator: Old Designator=R25B New Designator=R110
Change Component Physical Designator: Old Designator=R25C New Designator=R112
Change Component Physical Designator: Old Designator=R25D New Designator=R106
Change Component Physical Designator: Old Designator=R26A New Designator=R111
Change Component Physical Designator: Old Designator=R26B New Designator=R115
Change Component Physical Designator: Old Designator=R26C New Designator=R104
Change Component Physical Designator: Old Designator=R26D New Designator=R124
Change Component Physical Designator: Old Designator=R27A New Designator=R97
Change Component Physical Designator: Old Designator=R27B New Designator=R100
Change Component Physical Designator: Old Designator=R27C New Designator=R103
Change Component Physical Designator: Old Designator=R27D New Designator=R121
Change Component Physical Designator: Old Designator=R28A New Designator=R109
Change Component Physical Designator: Old Designator=R28B New Designator=R114
Change Component Physical Designator: Old Designator=R28C New Designator=R120
Change Component Physical Designator: Old Designator=R28D New Designator=R126
Change Component Physical Designator: Old Designator=R29A New Designator=R108
Change Component Physical Designator: Old Designator=R29B New Designator=R113
Change Component Physical Designator: Old Designator=R29C New Designator=R119
Change Component Physical Designator: Old Designator=R29D New Designator=R123
Change Component Physical Designator: Old Designator=R30A New Designator=R87
Change Component Physical Designator: Old Designator=R30B New Designator=R89
Change Component Physical Designator: Old Designator=R30C New Designator=R93
Change Component Physical Designator: Old Designator=R30D New Designator=R95
Change Component Physical Designator: Old Designator=R31A New Designator=R86
Change Component Physical Designator: Old Designator=R31B New Designator=R88
Change Component Physical Designator: Old Designator=R31C New Designator=R92
Change Component Physical Designator: Old Designator=R31D New Designator=R94
Change Component Physical Designator: Old Designator=R32 New Designator=R13
Change Component Physical Designator: Old Designator=R33 New Designator=R16
Change Component Physical Designator: Old Designator=R34 New Designator=R15
Change Component Physical Designator: Old Designator=R35 New Designator=R27
Change Component Physical Designator: Old Designator=R36 New Designator=R4
Change Component Physical Designator: Old Designator=R37 New Designator=R17
Change Component Physical Designator: Old Designator=R38 New Designator=R18
Change Component Physical Designator: Old Designator=R39 New Designator=R19
Change Component Physical Designator: Old Designator=R40 New Designator=R5
Change Component Physical Designator: Old Designator=R41 New Designator=R21
Change Component Physical Designator: Old Designator=R42 New Designator=R20
Change Component Physical Designator: Old Designator=R43 New Designator=R22
Change Component Physical Designator: Old Designator=R44 New Designator=R6
Change Component Physical Designator: Old Designator=R45 New Designator=R24
Change Component Physical Designator: Old Designator=R46 New Designator=R23
Change Component Physical Designator: Old Designator=R47 New Designator=R28
Change Component Physical Designator: Old Designator=R48 New Designator=R7
Change Component Physical Designator: Old Designator=R49 New Designator=R29
Change Component Physical Designator: Old Designator=R50 New Designator=R25
Change Component Physical Designator: Old Designator=R51 New Designator=R26
Change Component Physical Designator: Old Designator=R52 New Designator=R31
Change Component Physical Designator: Old Designator=R53 New Designator=R8
Change Component Physical Designator: Old Designator=R54 New Designator=R30
Change Component Physical Designator: Old Designator=R55 New Designator=R34
Change Component Physical Designator: Old Designator=R56 New Designator=R107
Change Component Physical Designator: Old Designator=R57 New Designator=R102
Change Component Physical Designator: Old Designator=R58 New Designator=R118
Change Component Physical Designator: Old Designator=R59 New Designator=R101
Change Component Physical Designator: Old Designator=R60 New Designator=R125
Change Component Physical Designator: Old Designator=R61 New Designator=R117
Change Component Physical Designator: Old Designator=R62 New Designator=R91
Change Component Physical Designator: Old Designator=R63 New Designator=R90
Change Component Physical Designator: Old Designator=R64 New Designator=R35
Change Component Physical Designator: Old Designator=R65 New Designator=R1
Change Component Physical Designator: Old Designator=R66 New Designator=R3
Change Component Physical Designator: Old Designator=R67 New Designator=R11
Change Component Physical Designator: Old Designator=R68 New Designator=R9
Change Component Physical Designator: Old Designator=R69 New Designator=R10
Change Component Physical Designator: Old Designator=R70 New Designator=R84
Change Component Physical Designator: Old Designator=R71 New Designator=R14
Change Component Physical Designator: Old Designator=R72 New Designator=R54
Change Component Physical Designator: Old Designator=R73 New Designator=R12
Change Component Physical Designator: Old Designator=R74 New Designator=R127
Change Component Physical Designator: Old Designator=R75 New Designator=R96
Change Component Physical Designator: Old Designator=R76 New Designator=R128
Change Component Physical Designator: Old Designator=R77 New Designator=R2
Change Component Physical Designator: Old Designator=R78 New Designator=R32
Change Component Physical Designator: Old Designator=R79A New Designator=R75
Change Component Physical Designator: Old Designator=R79B New Designator=R77
Change Component Physical Designator: Old Designator=R79C New Designator=R82
Change Component Physical Designator: Old Designator=R79D New Designator=R83
Change Component Physical Designator: Old Designator=R80A New Designator=R74
Change Component Physical Designator: Old Designator=R80B New Designator=R76
Change Component Physical Designator: Old Designator=R80C New Designator=R78
Change Component Physical Designator: Old Designator=R80D New Designator=R79
Change Component Physical Designator: Old Designator=R81 New Designator=R38
Change Component Physical Designator: Old Designator=R82 New Designator=R44
Change Component Physical Designator: Old Designator=R83 New Designator=R52
Change Component Physical Designator: Old Designator=R84 New Designator=R47
Change Component Physical Designator: Old Designator=R85 New Designator=R50
Change Component Physical Designator: Old Designator=R86 New Designator=R45
Change Component Physical Designator: Old Designator=R87 New Designator=R42
Change Component Physical Designator: Old Designator=R88 New Designator=R46
Change Component Physical Designator: Old Designator=R89 New Designator=R49
Change Component Physical Designator: Old Designator=R90 New Designator=R41
Change Component Physical Designator: Old Designator=S1 New Designator=S2
Change Component Physical Designator: Old Designator=S2 New Designator=S1
Change Component Physical Designator: Old Designator=TP1 New Designator=TP77
Change Component Physical Designator: Old Designator=TP2 New Designator=TP75
Change Component Physical Designator: Old Designator=TP3 New Designator=TP73
Change Component Physical Designator: Old Designator=TP4 New Designator=TP72
Change Component Physical Designator: Old Designator=TP5 New Designator=TP76
Change Component Physical Designator: Old Designator=TP6 New Designator=TP51
Change Component Physical Designator: Old Designator=TP7 New Designator=TP48
Change Component Physical Designator: Old Designator=TP8 New Designator=TP49
Change Component Physical Designator: Old Designator=TP9 New Designator=TP50
Change Component Physical Designator: Old Designator=TP10 New Designator=TP52
Change Component Physical Designator: Old Designator=TP11A New Designator=TP64
Change Component Physical Designator: Old Designator=TP11B New Designator=TP62
Change Component Physical Designator: Old Designator=TP11C New Designator=TP60
Change Component Physical Designator: Old Designator=TP12A New Designator=TP65
Change Component Physical Designator: Old Designator=TP12B New Designator=TP63
Change Component Physical Designator: Old Designator=TP12C New Designator=TP61
Change Component Physical Designator: Old Designator=TP13A New Designator=TP82
Change Component Physical Designator: Old Designator=TP13B New Designator=TP81
Change Component Physical Designator: Old Designator=TP13C New Designator=TP79
Change Component Physical Designator: Old Designator=TP13D New Designator=TP78
Change Component Physical Designator: Old Designator=TP14A New Designator=TP31
Change Component Physical Designator: Old Designator=TP14B New Designator=TP32
Change Component Physical Designator: Old Designator=TP14C New Designator=TP34
Change Component Physical Designator: Old Designator=TP14D New Designator=TP35
Change Component Physical Designator: Old Designator=TP15A New Designator=TP1
Change Component Physical Designator: Old Designator=TP15B New Designator=TP8
Change Component Physical Designator: Old Designator=TP15C New Designator=TP23
Change Component Physical Designator: Old Designator=TP15D New Designator=TP29
Change Component Physical Designator: Old Designator=TP16A New Designator=TP100
Change Component Physical Designator: Old Designator=TP16B New Designator=TP96
Change Component Physical Designator: Old Designator=TP16C New Designator=TP88
Change Component Physical Designator: Old Designator=TP16D New Designator=TP84
Change Component Physical Designator: Old Designator=TP17A New Designator=TP101
Change Component Physical Designator: Old Designator=TP17B New Designator=TP97
Change Component Physical Designator: Old Designator=TP17C New Designator=TP89
Change Component Physical Designator: Old Designator=TP17D New Designator=TP85
Change Component Physical Designator: Old Designator=TP18A New Designator=TP99
Change Component Physical Designator: Old Designator=TP18B New Designator=TP95
Change Component Physical Designator: Old Designator=TP18C New Designator=TP87
Change Component Physical Designator: Old Designator=TP18D New Designator=TP83
Change Component Physical Designator: Old Designator=TP19A New Designator=TP102
Change Component Physical Designator: Old Designator=TP19B New Designator=TP98
Change Component Physical Designator: Old Designator=TP19C New Designator=TP90
Change Component Physical Designator: Old Designator=TP19D New Designator=TP86
Change Component Physical Designator: Old Designator=TP20A New Designator=TP4
Change Component Physical Designator: Old Designator=TP20B New Designator=TP7
Change Component Physical Designator: Old Designator=TP20C New Designator=TP21
Change Component Physical Designator: Old Designator=TP20D New Designator=TP27
Change Component Physical Designator: Old Designator=TP21A New Designator=TP6
Change Component Physical Designator: Old Designator=TP21B New Designator=TP9
Change Component Physical Designator: Old Designator=TP21C New Designator=TP22
Change Component Physical Designator: Old Designator=TP21D New Designator=TP28
Change Component Physical Designator: Old Designator=TP22A New Designator=TP5
Change Component Physical Designator: Old Designator=TP22B New Designator=TP10
Change Component Physical Designator: Old Designator=TP22C New Designator=TP24
Change Component Physical Designator: Old Designator=TP22D New Designator=TP30
Change Component Physical Designator: Old Designator=TP23A New Designator=TP3
Change Component Physical Designator: Old Designator=TP23B New Designator=TP11
Change Component Physical Designator: Old Designator=TP23C New Designator=TP25
Change Component Physical Designator: Old Designator=TP23D New Designator=TP16
Change Component Physical Designator: Old Designator=TP24A New Designator=TP2
Change Component Physical Designator: Old Designator=TP24B New Designator=TP12
Change Component Physical Designator: Old Designator=TP24C New Designator=TP26
Change Component Physical Designator: Old Designator=TP24D New Designator=TP17
Change Component Physical Designator: Old Designator=TP25 New Designator=TP44
Change Component Physical Designator: Old Designator=TP26 New Designator=TP43
Change Component Physical Designator: Old Designator=TP27 New Designator=TP40
Change Component Physical Designator: Old Designator=TP28 New Designator=TP39
Change Component Physical Designator: Old Designator=TP29 New Designator=TP38
Change Component Physical Designator: Old Designator=TP30 New Designator=TP37
Change Component Physical Designator: Old Designator=TP31 New Designator=TP80
Change Component Physical Designator: Old Designator=TP32 New Designator=TP92
Change Component Physical Designator: Old Designator=TP34 New Designator=TP20
Change Component Physical Designator: Old Designator=TP35 New Designator=TP94
Change Component Physical Designator: Old Designator=TP36 New Designator=TP15
Change Component Physical Designator: Old Designator=TP37 New Designator=TP14
Change Component Physical Designator: Old Designator=TP38 New Designator=TP13
Change Component Physical Designator: Old Designator=TP39 New Designator=TP19
Change Component Physical Designator: Old Designator=TP40 New Designator=TP18
Change Component Physical Designator: Old Designator=TP41 New Designator=TP91
Change Component Physical Designator: Old Designator=TP42 New Designator=TP93
Change Component Physical Designator: Old Designator=TP43 New Designator=TP41
Change Component Physical Designator: Old Designator=TP44 New Designator=TP42
Change Component Physical Designator: Old Designator=TP45 New Designator=TP46
Change Component Physical Designator: Old Designator=TP46 New Designator=TP45
Change Component Physical Designator: Old Designator=TP47 New Designator=TP53
Change Component Physical Designator: Old Designator=TP48 New Designator=TP74
Change Component Physical Designator: Old Designator=TP49 New Designator=TP36
Change Component Physical Designator: Old Designator=TP50 New Designator=TP47
Change Component Physical Designator: Old Designator=TP51 New Designator=TP69
Change Component Physical Designator: Old Designator=TP52 New Designator=TP66
Change Component Physical Designator: Old Designator=TP53A New Designator=TP71
Change Component Physical Designator: Old Designator=TP53B New Designator=TP70
Change Component Physical Designator: Old Designator=TP53C New Designator=TP68
Change Component Physical Designator: Old Designator=TP53D New Designator=TP67
Change Component Physical Designator: Old Designator=TP54 New Designator=TP55
Change Component Physical Designator: Old Designator=TP55 New Designator=TP56
Change Component Physical Designator: Old Designator=TP56 New Designator=TP58
Change Component Physical Designator: Old Designator=TP58 New Designator=TP59
Change Component Physical Designator: Old Designator=TP59 New Designator=TP54
Change Component Physical Designator: Old Designator=U1 New Designator=U10
Change Component Physical Designator: Old Designator=U2 New Designator=U11
Change Component Physical Designator: Old Designator=U3A New Designator=U12
Change Component Physical Designator: Old Designator=U3B New Designator=U13
Change Component Physical Designator: Old Designator=U3C New Designator=U15
Change Component Physical Designator: Old Designator=U3D New Designator=U16
Change Component Physical Designator: Old Designator=U4 New Designator=U2
Change Component Physical Designator: Old Designator=U5 New Designator=U3
Change Component Physical Designator: Old Designator=U6 New Designator=U4
Change Component Physical Designator: Old Designator=U7 New Designator=U5
Change Component Physical Designator: Old Designator=U8 New Designator=U6
Change Component Physical Designator: Old Designator=U9 New Designator=U7
Change Component Physical Designator: Old Designator=U10 New Designator=U14
Change Component Physical Designator: Old Designator=U11 New Designator=U9
Change Component Physical Designator: Old Designator=U12 New Designator=U1
Change Component Physical Designator: Old Designator=U13 New Designator=U8
