Removed Pin From Net: NetName=GND Pin=C63-1
Removed Pin From Net: NetName=RESET Pin=C63-2
Change Component DesignItemId : Designator=C63 Old DesignItemId=100nF C0402 - GRM155R71C104KA88D New DesignItemId=GRM155R71C104KA88D
Change Component DesignItemId : Designator=S1 Old DesignItemId=1571610-2_1 New DesignItemId=1571610-2
Change Component Comment : Designator=C63 Old Comment=0402 New Comment=100nF
Change Component Description : Designator=C63 Old Description=Capacitor (Semiconductor SIM Model) New Description=CAP CER 0402 100nF 16V 10% X7R
Change Component Library : Designator=C63 Old Library=Tigershark3D.SchLib New Library=3Delight.SCHLIB
Change Component Library : Designator=D8 Old Library=Tigershark3D.SchLib New Library=3Delight.SCHLIB
Change Component Library : Designator=D24 Old Library=Tigershark3D.SchLib New Library=3Delight.SCHLIB
Change Component Library : Designator=D29 Old Library=Tigershark3D.SchLib New Library=3Delight.SCHLIB
Change Component Library : Designator=R24 Old Library=Tigershark3D.SchLib New Library=3Delight.SCHLIB
Change Component Library : Designator=R25 Old Library=Tigershark3D.SchLib New Library=3Delight.SCHLIB
Change Component Library : Designator=R26 Old Library=Tigershark3D.SchLib New Library=3Delight.SCHLIB
Change Component Library : Designator=R28 Old Library=Tigershark3D.SchLib New Library=3Delight.SCHLIB
Change Component Library : Designator=R29 Old Library=Tigershark3D.SchLib New Library=3Delight.SCHLIB
Change Component Library : Designator=R34 Old Library=Tigershark3D.SchLib New Library=3Delight.SCHLIB
Change Component Library : Designator=R35 Old Library=Tigershark3D.SchLib New Library=3Delight.SCHLIB
Change Component Library : Designator=R40 Old Library=Tigershark3D.SchLib New Library=3Delight.SCHLIB
Change Component Library : Designator=R42 Old Library=Tigershark3D.SchLib New Library=3Delight.SCHLIB
Change Component Library : Designator=R43 Old Library=Tigershark3D.SchLib New Library=3Delight.SCHLIB
Change Component Library : Designator=FD1 Old Library=ZMBo Schematic Library.SchLib New Library=3Delight.SCHLIB
Change Component Library : Designator=FD2 Old Library=ZMBo Schematic Library.SchLib New Library=3Delight.SCHLIB
Change Component Library : Designator=FD3 Old Library=ZMBo Schematic Library.SchLib New Library=3Delight.SCHLIB
Change Component Library : Designator=S1 Old Library=ZMBo Schematic Library.SchLib New Library=3Delight.SCHLIB
Added Component: Designator=TP42(TP-2)
Added Pin To Net: NetName=RESET Pin=C63-1
Added Pin To Net: NetName=GND Pin=C63-2
Added Pin To Net: NetName=FN1 Pin=TP42-1
Added Member To Class: ClassName=U_MOSFETs and Driver Member=Component TP42 TP4
