Removed Pin From Net: NetName=3.3VCC Pin=P5-1
Removed Pin From Net: NetName=GND Pin=P5-2
Removed Pin From Net: NetName=PB9_EMDIO Pin=P5-14
Removed Pin From Net: NetName=NRST Pin=P5-15
Removed Pin From Net: NetName=PB8_EMDC Pin=P5-16
Removed Pin From Net: NetName=PB0_ETXCK Pin=P5-17
Removed Pin From Net: NetName=PB7_ERXER Pin=P5-18
Removed Pin From Net: NetName=PB1_ETXEN Pin=P5-19
Removed Pin From Net: NetName=PB6_ERX1 Pin=P5-20
Removed Pin From Net: NetName=PB2_ETX0 Pin=P5-21
Removed Pin From Net: NetName=PB5_ERX0 Pin=P5-22
Removed Pin From Net: NetName=PB3_ETX1 Pin=P5-23
Removed Pin From Net: NetName=PB4_ECRSDV Pin=P5-24
Removed Pin From Net: NetName=PA26_MOSI Pin=P6-1
Removed Pin From Net: NetName=PA27_SCLK Pin=P6-2
Removed Pin From Net: NetName=PA25_MISO Pin=P6-4
Removed Pin From Net: NetName=PA18_SCL Pin=P6-5
Removed Pin From Net: NetName=PA17_SDA Pin=P6-6
Removed Pin From Net: NetName=PA11_TXD0 Pin=P6-7
Removed Pin From Net: NetName=PA10_RXD0 Pin=P6-8
Removed Pin From Net: NetName=GND Pin=P6-9
Removed Pin From Net: NetName=3.3VCC Pin=P6-10
Added Pin To Net: NetName=PA27_SCLK Pin=P5-2
Added Pin To Net: NetName=PA26_MOSI Pin=P5-3
Added Pin To Net: NetName=PA25_MISO Pin=P5-4
Added Pin To Net: NetName=PB9_EMDIO Pin=P5-10
Added Pin To Net: NetName=NRST Pin=P5-11
Added Pin To Net: NetName=PB8_EMDC Pin=P5-12
Added Pin To Net: NetName=PB0_ETXCK Pin=P5-13
Added Pin To Net: NetName=PB7_ERXER Pin=P5-14
Added Pin To Net: NetName=PB1_ETXEN Pin=P5-15
Added Pin To Net: NetName=PB6_ERX1 Pin=P5-16
Added Pin To Net: NetName=PB2_ETX0 Pin=P5-17
Added Pin To Net: NetName=PB5_ERX0 Pin=P5-18
Added Pin To Net: NetName=PB3_ETX1 Pin=P5-19
Added Pin To Net: NetName=PB4_ECRSDV Pin=P5-20
Added Pin To Net: NetName=PA18_SCL Pin=P5-21
Added Pin To Net: NetName=PA17_SDA Pin=P5-22
Added Pin To Net: NetName=GND Pin=P5-23
Added Pin To Net: NetName=3.3VCC Pin=P5-24
Added Pin To Net: NetName=PB12_AD8 Pin=P5-7
Added Pin To Net: NetName=PB12_AD8 Pin=U3-86
Added Net: Name=PB12_AD8
Added Pin To Net: NetName=PB13_AD9 Pin=P5-5
Added Pin To Net: NetName=PB13_AD9 Pin=U3-87
Added Net: Name=PB13_AD9
Added Pin To Net: NetName=PB21_CS2 Pin=P5-1
Added Pin To Net: NetName=PB21_CS2 Pin=U3-92
Added Net: Name=PB21_CS2
