Removed Member From Class: ClassName=M2 Member=C6
Removed Member From Class: ClassName=M3 Member=C21
Removed Member From Class: ClassName=M4 Member=C33
Removed Member From Class: ClassName=TR3 Member=C51
Removed Member From Class: ClassName=TR1 Member=C57
Removed Member From Class: ClassName=U_MZ Member=C61
Removed Member From Class: ClassName=M3 Member=C64
Removed Member From Class: ClassName=TR2 Member=C69
Removed Member From Class: ClassName=M2 Member=C81
Removed Member From Class: ClassName=Designator Member=C95
Removed Member From Class: ClassName=Designator Member=C96
Removed Member From Class: ClassName=Designator Member=C99
Removed Member From Class: ClassName=M1 Member=C99
Removed Member From Class: ClassName=M1 Member=C102
Removed Member From Class: ClassName=Designator Member=C103
Removed Member From Class: ClassName=ES3 Member=C104
Removed Member From Class: ClassName=M2 Member=C106
Removed Member From Class: ClassName=ES3 Member=C107
Removed Member From Class: ClassName=M1 Member=C108
Removed Member From Class: ClassName=M4 Member=C109
Removed Member From Class: ClassName=M3 Member=C110
Removed Member From Class: ClassName=M1 Member=C111
Removed Member From Class: ClassName=U_MZ Member=C111
Removed Member From Class: ClassName=USB Member=C112
Removed Member From Class: ClassName=ATSAM3X8E Main Controller - TR R1.1 Member=C113
Removed Member From Class: ClassName=USB Member=C117
Removed Member From Class: ClassName=ATSAM3X8E Main Controller - TR R1.1 Member=C118
Removed Member From Class: ClassName=Designator Member=C120
Removed Member From Class: ClassName=USB Member=C121
Removed Member From Class: ClassName=M1 Member=C122
Removed Member From Class: ClassName=M3 Member=C124
Removed Member From Class: ClassName=M4 Member=C127
Removed Member From Class: ClassName=Designator Member=C128
Removed Member From Class: ClassName=U_MZ Member=C128
Removed Member From Class: ClassName=Designator Member=C130
Removed Member From Class: ClassName=Designator Member=C131
Removed Member From Class: ClassName=ES1 Member=C133
Removed Member From Class: ClassName=M4 Member=C135
Removed Member From Class: ClassName=U_MZ Member=C136
Removed Member From Class: ClassName=Designator Member=C138
Removed Member From Class: ClassName=M2 Member=C138
Removed Member From Class: ClassName=Designator Member=C141
Removed Member From Class: ClassName=M2 Member=C142
Removed Member From Class: ClassName=Designator Member=C143
Removed Member From Class: ClassName=TR2 Member=D15
Removed Member From Class: ClassName=ES2 Member=D21
Removed Member From Class: ClassName=ATSAM3X8E Main Controller - TR R1.1 Member=D37
Removed Member From Class: ClassName=M1 Member=D40
Removed Member From Class: ClassName=U_MOSFETs and Driver Member=D43
Removed Member From Class: ClassName=M2 Member=D44
Removed Member From Class: ClassName=M1 Member=D45
Removed Member From Class: ClassName=U_MOSFETs and Driver Member=D46
Removed Member From Class: ClassName=TR3 Member=D47
Removed Member From Class: ClassName=U_MZ Member=D48
Removed Member From Class: ClassName=M4 Member=D49
Removed Member From Class: ClassName=TR4 Member=D50
Removed Member From Class: ClassName=TR1 Member=D51
Removed Member From Class: ClassName=M4 Member=D53
Removed Member From Class: ClassName=Designator Member=D54
Removed Member From Class: ClassName=U_MOSFETs and Driver Member=D54
Removed Member From Class: ClassName=U_MOSFETs and Driver Member=D57
Removed Member From Class: ClassName=M1 Member=D62
Removed Member From Class: ClassName=ES1 Member=D63
Removed Member From Class: ClassName=TR2 Member=J4
Removed Member From Class: ClassName=M1 Member=J8
Removed Member From Class: ClassName=M3 Member=J9
Removed Member From Class: ClassName=U_MZ Member=J17
Removed Member From Class: ClassName=M4 Member=J25
Removed Member From Class: ClassName=ATSAM3X8E Main Controller - TR R1.1 Member=J26
Removed Member From Class: ClassName=TR1 Member=J27
Removed Member From Class: ClassName=ES1 Member=R1
Removed Member From Class: ClassName=ATSAM3X8E Main Controller - TR R1.1 Member=R20
Removed Member From Class: ClassName=TR2 Member=R21
Removed Member From Class: ClassName=TR4 Member=R23
Removed Member From Class: ClassName=M1 Member=R45
Removed Member From Class: ClassName=ES2 Member=R52
Removed Member From Class: ClassName=M3 Member=R60
Removed Member From Class: ClassName=M2 Member=R61
Removed Member From Class: ClassName=M1 Member=R78
Removed Member From Class: ClassName=ATSAM3X8E Main Controller - TR R1.1 Member=R80
Removed Member From Class: ClassName=U_MZ Member=R80
Removed Member From Class: ClassName=ATSAM3X8E Main Controller - TR R1.1 Member=R84
Removed Member From Class: ClassName=USB Member=R85
Removed Member From Class: ClassName=USB Member=R89
Removed Member From Class: ClassName=Designator Member=R94
Removed Member From Class: ClassName=ES3 Member=R94
Removed Member From Class: ClassName=M4 Member=R95
Removed Member From Class: ClassName=TR1 Member=R97
Removed Member From Class: ClassName=U_MOSFETs and Driver Member=R98
Removed Member From Class: ClassName=M1 Member=R101
Removed Member From Class: ClassName=U_MOSFETs and Driver Member=R101
Removed Member From Class: ClassName=ATSAM3X8E Main Controller - TR R1.1 Member=R103
Removed Member From Class: ClassName=U_MZ Member=R103
Removed Member From Class: ClassName=TR2 Member=R105
Removed Member From Class: ClassName=U_MOSFETs and Driver Member=R106
Removed Member From Class: ClassName=U_MZ Member=R106
Removed Member From Class: ClassName=ATSAM3X8E Main Controller - TR R1.1 Member=R109
Removed Member From Class: ClassName=ATSAM3X8E Main Controller - TR R1.1 Member=R111
Removed Member From Class: ClassName=M2 Member=R111
Removed Member From Class: ClassName=M4 Member=R111
Removed Member From Class: ClassName=U_MOSFETs and Driver Member=R111
Removed Member From Class: ClassName=Designator Member=R112
Removed Member From Class: ClassName=U_MOSFETs and Driver Member=R112
Removed Member From Class: ClassName=U_MOSFETs and Driver Member=R113
Removed Member From Class: ClassName=M3 Member=R114
Removed Member From Class: ClassName=U_MOSFETs and Driver Member=R114
Removed Member From Class: ClassName=U_MOSFETs and Driver Member=R115
Removed Member From Class: ClassName=ES2 Member=R116
Removed Member From Class: ClassName=ES2 Member=R118
Removed Member From Class: ClassName=U_MOSFETs and Driver Member=R120
Removed Member From Class: ClassName=U_MZ Member=R120
Removed Member From Class: ClassName=TR3 Member=R121
Removed Member From Class: ClassName=ATSAM3X8E Main Controller - TR R1.1 Member=R122
Removed Member From Class: ClassName=ATSAM3X8E Main Controller - TR R1.1 Member=R123
Removed Member From Class: ClassName=Designator Member=R123
Removed Member From Class: ClassName=M2 Member=R124
Removed Member From Class: ClassName=U_MOSFETs and Driver Member=R124
Removed Member From Class: ClassName=ES3 Member=R126
Removed Member From Class: ClassName=M4 Member=TP9
Removed Member From Class: ClassName=M1 Member=TP10
Removed Member From Class: ClassName=M4 Member=TP56
Removed Member From Class: ClassName=M2 Member=TP61
Removed Member From Class: ClassName=M1 Member=TP62
Removed Member From Class: ClassName=U_MZ Member=TP63
Removed Member From Class: ClassName=M4 Member=TP66
Removed Member From Class: ClassName=M4 Member=TP81
Removed Member From Class: ClassName=U_MZ Member=TP83
Removed Member From Class: ClassName=M1 Member=TP84
Removed Member From Class: ClassName=M1 Member=TP85
Removed Member From Class: ClassName=M2 Member=TP89
Removed Member From Class: ClassName=M3 Member=TP92
Removed Member From Class: ClassName=U_MZ Member=TP92
Removed Member From Class: ClassName=M3 Member=TP93
Removed Member From Class: ClassName=M3 Member=TP94
Removed Member From Class: ClassName=U_MZ Member=TP94
Removed Member From Class: ClassName=M3 Member=TP95
Removed Member From Class: ClassName=U_MZ Member=TP96
Removed Member From Class: ClassName=M4 Member=TP97
Removed Member From Class: ClassName=M3 Member=TP100
Removed Member From Class: ClassName=M2 Member=TP101
Removed Member From Class: ClassName=M2 Member=U6
Removed Member From Class: ClassName=M3 Member=U11
Removed Member From Class: ClassName=U_MOSFETs and Driver Member=U11
Removed Member From Class: ClassName=USB Member=U12
Removed Member From Class: ClassName=M4 Member=U13
Removed Member From Class: ClassName=ATSAM3X8E Main Controller - TR R1.1 Member=U15
Change Component Designator: OldDesignator=C1 NewDesignator=C14C
Change Component Designator: OldDesignator=C2 NewDesignator=C14A
Change Component Designator: OldDesignator=C3 NewDesignator=C12B
Change Component Designator: OldDesignator=C4 NewDesignator=C14B
Change Component Designator: OldDesignator=C5 NewDesignator=C36
Change Component Designator: OldDesignator=C6 NewDesignator=C38
Change Component Designator: OldDesignator=C7 NewDesignator=C12C
Change Component Designator: OldDesignator=C8 NewDesignator=C12D
Change Component Designator: OldDesignator=C9 NewDesignator=C14D
Change Component Designator: OldDesignator=C10 NewDesignator=C12A
Change Component Designator: OldDesignator=C11 NewDesignator=C13B
Change Component Designator: OldDesignator=C12 NewDesignator=C37
Change Component Designator: OldDesignator=C13 NewDesignator=C13C
Change Component Designator: OldDesignator=C14 NewDesignator=C13D
Change Component Designator: OldDesignator=C15 NewDesignator=C13A
Change Component Designator: OldDesignator=C16 NewDesignator=C15A
Change Component Designator: OldDesignator=C17 NewDesignator=C15B
Change Component Designator: OldDesignator=C18 NewDesignator=C39
Change Component Designator: OldDesignator=C19 NewDesignator=C15C
Change Component Designator: OldDesignator=C20 NewDesignator=C15D
Change Component Designator: OldDesignator=C21 NewDesignator=C31
Change Component Designator: OldDesignator=C22 NewDesignator=C7C
Change Component Designator: OldDesignator=C23 NewDesignator=C7D
Change Component Designator: OldDesignator=C24 NewDesignator=C41
Change Component Designator: OldDesignator=C25 NewDesignator=C17A
Change Component Designator: OldDesignator=C26 NewDesignator=C17B
Change Component Designator: OldDesignator=C27 NewDesignator=C17C
Change Component Designator: OldDesignator=C28 NewDesignator=C17D
Change Component Designator: OldDesignator=C29 NewDesignator=C18A
Change Component Designator: OldDesignator=C30 NewDesignator=C18B
Change Component Designator: OldDesignator=C31 NewDesignator=C18C
Change Component Designator: OldDesignator=C32 NewDesignator=C18D
Change Component Designator: OldDesignator=C33 NewDesignator=C42
Change Component Designator: OldDesignator=C34 NewDesignator=C9A
Change Component Designator: OldDesignator=C35 NewDesignator=C33
Change Component Designator: OldDesignator=C36 NewDesignator=C9C
Change Component Designator: OldDesignator=C37 NewDesignator=C9D
Change Component Designator: OldDesignator=C38 NewDesignator=C9B
Change Component Designator: OldDesignator=C39 NewDesignator=C32
Change Component Designator: OldDesignator=C40 NewDesignator=C8A
Change Component Designator: OldDesignator=C41 NewDesignator=C8C
Change Component Designator: OldDesignator=C42 NewDesignator=C8D
Change Component Designator: OldDesignator=C43 NewDesignator=C8B
Change Component Designator: OldDesignator=C44 NewDesignator=C10A
Change Component Designator: OldDesignator=C45 NewDesignator=C10B
Change Component Designator: OldDesignator=C46 NewDesignator=C34
Change Component Designator: OldDesignator=C47 NewDesignator=C10C
Change Component Designator: OldDesignator=C48 NewDesignator=C10D
Change Component Designator: OldDesignator=C49 NewDesignator=C7A
Change Component Designator: OldDesignator=C50 NewDesignator=C7B
Change Component Designator: OldDesignator=C51 NewDesignator=C66
Change Component Designator: OldDesignator=C52 NewDesignator=C16A
Change Component Designator: OldDesignator=C53 NewDesignator=C16B
Change Component Designator: OldDesignator=C54 NewDesignator=C40
Change Component Designator: OldDesignator=C55 NewDesignator=C16C
Change Component Designator: OldDesignator=C56 NewDesignator=C16D
Change Component Designator: OldDesignator=C57 NewDesignator=C67
Change Component Designator: OldDesignator=C58 NewDesignator=C64
Change Component Designator: OldDesignator=C59 NewDesignator=C11A
Change Component Designator: OldDesignator=C60 NewDesignator=C11B
Change Component Designator: OldDesignator=C61 NewDesignator=C35
Change Component Designator: OldDesignator=C62 NewDesignator=C11C
Change Component Designator: OldDesignator=C63 NewDesignator=C11D
Change Component Designator: OldDesignator=C64 NewDesignator=C1
Change Component Designator: OldDesignator=C65 NewDesignator=C61
Change Component Designator: OldDesignator=C66 NewDesignator=C85C
Change Component Designator: OldDesignator=C67 NewDesignator=C85A
Change Component Designator: OldDesignator=C68 NewDesignator=C91
Change Component Designator: OldDesignator=C69 NewDesignator=C90
Change Component Designator: OldDesignator=C70 NewDesignator=C85D
Change Component Designator: OldDesignator=C71 NewDesignator=C85B
Change Component Designator: OldDesignator=C73 NewDesignator=C51
Change Component Designator: OldDesignator=C74 NewDesignator=C52
Change Component Designator: OldDesignator=C75 NewDesignator=C3
Change Component Designator: OldDesignator=C76 NewDesignator=C2
Change Component Designator: OldDesignator=C77 NewDesignator=C69
Change Component Designator: OldDesignator=C78 NewDesignator=C63
Change Component Designator: OldDesignator=C79 NewDesignator=C60
Change Component Designator: OldDesignator=C80 NewDesignator=C83
Change Component Designator: OldDesignator=C81 NewDesignator=C4
Change Component Designator: OldDesignator=C82 NewDesignator=C44
Change Component Designator: OldDesignator=C83 NewDesignator=C43
Change Component Designator: OldDesignator=C84 NewDesignator=C6A
Change Component Designator: OldDesignator=C85 NewDesignator=C5B
Change Component Designator: OldDesignator=C86 NewDesignator=C6C
Change Component Designator: OldDesignator=C87 NewDesignator=C5C
Change Component Designator: OldDesignator=C88 NewDesignator=C5A
Change Component Designator: OldDesignator=C89 NewDesignator=C6B
Change Component Designator: OldDesignator=C90 NewDesignator=C71
Change Component Designator: OldDesignator=C91 NewDesignator=C58
Change Component Designator: OldDesignator=C92 NewDesignator=C57
Change Component Designator: OldDesignator=C93 NewDesignator=C62
Change Component Designator: OldDesignator=C94 NewDesignator=C65
Change Component Designator: OldDesignator=C95 NewDesignator=C68
Change Component Designator: OldDesignator=C96 NewDesignator=C101
Change Component Designator: OldDesignator=C97 NewDesignator=C89
Change Component Designator: OldDesignator=C98 NewDesignator=C99
Change Component Designator: OldDesignator=C99 NewDesignator=C100
Change Component Designator: OldDesignator=C100 NewDesignator=C49
Change Component Designator: OldDesignator=C101 NewDesignator=C70
Change Component Designator: OldDesignator=C102 NewDesignator=C59
Change Component Designator: OldDesignator=C103 NewDesignator=C92
Change Component Designator: OldDesignator=C104 NewDesignator=C87
Change Component Designator: OldDesignator=C105 NewDesignator=C88
Change Component Designator: OldDesignator=C106 NewDesignator=C53
Change Component Designator: OldDesignator=C107 NewDesignator=C86
Change Component Designator: OldDesignator=C108 NewDesignator=C74
Change Component Designator: OldDesignator=C109 NewDesignator=C56
Change Component Designator: OldDesignator=C110 NewDesignator=C55
Change Component Designator: OldDesignator=C111 NewDesignator=C54
Change Component Designator: OldDesignator=C112 NewDesignator=C96
Change Component Designator: OldDesignator=C113 NewDesignator=C75
Change Component Designator: OldDesignator=C114 NewDesignator=C50
Change Component Designator: OldDesignator=C115 NewDesignator=C94
Change Component Designator: OldDesignator=C116 NewDesignator=C93
Change Component Designator: OldDesignator=C117 NewDesignator=C95
Change Component Designator: OldDesignator=C118 NewDesignator=C76
Change Component Designator: OldDesignator=C119 NewDesignator=C97
Change Component Designator: OldDesignator=C120 NewDesignator=C73
Change Component Designator: OldDesignator=C121 NewDesignator=C98
Change Component Designator: OldDesignator=C122 NewDesignator=C29
Change Component Designator: OldDesignator=C123 NewDesignator=C20
Change Component Designator: OldDesignator=C124 NewDesignator=C27
Change Component Designator: OldDesignator=C125 NewDesignator=C25
Change Component Designator: OldDesignator=C126 NewDesignator=C22
Change Component Designator: OldDesignator=C127 NewDesignator=C23
Change Component Designator: OldDesignator=C128 NewDesignator=C46
Change Component Designator: OldDesignator=C129 NewDesignator=C19
Change Component Designator: OldDesignator=C130 NewDesignator=C47
Change Component Designator: OldDesignator=C131 NewDesignator=C48
Change Component Designator: OldDesignator=C132 NewDesignator=C21
Change Component Designator: OldDesignator=C133 NewDesignator=C84
Change Component Designator: OldDesignator=C134 NewDesignator=C30
Change Component Designator: OldDesignator=C135 NewDesignator=C28
Change Component Designator: OldDesignator=C136 NewDesignator=C24
Change Component Designator: OldDesignator=C137 NewDesignator=C26
Change Component Designator: OldDesignator=C138 NewDesignator=C45
Change Component Designator: OldDesignator=C139 NewDesignator=C82
Change Component Designator: OldDesignator=C140 NewDesignator=C78
Change Component Designator: OldDesignator=C141 NewDesignator=C80
Change Component Designator: OldDesignator=C142 NewDesignator=C79
Change Component Designator: OldDesignator=C143 NewDesignator=C77
Change Component Designator: OldDesignator=C144 NewDesignator=C81
Change Component Designator: OldDesignator=D1 NewDesignator=D8A
Change Component Designator: OldDesignator=D2 NewDesignator=D8B
Change Component Designator: OldDesignator=D3 NewDesignator=D30
Change Component Designator: OldDesignator=D4 NewDesignator=D6A
Change Component Designator: OldDesignator=D5 NewDesignator=D6B
Change Component Designator: OldDesignator=D6 NewDesignator=D28
Change Component Designator: OldDesignator=D7 NewDesignator=D6C
Change Component Designator: OldDesignator=D8 NewDesignator=D8C
Change Component Designator: OldDesignator=D9 NewDesignator=D6D
Change Component Designator: OldDesignator=D10 NewDesignator=D8D
Change Component Designator: OldDesignator=D11 NewDesignator=D5A
Change Component Designator: OldDesignator=D12 NewDesignator=D7A
Change Component Designator: OldDesignator=D13 NewDesignator=D5B
Change Component Designator: OldDesignator=D14 NewDesignator=D7B
Change Component Designator: OldDesignator=D15 NewDesignator=D27
Change Component Designator: OldDesignator=D16 NewDesignator=D29
Change Component Designator: OldDesignator=D17 NewDesignator=D5C
Change Component Designator: OldDesignator=D18 NewDesignator=D7C
Change Component Designator: OldDesignator=D19 NewDesignator=D5D
Change Component Designator: OldDesignator=D20 NewDesignator=D7D
Change Component Designator: OldDesignator=D21 NewDesignator=D33
Change Component Designator: OldDesignator=D22 NewDesignator=D38C
Change Component Designator: OldDesignator=D23 NewDesignator=D35
Change Component Designator: OldDesignator=D24 NewDesignator=D38A
Change Component Designator: OldDesignator=D25 NewDesignator=D38D
Change Component Designator: OldDesignator=D26 NewDesignator=D37C
Change Component Designator: OldDesignator=D27 NewDesignator=D38B
Change Component Designator: OldDesignator=D28 NewDesignator=D37A
Change Component Designator: OldDesignator=D29 NewDesignator=D37D
Change Component Designator: OldDesignator=D30 NewDesignator=D37B
Change Component Designator: OldDesignator=D31 NewDesignator=D4A
Change Component Designator: OldDesignator=D32 NewDesignator=D3A
Change Component Designator: OldDesignator=D33 NewDesignator=D4B
Change Component Designator: OldDesignator=D34 NewDesignator=D3B
Change Component Designator: OldDesignator=D35 NewDesignator=D4C
Change Component Designator: OldDesignator=D36 NewDesignator=D3C
Change Component Designator: OldDesignator=D37 NewDesignator=D39
Change Component Designator: OldDesignator=D38 NewDesignator=D40
Change Component Designator: OldDesignator=D39 NewDesignator=D2
Change Component Designator: OldDesignator=D40 NewDesignator=D1
Change Component Designator: OldDesignator=D42 NewDesignator=D32
Change Component Designator: OldDesignator=D43 NewDesignator=D9
Change Component Designator: OldDesignator=D44 NewDesignator=D13
Change Component Designator: OldDesignator=D45 NewDesignator=D11
Change Component Designator: OldDesignator=D46 NewDesignator=D10
Change Component Designator: OldDesignator=D47 NewDesignator=D22
Change Component Designator: OldDesignator=D48 NewDesignator=D16
Change Component Designator: OldDesignator=D49 NewDesignator=D19
Change Component Designator: OldDesignator=D50 NewDesignator=D25
Change Component Designator: OldDesignator=D51 NewDesignator=D24
Change Component Designator: OldDesignator=D52 NewDesignator=D17
Change Component Designator: OldDesignator=D53 NewDesignator=D20
Change Component Designator: OldDesignator=D54 NewDesignator=D23
Change Component Designator: OldDesignator=D55 NewDesignator=D15
Change Component Designator: OldDesignator=D56 NewDesignator=D18
Change Component Designator: OldDesignator=D57 NewDesignator=D21
Change Component Designator: OldDesignator=D58 NewDesignator=D34
Change Component Designator: OldDesignator=D59 NewDesignator=D36
Change Component Designator: OldDesignator=D60 NewDesignator=D14
Change Component Designator: OldDesignator=D61 NewDesignator=D26
Change Component Designator: OldDesignator=D62 NewDesignator=D12
Change Component Designator: OldDesignator=D63 NewDesignator=D31
Change Component Designator: OldDesignator=F1 NewDesignator=F3
Change Component Designator: OldDesignator=F3 NewDesignator=F1
Change Component Designator: OldDesignator=FD2 NewDesignator=FD3
Change Component Designator: OldDesignator=FD3 NewDesignator=FD2
Change Component Designator: OldDesignator=H1 NewDesignator=H2
Change Component Designator: OldDesignator=H2 NewDesignator=H1
Change Component Designator: OldDesignator=H3 NewDesignator=H5
Change Component Designator: OldDesignator=H4 NewDesignator=H7
Change Component Designator: OldDesignator=H5 NewDesignator=H6
Change Component Designator: OldDesignator=H6 NewDesignator=H3
Change Component Designator: OldDesignator=H7 NewDesignator=H4
Change Component Designator: OldDesignator=J1 NewDesignator=J9A
Change Component Designator: OldDesignator=J2 NewDesignator=J9B
Change Component Designator: OldDesignator=J3 NewDesignator=J13
Change Component Designator: OldDesignator=J4 NewDesignator=J12
Change Component Designator: OldDesignator=J5 NewDesignator=J9C
Change Component Designator: OldDesignator=J6 NewDesignator=J9D
Change Component Designator: OldDesignator=J7 NewDesignator=J17
Change Component Designator: OldDesignator=J8 NewDesignator=J1
Change Component Designator: OldDesignator=J9 NewDesignator=J5
Change Component Designator: OldDesignator=J10 NewDesignator=J4
Change Component Designator: OldDesignator=J11 NewDesignator=J14A
Change Component Designator: OldDesignator=J12 NewDesignator=J14B
Change Component Designator: OldDesignator=J13 NewDesignator=J14C
Change Component Designator: OldDesignator=J14 NewDesignator=J14D
Change Component Designator: OldDesignator=J15 NewDesignator=J2
Change Component Designator: OldDesignator=J16 NewDesignator=J15
Change Component Designator: OldDesignator=J17 NewDesignator=J3
Change Component Designator: OldDesignator=J18 NewDesignator=J8A
Change Component Designator: OldDesignator=J19 NewDesignator=J8B
Change Component Designator: OldDesignator=J20 NewDesignator=J8C
Change Component Designator: OldDesignator=J21 NewDesignator=J16
Change Component Designator: OldDesignator=J22 NewDesignator=J7A
Change Component Designator: OldDesignator=J23 NewDesignator=J7B
Change Component Designator: OldDesignator=J24 NewDesignator=J7C
Change Component Designator: OldDesignator=J25 NewDesignator=J6
Change Component Designator: OldDesignator=J26 NewDesignator=J10
Change Component Designator: OldDesignator=J27 NewDesignator=J11
Change Component Designator: OldDesignator=L1 NewDesignator=L2
Change Component Designator: OldDesignator=L2 NewDesignator=L3
Change Component Designator: OldDesignator=L3 NewDesignator=L6
Change Component Designator: OldDesignator=L4 NewDesignator=L7
Change Component Designator: OldDesignator=L5 NewDesignator=L1
Change Component Designator: OldDesignator=L6 NewDesignator=L5
Change Component Designator: OldDesignator=L7 NewDesignator=L4
Change Component Designator: OldDesignator=Q1 NewDesignator=Q5
Change Component Designator: OldDesignator=Q5 NewDesignator=Q1
Change Component Designator: OldDesignator=R1 NewDesignator=R76
Change Component Designator: OldDesignator=R2 NewDesignator=R74
Change Component Designator: OldDesignator=R3 NewDesignator=R29A
Change Component Designator: OldDesignator=R4 NewDesignator=R28A
Change Component Designator: OldDesignator=R5 NewDesignator=R29B
Change Component Designator: OldDesignator=R6 NewDesignator=R28B
Change Component Designator: OldDesignator=R7 NewDesignator=R61
Change Component Designator: OldDesignator=R8 NewDesignator=R60
Change Component Designator: OldDesignator=R9 NewDesignator=R29C
Change Component Designator: OldDesignator=R10 NewDesignator=R28C
Change Component Designator: OldDesignator=R11 NewDesignator=R29D
Change Component Designator: OldDesignator=R12 NewDesignator=R28D
Change Component Designator: OldDesignator=R13 NewDesignator=R26A
Change Component Designator: OldDesignator=R14 NewDesignator=R26B
Change Component Designator: OldDesignator=R15 NewDesignator=R27A
Change Component Designator: OldDesignator=R16 NewDesignator=R27B
Change Component Designator: OldDesignator=R17 NewDesignator=R59
Change Component Designator: OldDesignator=R18 NewDesignator=R27C
Change Component Designator: OldDesignator=R19 NewDesignator=R27D
Change Component Designator: OldDesignator=R20 NewDesignator=R58
Change Component Designator: OldDesignator=R21 NewDesignator=R57
Change Component Designator: OldDesignator=R22 NewDesignator=R24C
Change Component Designator: OldDesignator=R23 NewDesignator=R56
Change Component Designator: OldDesignator=R24 NewDesignator=R25A
Change Component Designator: OldDesignator=R25 NewDesignator=R24A
Change Component Designator: OldDesignator=R26 NewDesignator=R25B
Change Component Designator: OldDesignator=R27 NewDesignator=R24B
Change Component Designator: OldDesignator=R28 NewDesignator=R26C
Change Component Designator: OldDesignator=R29 NewDesignator=R25C
Change Component Designator: OldDesignator=R30 NewDesignator=R26D
Change Component Designator: OldDesignator=R31 NewDesignator=R25D
Change Component Designator: OldDesignator=R32 NewDesignator=R24D
Change Component Designator: OldDesignator=R33 NewDesignator=R75
Change Component Designator: OldDesignator=R34 NewDesignator=R31A
Change Component Designator: OldDesignator=R35 NewDesignator=R31B
Change Component Designator: OldDesignator=R36 NewDesignator=R63
Change Component Designator: OldDesignator=R37 NewDesignator=R31C
Change Component Designator: OldDesignator=R38 NewDesignator=R31D
Change Component Designator: OldDesignator=R39 NewDesignator=R30A
Change Component Designator: OldDesignator=R40 NewDesignator=R30B
Change Component Designator: OldDesignator=R41 NewDesignator=R62
Change Component Designator: OldDesignator=R42 NewDesignator=R30C
Change Component Designator: OldDesignator=R43 NewDesignator=R30D
Change Component Designator: OldDesignator=R44 NewDesignator=R2
Change Component Designator: OldDesignator=R45 NewDesignator=R4
Change Component Designator: OldDesignator=R46 NewDesignator=R12
Change Component Designator: OldDesignator=R47 NewDesignator=R8
Change Component Designator: OldDesignator=R48 NewDesignator=R80C
Change Component Designator: OldDesignator=R49 NewDesignator=R80A
Change Component Designator: OldDesignator=R50 NewDesignator=R80D
Change Component Designator: OldDesignator=R51 NewDesignator=R80B
Change Component Designator: OldDesignator=R52 NewDesignator=R70
Change Component Designator: OldDesignator=R53 NewDesignator=R5
Change Component Designator: OldDesignator=R54 NewDesignator=R79C
Change Component Designator: OldDesignator=R55 NewDesignator=R79A
Change Component Designator: OldDesignator=R56 NewDesignator=R79D
Change Component Designator: OldDesignator=R57 NewDesignator=R79B
Change Component Designator: OldDesignator=R58 NewDesignator=R14
Change Component Designator: OldDesignator=R59 NewDesignator=R11
Change Component Designator: OldDesignator=R60 NewDesignator=R10
Change Component Designator: OldDesignator=R61 NewDesignator=R6
Change Component Designator: OldDesignator=R62 NewDesignator=R7
Change Component Designator: OldDesignator=R63 NewDesignator=R9
Change Component Designator: OldDesignator=R64 NewDesignator=R72
Change Component Designator: OldDesignator=R65 NewDesignator=R23A
Change Component Designator: OldDesignator=R66 NewDesignator=R20A
Change Component Designator: OldDesignator=R67 NewDesignator=R21A
Change Component Designator: OldDesignator=R68 NewDesignator=R22B
Change Component Designator: OldDesignator=R69 NewDesignator=R23B
Change Component Designator: OldDesignator=R70 NewDesignator=R20B
Change Component Designator: OldDesignator=R71 NewDesignator=R21B
Change Component Designator: OldDesignator=R72 NewDesignator=R22C
Change Component Designator: OldDesignator=R73 NewDesignator=R23C
Change Component Designator: OldDesignator=R74 NewDesignator=R20C
Change Component Designator: OldDesignator=R75 NewDesignator=R21C
Change Component Designator: OldDesignator=R76 NewDesignator=R22A
Change Component Designator: OldDesignator=R77 NewDesignator=R83
Change Component Designator: OldDesignator=R78 NewDesignator=R3
Change Component Designator: OldDesignator=R79 NewDesignator=R85
Change Component Designator: OldDesignator=R80 NewDesignator=R82
Change Component Designator: OldDesignator=R81 NewDesignator=R86
Change Component Designator: OldDesignator=R82 NewDesignator=R90
Change Component Designator: OldDesignator=R83 NewDesignator=R89
Change Component Designator: OldDesignator=R84 NewDesignator=R88
Change Component Designator: OldDesignator=R85 NewDesignator=R84
Change Component Designator: OldDesignator=R86 NewDesignator=R87
Change Component Designator: OldDesignator=R87 NewDesignator=R1
Change Component Designator: OldDesignator=R88 NewDesignator=R15
Change Component Designator: OldDesignator=R89 NewDesignator=R81
Change Component Designator: OldDesignator=R90 NewDesignator=R17
Change Component Designator: OldDesignator=R91 NewDesignator=R18
Change Component Designator: OldDesignator=R92 NewDesignator=R16
Change Component Designator: OldDesignator=R93 NewDesignator=R13
Change Component Designator: OldDesignator=R94 NewDesignator=R64
Change Component Designator: OldDesignator=R95 NewDesignator=R19
Change Component Designator: OldDesignator=R96 NewDesignator=R78
Change Component Designator: OldDesignator=R97 NewDesignator=R55
Change Component Designator: OldDesignator=R98 NewDesignator=R35
Change Component Designator: OldDesignator=R99 NewDesignator=R52
Change Component Designator: OldDesignator=R100 NewDesignator=R54
Change Component Designator: OldDesignator=R101 NewDesignator=R39
Change Component Designator: OldDesignator=R102 NewDesignator=R43
Change Component Designator: OldDesignator=R103 NewDesignator=R47
Change Component Designator: OldDesignator=R104 NewDesignator=R49
Change Component Designator: OldDesignator=R105 NewDesignator=R51
Change Component Designator: OldDesignator=R106 NewDesignator=R41
Change Component Designator: OldDesignator=R107 NewDesignator=R45
Change Component Designator: OldDesignator=R108 NewDesignator=R42
Change Component Designator: OldDesignator=R109 NewDesignator=R46
Change Component Designator: OldDesignator=R110 NewDesignator=R50
Change Component Designator: OldDesignator=R111 NewDesignator=R38
Change Component Designator: OldDesignator=R112 NewDesignator=R33
Change Component Designator: OldDesignator=R113 NewDesignator=R34
Change Component Designator: OldDesignator=R114 NewDesignator=R37
Change Component Designator: OldDesignator=R115 NewDesignator=R32
Change Component Designator: OldDesignator=R116 NewDesignator=R71
Change Component Designator: OldDesignator=R117 NewDesignator=R67
Change Component Designator: OldDesignator=R118 NewDesignator=R69
Change Component Designator: OldDesignator=R119 NewDesignator=R68
Change Component Designator: OldDesignator=R120 NewDesignator=R36
Change Component Designator: OldDesignator=R121 NewDesignator=R48
Change Component Designator: OldDesignator=R122 NewDesignator=R53
Change Component Designator: OldDesignator=R123 NewDesignator=R44
Change Component Designator: OldDesignator=R124 NewDesignator=R40
Change Component Designator: OldDesignator=R125 NewDesignator=R77
Change Component Designator: OldDesignator=R126 NewDesignator=R73
Change Component Designator: OldDesignator=R127 NewDesignator=R66
Change Component Designator: OldDesignator=R128 NewDesignator=R65
Change Component Designator: OldDesignator=TP1 NewDesignator=TP33
Change Component Designator: OldDesignator=TP2 NewDesignator=TP14B
Change Component Designator: OldDesignator=TP3 NewDesignator=TP14C
Change Component Designator: OldDesignator=TP4 NewDesignator=TP14D
Change Component Designator: OldDesignator=TP5 NewDesignator=TP14A
Change Component Designator: OldDesignator=TP6 NewDesignator=TP21A
Change Component Designator: OldDesignator=TP7 NewDesignator=TP22B
Change Component Designator: OldDesignator=TP8 NewDesignator=TP15B
Change Component Designator: OldDesignator=TP9 NewDesignator=TP38
Change Component Designator: OldDesignator=TP10 NewDesignator=TP34
Change Component Designator: OldDesignator=TP11 NewDesignator=TP22C
Change Component Designator: OldDesignator=TP12 NewDesignator=TP15C
Change Component Designator: OldDesignator=TP13 NewDesignator=TP21D
Change Component Designator: OldDesignator=TP14 NewDesignator=TP22D
Change Component Designator: OldDesignator=TP15 NewDesignator=TP15D
Change Component Designator: OldDesignator=TP16 NewDesignator=TP20C
Change Component Designator: OldDesignator=TP17 NewDesignator=TP21C
Change Component Designator: OldDesignator=TP18 NewDesignator=TP20B
Change Component Designator: OldDesignator=TP19 NewDesignator=TP36
Change Component Designator: OldDesignator=TP20 NewDesignator=TP20D
Change Component Designator: OldDesignator=TP21 NewDesignator=TP39
Change Component Designator: OldDesignator=TP22 NewDesignator=TP20A
Change Component Designator: OldDesignator=TP23 NewDesignator=TP23B
Change Component Designator: OldDesignator=TP24 NewDesignator=TP37
Change Component Designator: OldDesignator=TP25 NewDesignator=TP40
Change Component Designator: OldDesignator=TP26 NewDesignator=TP24C
Change Component Designator: OldDesignator=TP27 NewDesignator=TP23C
Change Component Designator: OldDesignator=TP28 NewDesignator=TP21B
Change Component Designator: OldDesignator=TP29 NewDesignator=TP24B
Change Component Designator: OldDesignator=TP30 NewDesignator=TP24D
Change Component Designator: OldDesignator=TP31 NewDesignator=TP23D
Change Component Designator: OldDesignator=TP32 NewDesignator=TP22A
Change Component Designator: OldDesignator=TP33 NewDesignator=TP24A
Change Component Designator: OldDesignator=TP34 NewDesignator=TP15A
Change Component Designator: OldDesignator=TP35 NewDesignator=TP23A
Change Component Designator: OldDesignator=TP36 NewDesignator=TP18D
Change Component Designator: OldDesignator=TP37 NewDesignator=TP19D
Change Component Designator: OldDesignator=TP38 NewDesignator=TP17D
Change Component Designator: OldDesignator=TP39 NewDesignator=TP16D
Change Component Designator: OldDesignator=TP40 NewDesignator=TP18C
Change Component Designator: OldDesignator=TP41 NewDesignator=TP19C
Change Component Designator: OldDesignator=TP42 NewDesignator=TP17C
Change Component Designator: OldDesignator=TP43 NewDesignator=TP16C
Change Component Designator: OldDesignator=TP44 NewDesignator=TP41
Change Component Designator: OldDesignator=TP45 NewDesignator=TP42
Change Component Designator: OldDesignator=TP46 NewDesignator=TP32
Change Component Designator: OldDesignator=TP47 NewDesignator=TP35
Change Component Designator: OldDesignator=TP48 NewDesignator=TP18B
Change Component Designator: OldDesignator=TP49 NewDesignator=TP19B
Change Component Designator: OldDesignator=TP50 NewDesignator=TP17B
Change Component Designator: OldDesignator=TP51 NewDesignator=TP16B
Change Component Designator: OldDesignator=TP52 NewDesignator=TP18A
Change Component Designator: OldDesignator=TP53 NewDesignator=TP19A
Change Component Designator: OldDesignator=TP54 NewDesignator=TP17A
Change Component Designator: OldDesignator=TP55 NewDesignator=TP16A
Change Component Designator: OldDesignator=TP56 NewDesignator=TP31
Change Component Designator: OldDesignator=TP57 NewDesignator=TP13D
Change Component Designator: OldDesignator=TP58 NewDesignator=TP13C
Change Component Designator: OldDesignator=TP59 NewDesignator=TP13B
Change Component Designator: OldDesignator=TP60 NewDesignator=TP13A
Change Component Designator: OldDesignator=TP61 NewDesignator=TP48
Change Component Designator: OldDesignator=TP62 NewDesignator=TP5
Change Component Designator: OldDesignator=TP63 NewDesignator=TP1
Change Component Designator: OldDesignator=TP64 NewDesignator=TP2
Change Component Designator: OldDesignator=TP65 NewDesignator=TP3
Change Component Designator: OldDesignator=TP66 NewDesignator=TP4
Change Component Designator: OldDesignator=TP67 NewDesignator=TP53C
Change Component Designator: OldDesignator=TP68 NewDesignator=TP53D
Change Component Designator: OldDesignator=TP69 NewDesignator=TP53B
Change Component Designator: OldDesignator=TP70 NewDesignator=TP53A
Change Component Designator: OldDesignator=TP71 NewDesignator=TP51
Change Component Designator: OldDesignator=TP72 NewDesignator=TP52
Change Component Designator: OldDesignator=TP73 NewDesignator=TP12A
Change Component Designator: OldDesignator=TP74 NewDesignator=TP11C
Change Component Designator: OldDesignator=TP75 NewDesignator=TP12C
Change Component Designator: OldDesignator=TP76 NewDesignator=TP11B
Change Component Designator: OldDesignator=TP77 NewDesignator=TP12B
Change Component Designator: OldDesignator=TP78 NewDesignator=TP11A
Change Component Designator: OldDesignator=TP79 NewDesignator=TP56
Change Component Designator: OldDesignator=TP80 NewDesignator=TP58
Change Component Designator: OldDesignator=TP81 NewDesignator=TP57
Change Component Designator: OldDesignator=TP82 NewDesignator=TP55
Change Component Designator: OldDesignator=TP83 NewDesignator=TP47
Change Component Designator: OldDesignator=TP84 NewDesignator=TP54
Change Component Designator: OldDesignator=TP85 NewDesignator=TP6
Change Component Designator: OldDesignator=TP86 NewDesignator=TP8
Change Component Designator: OldDesignator=TP87 NewDesignator=TP10
Change Component Designator: OldDesignator=TP88 NewDesignator=TP50
Change Component Designator: OldDesignator=TP89 NewDesignator=TP7
Change Component Designator: OldDesignator=TP90 NewDesignator=TP9
Change Component Designator: OldDesignator=TP91 NewDesignator=TP46
Change Component Designator: OldDesignator=TP92 NewDesignator=TP45
Change Component Designator: OldDesignator=TP93 NewDesignator=TP43
Change Component Designator: OldDesignator=TP94 NewDesignator=TP44
Change Component Designator: OldDesignator=TP95 NewDesignator=TP26
Change Component Designator: OldDesignator=TP96 NewDesignator=TP25
Change Component Designator: OldDesignator=TP97 NewDesignator=TP30
Change Component Designator: OldDesignator=TP98 NewDesignator=TP29
Change Component Designator: OldDesignator=TP99 NewDesignator=TP28
Change Component Designator: OldDesignator=TP100 NewDesignator=TP27
Change Component Designator: OldDesignator=TP101 NewDesignator=TP49
Change Component Designator: OldDesignator=U1 NewDesignator=U3A
Change Component Designator: OldDesignator=U2 NewDesignator=U3B
Change Component Designator: OldDesignator=U3 NewDesignator=U10
Change Component Designator: OldDesignator=U4 NewDesignator=U3C
Change Component Designator: OldDesignator=U5 NewDesignator=U3D
Change Component Designator: OldDesignator=U6 NewDesignator=U2
Change Component Designator: OldDesignator=U7 NewDesignator=U1
Change Component Designator: OldDesignator=U8 NewDesignator=U13
Change Component Designator: OldDesignator=U9 NewDesignator=U11
Change Component Designator: OldDesignator=U10 NewDesignator=U9
Change Component Designator: OldDesignator=U11 NewDesignator=U4
Change Component Designator: OldDesignator=U12 NewDesignator=U8
Change Component Designator: OldDesignator=U13 NewDesignator=U5
Change Component Designator: OldDesignator=U14 NewDesignator=U6
Change Component Designator: OldDesignator=U15 NewDesignator=U7
Change Component Designator: OldDesignator=U16 NewDesignator=U12
Added Member To Class: ClassName=ATSAM3X8E Main Controller - TR R1.1 Member=Component C2 100nF
Added Member To Class: ClassName=ATSAM3X8E Main Controller - TR R1.1 Member=Component C3 47uF
Added Member To Class: ClassName=ES3 Member=Component C5C (C5) 0402
Added Member To Class: ClassName=ES1 Member=Component C6A (C6) 0402
Added Member To Class: ClassName=ES3 Member=Component C6C (C6) 0402
Added Member To Class: ClassName=M1 Member=Component C7A (C7) 0402
Added Member To Class: ClassName=M4 Member=Component C7D (C7) 0402
Added Member To Class: ClassName=M1 Member=Component C8A (C8) 0402
Added Member To Class: ClassName=M4 Member=Component C8D (C8) 0402
Added Member To Class: ClassName=M2 Member=Component C9B (C9) 100nF
Added Member To Class: ClassName=M2 Member=Component C10B (C10) 0402
Added Member To Class: ClassName=M1 Member=Component C11A (C11) 0402
Added Member To Class: ClassName=M2 Member=Component C11B (C11) 0402
Added Member To Class: ClassName=M2 Member=Component C14B (C14) 1nF
Added Member To Class: ClassName=M3 Member=Component C14C (C14) 1nF
Added Member To Class: ClassName=M1 Member=Component C16A (C16) EEE-1VA101XP
Added Member To Class: ClassName=M2 Member=Component C16B (C16) EEE-1VA101XP
Added Member To Class: ClassName=M3 Member=Component C16C (C16) EEE-1VA101XP
Added Member To Class: ClassName=M4 Member=Component C16D (C16) EEE-1VA101XP
Added Member To Class: ClassName=M3 Member=Component C17C (C17) 100nF
Added Member To Class: ClassName=M4 Member=Component C17D (C17) 100nF
Added Member To Class: ClassName=M1 Member=Component C18A (C18) 100nF
Added Member To Class: ClassName=M3 Member=Component C18C (C18) 100nF
Added Member To Class: ClassName=U_MZ Member=Component C34 0402
Added Member To Class: ClassName=U_MZ Member=Component C40 EEE-1VA101XP
Added Member To Class: ClassName=U_MZ Member=Component C42 100nF
Added Member To Class: ClassName=Designator Member=Component C49 100nF
Added Member To Class: ClassName=Designator Member=Component C64 10uF 50V
Added Member To Class: ClassName=Designator Member=Component C66 100nF
Added Member To Class: ClassName=Designator Member=Component C67 1nF
Added Member To Class: ClassName=Designator Member=Component C70 100nF
Added Member To Class: ClassName=Designator Member=Component C71 100nF
Added Member To Class: ClassName=Designator Member=Component C83 C0402TBD
Added Member To Class: ClassName=TR1 Member=Component C85A (C85) 100nF
Added Member To Class: ClassName=TR2 Member=Component C85B (C85) 100nF
Added Member To Class: ClassName=TR3 Member=Component C85C (C85) 100nF
Added Member To Class: ClassName=USB Member=Component C91 100nF
Added Member To Class: ClassName=USB Member=Component C100 100nF
Added Member To Class: ClassName=ATSAM3X8E Main Controller - TR R1.1 Member=Component D2 5988140107F
Added Member To Class: ClassName=ES1 Member=Component D4A (D4) ESD9B3.3ST5G
Added Member To Class: ClassName=ES2 Member=Component D4B (D4) ESD9B3.3ST5G
Added Member To Class: ClassName=M1 Member=Component D5A (D5) SMAJ30A
Added Member To Class: ClassName=M2 Member=Component D5B (D5) SMAJ30A
Added Member To Class: ClassName=M4 Member=Component D5D (D5) SMAJ30A
Added Member To Class: ClassName=M1 Member=Component D7A (D7) SMAJ30A
Added Member To Class: ClassName=M4 Member=Component D7D (D7) SMAJ30A
Added Member To Class: ClassName=M1 Member=Component D8A (D8) SMAJ30A
Added Member To Class: ClassName=U_MZ Member=Component D29 SMAJ30A
Added Member To Class: ClassName=Designator Member=Component D35 MM3Z2V7T1G
Added Member To Class: ClassName=TR1 Member=Component D38A (D38) 1N4148WT
Added Member To Class: ClassName=TR2 Member=Component D38B (D38) 1N4148WT
Added Member To Class: ClassName=TR3 Member=Component D38C (D38) 1N4148WT
Added Member To Class: ClassName=TR4 Member=Component D38D (D38) 1N4148WT
Added Member To Class: ClassName=ATSAM3X8E Main Controller - TR R1.1 Member=Component J4 Header 12X2
Added Member To Class: ClassName=M1 Member=Component J9A (J9A) Molex 0705430003
Added Member To Class: ClassName=M3 Member=Component J9C (J9A) Molex 0705430003
Added Member To Class: ClassName=M4 Member=Component J9D (J9A) Molex 0705430003
Added Member To Class: ClassName=U_MZ Member=Component J13 Molex 0705430003
Added Member To Class: ClassName=TR1 Member=Component J14A (J14A) C-GRID-02-70543
Added Member To Class: ClassName=TR2 Member=Component J14B (J14A) C-GRID-02-70543
Added Member To Class: ClassName=ATSAM3X8E Main Controller - TR R1.1 Member=Component R2 10K
Added Member To Class: ClassName=ATSAM3X8E Main Controller - TR R1.1 Member=Component R3 1k
Added Member To Class: ClassName=ATSAM3X8E Main Controller - TR R1.1 Member=Component R5 24r
Added Member To Class: ClassName=ATSAM3X8E Main Controller - TR R1.1 Member=Component R8 24r
Added Member To Class: ClassName=ATSAM3X8E Main Controller - TR R1.1 Member=Component R11 10K
Added Member To Class: ClassName=ATSAM3X8E Main Controller - TR R1.1 Member=Component R12 10K
Added Member To Class: ClassName=ATSAM3X8E Main Controller - TR R1.1 Member=Component R14 4.7K
Added Member To Class: ClassName=ATSAM3X8E Main Controller - TR R1.1 Member=Component R15 4.7K
Added Member To Class: ClassName=ES2 Member=Component R20B (R20) 100K
Added Member To Class: ClassName=ES2 Member=Component R21B (R21) 1k
Added Member To Class: ClassName=ES1 Member=Component R22A (R22) 100K
Added Member To Class: ClassName=ES3 Member=Component R22C (R22) 100K
Added Member To Class: ClassName=ES2 Member=Component R23B (R23) 1k
Added Member To Class: ClassName=ES3 Member=Component R23C (R23) 1k
Added Member To Class: ClassName=M4 Member=Component R27D (R27) 1M
Added Member To Class: ClassName=M1 Member=Component R28A (R28) 2512
Added Member To Class: ClassName=M2 Member=Component R28B (R28) 2512
Added Member To Class: ClassName=M3 Member=Component R28C (R28) 2512
Added Member To Class: ClassName=M1 Member=Component R29A (R29) 2512
Added Member To Class: ClassName=M1 Member=Component R30A (R30) NP
Added Member To Class: ClassName=M2 Member=Component R30B (R30) NP
Added Member To Class: ClassName=M2 Member=Component R31B (R31) NP
Added Member To Class: ClassName=M3 Member=Component R31C (R31) NP
Added Member To Class: ClassName=M4 Member=Component R31D (R31) NP
Added Member To Class: ClassName=U_MZ Member=Component R59 1M
Added Member To Class: ClassName=U_MZ Member=Component R60 2512
Added Member To Class: ClassName=U_MZ Member=Component R62 NP
Added Member To Class: ClassName=U_MZ Member=Component R63 NP
Added Member To Class: ClassName=Designator Member=Component R72 R0402TBD
Added Member To Class: ClassName=Designator Member=Component R74 R0402TBD
Added Member To Class: ClassName=Designator Member=Component R75 R0402TBD
Added Member To Class: ClassName=TR1 Member=Component R79A (R79) 4.7K
Added Member To Class: ClassName=TR2 Member=Component R79B (R79) 4.7K
Added Member To Class: ClassName=TR4 Member=Component R79D (R79) 4.7K
Added Member To Class: ClassName=TR2 Member=Component R80B (R80) 4.7K
Added Member To Class: ClassName=TR3 Member=Component R80C (R80) 4.7K
Added Member To Class: ClassName=USB Member=Component R87 24r
Added Member To Class: ClassName=USB Member=Component R88 24r
Added Member To Class: ClassName=M4 Member=Component TP13D (TP13) TP4
Added Member To Class: ClassName=M1 Member=Component TP14A (TP14) TP4
Added Member To Class: ClassName=M4 Member=Component TP14D (TP14) TP4
Added Member To Class: ClassName=M1 Member=Component TP15A (TP15) TP4
Added Member To Class: ClassName=M3 Member=Component TP16C (TP16) TP4
Added Member To Class: ClassName=M1 Member=Component TP17A (TP17) TP4
Added Member To Class: ClassName=M3 Member=Component TP17C (TP17) TP4
Added Member To Class: ClassName=M4 Member=Component TP17D (TP17) TP4
Added Member To Class: ClassName=M2 Member=Component TP18B (TP18) TP4
Added Member To Class: ClassName=M2 Member=Component TP19B (TP19) TP4
Added Member To Class: ClassName=M3 Member=Component TP19C (TP19) TP4
Added Member To Class: ClassName=M1 Member=Component TP21A (TP21) TP4
Added Member To Class: ClassName=M2 Member=Component TP22B (TP22) TP4
Added Member To Class: ClassName=M3 Member=Component TP23C (TP23) TP4
Added Member To Class: ClassName=M4 Member=Component TP23D (TP23) TP4
Added Member To Class: ClassName=M3 Member=Component TP24C (TP24) TP4
Added Member To Class: ClassName=M4 Member=Component TP24D (TP24) TP4
Added Member To Class: ClassName=U_MZ Member=Component TP33 TP4
Added Member To Class: ClassName=U_MZ Member=Component TP35 TP4
Added Member To Class: ClassName=U_MZ Member=Component TP40 TP4
Added Member To Class: ClassName=U_MZ Member=Component TP41 TP4
Added Member To Class: ClassName=U_MZ Member=Component TP42 TP4
Added Member To Class: ClassName=ATSAM3X8E Main Controller - TR R1.1 Member=Component U1 ATML-ATSAM3X-LQFP-144
Added Member To Class: ClassName=M2 Member=Component U3B (U3) DRV8825
Added Member To Class: ClassName=M3 Member=Component U3C (U3) DRV8825
Added Member To Class: ClassName=M4 Member=Component U3D (U3) DRV8825
Added Member To Class: ClassName=USB Member=Component U13 ADuM4160
