Removed Member From Class: ClassName=Designator Member=C1
Removed Member From Class: ClassName=USB Member=C1
Removed Member From Class: ClassName=Designator Member=C4
Removed Member From Class: ClassName=USB Member=C5A
Removed Member From Class: ClassName=USB Member=C6B
Removed Member From Class: ClassName=Designator Member=C7A
Removed Member From Class: ClassName=Designator Member=C7B
Removed Member From Class: ClassName=U_MOSFETs and Driver Member=C7C
Removed Member From Class: ClassName=U_MZ Member=C8A
Removed Member From Class: ClassName=Designator Member=C8B
Removed Member From Class: ClassName=U_MZ Member=C8C
Removed Member From Class: ClassName=U_MZ Member=C8D
Removed Member From Class: ClassName=Designator Member=C9A
Removed Member From Class: ClassName=U_MZ Member=C9A
Removed Member From Class: ClassName=U_MZ Member=C9C
Removed Member From Class: ClassName=U_MZ Member=C9D
Removed Member From Class: ClassName=Designator Member=C10A
Removed Member From Class: ClassName=Designator Member=C10B
Removed Member From Class: ClassName=Designator Member=C10C
Removed Member From Class: ClassName=Designator Member=C10D
Removed Member From Class: ClassName=Designator Member=C11C
Removed Member From Class: ClassName=USB Member=C11C
Removed Member From Class: ClassName=Designator Member=C11D
Removed Member From Class: ClassName=ATSAM3X8E Main Controller - TR R1.1 Member=C12B
Removed Member From Class: ClassName=ATSAM3X8E Main Controller - TR R1.1 Member=C14A
Removed Member From Class: ClassName=U_MOSFETs and Driver Member=C15C
Removed Member From Class: ClassName=U_MOSFETs and Driver Member=C15D
Removed Member From Class: ClassName=U_MOSFETs and Driver Member=C17A
Removed Member From Class: ClassName=U_MOSFETs and Driver Member=C17B
Removed Member From Class: ClassName=U_MOSFETs and Driver Member=C18B
Removed Member From Class: ClassName=U_MZ Member=C18D
Removed Member From Class: ClassName=U_MOSFETs and Driver Member=C31
Removed Member From Class: ClassName=Designator Member=C35
Removed Member From Class: ClassName=USB Member=C49
Removed Member From Class: ClassName=USB Member=C65
Removed Member From Class: ClassName=USB Member=C68
Removed Member From Class: ClassName=Designator Member=C85A
Removed Member From Class: ClassName=Designator Member=C85B
Removed Member From Class: ClassName=Designator Member=C85C
Removed Member From Class: ClassName=Designator Member=C85D
Removed Member From Class: ClassName=USB Member=C85D
Removed Member From Class: ClassName=Designator Member=C90
Removed Member From Class: ClassName=Designator Member=C91
Removed Member From Class: ClassName=USB Member=D1
Removed Member From Class: ClassName=Designator Member=D3A
Removed Member From Class: ClassName=Designator Member=D3B
Removed Member From Class: ClassName=Designator Member=D3C
Removed Member From Class: ClassName=Designator Member=D4C
Removed Member From Class: ClassName=U_MOSFETs and Driver Member=D4C
Removed Member From Class: ClassName=U_MOSFETs and Driver Member=D5C
Removed Member From Class: ClassName=U_MOSFETs and Driver Member=D6D
Removed Member From Class: ClassName=U_MOSFETs and Driver Member=D7B
Removed Member From Class: ClassName=U_MOSFETs and Driver Member=D7C
Removed Member From Class: ClassName=ATSAM3X8E Main Controller - TR R1.1 Member=D8B
Removed Member From Class: ClassName=U_MOSFETs and Driver Member=D8D
Removed Member From Class: ClassName=U_MOSFETs and Driver Member=D27
Removed Member From Class: ClassName=U_MOSFETs and Driver Member=D33
Removed Member From Class: ClassName=U_MZ Member=D37A
Removed Member From Class: ClassName=U_MZ Member=D37B
Removed Member From Class: ClassName=U_MOSFETs and Driver Member=D37C
Removed Member From Class: ClassName=U_MZ Member=D37D
Removed Member From Class: ClassName=Designator Member=J3
Removed Member From Class: ClassName=ATSAM3X8E Main Controller - TR R1.1 Member=J9B
Removed Member From Class: ClassName=Designator Member=J9B
Removed Member From Class: ClassName=USB Member=J9B
Removed Member From Class: ClassName=ATSAM3X8E Main Controller - TR R1.1 Member=J12
Removed Member From Class: ClassName=U_MZ Member=J14C
Removed Member From Class: ClassName=USB Member=L4
Removed Member From Class: ClassName=Designator Member=L6
Removed Member From Class: ClassName=Designator Member=R3
Removed Member From Class: ClassName=U_MOSFETs and Driver Member=R4
Removed Member From Class: ClassName=U_MOSFETs and Driver Member=R6
Removed Member From Class: ClassName=U_MZ Member=R6
Removed Member From Class: ClassName=U_MZ Member=R7
Removed Member From Class: ClassName=U_MZ Member=R10
Removed Member From Class: ClassName=Designator Member=R20A
Removed Member From Class: ClassName=ATSAM3X8E Main Controller - TR R1.1 Member=R20C
Removed Member From Class: ClassName=Designator Member=R20C
Removed Member From Class: ClassName=Designator Member=R21A
Removed Member From Class: ClassName=Designator Member=R21C
Removed Member From Class: ClassName=U_MOSFETs and Driver Member=R21C
Removed Member From Class: ClassName=Designator Member=R22B
Removed Member From Class: ClassName=Designator Member=R22C
Removed Member From Class: ClassName=Designator Member=R23A
Removed Member From Class: ClassName=U_MOSFETs and Driver Member=R24D
Removed Member From Class: ClassName=ATSAM3X8E Main Controller - TR R1.1 Member=R26A
Removed Member From Class: ClassName=ATSAM3X8E Main Controller - TR R1.1 Member=R26B
Removed Member From Class: ClassName=ATSAM3X8E Main Controller - TR R1.1 Member=R27A
Removed Member From Class: ClassName=USB Member=R27A
Removed Member From Class: ClassName=ATSAM3X8E Main Controller - TR R1.1 Member=R27B
Removed Member From Class: ClassName=ATSAM3X8E Main Controller - TR R1.1 Member=R27C
Removed Member From Class: ClassName=ATSAM3X8E Main Controller - TR R1.1 Member=R28D
Removed Member From Class: ClassName=ATSAM3X8E Main Controller - TR R1.1 Member=R29A
Removed Member From Class: ClassName=ATSAM3X8E Main Controller - TR R1.1 Member=R29B
Removed Member From Class: ClassName=ATSAM3X8E Main Controller - TR R1.1 Member=R29C
Removed Member From Class: ClassName=U_MOSFETs and Driver Member=R29C
Removed Member From Class: ClassName=U_MZ Member=R29C
Removed Member From Class: ClassName=ATSAM3X8E Main Controller - TR R1.1 Member=R29D
Removed Member From Class: ClassName=U_MZ Member=R29D
Removed Member From Class: ClassName=U_MOSFETs and Driver Member=R30A
Removed Member From Class: ClassName=U_MOSFETs and Driver Member=R30B
Removed Member From Class: ClassName=U_MOSFETs and Driver Member=R30C
Removed Member From Class: ClassName=U_MOSFETs and Driver Member=R30D
Removed Member From Class: ClassName=U_MOSFETs and Driver Member=R31A
Removed Member From Class: ClassName=U_MOSFETs and Driver Member=R31B
Removed Member From Class: ClassName=U_MOSFETs and Driver Member=R31C
Removed Member From Class: ClassName=U_MOSFETs and Driver Member=R31D
Removed Member From Class: ClassName=ATSAM3X8E Main Controller - TR R1.1 Member=R59
Removed Member From Class: ClassName=ATSAM3X8E Main Controller - TR R1.1 Member=R60
Removed Member From Class: ClassName=ATSAM3X8E Main Controller - TR R1.1 Member=R61
Removed Member From Class: ClassName=U_MOSFETs and Driver Member=R70
Removed Member From Class: ClassName=ATSAM3X8E Main Controller - TR R1.1 Member=R76
Removed Member From Class: ClassName=USB Member=R76
Removed Member From Class: ClassName=U_MOSFETs and Driver Member=R79C
Removed Member From Class: ClassName=U_MOSFETs and Driver Member=R80A
Removed Member From Class: ClassName=U_MOSFETs and Driver Member=R80D
Removed Member From Class: ClassName=Designator Member=R89
Removed Member From Class: ClassName=USB Member=TP13C
Removed Member From Class: ClassName=ATSAM3X8E Main Controller - TR R1.1 Member=TP14B
Removed Member From Class: ClassName=ATSAM3X8E Main Controller - TR R1.1 Member=TP14C
Removed Member From Class: ClassName=ATSAM3X8E Main Controller - TR R1.1 Member=TP15B
Removed Member From Class: ClassName=USB Member=TP16A
Removed Member From Class: ClassName=Designator Member=TP16B
Removed Member From Class: ClassName=U_MZ Member=TP16D
Removed Member From Class: ClassName=Designator Member=TP17B
Removed Member From Class: ClassName=U_MZ Member=TP17C
Removed Member From Class: ClassName=Designator Member=TP18A
Removed Member From Class: ClassName=U_MZ Member=TP18C
Removed Member From Class: ClassName=U_MZ Member=TP18D
Removed Member From Class: ClassName=U_MZ Member=TP19C
Removed Member From Class: ClassName=U_MZ Member=TP19D
Removed Member From Class: ClassName=U_MOSFETs and Driver Member=TP21B
Removed Member From Class: ClassName=Designator Member=TP22A
Removed Member From Class: ClassName=U_MZ Member=TP22A
Removed Member From Class: ClassName=U_MZ Member=TP23A
Removed Member From Class: ClassName=U_MZ Member=TP24A
Removed Member From Class: ClassName=U_MOSFETs and Driver Member=TP24B
Removed Member From Class: ClassName=USB Member=TP31
Removed Member From Class: ClassName=ATSAM3X8E Main Controller - TR R1.1 Member=TP34
Removed Member From Class: ClassName=ATSAM3X8E Main Controller - TR R1.1 Member=TP38
Removed Member From Class: ClassName=U_MOSFETs and Driver Member=U2
Removed Member From Class: ClassName=ATSAM3X8E Main Controller - TR R1.1 Member=U3A
Removed Member From Class: ClassName=U_MOSFETs and Driver Member=U3C
Removed Member From Class: ClassName=Designator Member=U4
Removed Member From Class: ClassName=U_MZ Member=U4
Removed Member From Class: ClassName=USB Member=U5
Removed Member From Class: ClassName=Designator Member=U8
Added Member To Class: ClassName=ATSAM3X8E Main Controller - TR R1.1 Member=Component C2 100nF
Added Member To Class: ClassName=ATSAM3X8E Main Controller - TR R1.1 Member=Component C3 47uF
Added Member To Class: ClassName=U_MOSFETs and Driver Member=Component C19 C0603TBD
Added Member To Class: ClassName=U_MOSFETs and Driver Member=Component C20 0402
Added Member To Class: ClassName=U_MOSFETs and Driver Member=Component C21 C0603TBD
Added Member To Class: ClassName=U_MOSFETs and Driver Member=Component C22 0402
Added Member To Class: ClassName=U_MOSFETs and Driver Member=Component C25 0402
Added Member To Class: ClassName=U_MOSFETs and Driver Member=Component C26 C0603TBD
Added Member To Class: ClassName=U_MOSFETs and Driver Member=Component C30 C0603TBD
Added Member To Class: ClassName=U_MZ Member=Component C32 0402
Added Member To Class: ClassName=U_MZ Member=Component C34 0402
Added Member To Class: ClassName=U_MZ Member=Component C35 0402
Added Member To Class: ClassName=U_MZ Member=Component C36 1nF
Added Member To Class: ClassName=U_MZ Member=Component C37 1nF
Added Member To Class: ClassName=U_MZ Member=Component C40 EEE-1VA101XP
Added Member To Class: ClassName=U_MZ Member=Component C41 100nF
Added Member To Class: ClassName=Designator Member=Component C43 0603
Added Member To Class: ClassName=Designator Member=Component C44 100nF
Added Member To Class: ClassName=Designator Member=Component C45 EEE-1VA101XP
Added Member To Class: ClassName=Designator Member=Component C46 10uF 50V
Added Member To Class: ClassName=Designator Member=Component C47 100nF
Added Member To Class: ClassName=Designator Member=Component C48 1nF
Added Member To Class: ClassName=Designator Member=Component C49 100nF
Added Member To Class: ClassName=Designator Member=Component C50 0603
Added Member To Class: ClassName=Designator Member=Component C57 100nF
Added Member To Class: ClassName=Designator Member=Component C58 0603
Added Member To Class: ClassName=Designator Member=Component C61 100nF
Added Member To Class: ClassName=Designator Member=Component C62 100nF
Added Member To Class: ClassName=Designator Member=Component C63 100nF
Added Member To Class: ClassName=Designator Member=Component C68 100nF
Added Member To Class: ClassName=Designator Member=Component C70 100nF
Added Member To Class: ClassName=Designator Member=Component C71 100nF
Added Member To Class: ClassName=Designator Member=Component C73 0402
Added Member To Class: ClassName=Designator Member=Component C77 4.7uF
Added Member To Class: ClassName=Designator Member=Component C80 1uF
Added Member To Class: ClassName=Designator Member=Component C81 10uF
Added Member To Class: ClassName=USB Member=Component C88 3pF
Added Member To Class: ClassName=USB Member=Component C89 0402
Added Member To Class: ClassName=USB Member=Component C91 100nF
Added Member To Class: ClassName=USB Member=Component C93 1uF
Added Member To Class: ClassName=USB Member=Component C94 100nF
Added Member To Class: ClassName=USB Member=Component C95 100nF
Added Member To Class: ClassName=USB Member=Component C96 100nF
Added Member To Class: ClassName=USB Member=Component C98 C0603TBD
Added Member To Class: ClassName=ATSAM3X8E Main Controller - TR R1.1 Member=Component D2 5988140107F
Added Member To Class: ClassName=U_MOSFETs and Driver Member=Component D9 5988140107F
Added Member To Class: ClassName=U_MOSFETs and Driver Member=Component D10 B240A-13-F
Added Member To Class: ClassName=U_MOSFETs and Driver Member=Component D14 RSB39VTE-17
Added Member To Class: ClassName=U_MOSFETs and Driver Member=Component D15 5988140107F
Added Member To Class: ClassName=U_MOSFETs and Driver Member=Component D17 RSB39VTE-17
Added Member To Class: ClassName=U_MOSFETs and Driver Member=Component D18 5988140107F
Added Member To Class: ClassName=U_MOSFETs and Driver Member=Component D21 5988140107F
Added Member To Class: ClassName=U_MOSFETs and Driver Member=Component D23 RSB39VTE-17
Added Member To Class: ClassName=U_MOSFETs and Driver Member=Component D26 RSB39VTE-17
Added Member To Class: ClassName=U_MZ Member=Component D28 SMAJ30A
Added Member To Class: ClassName=U_MZ Member=Component D29 SMAJ30A
Added Member To Class: ClassName=U_MZ Member=Component D30 SMAJ30A
Added Member To Class: ClassName=Designator Member=Component D32 S3A-13-F
Added Member To Class: ClassName=Designator Member=Component D34 SK310A-TP
Added Member To Class: ClassName=Designator Member=Component D35 MM3Z2V7T1G
Added Member To Class: ClassName=Designator Member=Component D36 RSB39VTE-17
Added Member To Class: ClassName=USB Member=Component D40 RSB39VTE-17
Added Member To Class: ClassName=ATSAM3X8E Main Controller - TR R1.1 Member=Component J2 Header 5X2
Added Member To Class: ClassName=ATSAM3X8E Main Controller - TR R1.1 Member=Component J4 Header 12X2
Added Member To Class: ClassName=U_MZ Member=Component J13 Molex 0705430003
Added Member To Class: ClassName=USB Member=Component J15 USB-B
Added Member To Class: ClassName=Designator Member=Component J16 MSTBV6
Added Member To Class: ClassName=Designator Member=Component J17 Molex 0705430003
Added Member To Class: ClassName=Designator Member=Component L1 LQM21FN100M70L
Added Member To Class: ClassName=USB Member=Component L7 MPZ1608S221A
Added Member To Class: ClassName=ATSAM3X8E Main Controller - TR R1.1 Member=Component R1 1k
Added Member To Class: ClassName=ATSAM3X8E Main Controller - TR R1.1 Member=Component R2 10K
Added Member To Class: ClassName=ATSAM3X8E Main Controller - TR R1.1 Member=Component R3 1k
Added Member To Class: ClassName=ATSAM3X8E Main Controller - TR R1.1 Member=Component R5 24r
Added Member To Class: ClassName=ATSAM3X8E Main Controller - TR R1.1 Member=Component R7 10K
Added Member To Class: ClassName=ATSAM3X8E Main Controller - TR R1.1 Member=Component R8 24r
Added Member To Class: ClassName=ATSAM3X8E Main Controller - TR R1.1 Member=Component R9 10K
Added Member To Class: ClassName=ATSAM3X8E Main Controller - TR R1.1 Member=Component R11 10K
Added Member To Class: ClassName=ATSAM3X8E Main Controller - TR R1.1 Member=Component R12 10K
Added Member To Class: ClassName=ATSAM3X8E Main Controller - TR R1.1 Member=Component R13 1k
Added Member To Class: ClassName=ATSAM3X8E Main Controller - TR R1.1 Member=Component R14 4.7K
Added Member To Class: ClassName=ATSAM3X8E Main Controller - TR R1.1 Member=Component R15 4.7K
Added Member To Class: ClassName=ATSAM3X8E Main Controller - TR R1.1 Member=Component R16 1k
Added Member To Class: ClassName=ATSAM3X8E Main Controller - TR R1.1 Member=Component R17 100K
Added Member To Class: ClassName=ATSAM3X8E Main Controller - TR R1.1 Member=Component R18 100K
Added Member To Class: ClassName=U_MOSFETs and Driver Member=Component R32 1.8K
Added Member To Class: ClassName=U_MOSFETs and Driver Member=Component R33 10R
Added Member To Class: ClassName=U_MOSFETs and Driver Member=Component R34 10R
Added Member To Class: ClassName=U_MOSFETs and Driver Member=Component R35 100K
Added Member To Class: ClassName=U_MOSFETs and Driver Member=Component R36 1.8K
Added Member To Class: ClassName=U_MOSFETs and Driver Member=Component R37 10R
Added Member To Class: ClassName=U_MOSFETs and Driver Member=Component R38 10R
Added Member To Class: ClassName=U_MOSFETs and Driver Member=Component R39 100K
Added Member To Class: ClassName=U_MOSFETs and Driver Member=Component R40 1.8K
Added Member To Class: ClassName=U_MOSFETs and Driver Member=Component R41 10R
Added Member To Class: ClassName=U_MOSFETs and Driver Member=Component R42 10R
Added Member To Class: ClassName=U_MOSFETs and Driver Member=Component R43 100K
Added Member To Class: ClassName=U_MOSFETs and Driver Member=Component R45 10R
Added Member To Class: ClassName=U_MOSFETs and Driver Member=Component R49 10R
Added Member To Class: ClassName=U_MOSFETs and Driver Member=Component R50 10R
Added Member To Class: ClassName=U_MOSFETs and Driver Member=Component R52 10R
Added Member To Class: ClassName=U_MOSFETs and Driver Member=Component R54 10R
Added Member To Class: ClassName=U_MZ Member=Component R59 1M
Added Member To Class: ClassName=U_MZ Member=Component R60 2512
Added Member To Class: ClassName=U_MZ Member=Component R61 2512
Added Member To Class: ClassName=U_MZ Member=Component R62 NP
Added Member To Class: ClassName=U_MZ Member=Component R63 NP
Added Member To Class: ClassName=Designator Member=Component R64 1k
Added Member To Class: ClassName=Designator Member=Component R65 200K
Added Member To Class: ClassName=Designator Member=Component R66 10K
Added Member To Class: ClassName=Designator Member=Component R67 0.6r
Added Member To Class: ClassName=Designator Member=Component R68 R0603TBD
Added Member To Class: ClassName=Designator Member=Component R74 R0402TBD
Added Member To Class: ClassName=Designator Member=Component R75 R0402TBD
Added Member To Class: ClassName=Designator Member=Component R77 R0402TBD
Added Member To Class: ClassName=Designator Member=Component R78 R0402TBD
Added Member To Class: ClassName=USB Member=Component R81 R0402TBD
Added Member To Class: ClassName=USB Member=Component R84 24r
Added Member To Class: ClassName=ATSAM3X8E Main Controller - TR R1.1 Member=Component TP2 TP4
Added Member To Class: ClassName=ATSAM3X8E Main Controller - TR R1.1 Member=Component TP3 TP4
Added Member To Class: ClassName=ATSAM3X8E Main Controller - TR R1.1 Member=Component TP8 TP4
Added Member To Class: ClassName=ATSAM3X8E Main Controller - TR R1.1 Member=Component TP9 TP4
Added Member To Class: ClassName=ATSAM3X8E Main Controller - TR R1.1 Member=Component TP10 TP4
Added Member To Class: ClassName=U_MOSFETs and Driver Member=Component TP28 TP4
Added Member To Class: ClassName=U_MOSFETs and Driver Member=Component TP29 TP4
Added Member To Class: ClassName=U_MZ Member=Component TP32 TP4
Added Member To Class: ClassName=U_MZ Member=Component TP33 TP4
Added Member To Class: ClassName=U_MZ Member=Component TP35 TP4
Added Member To Class: ClassName=U_MZ Member=Component TP36 TP4
Added Member To Class: ClassName=U_MZ Member=Component TP37 TP4
Added Member To Class: ClassName=U_MZ Member=Component TP39 TP4
Added Member To Class: ClassName=U_MZ Member=Component TP40 TP4
Added Member To Class: ClassName=U_MZ Member=Component TP41 TP4
Added Member To Class: ClassName=U_MZ Member=Component TP42 TP4
Added Member To Class: ClassName=Designator Member=Component TP46 TP4
Added Member To Class: ClassName=Designator Member=Component TP50 TP4
Added Member To Class: ClassName=Designator Member=Component TP51 TP4
Added Member To Class: ClassName=Designator Member=Component TP52 TP4
Added Member To Class: ClassName=USB Member=Component TP55 TP4
Added Member To Class: ClassName=USB Member=Component TP56 TP4
Added Member To Class: ClassName=USB Member=Component TP58 TP4
Added Member To Class: ClassName=ATSAM3X8E Main Controller - TR R1.1 Member=Component U1 ATML-ATSAM3X-LQFP-144
Added Member To Class: ClassName=U_MOSFETs and Driver Member=Component U6 ZXGD3009E6
Added Member To Class: ClassName=U_MOSFETs and Driver Member=Component U9 ZXGD3009E6
Added Member To Class: ClassName=U_MZ Member=Component U10 DRV8825
Added Member To Class: ClassName=Designator Member=Component U11 MIC5353-3.3YMT-TR
Added Member To Class: ClassName=Designator Member=Component U12 LM25011MY/NOPB
Added Member To Class: ClassName=USB Member=Component U13 ADuM4160
