Removed Pin From Net: NetName=PC27 Pin=P3-4
Removed Pin From Net: NetName=PA5_PWM Pin=P5-1
Removed Pin From Net: NetName=PD8_A21 Pin=P5-2
Removed Pin From Net: NetName=PA7_TCLK2 Pin=P5-3
Removed Pin From Net: NetName=PA8_URXD Pin=P5-5
Removed Pin From Net: NetName=MODE2_EXP2 Pin=P5-6
Removed Pin From Net: NetName=PA1_CANRX0 Pin=P5-7
Removed Pin From Net: NetName=PA0_CANTX0 Pin=P5-8
Removed Pin From Net: NetName=GND Pin=R71-1
Removed Pin From Net: NetName=FET_PWM1 Pin=R71-2
Removed Pin From Net: NetName=MOD2E2 Pin=U3-93
Removed Pin From Net: NetName=MIN_ES3 Pin=U3-100
Removed Pin From Net: NetName=MOD1E3 Pin=U3-113
Removed Pin From Net: NetName=MOD0E3 Pin=U3-114
Removed Pin From Net: NetName=STEP3 Pin=U3-115
Removed Pin From Net: NetName=EN3 Pin=U3-116
Removed Pin From Net: NetName=MOD2E4 Pin=U3-118
Removed Pin From Net: NetName=MOD1E4 Pin=U3-119
Removed Pin From Net: NetName=MOD0E4 Pin=U3-120
Removed Pin From Net: NetName=STEP4 Pin=U3-121
Removed Pin From Net: NetName=EN4 Pin=U3-122
Removed Pin From Net: NetName=DIR4 Pin=U3-123
Removed Pin From Net: NetName=MOD2E3 Pin=U3-131
Removed Pin From Net: NetName=REF_Z Pin=U3-144
Change Component DesignItemId : Designator=P5 Old DesignItemId=Header 6X2 New DesignItemId=Header 12X2
Change Component Footprint: Designator=P5 Old Footprint=HDR2X6 New Footprint=HDR2X12
Change Component Comment : Designator=P5 Old Comment=Header 6X2 New Comment=Header 12X2
Added Component: Designator=R76(R0402)
Added Pin To Net: NetName=TDI Pin=R71-1
Added Pin To Net: NetName=3.3VCC Pin=R71-2
Added Pin To Net: NetName=GND Pin=R71-1
Added Pin To Net: NetName=FET_PWM1 Pin=R71-2
Added Pin To Net: NetName=STEP_Z Pin=U3-93
Added Pin To Net: NetName=MOD2E_Z Pin=U3-99
Added Pin To Net: NetName=MOD1E_Z Pin=U3-100
Added Pin To Net: NetName=MOD0E_Z Pin=U3-101
Added Pin To Net: NetName=REF_Z Pin=U3-102
Added Pin To Net: NetName=PA29_CS Pin=P3-4
Added Pin To Net: NetName=PA29_CS Pin=U3-112
Added Net: Name=PA29_CS
Added Pin To Net: NetName=PB0_ETXCK Pin=P5-8
Added Pin To Net: NetName=PB0_ETXCK Pin=U3-113
Added Net: Name=PB0_ETXCK
Added Pin To Net: NetName=PB1_ETXEN Pin=P5-6
Added Pin To Net: NetName=PB1_ETXEN Pin=U3-114
Added Net: Name=PB1_ETXEN
Added Pin To Net: NetName=PB2_ETX0 Pin=P5-4
Added Pin To Net: NetName=PB2_ETX0 Pin=U3-115
Added Net: Name=PB2_ETX0
Added Pin To Net: NetName=PB3_ETX1 Pin=P5-2
Added Pin To Net: NetName=PB3_ETX1 Pin=U3-118
Added Net: Name=PB3_ETX1
Added Pin To Net: NetName=PB4_ECRSDV Pin=P5-1
Added Pin To Net: NetName=PB4_ECRSDV Pin=U3-119
Added Net: Name=PB4_ECRSDV
Added Pin To Net: NetName=PB5_ERX0 Pin=P5-3
Added Pin To Net: NetName=PB5_ERX0 Pin=U3-120
Added Net: Name=PB5_ERX0
Added Pin To Net: NetName=PB6_ERX1 Pin=P5-5
Added Pin To Net: NetName=PB6_ERX1 Pin=U3-121
Added Net: Name=PB6_ERX1
Added Pin To Net: NetName=PB7_ERXER Pin=P5-7
Added Pin To Net: NetName=PB7_ERXER Pin=U3-122
Added Net: Name=PB7_ERXER
Added Pin To Net: NetName=PB8_EMDC Pin=P5-9
Added Pin To Net: NetName=PB8_EMDC Pin=U3-123
Added Net: Name=PB8_EMDC
Added Pin To Net: NetName=PC4 Pin=U3-116
Added Net: Name=PC4
