Removed Member From Class: ClassName=U_MOSFETs and Driver Member=C12
Removed Member From Class: ClassName=Designator Member=C15
Removed Member From Class: ClassName=Designator Member=C23
Removed Member From Class: ClassName=U_MOSFETs and Driver Member=C24
Removed Member From Class: ClassName=Designator Member=C27
Removed Member From Class: ClassName=Designator Member=C34
Removed Member From Class: ClassName=Designator Member=C38
Removed Member From Class: ClassName=USB Member=C41
Removed Member From Class: ClassName=USB Member=C43
Removed Member From Class: ClassName=USB Member=C46
Removed Member From Class: ClassName=ES2 Member=C54
Removed Member From Class: ClassName=ES3 Member=C54
Removed Member From Class: ClassName=Designator Member=C61
Removed Member From Class: ClassName=ES2 Member=C61
Removed Member From Class: ClassName=ES1 Member=C63
Removed Member From Class: ClassName=ES3 Member=C64
Removed Member From Class: ClassName=ATSAM3X8E Main Controller - TR R1.1 Member=C65
Removed Member From Class: ClassName=ATSAM3X8E Main Controller - TR R1.1 Member=C67
Removed Member From Class: ClassName=Designator Member=C69
Removed Member From Class: ClassName=Designator Member=C73
Removed Member From Class: ClassName=TR4 Member=C73
Removed Member From Class: ClassName=Designator Member=C74
Removed Member From Class: ClassName=TR2 Member=C75
Removed Member From Class: ClassName=TR3 Member=C75
Removed Member From Class: ClassName=USB Member=C80
Removed Member From Class: ClassName=M3 Member=C85
Removed Member From Class: ClassName=M1 Member=C86
Removed Member From Class: ClassName=M2 Member=C86
Removed Member From Class: ClassName=M3 Member=C87
Removed Member From Class: ClassName=M4 Member=C87
Removed Member From Class: ClassName=M2 Member=C94
Removed Member From Class: ClassName=M1 Member=C97
Removed Member From Class: ClassName=Designator Member=C99
Removed Member From Class: ClassName=M4 Member=C99
Removed Member From Class: ClassName=U_MZ Member=C103
Removed Member From Class: ClassName=M3 Member=C104
Removed Member From Class: ClassName=M3 Member=C106
Removed Member From Class: ClassName=M4 Member=C106
Removed Member From Class: ClassName=M3 Member=C109
Removed Member From Class: ClassName=M2 Member=C114
Removed Member From Class: ClassName=U_MZ Member=C114
Removed Member From Class: ClassName=U_MZ Member=C119
Removed Member From Class: ClassName=Designator Member=C122
Removed Member From Class: ClassName=M1 Member=C122
Removed Member From Class: ClassName=M2 Member=C123
Removed Member From Class: ClassName=U_MZ Member=C123
Removed Member From Class: ClassName=U_MZ Member=C125
Removed Member From Class: ClassName=U_MZ Member=C127
Removed Member From Class: ClassName=M3 Member=C129
Removed Member From Class: ClassName=M3 Member=C131
Removed Member From Class: ClassName=M3 Member=C133
Removed Member From Class: ClassName=M2 Member=C140
Removed Member From Class: ClassName=M4 Member=C140
Removed Member From Class: ClassName=M2 Member=C142
Removed Member From Class: ClassName=M2 Member=C144
Removed Member From Class: ClassName=Designator Member=D9
Removed Member From Class: ClassName=U_MOSFETs and Driver Member=D16
Removed Member From Class: ClassName=TR2 Member=D34
Removed Member From Class: ClassName=TR4 Member=D35
Removed Member From Class: ClassName=TR3 Member=D36
Removed Member From Class: ClassName=Designator Member=D39
Removed Member From Class: ClassName=M3 Member=D48
Removed Member From Class: ClassName=M4 Member=D50
Removed Member From Class: ClassName=M2 Member=D52
Removed Member From Class: ClassName=M1 Member=D57
Removed Member From Class: ClassName=M3 Member=D57
Removed Member From Class: ClassName=M4 Member=D57
Removed Member From Class: ClassName=M4 Member=D58
Removed Member From Class: ClassName=U_MZ Member=D59
Removed Member From Class: ClassName=M2 Member=D61
Removed Member From Class: ClassName=M1 Member=D63
Removed Member From Class: ClassName=ES3 Member=J5
Removed Member From Class: ClassName=ATSAM3X8E Main Controller - TR R1.1 Member=J15
Removed Member From Class: ClassName=TR2 Member=J18
Removed Member From Class: ClassName=TR3 Member=J18
Removed Member From Class: ClassName=ATSAM3X8E Main Controller - TR R1.1 Member=J19
Removed Member From Class: ClassName=Designator Member=L6
Removed Member From Class: ClassName=U_MOSFETs and Driver Member=R2
Removed Member From Class: ClassName=Designator Member=R6
Removed Member From Class: ClassName=Designator Member=R7
Removed Member From Class: ClassName=Designator Member=R8
Removed Member From Class: ClassName=U_MOSFETs and Driver Member=R10
Removed Member From Class: ClassName=Designator Member=R13
Removed Member From Class: ClassName=ATSAM3X8E Main Controller - TR R1.1 Member=R32
Removed Member From Class: ClassName=U_MOSFETs and Driver Member=R32
Removed Member From Class: ClassName=ATSAM3X8E Main Controller - TR R1.1 Member=R38
Removed Member From Class: ClassName=USB Member=R43
Removed Member From Class: ClassName=ATSAM3X8E Main Controller - TR R1.1 Member=R45
Removed Member From Class: ClassName=USB Member=R48
Removed Member From Class: ClassName=ES2 Member=R55
Removed Member From Class: ClassName=ES3 Member=R55
Removed Member From Class: ClassName=ATSAM3X8E Main Controller - TR R1.1 Member=R56
Removed Member From Class: ClassName=Designator Member=R56
Removed Member From Class: ClassName=ATSAM3X8E Main Controller - TR R1.1 Member=R57
Removed Member From Class: ClassName=ES1 Member=R61
Removed Member From Class: ClassName=ES3 Member=R62
Removed Member From Class: ClassName=ES2 Member=R66
Removed Member From Class: ClassName=ATSAM3X8E Main Controller - TR R1.1 Member=R69
Removed Member From Class: ClassName=ES2 Member=R70
Removed Member From Class: ClassName=TR1 Member=R72
Removed Member From Class: ClassName=TR3 Member=R72
Removed Member From Class: ClassName=ATSAM3X8E Main Controller - TR R1.1 Member=R74
Removed Member From Class: ClassName=Designator Member=R74
Removed Member From Class: ClassName=TR2 Member=R74
Removed Member From Class: ClassName=ATSAM3X8E Main Controller - TR R1.1 Member=R77
Removed Member From Class: ClassName=ATSAM3X8E Main Controller - TR R1.1 Member=R78
Removed Member From Class: ClassName=ATSAM3X8E Main Controller - TR R1.1 Member=R83
Removed Member From Class: ClassName=TR2 Member=R83
Removed Member From Class: ClassName=M3 Member=R88
Removed Member From Class: ClassName=M2 Member=R91
Removed Member From Class: ClassName=M1 Member=R94
Removed Member From Class: ClassName=M2 Member=R94
Removed Member From Class: ClassName=M3 Member=R94
Removed Member From Class: ClassName=M3 Member=R97
Removed Member From Class: ClassName=M2 Member=R99
Removed Member From Class: ClassName=M3 Member=R106
Removed Member From Class: ClassName=U_MZ Member=R106
Removed Member From Class: ClassName=M2 Member=R107
Removed Member From Class: ClassName=U_MZ Member=R108
Removed Member From Class: ClassName=M1 Member=R110
Removed Member From Class: ClassName=M2 Member=R111
Removed Member From Class: ClassName=M3 Member=R114
Removed Member From Class: ClassName=M4 Member=R114
Removed Member From Class: ClassName=M4 Member=R119
Removed Member From Class: ClassName=U_MZ Member=R119
Removed Member From Class: ClassName=M1 Member=R121
Removed Member From Class: ClassName=M3 Member=R121
Removed Member From Class: ClassName=U_MZ Member=R121
Removed Member From Class: ClassName=M2 Member=R122
Removed Member From Class: ClassName=M3 Member=R122
Removed Member From Class: ClassName=M3 Member=TP6
Removed Member From Class: ClassName=U_MZ Member=TP6
Removed Member From Class: ClassName=U_MZ Member=TP7
Removed Member From Class: ClassName=M1 Member=TP9
Removed Member From Class: ClassName=U_MZ Member=TP10
Removed Member From Class: ClassName=M2 Member=TP14
Removed Member From Class: ClassName=M3 Member=TP14
Removed Member From Class: ClassName=M4 Member=TP15
Removed Member From Class: ClassName=M2 Member=TP16
Removed Member From Class: ClassName=M2 Member=TP18
Removed Member From Class: ClassName=M4 Member=TP23
Removed Member From Class: ClassName=U_MZ Member=TP25
Removed Member From Class: ClassName=M2 Member=TP26
Removed Member From Class: ClassName=M3 Member=TP35
Removed Member From Class: ClassName=U_MZ Member=TP35
Removed Member From Class: ClassName=Designator Member=TP43
Removed Member From Class: ClassName=Designator Member=TP44
Removed Member From Class: ClassName=ATSAM3X8E Main Controller - TR R1.1 Member=TP47
Removed Member From Class: ClassName=Designator Member=TP49
Removed Member From Class: ClassName=Designator Member=TP54
Removed Member From Class: ClassName=TR1 Member=TP68
Removed Member From Class: ClassName=TR2 Member=TP69
Removed Member From Class: ClassName=TR4 Member=TP69
Removed Member From Class: ClassName=ATSAM3X8E Main Controller - TR R1.1 Member=TP74
Removed Member From Class: ClassName=M1 Member=TP79
Removed Member From Class: ClassName=U_MZ Member=TP79
Removed Member From Class: ClassName=M4 Member=TP82
Change Component Designator: OldDesignator=C1 NewDesignator=C85
Change Component Designator: OldDesignator=C2 NewDesignator=C117
Change Component Designator: OldDesignator=C3 NewDesignator=C118
Change Component Designator: OldDesignator=C4 NewDesignator=C121
Change Component Designator: OldDesignator=C5 NewDesignator=C119
Change Component Designator: OldDesignator=C6 NewDesignator=C120
Change Component Designator: OldDesignator=C7 NewDesignator=C61
Change Component Designator: OldDesignator=C8 NewDesignator=C64
Change Component Designator: OldDesignator=C9 NewDesignator=C66
Change Component Designator: OldDesignator=C10 NewDesignator=C68
Change Component Designator: OldDesignator=C11 NewDesignator=C70
Change Component Designator: OldDesignator=C12 NewDesignator=C122
Change Component Designator: OldDesignator=C13 NewDesignator=C88
Change Component Designator: OldDesignator=C14 NewDesignator=C124
Change Component Designator: OldDesignator=C15 NewDesignator=C59
Change Component Designator: OldDesignator=C16 NewDesignator=C87
Change Component Designator: OldDesignator=C17 NewDesignator=C86
Change Component Designator: OldDesignator=C18 NewDesignator=C62
Change Component Designator: OldDesignator=C19 NewDesignator=C63
Change Component Designator: OldDesignator=C20 NewDesignator=C65
Change Component Designator: OldDesignator=C21 NewDesignator=C60
Change Component Designator: OldDesignator=C22 NewDesignator=C67
Change Component Designator: OldDesignator=C23 NewDesignator=C141
Change Component Designator: OldDesignator=C24 NewDesignator=C116
Change Component Designator: OldDesignator=C25 NewDesignator=C93
Change Component Designator: OldDesignator=C26 NewDesignator=C69
Change Component Designator: OldDesignator=C27 NewDesignator=C135
Change Component Designator: OldDesignator=C28 NewDesignator=C139
Change Component Designator: OldDesignator=C29 NewDesignator=C137
Change Component Designator: OldDesignator=C30 NewDesignator=C113
Change Component Designator: OldDesignator=C31 NewDesignator=C140
Change Component Designator: OldDesignator=C32 NewDesignator=C138
Change Component Designator: OldDesignator=C33 NewDesignator=C143
Change Component Designator: OldDesignator=C34 NewDesignator=C136
Change Component Designator: OldDesignator=C35 NewDesignator=C129
Change Component Designator: OldDesignator=C36 NewDesignator=C115
Change Component Designator: OldDesignator=C37 NewDesignator=C130
Change Component Designator: OldDesignator=C38 NewDesignator=C131
Change Component Designator: OldDesignator=C39 NewDesignator=C90
Change Component Designator: OldDesignator=C40 NewDesignator=C114
Change Component Designator: OldDesignator=C41 NewDesignator=C94
Change Component Designator: OldDesignator=C42 NewDesignator=C95
Change Component Designator: OldDesignator=C43 NewDesignator=C96
Change Component Designator: OldDesignator=C44 NewDesignator=C142
Change Component Designator: OldDesignator=C45 NewDesignator=C99
Change Component Designator: OldDesignator=C46 NewDesignator=C110
Change Component Designator: OldDesignator=C47 NewDesignator=C89
Change Component Designator: OldDesignator=C48 NewDesignator=C144
Change Component Designator: OldDesignator=C49 NewDesignator=C132
Change Component Designator: OldDesignator=C50 NewDesignator=C107
Change Component Designator: OldDesignator=C51 NewDesignator=C102
Change Component Designator: OldDesignator=C52 NewDesignator=C108
Change Component Designator: OldDesignator=C53 NewDesignator=C97
Change Component Designator: OldDesignator=C54 NewDesignator=C4
Change Component Designator: OldDesignator=C55 NewDesignator=C83
Change Component Designator: OldDesignator=C56 NewDesignator=C84
Change Component Designator: OldDesignator=C57 NewDesignator=C98
Change Component Designator: OldDesignator=C58 NewDesignator=C111
Change Component Designator: OldDesignator=C59 NewDesignator=C2
Change Component Designator: OldDesignator=C60 NewDesignator=C123
Change Component Designator: OldDesignator=C61 NewDesignator=C6
Change Component Designator: OldDesignator=C62 NewDesignator=C5
Change Component Designator: OldDesignator=C63 NewDesignator=C8
Change Component Designator: OldDesignator=C64 NewDesignator=C3
Change Component Designator: OldDesignator=C65 NewDesignator=C7
Change Component Designator: OldDesignator=C66 NewDesignator=C103
Change Component Designator: OldDesignator=C67 NewDesignator=C109
Change Component Designator: OldDesignator=C68 NewDesignator=C100
Change Component Designator: OldDesignator=C69 NewDesignator=C10
Change Component Designator: OldDesignator=C70 NewDesignator=C9
Change Component Designator: OldDesignator=C71 NewDesignator=C91
Change Component Designator: OldDesignator=C72 NewDesignator=C92
Change Component Designator: OldDesignator=C73 NewDesignator=C133
Change Component Designator: OldDesignator=C74 NewDesignator=C134
Change Component Designator: OldDesignator=C75 NewDesignator=C101
Change Component Designator: OldDesignator=C76 NewDesignator=C112
Change Component Designator: OldDesignator=C77 NewDesignator=C125
Change Component Designator: OldDesignator=C78 NewDesignator=C126
Change Component Designator: OldDesignator=C79 NewDesignator=C127
Change Component Designator: OldDesignator=C80 NewDesignator=C128
Change Component Designator: OldDesignator=C81 NewDesignator=C1
Change Component Designator: OldDesignator=C82 NewDesignator=C14
Change Component Designator: OldDesignator=C83 NewDesignator=C22
Change Component Designator: OldDesignator=C84 NewDesignator=C26
Change Component Designator: OldDesignator=C85 NewDesignator=C34
Change Component Designator: OldDesignator=C86 NewDesignator=C74
Change Component Designator: OldDesignator=C87 NewDesignator=C82
Change Component Designator: OldDesignator=C88 NewDesignator=C38
Change Component Designator: OldDesignator=C89 NewDesignator=C46
Change Component Designator: OldDesignator=C90 NewDesignator=C50
Change Component Designator: OldDesignator=C91 NewDesignator=C58
Change Component Designator: OldDesignator=C92 NewDesignator=C104
Change Component Designator: OldDesignator=C93 NewDesignator=C13
Change Component Designator: OldDesignator=C94 NewDesignator=C15
Change Component Designator: OldDesignator=C95 NewDesignator=C12
Change Component Designator: OldDesignator=C96 NewDesignator=C11
Change Component Designator: OldDesignator=C97 NewDesignator=C24
Change Component Designator: OldDesignator=C98 NewDesignator=C75
Change Component Designator: OldDesignator=C99 NewDesignator=C39
Change Component Designator: OldDesignator=C100 NewDesignator=C51
Change Component Designator: OldDesignator=C101 NewDesignator=C105
Change Component Designator: OldDesignator=C102 NewDesignator=C106
Change Component Designator: OldDesignator=C103 NewDesignator=C20
Change Component Designator: OldDesignator=C104 NewDesignator=C21
Change Component Designator: OldDesignator=C105 NewDesignator=C27
Change Component Designator: OldDesignator=C106 NewDesignator=C32
Change Component Designator: OldDesignator=C107 NewDesignator=C25
Change Component Designator: OldDesignator=C108 NewDesignator=C33
Change Component Designator: OldDesignator=C109 NewDesignator=C81
Change Component Designator: OldDesignator=C110 NewDesignator=C73
Change Component Designator: OldDesignator=C111 NewDesignator=C80
Change Component Designator: OldDesignator=C112 NewDesignator=C71
Change Component Designator: OldDesignator=C113 NewDesignator=C44
Change Component Designator: OldDesignator=C114 NewDesignator=C37
Change Component Designator: OldDesignator=C115 NewDesignator=C45
Change Component Designator: OldDesignator=C116 NewDesignator=C35
Change Component Designator: OldDesignator=C117 NewDesignator=C72
Change Component Designator: OldDesignator=C118 NewDesignator=C56
Change Component Designator: OldDesignator=C119 NewDesignator=C49
Change Component Designator: OldDesignator=C120 NewDesignator=C57
Change Component Designator: OldDesignator=C121 NewDesignator=C36
Change Component Designator: OldDesignator=C122 NewDesignator=C23
Change Component Designator: OldDesignator=C123 NewDesignator=C48
Change Component Designator: OldDesignator=C124 NewDesignator=C47
Change Component Designator: OldDesignator=C125 NewDesignator=C16
Change Component Designator: OldDesignator=C126 NewDesignator=C17
Change Component Designator: OldDesignator=C127 NewDesignator=C18
Change Component Designator: OldDesignator=C128 NewDesignator=C19
Change Component Designator: OldDesignator=C129 NewDesignator=C28
Change Component Designator: OldDesignator=C130 NewDesignator=C29
Change Component Designator: OldDesignator=C131 NewDesignator=C77
Change Component Designator: OldDesignator=C132 NewDesignator=C76
Change Component Designator: OldDesignator=C133 NewDesignator=C30
Change Component Designator: OldDesignator=C134 NewDesignator=C31
Change Component Designator: OldDesignator=C135 NewDesignator=C79
Change Component Designator: OldDesignator=C136 NewDesignator=C78
Change Component Designator: OldDesignator=C137 NewDesignator=C40
Change Component Designator: OldDesignator=C138 NewDesignator=C41
Change Component Designator: OldDesignator=C139 NewDesignator=C42
Change Component Designator: OldDesignator=C140 NewDesignator=C43
Change Component Designator: OldDesignator=C141 NewDesignator=C52
Change Component Designator: OldDesignator=C142 NewDesignator=C53
Change Component Designator: OldDesignator=C143 NewDesignator=C54
Change Component Designator: OldDesignator=C144 NewDesignator=C55
Change Component Designator: OldDesignator=D1 NewDesignator=D47
Change Component Designator: OldDesignator=D2 NewDesignator=D26
Change Component Designator: OldDesignator=D3 NewDesignator=D30
Change Component Designator: OldDesignator=D4 NewDesignator=D28
Change Component Designator: OldDesignator=D5 NewDesignator=D33
Change Component Designator: OldDesignator=D6 NewDesignator=D31
Change Component Designator: OldDesignator=D7 NewDesignator=D32
Change Component Designator: OldDesignator=D8 NewDesignator=D36
Change Component Designator: OldDesignator=D9 NewDesignator=D34
Change Component Designator: OldDesignator=D10 NewDesignator=D35
Change Component Designator: OldDesignator=D11 NewDesignator=D39
Change Component Designator: OldDesignator=D12 NewDesignator=D37
Change Component Designator: OldDesignator=D13 NewDesignator=D38
Change Component Designator: OldDesignator=D14 NewDesignator=D42
Change Component Designator: OldDesignator=D15 NewDesignator=D40
Change Component Designator: OldDesignator=D16 NewDesignator=D50
Change Component Designator: OldDesignator=D17 NewDesignator=D53
Change Component Designator: OldDesignator=D18 NewDesignator=D29
Change Component Designator: OldDesignator=D19 NewDesignator=D41
Change Component Designator: OldDesignator=D20 NewDesignator=D25
Change Component Designator: OldDesignator=D21 NewDesignator=D27
Change Component Designator: OldDesignator=D22 NewDesignator=D48
Change Component Designator: OldDesignator=D23 NewDesignator=D51
Change Component Designator: OldDesignator=D24 NewDesignator=D1
Change Component Designator: OldDesignator=D25 NewDesignator=D2
Change Component Designator: OldDesignator=D26 NewDesignator=D63
Change Component Designator: OldDesignator=D27 NewDesignator=D62
Change Component Designator: OldDesignator=D28 NewDesignator=D4
Change Component Designator: OldDesignator=D29 NewDesignator=D3
Change Component Designator: OldDesignator=D30 NewDesignator=D6
Change Component Designator: OldDesignator=D31 NewDesignator=D5
Change Component Designator: OldDesignator=D32 NewDesignator=D8
Change Component Designator: OldDesignator=D33 NewDesignator=D7
Change Component Designator: OldDesignator=D34 NewDesignator=D54
Change Component Designator: OldDesignator=D35 NewDesignator=D55
Change Component Designator: OldDesignator=D36 NewDesignator=D57
Change Component Designator: OldDesignator=D37 NewDesignator=D56
Change Component Designator: OldDesignator=D38 NewDesignator=D58
Change Component Designator: OldDesignator=D39 NewDesignator=D59
Change Component Designator: OldDesignator=D40 NewDesignator=D60
Change Component Designator: OldDesignator=D41 NewDesignator=D61
Change Component Designator: OldDesignator=D42 NewDesignator=D52
Change Component Designator: OldDesignator=D43 NewDesignator=D49
Change Component Designator: OldDesignator=D44 NewDesignator=D9
Change Component Designator: OldDesignator=D45 NewDesignator=D11
Change Component Designator: OldDesignator=D46 NewDesignator=D15
Change Component Designator: OldDesignator=D47 NewDesignator=D43
Change Component Designator: OldDesignator=D48 NewDesignator=D45
Change Component Designator: OldDesignator=D49 NewDesignator=D17
Change Component Designator: OldDesignator=D50 NewDesignator=D19
Change Component Designator: OldDesignator=D51 NewDesignator=D21
Change Component Designator: OldDesignator=D52 NewDesignator=D23
Change Component Designator: OldDesignator=D53 NewDesignator=D13
Change Component Designator: OldDesignator=D54 NewDesignator=D10
Change Component Designator: OldDesignator=D55 NewDesignator=D12
Change Component Designator: OldDesignator=D56 NewDesignator=D14
Change Component Designator: OldDesignator=D57 NewDesignator=D16
Change Component Designator: OldDesignator=D58 NewDesignator=D44
Change Component Designator: OldDesignator=D59 NewDesignator=D46
Change Component Designator: OldDesignator=D60 NewDesignator=D18
Change Component Designator: OldDesignator=D61 NewDesignator=D20
Change Component Designator: OldDesignator=D62 NewDesignator=D22
Change Component Designator: OldDesignator=D63 NewDesignator=D24
Change Component Designator: OldDesignator=FD1 NewDesignator=FD3
Change Component Designator: OldDesignator=FD3 NewDesignator=FD1
Change Component Designator: OldDesignator=H1 NewDesignator=H3
Change Component Designator: OldDesignator=H2 NewDesignator=H4
Change Component Designator: OldDesignator=H3 NewDesignator=H6
Change Component Designator: OldDesignator=H4 NewDesignator=H7
Change Component Designator: OldDesignator=H6 NewDesignator=H2
Change Component Designator: OldDesignator=H7 NewDesignator=H1
Change Component Designator: OldDesignator=J1 NewDesignator=J18
Change Component Designator: OldDesignator=J2 NewDesignator=J17
Change Component Designator: OldDesignator=J3 NewDesignator=J21
Change Component Designator: OldDesignator=J4 NewDesignator=J6
Change Component Designator: OldDesignator=J5 NewDesignator=J27
Change Component Designator: OldDesignator=J6 NewDesignator=J7
Change Component Designator: OldDesignator=J7 NewDesignator=J9
Change Component Designator: OldDesignator=J8 NewDesignator=J11
Change Component Designator: OldDesignator=J9 NewDesignator=J8
Change Component Designator: OldDesignator=J11 NewDesignator=J12
Change Component Designator: OldDesignator=J12 NewDesignator=J3
Change Component Designator: OldDesignator=J13 NewDesignator=J2
Change Component Designator: OldDesignator=J14 NewDesignator=J1
Change Component Designator: OldDesignator=J15 NewDesignator=J23
Change Component Designator: OldDesignator=J16 NewDesignator=J24
Change Component Designator: OldDesignator=J17 NewDesignator=J25
Change Component Designator: OldDesignator=J18 NewDesignator=J26
Change Component Designator: OldDesignator=J19 NewDesignator=J4
Change Component Designator: OldDesignator=J20 NewDesignator=J5
Change Component Designator: OldDesignator=J21 NewDesignator=J22
Change Component Designator: OldDesignator=J22 NewDesignator=J13
Change Component Designator: OldDesignator=J23 NewDesignator=J14
Change Component Designator: OldDesignator=J24 NewDesignator=J20
Change Component Designator: OldDesignator=J25 NewDesignator=J19
Change Component Designator: OldDesignator=J26 NewDesignator=J15
Change Component Designator: OldDesignator=J27 NewDesignator=J16
Change Component Designator: OldDesignator=L1 NewDesignator=L4
Change Component Designator: OldDesignator=L2 NewDesignator=L5
Change Component Designator: OldDesignator=L3 NewDesignator=L7
Change Component Designator: OldDesignator=L4 NewDesignator=L1
Change Component Designator: OldDesignator=L5 NewDesignator=L6
Change Component Designator: OldDesignator=L6 NewDesignator=L3
Change Component Designator: OldDesignator=L7 NewDesignator=L2
Change Component Designator: OldDesignator=R1 NewDesignator=R97
Change Component Designator: OldDesignator=R2 NewDesignator=R109
Change Component Designator: OldDesignator=R3 NewDesignator=R98
Change Component Designator: OldDesignator=R4 NewDesignator=R68
Change Component Designator: OldDesignator=R5 NewDesignator=R72
Change Component Designator: OldDesignator=R6 NewDesignator=R76
Change Component Designator: OldDesignator=R7 NewDesignator=R80
Change Component Designator: OldDesignator=R8 NewDesignator=R85
Change Component Designator: OldDesignator=R9 NewDesignator=R100
Change Component Designator: OldDesignator=R10 NewDesignator=R101
Change Component Designator: OldDesignator=R11 NewDesignator=R99
Change Component Designator: OldDesignator=R12 NewDesignator=R105
Change Component Designator: OldDesignator=R13 NewDesignator=R64
Change Component Designator: OldDesignator=R14 NewDesignator=R103
Change Component Designator: OldDesignator=R15 NewDesignator=R67
Change Component Designator: OldDesignator=R16 NewDesignator=R65
Change Component Designator: OldDesignator=R17 NewDesignator=R69
Change Component Designator: OldDesignator=R18 NewDesignator=R71
Change Component Designator: OldDesignator=R19 NewDesignator=R70
Change Component Designator: OldDesignator=R20 NewDesignator=R75
Change Component Designator: OldDesignator=R21 NewDesignator=R73
Change Component Designator: OldDesignator=R22 NewDesignator=R74
Change Component Designator: OldDesignator=R23 NewDesignator=R79
Change Component Designator: OldDesignator=R24 NewDesignator=R77
Change Component Designator: OldDesignator=R25 NewDesignator=R83
Change Component Designator: OldDesignator=R26 NewDesignator=R82
Change Component Designator: OldDesignator=R27 NewDesignator=R66
Change Component Designator: OldDesignator=R28 NewDesignator=R78
Change Component Designator: OldDesignator=R29 NewDesignator=R81
Change Component Designator: OldDesignator=R30 NewDesignator=R87
Change Component Designator: OldDesignator=R31 NewDesignator=R84
Change Component Designator: OldDesignator=R32 NewDesignator=R110
Change Component Designator: OldDesignator=R33 NewDesignator=R19
Change Component Designator: OldDesignator=R34 NewDesignator=R86
Change Component Designator: OldDesignator=R35 NewDesignator=R96
Change Component Designator: OldDesignator=R36 NewDesignator=R13
Change Component Designator: OldDesignator=R37 NewDesignator=R16
Change Component Designator: OldDesignator=R38 NewDesignator=R119
Change Component Designator: OldDesignator=R39 NewDesignator=R17
Change Component Designator: OldDesignator=R40 NewDesignator=R18
Change Component Designator: OldDesignator=R41 NewDesignator=R128
Change Component Designator: OldDesignator=R42 NewDesignator=R125
Change Component Designator: OldDesignator=R43 NewDesignator=R1
Change Component Designator: OldDesignator=R44 NewDesignator=R120
Change Component Designator: OldDesignator=R45 NewDesignator=R124
Change Component Designator: OldDesignator=R46 NewDesignator=R126
Change Component Designator: OldDesignator=R47 NewDesignator=R122
Change Component Designator: OldDesignator=R48 NewDesignator=R15
Change Component Designator: OldDesignator=R49 NewDesignator=R127
Change Component Designator: OldDesignator=R50 NewDesignator=R123
Change Component Designator: OldDesignator=R51 NewDesignator=R3
Change Component Designator: OldDesignator=R52 NewDesignator=R121
Change Component Designator: OldDesignator=R53 NewDesignator=R22
Change Component Designator: OldDesignator=R54 NewDesignator=R104
Change Component Designator: OldDesignator=R55 NewDesignator=R7
Change Component Designator: OldDesignator=R56 NewDesignator=R20
Change Component Designator: OldDesignator=R57 NewDesignator=R23
Change Component Designator: OldDesignator=R58 NewDesignator=R26
Change Component Designator: OldDesignator=R59 NewDesignator=R21
Change Component Designator: OldDesignator=R60 NewDesignator=R27
Change Component Designator: OldDesignator=R61 NewDesignator=R25
Change Component Designator: OldDesignator=R62 NewDesignator=R10
Change Component Designator: OldDesignator=R63 NewDesignator=R31
Change Component Designator: OldDesignator=R64 NewDesignator=R11
Change Component Designator: OldDesignator=R65 NewDesignator=R6
Change Component Designator: OldDesignator=R66 NewDesignator=R9
Change Component Designator: OldDesignator=R67 NewDesignator=R24
Change Component Designator: OldDesignator=R68 NewDesignator=R30
Change Component Designator: OldDesignator=R69 NewDesignator=R28
Change Component Designator: OldDesignator=R70 NewDesignator=R29
Change Component Designator: OldDesignator=R71 NewDesignator=R14
Change Component Designator: OldDesignator=R72 NewDesignator=R12
Change Component Designator: OldDesignator=R73 NewDesignator=R5
Change Component Designator: OldDesignator=R74 NewDesignator=R112
Change Component Designator: OldDesignator=R75 NewDesignator=R111
Change Component Designator: OldDesignator=R76 NewDesignator=R114
Change Component Designator: OldDesignator=R77 NewDesignator=R113
Change Component Designator: OldDesignator=R78 NewDesignator=R116
Change Component Designator: OldDesignator=R79 NewDesignator=R118
Change Component Designator: OldDesignator=R80 NewDesignator=R4
Change Component Designator: OldDesignator=R81 NewDesignator=R8
Change Component Designator: OldDesignator=R82 NewDesignator=R115
Change Component Designator: OldDesignator=R83 NewDesignator=R117
Change Component Designator: OldDesignator=R84 NewDesignator=R102
Change Component Designator: OldDesignator=R85 NewDesignator=R2
Change Component Designator: OldDesignator=R86 NewDesignator=R39
Change Component Designator: OldDesignator=R87 NewDesignator=R38
Change Component Designator: OldDesignator=R88 NewDesignator=R47
Change Component Designator: OldDesignator=R89 NewDesignator=R46
Change Component Designator: OldDesignator=R90 NewDesignator=R95
Change Component Designator: OldDesignator=R91 NewDesignator=R94
Change Component Designator: OldDesignator=R92 NewDesignator=R55
Change Component Designator: OldDesignator=R93 NewDesignator=R54
Change Component Designator: OldDesignator=R94 NewDesignator=R63
Change Component Designator: OldDesignator=R95 NewDesignator=R62
Change Component Designator: OldDesignator=R96 NewDesignator=R107
Change Component Designator: OldDesignator=R97 NewDesignator=R35
Change Component Designator: OldDesignator=R98 NewDesignator=R33
Change Component Designator: OldDesignator=R99 NewDesignator=R32
Change Component Designator: OldDesignator=R100 NewDesignator=R43
Change Component Designator: OldDesignator=R101 NewDesignator=R91
Change Component Designator: OldDesignator=R102 NewDesignator=R89
Change Component Designator: OldDesignator=R103 NewDesignator=R51
Change Component Designator: OldDesignator=R104 NewDesignator=R50
Change Component Designator: OldDesignator=R105 NewDesignator=R48
Change Component Designator: OldDesignator=R106 NewDesignator=R57
Change Component Designator: OldDesignator=R107 NewDesignator=R88
Change Component Designator: OldDesignator=R108 NewDesignator=R37
Change Component Designator: OldDesignator=R109 NewDesignator=R36
Change Component Designator: OldDesignator=R110 NewDesignator=R41
Change Component Designator: OldDesignator=R111 NewDesignator=R34
Change Component Designator: OldDesignator=R112 NewDesignator=R49
Change Component Designator: OldDesignator=R113 NewDesignator=R45
Change Component Designator: OldDesignator=R114 NewDesignator=R44
Change Component Designator: OldDesignator=R115 NewDesignator=R42
Change Component Designator: OldDesignator=R116 NewDesignator=R40
Change Component Designator: OldDesignator=R117 NewDesignator=R93
Change Component Designator: OldDesignator=R118 NewDesignator=R90
Change Component Designator: OldDesignator=R119 NewDesignator=R53
Change Component Designator: OldDesignator=R120 NewDesignator=R52
Change Component Designator: OldDesignator=R121 NewDesignator=R59
Change Component Designator: OldDesignator=R122 NewDesignator=R56
Change Component Designator: OldDesignator=R123 NewDesignator=R61
Change Component Designator: OldDesignator=R124 NewDesignator=R58
Change Component Designator: OldDesignator=R125 NewDesignator=R92
Change Component Designator: OldDesignator=R126 NewDesignator=R60
Change Component Designator: OldDesignator=R127 NewDesignator=R106
Change Component Designator: OldDesignator=R128 NewDesignator=R108
Change Component Designator: OldDesignator=S1 NewDesignator=S2
Change Component Designator: OldDesignator=S2 NewDesignator=S1
Change Component Designator: OldDesignator=TP1 NewDesignator=TP19
Change Component Designator: OldDesignator=TP2 NewDesignator=TP28
Change Component Designator: OldDesignator=TP3 NewDesignator=TP27
Change Component Designator: OldDesignator=TP4 NewDesignator=TP24
Change Component Designator: OldDesignator=TP5 NewDesignator=TP26
Change Component Designator: OldDesignator=TP6 NewDesignator=TP25
Change Component Designator: OldDesignator=TP7 NewDesignator=TP36
Change Component Designator: OldDesignator=TP8 NewDesignator=TP31
Change Component Designator: OldDesignator=TP9 NewDesignator=TP37
Change Component Designator: OldDesignator=TP10 NewDesignator=TP38
Change Component Designator: OldDesignator=TP11 NewDesignator=TP39
Change Component Designator: OldDesignator=TP12 NewDesignator=TP40
Change Component Designator: OldDesignator=TP13 NewDesignator=TP78
Change Component Designator: OldDesignator=TP14 NewDesignator=TP77
Change Component Designator: OldDesignator=TP15 NewDesignator=TP76
Change Component Designator: OldDesignator=TP16 NewDesignator=TP63
Change Component Designator: OldDesignator=TP17 NewDesignator=TP64
Change Component Designator: OldDesignator=TP18 NewDesignator=TP80
Change Component Designator: OldDesignator=TP19 NewDesignator=TP79
Change Component Designator: OldDesignator=TP20 NewDesignator=TP74
Change Component Designator: OldDesignator=TP21 NewDesignator=TP48
Change Component Designator: OldDesignator=TP22 NewDesignator=TP49
Change Component Designator: OldDesignator=TP23 NewDesignator=TP43
Change Component Designator: OldDesignator=TP24 NewDesignator=TP50
Change Component Designator: OldDesignator=TP25 NewDesignator=TP51
Change Component Designator: OldDesignator=TP26 NewDesignator=TP52
Change Component Designator: OldDesignator=TP27 NewDesignator=TP60
Change Component Designator: OldDesignator=TP28 NewDesignator=TP61
Change Component Designator: OldDesignator=TP29 NewDesignator=TP55
Change Component Designator: OldDesignator=TP30 NewDesignator=TP62
Change Component Designator: OldDesignator=TP31 NewDesignator=TP18
Change Component Designator: OldDesignator=TP32 NewDesignator=TP30
Change Component Designator: OldDesignator=TP33 NewDesignator=TP73
Change Component Designator: OldDesignator=TP34 NewDesignator=TP42
Change Component Designator: OldDesignator=TP35 NewDesignator=TP54
Change Component Designator: OldDesignator=TP36 NewDesignator=TP89
Change Component Designator: OldDesignator=TP37 NewDesignator=TP70
Change Component Designator: OldDesignator=TP38 NewDesignator=TP69
Change Component Designator: OldDesignator=TP39 NewDesignator=TP68
Change Component Designator: OldDesignator=TP40 NewDesignator=TP67
Change Component Designator: OldDesignator=TP41 NewDesignator=TP83
Change Component Designator: OldDesignator=TP42 NewDesignator=TP84
Change Component Designator: OldDesignator=TP43 NewDesignator=TP66
Change Component Designator: OldDesignator=TP44 NewDesignator=TP65
Change Component Designator: OldDesignator=TP45 NewDesignator=TP85
Change Component Designator: OldDesignator=TP46 NewDesignator=TP86
Change Component Designator: OldDesignator=TP47 NewDesignator=TP90
Change Component Designator: OldDesignator=TP48 NewDesignator=TP7
Change Component Designator: OldDesignator=TP49 NewDesignator=TP8
Change Component Designator: OldDesignator=TP50 NewDesignator=TP9
Change Component Designator: OldDesignator=TP51 NewDesignator=TP6
Change Component Designator: OldDesignator=TP52 NewDesignator=TP10
Change Component Designator: OldDesignator=TP53 NewDesignator=TP87
Change Component Designator: OldDesignator=TP54 NewDesignator=TP98
Change Component Designator: OldDesignator=TP55 NewDesignator=TP97
Change Component Designator: OldDesignator=TP56 NewDesignator=TP99
Change Component Designator: OldDesignator=TP57 NewDesignator=TP101
Change Component Designator: OldDesignator=TP58 NewDesignator=TP100
Change Component Designator: OldDesignator=TP59 NewDesignator=TP102
Change Component Designator: OldDesignator=TP60 NewDesignator=TP15
Change Component Designator: OldDesignator=TP61 NewDesignator=TP16
Change Component Designator: OldDesignator=TP62 NewDesignator=TP13
Change Component Designator: OldDesignator=TP63 NewDesignator=TP14
Change Component Designator: OldDesignator=TP64 NewDesignator=TP11
Change Component Designator: OldDesignator=TP65 NewDesignator=TP12
Change Component Designator: OldDesignator=TP66 NewDesignator=TP92
Change Component Designator: OldDesignator=TP67 NewDesignator=TP96
Change Component Designator: OldDesignator=TP68 NewDesignator=TP95
Change Component Designator: OldDesignator=TP69 NewDesignator=TP91
Change Component Designator: OldDesignator=TP70 NewDesignator=TP94
Change Component Designator: OldDesignator=TP71 NewDesignator=TP93
Change Component Designator: OldDesignator=TP72 NewDesignator=TP4
Change Component Designator: OldDesignator=TP73 NewDesignator=TP3
Change Component Designator: OldDesignator=TP74 NewDesignator=TP88
Change Component Designator: OldDesignator=TP75 NewDesignator=TP2
Change Component Designator: OldDesignator=TP76 NewDesignator=TP5
Change Component Designator: OldDesignator=TP77 NewDesignator=TP1
Change Component Designator: OldDesignator=TP78 NewDesignator=TP53
Change Component Designator: OldDesignator=TP79 NewDesignator=TP41
Change Component Designator: OldDesignator=TP80 NewDesignator=TP71
Change Component Designator: OldDesignator=TP81 NewDesignator=TP29
Change Component Designator: OldDesignator=TP82 NewDesignator=TP17
Change Component Designator: OldDesignator=TP83 NewDesignator=TP58
Change Component Designator: OldDesignator=TP84 NewDesignator=TP56
Change Component Designator: OldDesignator=TP85 NewDesignator=TP57
Change Component Designator: OldDesignator=TP86 NewDesignator=TP59
Change Component Designator: OldDesignator=TP87 NewDesignator=TP46
Change Component Designator: OldDesignator=TP88 NewDesignator=TP44
Change Component Designator: OldDesignator=TP89 NewDesignator=TP45
Change Component Designator: OldDesignator=TP90 NewDesignator=TP47
Change Component Designator: OldDesignator=TP91 NewDesignator=TP81
Change Component Designator: OldDesignator=TP92 NewDesignator=TP72
Change Component Designator: OldDesignator=TP93 NewDesignator=TP82
Change Component Designator: OldDesignator=TP94 NewDesignator=TP75
Change Component Designator: OldDesignator=TP95 NewDesignator=TP34
Change Component Designator: OldDesignator=TP96 NewDesignator=TP32
Change Component Designator: OldDesignator=TP97 NewDesignator=TP33
Change Component Designator: OldDesignator=TP98 NewDesignator=TP35
Change Component Designator: OldDesignator=TP99 NewDesignator=TP22
Change Component Designator: OldDesignator=TP100 NewDesignator=TP20
Change Component Designator: OldDesignator=TP101 NewDesignator=TP21
Change Component Designator: OldDesignator=TP102 NewDesignator=TP23
Change Component Designator: OldDesignator=U1 NewDesignator=U15
Change Component Designator: OldDesignator=U2 NewDesignator=U7
Change Component Designator: OldDesignator=U3 NewDesignator=U8
Change Component Designator: OldDesignator=U4 NewDesignator=U9
Change Component Designator: OldDesignator=U5 NewDesignator=U10
Change Component Designator: OldDesignator=U6 NewDesignator=U11
Change Component Designator: OldDesignator=U7 NewDesignator=U12
Change Component Designator: OldDesignator=U8 NewDesignator=U16
Change Component Designator: OldDesignator=U9 NewDesignator=U14
Change Component Designator: OldDesignator=U10 NewDesignator=U2
Change Component Designator: OldDesignator=U11 NewDesignator=U1
Change Component Designator: OldDesignator=U12 NewDesignator=U3
Change Component Designator: OldDesignator=U13 NewDesignator=U4
Change Component Designator: OldDesignator=U14 NewDesignator=U13
Change Component Designator: OldDesignator=U15 NewDesignator=U5
Change Component Designator: OldDesignator=U16 NewDesignator=U6
Change Net Name : Old Net Name=NetC5_1 New Net Name=NetC119_1
Change Net Name : Old Net Name=NetC5_2 New Net Name=NetC119_2
Change Net Name : Old Net Name=NetC12_1 New Net Name=NetC122_1
Change Net Name : Old Net Name=NetC15_2 New Net Name=NetC59_2
Change Net Name : Old Net Name=NetC30_1 New Net Name=NetC113_1
Change Net Name : Old Net Name=NetC34_2 New Net Name=NetC136_2
Change Net Name : Old Net Name=NetC37_1 New Net Name=NetC130_1
Change Net Name : Old Net Name=NetC38_1 New Net Name=NetC131_1
Change Net Name : Old Net Name=NetC44_2 New Net Name=NetC142_2
Change Net Name : Old Net Name=NetC49_1 New Net Name=NetC132_1
Change Net Name : Old Net Name=NetC82_2 New Net Name=NetC14_2
Change Net Name : Old Net Name=NetC84_2 New Net Name=NetC26_2
Change Net Name : Old Net Name=NetC86_2 New Net Name=NetC74_2
Change Net Name : Old Net Name=NetC88_2 New Net Name=NetC38_2
Change Net Name : Old Net Name=NetC90_2 New Net Name=NetC50_2
Change Net Name : Old Net Name=NetC93_1 New Net Name=NetC13_1
Change Net Name : Old Net Name=NetC94_1 New Net Name=NetC15_1
Change Net Name : Old Net Name=NetC94_2 New Net Name=NetC15_2
Change Net Name : Old Net Name=NetC95_2 New Net Name=NetC12_2
Change Net Name : Old Net Name=NetC96_2 New Net Name=NetC11_2
Change Net Name : Old Net Name=NetC97_2 New Net Name=NetC24_2
Change Net Name : Old Net Name=NetC98_1 New Net Name=NetC75_1
Change Net Name : Old Net Name=NetC98_2 New Net Name=NetC75_2
Change Net Name : Old Net Name=NetC99_1 New Net Name=NetC39_1
Change Net Name : Old Net Name=NetC99_2 New Net Name=NetC39_2
Change Net Name : Old Net Name=NetC100_1 New Net Name=NetC51_1
Change Net Name : Old Net Name=NetC100_2 New Net Name=NetC51_2
Change Net Name : Old Net Name=NetC105_1 New Net Name=NetC27_1
Change Net Name : Old Net Name=NetC105_2 New Net Name=NetC27_2
Change Net Name : Old Net Name=NetC107_1 New Net Name=NetC25_1
Change Net Name : Old Net Name=NetC110_1 New Net Name=NetC73_1
Change Net Name : Old Net Name=NetC112_2 New Net Name=NetC71_2
Change Net Name : Old Net Name=NetC114_1 New Net Name=NetC37_1
Change Net Name : Old Net Name=NetC116_2 New Net Name=NetC35_2
Change Net Name : Old Net Name=NetC117_2 New Net Name=NetC72_2
Change Net Name : Old Net Name=NetC119_1 New Net Name=NetC49_1
Change Net Name : Old Net Name=NetC121_2 New Net Name=NetC36_2
Change Net Name : Old Net Name=NetC122_2 New Net Name=NetC23_2
Change Net Name : Old Net Name=NetC123_2 New Net Name=NetC48_2
Change Net Name : Old Net Name=NetC124_2 New Net Name=NetC47_2
Change Net Name : Old Net Name=NetC125_1 New Net Name=NetC16_1
Change Net Name : Old Net Name=NetC126_1 New Net Name=NetC17_1
Change Net Name : Old Net Name=NetC127_1 New Net Name=NetC18_1
Change Net Name : Old Net Name=NetC128_2 New Net Name=NetC19_2
Change Net Name : Old Net Name=NetC129_1 New Net Name=NetC28_1
Change Net Name : Old Net Name=NetC130_1 New Net Name=NetC29_1
Change Net Name : Old Net Name=NetC131_1 New Net Name=NetC77_1
Change Net Name : Old Net Name=NetC132_1 New Net Name=NetC76_1
Change Net Name : Old Net Name=NetC133_1 New Net Name=NetC30_1
Change Net Name : Old Net Name=NetC134_2 New Net Name=NetC31_2
Change Net Name : Old Net Name=NetC135_2 New Net Name=NetC79_2
Change Net Name : Old Net Name=NetC136_1 New Net Name=NetC78_1
Change Net Name : Old Net Name=NetC137_1 New Net Name=NetC40_1
Change Net Name : Old Net Name=NetC138_1 New Net Name=NetC41_1
Change Net Name : Old Net Name=NetC139_1 New Net Name=NetC42_1
Change Net Name : Old Net Name=NetC140_2 New Net Name=NetC43_2
Change Net Name : Old Net Name=NetC141_1 New Net Name=NetC52_1
Change Net Name : Old Net Name=NetC142_1 New Net Name=NetC53_1
Change Net Name : Old Net Name=NetC143_1 New Net Name=NetC54_1
Change Net Name : Old Net Name=NetC144_2 New Net Name=NetC55_2
Change Net Name : Old Net Name=NetD4_A New Net Name=NetD28_A
Change Net Name : Old Net Name=NetD6_A New Net Name=NetD31_A
Change Net Name : Old Net Name=NetD9_A New Net Name=NetD34_A
Change Net Name : Old Net Name=NetD12_A New Net Name=NetD37_A
Change Net Name : Old Net Name=NetD15_A New Net Name=NetD40_A
Change Net Name : Old Net Name=NetD16_A New Net Name=NetD50_A
Change Net Name : Old Net Name=NetD20_A New Net Name=NetD25_A
Change Net Name : Old Net Name=NetD23_A New Net Name=NetD51_A
Change Net Name : Old Net Name=NetD24_A New Net Name=NetD1_A
Change Net Name : Old Net Name=NetD25_A New Net Name=NetD2_A
Change Net Name : Old Net Name=NetD27_1 New Net Name=NetD62_1
Change Net Name : Old Net Name=NetD27_3 New Net Name=NetD62_3
Change Net Name : Old Net Name=NetD28_A New Net Name=NetD4_A
Change Net Name : Old Net Name=NetD29_A New Net Name=NetD3_A
Change Net Name : Old Net Name=NetD30_A New Net Name=NetD6_A
Change Net Name : Old Net Name=NetD31_A New Net Name=NetD5_A
Change Net Name : Old Net Name=NetD32_A New Net Name=NetD8_A
Change Net Name : Old Net Name=NetD33_A New Net Name=NetD7_A
Change Net Name : Old Net Name=NetD34_C New Net Name=NetD52_C
Change Net Name : Old Net Name=NetJ15_1 New Net Name=NetJ23_1
Change Net Name : Old Net Name=NetJ16_1 New Net Name=NetJ24_1
Change Net Name : Old Net Name=NetJ17_1 New Net Name=NetJ25_1
Change Net Name : Old Net Name=NetJ18_1 New Net Name=NetJ26_1
Change Net Name : Old Net Name=NetL5_1 New Net Name=NetL6_1
Change Net Name : Old Net Name=NetL5_4 New Net Name=NetL6_4
Change Net Name : Old Net Name=NetR1_1 New Net Name=NetR97_1
Change Net Name : Old Net Name=NetR3_1 New Net Name=NetR98_1
Change Net Name : Old Net Name=NetR9_2 New Net Name=NetR100_2
Change Net Name : Old Net Name=NetR15_1 New Net Name=NetR67_1
Change Net Name : Old Net Name=NetR16_1 New Net Name=NetR65_1
Change Net Name : Old Net Name=NetR17_1 New Net Name=NetR69_1
Change Net Name : Old Net Name=NetR18_1 New Net Name=NetR71_1
Change Net Name : Old Net Name=NetR20_1 New Net Name=NetR75_1
Change Net Name : Old Net Name=NetR21_1 New Net Name=NetR73_1
Change Net Name : Old Net Name=NetR23_1 New Net Name=NetR79_1
Change Net Name : Old Net Name=NetR24_1 New Net Name=NetR77_1
Change Net Name : Old Net Name=NetR25_1 New Net Name=NetR83_1
Change Net Name : Old Net Name=NetR29_1 New Net Name=NetR81_1
Change Net Name : Old Net Name=NetR30_1 New Net Name=NetR87_1
Change Net Name : Old Net Name=NetR31_1 New Net Name=NetR84_1
Change Net Name : Old Net Name=NetR38_1 New Net Name=NetR119_1
Change Net Name : Old Net Name=NetR44_1 New Net Name=NetR120_1
Change Net Name : Old Net Name=NetR47_1 New Net Name=NetR122_1
Change Net Name : Old Net Name=NetR52_1 New Net Name=NetR121_1
Change Net Name : Old Net Name=NetR73_2 New Net Name=NetR5_2
Change Net Name : Old Net Name=NetR80_2 New Net Name=NetR4_2
Change Net Name : Old Net Name=NetR81_2 New Net Name=NetR8_2
Change Net Name : Old Net Name=NetR108_2 New Net Name=NetR37_2
Change Net Name : Old Net Name=NetR109_2 New Net Name=NetR36_2
Change Net Name : Old Net Name=NetR113_2 New Net Name=NetR45_2
Change Net Name : Old Net Name=NetR114_2 New Net Name=NetR44_2
Change Net Name : Old Net Name=NetR117_2 New Net Name=NetR93_2
Change Net Name : Old Net Name=NetR119_2 New Net Name=NetR53_2
Change Net Name : Old Net Name=NetR120_2 New Net Name=NetR52_2
Change Net Name : Old Net Name=NetR123_2 New Net Name=NetR61_2
Change Net Name : Old Net Name=NetR125_2 New Net Name=NetR92_2
Change Net Name : Old Net Name=NetR126_2 New Net Name=NetR60_2
Added Member To Class: ClassName=ATSAM3X8E Main Controller - TR R1.1 Member=Component C2 100nF
Added Member To Class: ClassName=ATSAM3X8E Main Controller - TR R1.1 Member=Component C3 47uF
Added Member To Class: ClassName=ES1 Member=Component C5 0402
Added Member To Class: ClassName=ES2 Member=Component C7 (C5) 0402
Added Member To Class: ClassName=ES2 Member=Component C8 (C6) 0402
Added Member To Class: ClassName=ES3 Member=Component C9 (C5) 0402
Added Member To Class: ClassName=ES3 Member=Component C10 (C6) 0402
Added Member To Class: ClassName=M1 Member=Component C11 (C8) 0402
Added Member To Class: ClassName=M1 Member=Component C13 (C9) 100nF
Added Member To Class: ClassName=M1 Member=Component C22 (C16) EEE-1VA101XP
Added Member To Class: ClassName=M2 Member=Component C24 (C7) 0402
Added Member To Class: ClassName=M2 Member=Component C26 (C11) 0402
Added Member To Class: ClassName=M2 Member=Component C27 (C10) 0402
Added Member To Class: ClassName=M2 Member=Component C28 (C12) 1nF
Added Member To Class: ClassName=M2 Member=Component C29 (C13) 1nF
Added Member To Class: ClassName=M2 Member=Component C31 (C15) 1nF
Added Member To Class: ClassName=M2 Member=Component C33 (C18) 100nF
Added Member To Class: ClassName=M3 Member=Component C35 (C8) 0402
Added Member To Class: ClassName=M3 Member=Component C36 (C7) 0402
Added Member To Class: ClassName=M3 Member=Component C38 (C11) 0402
Added Member To Class: ClassName=M3 Member=Component C40 (C12) 1nF
Added Member To Class: ClassName=M3 Member=Component C41 (C13) 1nF
Added Member To Class: ClassName=M3 Member=Component C42 (C14) 1nF
Added Member To Class: ClassName=M3 Member=Component C44 (C17) 100nF
Added Member To Class: ClassName=M3 Member=Component C46 (C16) EEE-1VA101XP
Added Member To Class: ClassName=M4 Member=Component C50 (C11) 0402
Added Member To Class: ClassName=M4 Member=Component C51 (C10) 0402
Added Member To Class: ClassName=M4 Member=Component C52 (C12) 1nF
Added Member To Class: ClassName=M4 Member=Component C56 (C17) 100nF
Added Member To Class: ClassName=U_MOSFETs and Driver Member=Component C61 (C21) C0603TBD
Added Member To Class: ClassName=U_MOSFETs and Driver Member=Component C69 (C29) 100nF
Added Member To Class: ClassName=U_MZ Member=Component C71 (C32) 0402
Added Member To Class: ClassName=U_MZ Member=Component C72 (C31) 0402
Added Member To Class: ClassName=U_MZ Member=Component C75 (C34) 0402
Added Member To Class: ClassName=U_MZ Member=Component C78 (C38) 1nF
Added Member To Class: ClassName=U_MZ Member=Component C79 (C39) 1nF
Added Member To Class: ClassName=U_MZ Member=Component C80 (C42) 100nF
Added Member To Class: ClassName=Designator Member=Component C87 (C47) 100nF
Added Member To Class: ClassName=Designator Member=Component C90 (C50) 0603
Added Member To Class: ClassName=Designator Member=Component C93 (C53) EEE-1VA101XP
Added Member To Class: ClassName=Designator Member=Component C95 (C55) 100nF
Added Member To Class: ClassName=Designator Member=Component C98 (C58) 0603
Added Member To Class: ClassName=Designator Member=Component C100 (C60) 100nF
Added Member To Class: ClassName=Designator Member=Component C101 (C61) 100nF
Added Member To Class: ClassName=Designator Member=Component C105 (C66) 100nF
Added Member To Class: ClassName=Designator Member=Component C106 (C67) 1nF
Added Member To Class: ClassName=Designator Member=Component C112 (C72) 100nF
Added Member To Class: ClassName=Designator Member=Component C113 (C73) 0402
Added Member To Class: ClassName=TR2 Member=Component C126 (C85) 100nF
Added Member To Class: ClassName=TR3 Member=Component C127 (C85) 100nF
Added Member To Class: ClassName=TR4 Member=Component C128 (C85) 100nF
Added Member To Class: ClassName=USB Member=Component C130 (C88) 3pF
Added Member To Class: ClassName=USB Member=Component C134 (C91) 100nF
Added Member To Class: ClassName=USB Member=Component C142 (C99) 4.7nF
Added Member To Class: ClassName=USB Member=Component C143 (C100) 100nF
Added Member To Class: ClassName=M1 Member=Component D10 (D6) SMAJ30A
Added Member To Class: ClassName=M1 Member=Component D12 (D8) SMAJ30A
Added Member To Class: ClassName=M2 Member=Component D14 (D6) SMAJ30A
Added Member To Class: ClassName=M2 Member=Component D15 (D7) SMAJ30A
Added Member To Class: ClassName=M3 Member=Component D17 (D5) SMAJ30A
Added Member To Class: ClassName=M3 Member=Component D20 (D8) SMAJ30A
Added Member To Class: ClassName=M4 Member=Component D21 (D5) SMAJ30A
Added Member To Class: ClassName=M4 Member=Component D22 (D6) SMAJ30A
Added Member To Class: ClassName=M4 Member=Component D24 (D8) SMAJ30A
Added Member To Class: ClassName=U_MOSFETs and Driver Member=Component D31 (D15) 5988140107F
Added Member To Class: ClassName=U_MOSFETs and Driver Member=Component D34 (D18) 5988140107F
Added Member To Class: ClassName=U_MZ Member=Component D43 (D27) SMAJ30A
Added Member To Class: ClassName=Designator Member=Component D52 (D36) MM3Z2V7T1G
Added Member To Class: ClassName=Designator Member=Component D53 (D37) RSB39VTE-17
Added Member To Class: ClassName=TR2 Member=Component D56 (D38) 1N4148WT
Added Member To Class: ClassName=TR3 Member=Component D58 (D38) 1N4148WT
Added Member To Class: ClassName=TR4 Member=Component D60 (D38) 1N4148WT
Added Member To Class: ClassName=ATSAM3X8E Main Controller - TR R1.1 Member=Component J1 502570-0893
Added Member To Class: ClassName=ATSAM3X8E Main Controller - TR R1.1 Member=Component J6 20021121-00010C4LF
Added Member To Class: ClassName=ES3 Member=Component J12 (J8A) Molex 70543-03
Added Member To Class: ClassName=TR2 Member=Component J24 (J16A) C-GRID-02-70543
Added Member To Class: ClassName=TR3 Member=Component J25 (J16A) C-GRID-02-70543
Added Member To Class: ClassName=Designator Member=Component L4 XAL5050-153MEB
Added Member To Class: ClassName=ATSAM3X8E Main Controller - TR R1.1 Member=Component R4 24r
Added Member To Class: ClassName=ATSAM3X8E Main Controller - TR R1.1 Member=Component R5 24r
Added Member To Class: ClassName=ATSAM3X8E Main Controller - TR R1.1 Member=Component R6 10K
Added Member To Class: ClassName=ATSAM3X8E Main Controller - TR R1.1 Member=Component R8 24r
Added Member To Class: ClassName=ATSAM3X8E Main Controller - TR R1.1 Member=Component R10 10K
Added Member To Class: ClassName=ATSAM3X8E Main Controller - TR R1.1 Member=Component R11 10K
Added Member To Class: ClassName=ATSAM3X8E Main Controller - TR R1.1 Member=Component R12 10K
Added Member To Class: ClassName=ATSAM3X8E Main Controller - TR R1.1 Member=Component R15 4.7K
Added Member To Class: ClassName=ATSAM3X8E Main Controller - TR R1.1 Member=Component R17 100K
Added Member To Class: ClassName=ATSAM3X8E Main Controller - TR R1.1 Member=Component R19 100K
Added Member To Class: ClassName=ES1 Member=Component R21 1k
Added Member To Class: ClassName=ES2 Member=Component R25 (R21) 1k
Added Member To Class: ClassName=ES2 Member=Component R26 (R22) 100K
Added Member To Class: ClassName=ES2 Member=Component R27 (R23) 1k
Added Member To Class: ClassName=ES3 Member=Component R30 (R22) 100K
Added Member To Class: ClassName=ES3 Member=Component R31 (R23) 1k
Added Member To Class: ClassName=M1 Member=Component R35 (R27) 1M
Added Member To Class: ClassName=M1 Member=Component R37 (R29) 2512
Added Member To Class: ClassName=M1 Member=Component R39 (R31) NP
Added Member To Class: ClassName=M2 Member=Component R40 (R24) 10K
Added Member To Class: ClassName=M2 Member=Component R41 (R25) 10K
Added Member To Class: ClassName=M2 Member=Component R43 (R27) 1M
Added Member To Class: ClassName=M2 Member=Component R45 (R29) 2512
Added Member To Class: ClassName=M2 Member=Component R46 (R30) NP
Added Member To Class: ClassName=M2 Member=Component R47 (R31) NP
Added Member To Class: ClassName=M3 Member=Component R48 (R24) 10K
Added Member To Class: ClassName=M3 Member=Component R49 (R25) 10K
Added Member To Class: ClassName=M3 Member=Component R50 (R26) 100K
Added Member To Class: ClassName=M3 Member=Component R51 (R27) 1M
Added Member To Class: ClassName=M3 Member=Component R52 (R28) 2512
Added Member To Class: ClassName=M3 Member=Component R54 (R30) NP
Added Member To Class: ClassName=M3 Member=Component R55 (R31) NP
Added Member To Class: ClassName=M4 Member=Component R58 (R26) 100K
Added Member To Class: ClassName=M4 Member=Component R61 (R29) 2512
Added Member To Class: ClassName=U_MOSFETs and Driver Member=Component R68 (R36) 1.8K
Added Member To Class: ClassName=U_MOSFETs and Driver Member=Component R76 (R44) 1.8K
Added Member To Class: ClassName=U_MOSFETs and Driver Member=Component R86 (R55) 100K
Added Member To Class: ClassName=U_MZ Member=Component R89 (R57) 10K
Added Member To Class: ClassName=U_MZ Member=Component R90 (R58) 100K
Added Member To Class: ClassName=U_MZ Member=Component R92 (R60) 2512
Added Member To Class: ClassName=U_MZ Member=Component R95 (R63) NP
Added Member To Class: ClassName=Designator Member=Component R99 (R67) 0.6r
Added Member To Class: ClassName=Designator Member=Component R100 (R68) R0603TBD
Added Member To Class: ClassName=Designator Member=Component R101 (R69) R0603TBD
Added Member To Class: ClassName=Designator Member=Component R102 (R70) 430r
Added Member To Class: ClassName=Designator Member=Component R103 (R71) 24r
Added Member To Class: ClassName=Designator Member=Component R104 (R72) R0402TBD
Added Member To Class: ClassName=TR1 Member=Component R112 (R80) 4.7K
Added Member To Class: ClassName=TR2 Member=Component R113 (R79) 4.7K
Added Member To Class: ClassName=TR2 Member=Component R114 (R80) 4.7K
Added Member To Class: ClassName=TR3 Member=Component R115 (R79) 4.7K
Added Member To Class: ClassName=USB Member=Component R122 (R84) 24r
Added Member To Class: ClassName=USB Member=Component R128 (R90) 1M
Added Member To Class: ClassName=ATSAM3X8E Main Controller - TR R1.1 Member=Component TP2 TP4
Added Member To Class: ClassName=ATSAM3X8E Main Controller - TR R1.1 Member=Component TP7 TP4
Added Member To Class: ClassName=M1 Member=Component TP17 (TP13) TP4
Added Member To Class: ClassName=M1 Member=Component TP24 (TP20) TP4
Added Member To Class: ClassName=M2 Member=Component TP31 (TP15) TP4
Added Member To Class: ClassName=M2 Member=Component TP37 (TP21) TP4
Added Member To Class: ClassName=M2 Member=Component TP38 (TP22) TP4
Added Member To Class: ClassName=M2 Member=Component TP40 (TP24) TP4
Added Member To Class: ClassName=M3 Member=Component TP42 (TP14) TP4
Added Member To Class: ClassName=M3 Member=Component TP48 (TP20) TP4
Added Member To Class: ClassName=M3 Member=Component TP49 (TP21) TP4
Added Member To Class: ClassName=M4 Member=Component TP53 (TP13) TP4
Added Member To Class: ClassName=M4 Member=Component TP60 (TP20) TP4
Added Member To Class: ClassName=M4 Member=Component TP64 (TP24) TP4
Added Member To Class: ClassName=U_MZ Member=Component TP71 (TP31) TP4
Added Member To Class: ClassName=U_MZ Member=Component TP73 (TP33) TP4
Added Member To Class: ClassName=U_MZ Member=Component TP74 (TP34) TP4
Added Member To Class: ClassName=U_MZ Member=Component TP76 (TP36) TP4
Added Member To Class: ClassName=U_MZ Member=Component TP78 (TP38) TP4
Added Member To Class: ClassName=U_MZ Member=Component TP80 (TP40) TP4
Added Member To Class: ClassName=Designator Member=Component TP83 (TP43) TP4
Added Member To Class: ClassName=Designator Member=Component TP84 (TP44) TP4
Added Member To Class: ClassName=Designator Member=Component TP87 (TP47) TP4
Added Member To Class: ClassName=Designator Member=Component TP90 (TP50) TP4
Added Member To Class: ClassName=TR1 Member=Component TP93 (TP53) TP4
Added Member To Class: ClassName=TR2 Member=Component TP94 (TP53) TP4
Added Member To Class: ClassName=TR4 Member=Component TP96 (TP53) TP4
