Removed Member From Class: ClassName=ATSAM3X8E Main Controller - TR R1.1 Member=C4
Removed Member From Class: ClassName=ATSAM3X8E Main Controller - TR R1.1 Member=C5
Removed Member From Class: ClassName=ATSAM3X8E Main Controller - TR R1.1 Member=C6
Removed Member From Class: ClassName=ATSAM3X8E Main Controller - TR R1.1 Member=C7
Removed Member From Class: ClassName=ATSAM3X8E Main Controller - TR R1.1 Member=C8
Removed Member From Class: ClassName=ATSAM3X8E Main Controller - TR R1.1 Member=C28
Removed Member From Class: ClassName=ATSAM3X8E Main Controller - TR R1.1 Member=C29
Removed Member From Class: ClassName=ATSAM3X8E Main Controller - TR R1.1 Member=C30
Removed Member From Class: ClassName=ATSAM3X8E Main Controller - TR R1.1 Member=C31
Removed Member From Class: ClassName=ATSAM3X8E Main Controller - TR R1.1 Member=C32
Removed Member From Class: ClassName=ATSAM3X8E Main Controller - TR R1.1 Member=C34
Removed Member From Class: ClassName=ATSAM3X8E Main Controller - TR R1.1 Member=C35
Removed Member From Class: ClassName=ATSAM3X8E Main Controller - TR R1.1 Member=C36
Removed Member From Class: ClassName=ATSAM3X8E Main Controller - TR R1.1 Member=C37
Removed Member From Class: ClassName=ATSAM3X8E Main Controller - TR R1.1 Member=C38
Removed Member From Class: ClassName=ATSAM3X8E Main Controller - TR R1.1 Member=C39
Removed Member From Class: ClassName=ATSAM3X8E Main Controller - TR R1.1 Member=D1
Removed Member From Class: ClassName=ATSAM3X8E Main Controller - TR R1.1 Member=D2
Removed Member From Class: ClassName=ATSAM3X8E Main Controller - TR R1.1 Member=GND_TP1
Removed Member From Class: ClassName=ATSAM3X8E Main Controller - TR R1.1 Member=J4
Removed Member From Class: ClassName=ATSAM3X8E Main Controller - TR R1.1 Member=L4
Removed Member From Class: ClassName=ATSAM3X8E Main Controller - TR R1.1 Member=L5
Removed Member From Class: ClassName=ATSAM3X8E Main Controller - TR R1.1 Member=L6
Removed Member From Class: ClassName=ATSAM3X8E Main Controller - TR R1.1 Member=R7
Removed Member From Class: ClassName=ATSAM3X8E Main Controller - TR R1.1 Member=R8
Removed Member From Class: ClassName=ATSAM3X8E Main Controller - TR R1.1 Member=R9
Removed Member From Class: ClassName=ATSAM3X8E Main Controller - TR R1.1 Member=R10
Removed Member From Class: ClassName=ATSAM3X8E Main Controller - TR R1.1 Member=R13
Removed Member From Class: ClassName=ATSAM3X8E Main Controller - TR R1.1 Member=R21
Removed Member From Class: ClassName=ATSAM3X8E Main Controller - TR R1.1 Member=R22
Removed Member From Class: ClassName=ATSAM3X8E Main Controller - TR R1.1 Member=R23
Removed Member From Class: ClassName=ATSAM3X8E Main Controller - TR R1.1 Member=R24
Removed Member From Class: ClassName=ATSAM3X8E Main Controller - TR R1.1 Member=R25
Removed Member From Class: ClassName=ATSAM3X8E Main Controller - TR R1.1 Member=S2
Removed Member From Class: ClassName=ATSAM3X8E Main Controller - TR R1.1 Member=TP11
Removed Member From Class: ClassName=ATSAM3X8E Main Controller - TR R1.1 Member=TP12
Removed Member From Class: ClassName=ATSAM3X8E Main Controller - TR R1.1 Member=TP13
Removed Member From Class: ClassName=ATSAM3X8E Main Controller - TR R1.1 Member=TP14
Removed Member From Class: ClassName=ATSAM3X8E Main Controller - TR R1.1 Member=TP15
Removed Member From Class: ClassName=ATSAM3X8E Main Controller - TR R1.1 Member=U3
Removed Member From Class: ClassName=ATSAM3X8E Main Controller - TR R1.1 Member=X1
Change Component Designator: OldDesignator=SD1 NewDesignator=J15
Added Class: Name=USB
