Removed Pin From Net: NetName=NetC75_M1_2 Pin=C75_M1-2
Removed Pin From Net: NetName=NetC75_M2_2 Pin=C75_M2-2
Removed Pin From Net: NetName=NetC75_M3_2 Pin=C75_M3-2
Removed Pin From Net: NetName=NetC75_M4_2 Pin=C75_M4-2
Removed Pin From Net: NetName=NetC75_M1_2 Pin=R8_M1-1
Removed Pin From Net: NetName=GND Pin=R8_M1-2
Removed Pin From Net: NetName=NetC75_M2_2 Pin=R8_M2-1
Removed Pin From Net: NetName=GND Pin=R8_M2-2
Removed Pin From Net: NetName=NetC75_M3_2 Pin=R8_M3-1
Removed Pin From Net: NetName=GND Pin=R8_M3-2
Removed Pin From Net: NetName=NetC75_M4_2 Pin=R8_M4-1
Removed Pin From Net: NetName=GND Pin=R8_M4-2
Removed Pin From Net: NetName=NetC75_M1_2 Pin=R31_M1-2
Removed Pin From Net: NetName=NetC75_M2_2 Pin=R31_M2-2
Removed Pin From Net: NetName=NetC75_M3_2 Pin=R31_M3-2
Removed Pin From Net: NetName=NetC75_M4_2 Pin=R31_M4-2
Change Component DesignItemId : Designator=R31_M1 Old DesignItemId=ERJ-2RKF2701X New DesignItemId=RC0402JR-0710KL
Change Component DesignItemId : Designator=R31_M2 Old DesignItemId=ERJ-2RKF2701X New DesignItemId=RC0402JR-0710KL
Change Component DesignItemId : Designator=R31_M3 Old DesignItemId=ERJ-2RKF2701X New DesignItemId=RC0402JR-0710KL
Change Component DesignItemId : Designator=R31_M4 Old DesignItemId=ERJ-2RKF2701X New DesignItemId=RC0402JR-0710KL
Change Component DesignItemId : Designator=R8_M1 Old DesignItemId=ERJ-2RKF2701X New DesignItemId=RC1005F104CS
Change Component DesignItemId : Designator=R8_M2 Old DesignItemId=ERJ-2RKF2701X New DesignItemId=RC1005F104CS
Change Component DesignItemId : Designator=R8_M3 Old DesignItemId=ERJ-2RKF2701X New DesignItemId=RC1005F104CS
Change Component DesignItemId : Designator=R8_M4 Old DesignItemId=ERJ-2RKF2701X New DesignItemId=RC1005F104CS
Change Component DesignItemId : Designator=C75_M1 Old DesignItemId=GRM155R71C104KA88D New DesignItemId=GRM155R71H103JA88D
Change Component DesignItemId : Designator=C75_M2 Old DesignItemId=GRM155R71C104KA88D New DesignItemId=GRM155R71H103JA88D
Change Component DesignItemId : Designator=C75_M3 Old DesignItemId=GRM155R71C104KA88D New DesignItemId=GRM155R71H103JA88D
Change Component DesignItemId : Designator=C75_M4 Old DesignItemId=GRM155R71C104KA88D New DesignItemId=GRM155R71H103JA88D
Change Component Comment : Designator=R31_M1 Old Comment=2.7K New Comment=10K
Change Component Comment : Designator=R31_M2 Old Comment=2.7K New Comment=10K
Change Component Comment : Designator=R31_M3 Old Comment=2.7K New Comment=10K
Change Component Comment : Designator=R31_M4 Old Comment=2.7K New Comment=10K
Change Component Comment : Designator=R8_M1 Old Comment=2.7K New Comment=100K
Change Component Comment : Designator=R8_M2 Old Comment=2.7K New Comment=100K
Change Component Comment : Designator=R8_M3 Old Comment=2.7K New Comment=100K
Change Component Comment : Designator=R8_M4 Old Comment=2.7K New Comment=100K
Change Component Comment : Designator=C75_M1 Old Comment=100nF New Comment=0402
Change Component Comment : Designator=C75_M2 Old Comment=100nF New Comment=0402
Change Component Comment : Designator=C75_M3 Old Comment=100nF New Comment=0402
Change Component Comment : Designator=C75_M4 Old Comment=100nF New Comment=0402
Change Component Designator: OldDesignator=R9 NewDesignator=R51
Change Component Description : Designator=C75_M1 Old Description=CAP CER 0402 100nF 16V 10% X7R New Description=CAP CER 10000PF 50V X7R 0402
Change Component Description : Designator=C75_M2 Old Description=CAP CER 0402 100nF 16V 10% X7R New Description=CAP CER 10000PF 50V X7R 0402
Change Component Description : Designator=C75_M3 Old Description=CAP CER 0402 100nF 16V 10% X7R New Description=CAP CER 10000PF 50V X7R 0402
Change Component Description : Designator=C75_M4 Old Description=CAP CER 0402 100nF 16V 10% X7R New Description=CAP CER 10000PF 50V X7R 0402
Change Component Description : Designator=R31_M1 Old Description=RES SMD 2.7K OHM 1% 1/10W 0402 New Description=RES SMD 10K OHM 5% 1/16W 0402
Change Component Description : Designator=R31_M2 Old Description=RES SMD 2.7K OHM 1% 1/10W 0402 New Description=RES SMD 10K OHM 5% 1/16W 0402
Change Component Description : Designator=R31_M3 Old Description=RES SMD 2.7K OHM 1% 1/10W 0402 New Description=RES SMD 10K OHM 5% 1/16W 0402
Change Component Description : Designator=R31_M4 Old Description=RES SMD 2.7K OHM 1% 1/10W 0402 New Description=RES SMD 10K OHM 5% 1/16W 0402
Change Component Description : Designator=R8_M1 Old Description=RES SMD 2.7K OHM 1% 1/10W 0402 New Description=RES SMD 100K OHM 1% 1/16W 0402
Change Component Description : Designator=R8_M2 Old Description=RES SMD 2.7K OHM 1% 1/10W 0402 New Description=RES SMD 100K OHM 1% 1/16W 0402
Change Component Description : Designator=R8_M3 Old Description=RES SMD 2.7K OHM 1% 1/10W 0402 New Description=RES SMD 100K OHM 1% 1/16W 0402
Change Component Description : Designator=R8_M4 Old Description=RES SMD 2.7K OHM 1% 1/10W 0402 New Description=RES SMD 100K OHM 1% 1/16W 0402
Change Component Library : Designator=C75_M1 Old Library=3Delight.SCHLIB New Library=Tigershark3D.SchLib
Change Component Library : Designator=C75_M2 Old Library=3Delight.SCHLIB New Library=Tigershark3D.SchLib
Change Component Library : Designator=C75_M3 Old Library=3Delight.SCHLIB New Library=Tigershark3D.SchLib
Change Component Library : Designator=C75_M4 Old Library=3Delight.SCHLIB New Library=Tigershark3D.SchLib
Change Component Library : Designator=R31_M1 Old Library=Tigershark3D.SchLib New Library=3Delight.SCHLIB
Change Component Library : Designator=R31_M2 Old Library=Tigershark3D.SchLib New Library=3Delight.SCHLIB
Change Component Library : Designator=R31_M3 Old Library=Tigershark3D.SchLib New Library=3Delight.SCHLIB
Change Component Library : Designator=R31_M4 Old Library=Tigershark3D.SchLib New Library=3Delight.SCHLIB
Added Component: Designator=C37_M1(C0402)
Added Component: Designator=C37_M2(C0402)
Added Component: Designator=C37_M3(C0402)
Added Component: Designator=C37_M4(C0402)
Added Component: Designator=R9_M1(R0402)
Added Component: Designator=R9_M2(R0402)
Added Component: Designator=R9_M3(R0402)
Added Component: Designator=R9_M4(R0402)
Added Pin To Net: NetName=GND Pin=C37_M1-1
Added Pin To Net: NetName=NetC75_M1_2 Pin=C37_M1-2
Added Pin To Net: NetName=GND Pin=C37_M2-1
Added Pin To Net: NetName=NetC75_M2_2 Pin=C37_M2-2
Added Pin To Net: NetName=GND Pin=C37_M3-1
Added Pin To Net: NetName=NetC75_M3_2 Pin=C37_M3-2
Added Pin To Net: NetName=GND Pin=C37_M4-1
Added Pin To Net: NetName=NetC75_M4_2 Pin=C37_M4-2
Added Pin To Net: NetName=GND Pin=R8_M1-1
Added Pin To Net: NetName=NetC75_M1_2 Pin=R8_M1-2
Added Pin To Net: NetName=GND Pin=R8_M2-1
Added Pin To Net: NetName=NetC75_M2_2 Pin=R8_M2-2
Added Pin To Net: NetName=GND Pin=R8_M3-1
Added Pin To Net: NetName=NetC75_M3_2 Pin=R8_M3-2
Added Pin To Net: NetName=GND Pin=R8_M4-1
Added Pin To Net: NetName=NetC75_M4_2 Pin=R8_M4-2
Added Pin To Net: NetName=NetC75_M1_2 Pin=R9_M1-2
Added Pin To Net: NetName=NetC75_M2_2 Pin=R9_M2-2
Added Pin To Net: NetName=NetC75_M3_2 Pin=R9_M3-2
Added Pin To Net: NetName=NetC75_M4_2 Pin=R9_M4-2
Change Net Name : Old Net Name=NetC75_M1_2 New Net Name=NetC37_M1_2
Change Net Name : Old Net Name=NetC75_M2_2 New Net Name=NetC37_M2_2
Change Net Name : Old Net Name=NetC75_M3_2 New Net Name=NetC37_M3_2
Change Net Name : Old Net Name=NetC75_M4_2 New Net Name=NetC37_M4_2
Added Pin To Net: NetName=NetC75_M1_2 Pin=C75_M1-2
Added Pin To Net: NetName=NetC75_M1_2 Pin=R9_M1-1
Added Pin To Net: NetName=NetC75_M1_2 Pin=R31_M1-2
Added Net: Name=NetC75_M1_2
Added Pin To Net: NetName=NetC75_M2_2 Pin=C75_M2-2
Added Pin To Net: NetName=NetC75_M2_2 Pin=R9_M2-1
Added Pin To Net: NetName=NetC75_M2_2 Pin=R31_M2-2
Added Net: Name=NetC75_M2_2
Added Pin To Net: NetName=NetC75_M3_2 Pin=C75_M3-2
Added Pin To Net: NetName=NetC75_M3_2 Pin=R9_M3-1
Added Pin To Net: NetName=NetC75_M3_2 Pin=R31_M3-2
Added Net: Name=NetC75_M3_2
Added Pin To Net: NetName=NetC75_M4_2 Pin=C75_M4-2
Added Pin To Net: NetName=NetC75_M4_2 Pin=R9_M4-1
Added Pin To Net: NetName=NetC75_M4_2 Pin=R31_M4-2
Added Net: Name=NetC75_M4_2
Added Member To Class: ClassName=M1 Member=Component C37_M1 (C37) 0402
Added Member To Class: ClassName=M2 Member=Component C37_M2 (C37) 0402
Added Member To Class: ClassName=M3 Member=Component C37_M3 (C37) 0402
Added Member To Class: ClassName=M4 Member=Component C37_M4 (C37) 0402
Added Member To Class: ClassName=M1 Member=Component R9_M1 (R9) 10K
Added Member To Class: ClassName=M2 Member=Component R9_M2 (R9) 10K
Added Member To Class: ClassName=M3 Member=Component R9_M3 (R9) 10K
Added Member To Class: ClassName=M4 Member=Component R9_M4 (R9) 10K
