Added Component: Designator=U12(DRV8825PWPR)
Added Pin To Net: NetName=NetC94_1 Pin=U12-1
Added Pin To Net: NetName=NetC94_2 Pin=U12-2
Added Pin To Net: NetName=NetC97_1 Pin=U12-3
Added Pin To Net: NetName=+12VCC1 Pin=U12-4
Added Pin To Net: NetName=NetC126_1 Pin=U12-5
Added Pin To Net: NetName=NetR116_2 Pin=U12-6
Added Pin To Net: NetName=NetC125_1 Pin=U12-7
Added Pin To Net: NetName=NetC127_2 Pin=U12-8
Added Pin To Net: NetName=NetR117_2 Pin=U12-9
Added Pin To Net: NetName=NetC128_1 Pin=U12-10
Added Pin To Net: NetName=+12VCC1 Pin=U12-11
Added Pin To Net: NetName=NetC100_2 Pin=U12-12
Added Pin To Net: NetName=NetC100_2 Pin=U12-13
Added Pin To Net: NetName=GND Pin=U12-14
Added Pin To Net: NetName=NetC83_2 Pin=U12-15
Added Pin To Net: NetName=3.3VCC Pin=U12-16
Added Pin To Net: NetName=3.3VCC Pin=U12-17
Added Pin To Net: NetName=DECAYA Pin=U12-19
Added Pin To Net: NetName=DIR1 Pin=U12-20
Added Pin To Net: NetName=EN1 Pin=U12-21
Added Pin To Net: NetName=STEP1 Pin=U12-22
Added Pin To Net: NetName=MOD0E1 Pin=U12-24
Added Pin To Net: NetName=MOD1E1 Pin=U12-25
Added Pin To Net: NetName=MOD2E1 Pin=U12-26
Added Pin To Net: NetName=GND Pin=U12-28
Added Pin To Net: NetName=GND Pin=U12-29
Added Member To Class: ClassName=M1 Member=Component U12 (U3) DRV8825
