Removed Pin From Net: NetName=PB12_AD8 Pin=P5-7
Removed Pin From Net: NetName=PB9_EMDIO Pin=P5-10
Removed Pin From Net: NetName=NRST Pin=P5-11
Removed Pin From Net: NetName=PB8_EMDC Pin=P5-12
Removed Pin From Net: NetName=PB0_ETXCK Pin=P5-13
Removed Pin From Net: NetName=PB7_ERXER Pin=P5-14
Removed Pin From Net: NetName=PB1_ETXEN Pin=P5-15
Removed Pin From Net: NetName=PB6_ERX1 Pin=P5-16
Removed Pin From Net: NetName=PB2_ETX0 Pin=P5-17
Removed Pin From Net: NetName=PB5_ERX0 Pin=P5-18
Removed Pin From Net: NetName=PB3_ETX1 Pin=P5-19
Removed Pin From Net: NetName=PB4_ECRSDV Pin=P5-20
Added Pin To Net: NetName=PB12_AD8 Pin=P5-6
Added Pin To Net: NetName=NRST Pin=P5-7
Added Pin To Net: NetName=PB0_ETXCK Pin=P5-8
Added Pin To Net: NetName=PB1_ETXEN Pin=P5-9
Added Pin To Net: NetName=PB2_ETX0 Pin=P5-10
Added Pin To Net: NetName=PB3_ETX1 Pin=P5-11
Added Pin To Net: NetName=PB4_ECRSDV Pin=P5-12
Added Pin To Net: NetName=PB5_ERX0 Pin=P5-13
Added Pin To Net: NetName=PB6_ERX1 Pin=P5-14
Added Pin To Net: NetName=PB7_ERXER Pin=P5-15
Added Pin To Net: NetName=PB8_EMDC Pin=P5-16
Added Pin To Net: NetName=PB9_EMDIO Pin=P5-17
