Removed Member From Class: ClassName=M1 Member=C5
Removed Member From Class: ClassName=TR1 Member=C6
Removed Member From Class: ClassName=ATSAM3X8E Main Controller - TR R1.1 Member=C51
Removed Member From Class: ClassName=M3 Member=C73
Removed Member From Class: ClassName=U_MZ Member=C79
Removed Member From Class: ClassName=M1 Member=C82
Removed Member From Class: ClassName=M3 Member=C83
Removed Member From Class: ClassName=M1 Member=C90
Removed Member From Class: ClassName=U_MZ Member=C90
Removed Member From Class: ClassName=M2 Member=C91
Removed Member From Class: ClassName=M3 Member=C93
Removed Member From Class: ClassName=U_MZ Member=C100
Removed Member From Class: ClassName=M2 Member=C105
Removed Member From Class: ClassName=M1 Member=C106
Removed Member From Class: ClassName=M4 Member=C107
Removed Member From Class: ClassName=ATSAM3X8E Main Controller - TR R1.1 Member=C110
Removed Member From Class: ClassName=M3 Member=C111
Removed Member From Class: ClassName=M1 Member=C112
Removed Member From Class: ClassName=TR4 Member=C113
Removed Member From Class: ClassName=M4 Member=C114
Removed Member From Class: ClassName=ATSAM3X8E Main Controller - TR R1.1 Member=C118
Removed Member From Class: ClassName=U_MZ Member=C118
Removed Member From Class: ClassName=Designator Member=C119
Removed Member From Class: ClassName=U_MZ Member=C120
Removed Member From Class: ClassName=M2 Member=C121
Removed Member From Class: ClassName=M2 Member=C123
Removed Member From Class: ClassName=ES3 Member=C124
Removed Member From Class: ClassName=M4 Member=C126
Removed Member From Class: ClassName=ES2 Member=C127
Removed Member From Class: ClassName=ATSAM3X8E Main Controller - TR R1.1 Member=C129
Removed Member From Class: ClassName=M3 Member=C129
Removed Member From Class: ClassName=ATSAM3X8E Main Controller - TR R1.1 Member=C130
Removed Member From Class: ClassName=Designator Member=C130
Removed Member From Class: ClassName=ATSAM3X8E Main Controller - TR R1.1 Member=C132
Removed Member From Class: ClassName=ATSAM3X8E Main Controller - TR R1.1 Member=C135
Removed Member From Class: ClassName=ATSAM3X8E Main Controller - TR R1.1 Member=C137
Removed Member From Class: ClassName=M3 Member=C139
Removed Member From Class: ClassName=M1 Member=C141
Removed Member From Class: ClassName=M4 Member=C143
Removed Member From Class: ClassName=U_MZ Member=C144
Removed Member From Class: ClassName=TR2 Member=D16
Removed Member From Class: ClassName=M3 Member=D21
Removed Member From Class: ClassName=M1 Member=D23
Removed Member From Class: ClassName=U_MOSFETs and Driver Member=D33
Removed Member From Class: ClassName=TR1 Member=D40
Removed Member From Class: ClassName=M4 Member=D42
Removed Member From Class: ClassName=M3 Member=D46
Removed Member From Class: ClassName=TR4 Member=D48
Removed Member From Class: ClassName=U_MZ Member=D48
Removed Member From Class: ClassName=ES3 Member=D52
Removed Member From Class: ClassName=ES3 Member=D53
Removed Member From Class: ClassName=M2 Member=D55
Removed Member From Class: ClassName=M2 Member=D57
Removed Member From Class: ClassName=ES1 Member=D59
Removed Member From Class: ClassName=ATSAM3X8E Main Controller - TR R1.1 Member=D60
Removed Member From Class: ClassName=Designator Member=L1
Removed Member From Class: ClassName=Designator Member=L4
Removed Member From Class: ClassName=ATSAM3X8E Main Controller - TR R1.1 Member=P1
Removed Member From Class: ClassName=TR2 Member=P6
Removed Member From Class: ClassName=M1 Member=R7
Removed Member From Class: ClassName=TR1 Member=R36
Removed Member From Class: ClassName=TR3 Member=R41
Removed Member From Class: ClassName=ES3 Member=R44
Removed Member From Class: ClassName=U_MZ Member=R48
Removed Member From Class: ClassName=U_MZ Member=R49
Removed Member From Class: ClassName=M2 Member=R59
Removed Member From Class: ClassName=M3 Member=R61
Removed Member From Class: ClassName=M2 Member=R77
Removed Member From Class: ClassName=M1 Member=R81
Removed Member From Class: ClassName=U_MZ Member=R83
Removed Member From Class: ClassName=M3 Member=R85
Removed Member From Class: ClassName=ATSAM3X8E Main Controller - TR R1.1 Member=R90
Removed Member From Class: ClassName=ES2 Member=R90
Removed Member From Class: ClassName=M2 Member=R92
Removed Member From Class: ClassName=ES3 Member=R95
Removed Member From Class: ClassName=ATSAM3X8E Main Controller - TR R1.1 Member=R96
Removed Member From Class: ClassName=ES3 Member=R97
Removed Member From Class: ClassName=U_MZ Member=R98
Removed Member From Class: ClassName=ATSAM3X8E Main Controller - TR R1.1 Member=R102
Removed Member From Class: ClassName=M3 Member=R102
Removed Member From Class: ClassName=ATSAM3X8E Main Controller - TR R1.1 Member=R103
Removed Member From Class: ClassName=ATSAM3X8E Main Controller - TR R1.1 Member=R104
Removed Member From Class: ClassName=ES1 Member=R105
Removed Member From Class: ClassName=TR1 Member=R106
Removed Member From Class: ClassName=TR2 Member=R108
Removed Member From Class: ClassName=ES1 Member=R110
Removed Member From Class: ClassName=Designator Member=R111
Removed Member From Class: ClassName=M1 Member=R115
Removed Member From Class: ClassName=ATSAM3X8E Main Controller - TR R1.1 Member=R116
Removed Member From Class: ClassName=M3 Member=R119
Removed Member From Class: ClassName=Designator Member=R121
Removed Member From Class: ClassName=ATSAM3X8E Main Controller - TR R1.1 Member=R123
Removed Member From Class: ClassName=TR4 Member=R124
Removed Member From Class: ClassName=ATSAM3X8E Main Controller - TR R1.1 Member=R125
Removed Member From Class: ClassName=M1 Member=R125
Removed Member From Class: ClassName=ATSAM3X8E Main Controller - TR R1.1 Member=R126
Removed Member From Class: ClassName=U_MZ Member=R128
Removed Member From Class: ClassName=ATSAM3X8E Main Controller - TR R1.1 Member=SD1
Removed Member From Class: ClassName=U_MOSFETs and Driver Member=T1
Removed Member From Class: ClassName=M3 Member=TP19
Removed Member From Class: ClassName=M2 Member=TP24
Removed Member From Class: ClassName=M4 Member=TP25
Removed Member From Class: ClassName=M1 Member=TP44
Removed Member From Class: ClassName=M4 Member=TP46
Removed Member From Class: ClassName=M1 Member=TP61
Removed Member From Class: ClassName=M1 Member=TP63
Removed Member From Class: ClassName=M2 Member=TP65
Removed Member From Class: ClassName=M2 Member=TP71
Removed Member From Class: ClassName=U_MZ Member=TP82
Removed Member From Class: ClassName=M1 Member=TP85
Removed Member From Class: ClassName=M1 Member=TP86
Removed Member From Class: ClassName=M1 Member=TP88
Removed Member From Class: ClassName=M2 Member=TP89
Removed Member From Class: ClassName=M2 Member=TP92
Removed Member From Class: ClassName=M3 Member=TP95
Removed Member From Class: ClassName=M3 Member=TP96
Removed Member From Class: ClassName=M4 Member=TP97
Removed Member From Class: ClassName=M3 Member=TP99
Removed Member From Class: ClassName=M3 Member=TP100
Removed Member From Class: ClassName=M4 Member=TP101
Removed Member From Class: ClassName=Designator Member=U8
Removed Member From Class: ClassName=M2 Member=U8
Removed Member From Class: ClassName=M3 Member=U11
Change Component Designator: OldDesignator=C1 NewDesignator=C49C
Change Component Designator: OldDesignator=C2 NewDesignator=C49A
Change Component Designator: OldDesignator=C3 NewDesignator=C47B
Change Component Designator: OldDesignator=C4 NewDesignator=C49B
Change Component Designator: OldDesignator=C5 NewDesignator=C71
Change Component Designator: OldDesignator=C6 NewDesignator=C73
Change Component Designator: OldDesignator=C7 NewDesignator=C47C
Change Component Designator: OldDesignator=C8 NewDesignator=C47D
Change Component Designator: OldDesignator=C9 NewDesignator=C49D
Change Component Designator: OldDesignator=C10 NewDesignator=C47A
Change Component Designator: OldDesignator=C11 NewDesignator=C48B
Change Component Designator: OldDesignator=C12 NewDesignator=C72
Change Component Designator: OldDesignator=C13 NewDesignator=C48C
Change Component Designator: OldDesignator=C14 NewDesignator=C48D
Change Component Designator: OldDesignator=C15 NewDesignator=C48A
Change Component Designator: OldDesignator=C16 NewDesignator=C50A
Change Component Designator: OldDesignator=C17 NewDesignator=C50B
Change Component Designator: OldDesignator=C18 NewDesignator=C74
Change Component Designator: OldDesignator=C19 NewDesignator=C50C
Change Component Designator: OldDesignator=C20 NewDesignator=C50D
Change Component Designator: OldDesignator=C21 NewDesignator=C66
Change Component Designator: OldDesignator=C22 NewDesignator=C42C
Change Component Designator: OldDesignator=C23 NewDesignator=C42D
Change Component Designator: OldDesignator=C24 NewDesignator=C76
Change Component Designator: OldDesignator=C25 NewDesignator=C52A
Change Component Designator: OldDesignator=C26 NewDesignator=C52B
Change Component Designator: OldDesignator=C27 NewDesignator=C52C
Change Component Designator: OldDesignator=C28 NewDesignator=C52D
Change Component Designator: OldDesignator=C29 NewDesignator=C53A
Change Component Designator: OldDesignator=C30 NewDesignator=C53B
Change Component Designator: OldDesignator=C31 NewDesignator=C53C
Change Component Designator: OldDesignator=C32 NewDesignator=C53D
Change Component Designator: OldDesignator=C33 NewDesignator=C77
Change Component Designator: OldDesignator=C34 NewDesignator=C44A
Change Component Designator: OldDesignator=C35 NewDesignator=C68
Change Component Designator: OldDesignator=C36 NewDesignator=C44C
Change Component Designator: OldDesignator=C37 NewDesignator=C44D
Change Component Designator: OldDesignator=C38 NewDesignator=C44B
Change Component Designator: OldDesignator=C39 NewDesignator=C67
Change Component Designator: OldDesignator=C40 NewDesignator=C43A
Change Component Designator: OldDesignator=C41 NewDesignator=C43C
Change Component Designator: OldDesignator=C42 NewDesignator=C43D
Change Component Designator: OldDesignator=C43 NewDesignator=C43B
Change Component Designator: OldDesignator=C44 NewDesignator=C45A
Change Component Designator: OldDesignator=C45 NewDesignator=C45B
Change Component Designator: OldDesignator=C46 NewDesignator=C69
Change Component Designator: OldDesignator=C47 NewDesignator=C45C
Change Component Designator: OldDesignator=C48 NewDesignator=C45D
Change Component Designator: OldDesignator=C49 NewDesignator=C42A
Change Component Designator: OldDesignator=C50 NewDesignator=C42B
Change Component Designator: OldDesignator=C51 NewDesignator=C93
Change Component Designator: OldDesignator=C52 NewDesignator=C51A
Change Component Designator: OldDesignator=C53 NewDesignator=C51B
Change Component Designator: OldDesignator=C54 NewDesignator=C75
Change Component Designator: OldDesignator=C55 NewDesignator=C51C
Change Component Designator: OldDesignator=C56 NewDesignator=C51D
Change Component Designator: OldDesignator=C57 NewDesignator=C94
Change Component Designator: OldDesignator=C58 NewDesignator=C92
Change Component Designator: OldDesignator=C59 NewDesignator=C46A
Change Component Designator: OldDesignator=C60 NewDesignator=C46B
Change Component Designator: OldDesignator=C61 NewDesignator=C70
Change Component Designator: OldDesignator=C62 NewDesignator=C46C
Change Component Designator: OldDesignator=C63 NewDesignator=C46D
Change Component Designator: OldDesignator=C64 NewDesignator=C3
Change Component Designator: OldDesignator=C65 NewDesignator=C20
Change Component Designator: OldDesignator=C66 NewDesignator=C101C
Change Component Designator: OldDesignator=C67 NewDesignator=C101A
Change Component Designator: OldDesignator=C68 NewDesignator=C8
Change Component Designator: OldDesignator=C69 NewDesignator=C7
Change Component Designator: OldDesignator=C70 NewDesignator=C101D
Change Component Designator: OldDesignator=C71 NewDesignator=C101B
Change Component Designator: OldDesignator=C72 NewDesignator=C25
Change Component Designator: OldDesignator=C73 NewDesignator=C13
Change Component Designator: OldDesignator=C74 NewDesignator=C14
Change Component Designator: OldDesignator=C75 NewDesignator=C2
Change Component Designator: OldDesignator=C76 NewDesignator=C1
Change Component Designator: OldDesignator=C77 NewDesignator=C28
Change Component Designator: OldDesignator=C78 NewDesignator=C22
Change Component Designator: OldDesignator=C79 NewDesignator=C19
Change Component Designator: OldDesignator=C80 NewDesignator=C99
Change Component Designator: OldDesignator=C81 NewDesignator=C15
Change Component Designator: OldDesignator=C82 NewDesignator=C10
Change Component Designator: OldDesignator=C83 NewDesignator=C9
Change Component Designator: OldDesignator=C84 NewDesignator=C41A
Change Component Designator: OldDesignator=C85 NewDesignator=C40B
Change Component Designator: OldDesignator=C86 NewDesignator=C41C
Change Component Designator: OldDesignator=C87 NewDesignator=C40C
Change Component Designator: OldDesignator=C88 NewDesignator=C40A
Change Component Designator: OldDesignator=C89 NewDesignator=C41B
Change Component Designator: OldDesignator=C90 NewDesignator=C26
Change Component Designator: OldDesignator=C91 NewDesignator=C17
Change Component Designator: OldDesignator=C92 NewDesignator=C16
Change Component Designator: OldDesignator=C93 NewDesignator=C21
Change Component Designator: OldDesignator=C94 NewDesignator=C23
Change Component Designator: OldDesignator=C95 NewDesignator=C24
Change Component Designator: OldDesignator=C96 NewDesignator=C39
Change Component Designator: OldDesignator=C97 NewDesignator=C6
Change Component Designator: OldDesignator=C98 NewDesignator=C35
Change Component Designator: OldDesignator=C99 NewDesignator=C38
Change Component Designator: OldDesignator=C100 NewDesignator=C11
Change Component Designator: OldDesignator=C101 NewDesignator=C27
Change Component Designator: OldDesignator=C102 NewDesignator=C18
Change Component Designator: OldDesignator=C103 NewDesignator=C29
Change Component Designator: OldDesignator=C104 NewDesignator=C4
Change Component Designator: OldDesignator=C105 NewDesignator=C5
Change Component Designator: OldDesignator=C106 NewDesignator=C85
Change Component Designator: OldDesignator=C107 NewDesignator=C36
Change Component Designator: OldDesignator=C108 NewDesignator=C96
Change Component Designator: OldDesignator=C109 NewDesignator=C88
Change Component Designator: OldDesignator=C110 NewDesignator=C87
Change Component Designator: OldDesignator=C111 NewDesignator=C86
Change Component Designator: OldDesignator=C112 NewDesignator=C33
Change Component Designator: OldDesignator=C113 NewDesignator=C97
Change Component Designator: OldDesignator=C114 NewDesignator=C12
Change Component Designator: OldDesignator=C115 NewDesignator=C31
Change Component Designator: OldDesignator=C116 NewDesignator=C30
Change Component Designator: OldDesignator=C117 NewDesignator=C32
Change Component Designator: OldDesignator=C118 NewDesignator=C98
Change Component Designator: OldDesignator=C119 NewDesignator=C34
Change Component Designator: OldDesignator=C120 NewDesignator=C95
Change Component Designator: OldDesignator=C121 NewDesignator=C37
Change Component Designator: OldDesignator=C122 NewDesignator=C64
Change Component Designator: OldDesignator=C123 NewDesignator=C55
Change Component Designator: OldDesignator=C124 NewDesignator=C62
Change Component Designator: OldDesignator=C125 NewDesignator=C60
Change Component Designator: OldDesignator=C126 NewDesignator=C57
Change Component Designator: OldDesignator=C127 NewDesignator=C58
Change Component Designator: OldDesignator=C128 NewDesignator=C79
Change Component Designator: OldDesignator=C129 NewDesignator=C54
Change Component Designator: OldDesignator=C130 NewDesignator=C80
Change Component Designator: OldDesignator=C131 NewDesignator=C81
Change Component Designator: OldDesignator=C132 NewDesignator=C56
Change Component Designator: OldDesignator=C133 NewDesignator=C100
Change Component Designator: OldDesignator=C134 NewDesignator=C65
Change Component Designator: OldDesignator=C135 NewDesignator=C63
Change Component Designator: OldDesignator=C136 NewDesignator=C59
Change Component Designator: OldDesignator=C137 NewDesignator=C61
Change Component Designator: OldDesignator=C138 NewDesignator=C78
Change Component Designator: OldDesignator=C139 NewDesignator=C91
Change Component Designator: OldDesignator=C140 NewDesignator=C83
Change Component Designator: OldDesignator=C141 NewDesignator=C84
Change Component Designator: OldDesignator=C142 NewDesignator=C89
Change Component Designator: OldDesignator=C143 NewDesignator=C82
Change Component Designator: OldDesignator=C144 NewDesignator=C90
Change Component Designator: OldDesignator=D1 NewDesignator=D10A
Change Component Designator: OldDesignator=D2 NewDesignator=D10B
Change Component Designator: OldDesignator=D3 NewDesignator=D32
Change Component Designator: OldDesignator=D4 NewDesignator=D8A
Change Component Designator: OldDesignator=D5 NewDesignator=D8B
Change Component Designator: OldDesignator=D6 NewDesignator=D30
Change Component Designator: OldDesignator=D7 NewDesignator=D8C
Change Component Designator: OldDesignator=D8 NewDesignator=D10C
Change Component Designator: OldDesignator=D9 NewDesignator=D8D
Change Component Designator: OldDesignator=D10 NewDesignator=D10D
Change Component Designator: OldDesignator=D11 NewDesignator=D7A
Change Component Designator: OldDesignator=D12 NewDesignator=D9A
Change Component Designator: OldDesignator=D13 NewDesignator=D7B
Change Component Designator: OldDesignator=D14 NewDesignator=D9B
Change Component Designator: OldDesignator=D15 NewDesignator=D29
Change Component Designator: OldDesignator=D16 NewDesignator=D31
Change Component Designator: OldDesignator=D17 NewDesignator=D7C
Change Component Designator: OldDesignator=D18 NewDesignator=D9C
Change Component Designator: OldDesignator=D19 NewDesignator=D7D
Change Component Designator: OldDesignator=D20 NewDesignator=D9D
Change Component Designator: OldDesignator=D21 NewDesignator=D36
Change Component Designator: OldDesignator=D22 NewDesignator=D40C
Change Component Designator: OldDesignator=D23 NewDesignator=D37
Change Component Designator: OldDesignator=D24 NewDesignator=D40A
Change Component Designator: OldDesignator=D25 NewDesignator=D40D
Change Component Designator: OldDesignator=D26 NewDesignator=D39C
Change Component Designator: OldDesignator=D27 NewDesignator=D40B
Change Component Designator: OldDesignator=D28 NewDesignator=D39A
Change Component Designator: OldDesignator=D29 NewDesignator=D39D
Change Component Designator: OldDesignator=D30 NewDesignator=D39B
Change Component Designator: OldDesignator=D31 NewDesignator=D6A
Change Component Designator: OldDesignator=D32 NewDesignator=D5A
Change Component Designator: OldDesignator=D33 NewDesignator=D6B
Change Component Designator: OldDesignator=D34 NewDesignator=D5B
Change Component Designator: OldDesignator=D35 NewDesignator=D6C
Change Component Designator: OldDesignator=D36 NewDesignator=D5C
Change Component Designator: OldDesignator=D37 NewDesignator=D1
Change Component Designator: OldDesignator=D38 NewDesignator=D2
Change Component Designator: OldDesignator=D39 NewDesignator=D4
Change Component Designator: OldDesignator=D40 NewDesignator=D3
Change Component Designator: OldDesignator=D41 NewDesignator=D35
Change Component Designator: OldDesignator=D42 NewDesignator=D11
Change Component Designator: OldDesignator=D43 NewDesignator=D15
Change Component Designator: OldDesignator=D44 NewDesignator=D13
Change Component Designator: OldDesignator=D45 NewDesignator=D12
Change Component Designator: OldDesignator=D46 NewDesignator=D24
Change Component Designator: OldDesignator=D47 NewDesignator=D18
Change Component Designator: OldDesignator=D48 NewDesignator=D21
Change Component Designator: OldDesignator=D49 NewDesignator=D27
Change Component Designator: OldDesignator=D50 NewDesignator=D26
Change Component Designator: OldDesignator=D51 NewDesignator=D19
Change Component Designator: OldDesignator=D52 NewDesignator=D22
Change Component Designator: OldDesignator=D53 NewDesignator=D25
Change Component Designator: OldDesignator=D54 NewDesignator=D17
Change Component Designator: OldDesignator=D55 NewDesignator=D20
Change Component Designator: OldDesignator=D56 NewDesignator=D23
Change Component Designator: OldDesignator=D57 NewDesignator=D34
Change Component Designator: OldDesignator=D58 NewDesignator=D38
Change Component Designator: OldDesignator=D59 NewDesignator=D16
Change Component Designator: OldDesignator=D60 NewDesignator=D28
Change Component Designator: OldDesignator=D61 NewDesignator=D14
Change Component Designator: OldDesignator=D62 NewDesignator=D33
Change Component Designator: OldDesignator=F1 NewDesignator=F3
Change Component Designator: OldDesignator=F3 NewDesignator=F1
Change Component Designator: OldDesignator=FAN-1 NewDesignator=J10
Change Component Designator: OldDesignator=FD1 NewDesignator=FD3
Change Component Designator: OldDesignator=FD2 NewDesignator=FD1
Change Component Designator: OldDesignator=FD3 NewDesignator=FD2
Change Component Designator: OldDesignator=H1 NewDesignator=H2
Change Component Designator: OldDesignator=H2 NewDesignator=H1
Change Component Designator: OldDesignator=H3 NewDesignator=H5
Change Component Designator: OldDesignator=H4 NewDesignator=H7
Change Component Designator: OldDesignator=H5 NewDesignator=H6
Change Component Designator: OldDesignator=H6 NewDesignator=H3
Change Component Designator: OldDesignator=H7 NewDesignator=H4
Change Component Designator: OldDesignator=J1 NewDesignator=J6
Change Component Designator: OldDesignator=J2 NewDesignator=J5
Change Component Designator: OldDesignator=L1 NewDesignator=L2
Change Component Designator: OldDesignator=L2 NewDesignator=L3
Change Component Designator: OldDesignator=L3 NewDesignator=L5
Change Component Designator: OldDesignator=L4 NewDesignator=L6
Change Component Designator: OldDesignator=L5 NewDesignator=L1
Change Component Designator: OldDesignator=L6 NewDesignator=L4
Change Component Designator: OldDesignator=M1 NewDesignator=J9A
Change Component Designator: OldDesignator=M2 NewDesignator=J9B
Change Component Designator: OldDesignator=M3 NewDesignator=J13
Change Component Designator: OldDesignator=M4 NewDesignator=J12
Change Component Designator: OldDesignator=M5 NewDesignator=J9C
Change Component Designator: OldDesignator=M6 NewDesignator=J9D
Change Component Designator: OldDesignator=MAX1 NewDesignator=J8A
Change Component Designator: OldDesignator=MAX2 NewDesignator=J8B
Change Component Designator: OldDesignator=MAX3 NewDesignator=J8C
Change Component Designator: OldDesignator=MIN1 NewDesignator=J7A
Change Component Designator: OldDesignator=MIN2 NewDesignator=J7B
Change Component Designator: OldDesignator=MIN3 NewDesignator=J7C
Change Component Designator: OldDesignator=P1 NewDesignator=J2
Change Component Designator: OldDesignator=P2 NewDesignator=J16A
Change Component Designator: OldDesignator=P3 NewDesignator=J16B
Change Component Designator: OldDesignator=P4 NewDesignator=J16C
Change Component Designator: OldDesignator=P5 NewDesignator=J16D
Change Component Designator: OldDesignator=P6 NewDesignator=J3
Change Component Designator: OldDesignator=P7 NewDesignator=J4
Change Component Designator: OldDesignator=Q1 NewDesignator=Q5
Change Component Designator: OldDesignator=Q5 NewDesignator=Q1
Change Component Designator: OldDesignator=R1 NewDesignator=R84
Change Component Designator: OldDesignator=R2 NewDesignator=R82
Change Component Designator: OldDesignator=R3 NewDesignator=R39A
Change Component Designator: OldDesignator=R4 NewDesignator=R38A
Change Component Designator: OldDesignator=R5 NewDesignator=R39B
Change Component Designator: OldDesignator=R6 NewDesignator=R38B
Change Component Designator: OldDesignator=R7 NewDesignator=R71
Change Component Designator: OldDesignator=R8 NewDesignator=R70
Change Component Designator: OldDesignator=R9 NewDesignator=R39C
Change Component Designator: OldDesignator=R10 NewDesignator=R38C
Change Component Designator: OldDesignator=R11 NewDesignator=R39D
Change Component Designator: OldDesignator=R12 NewDesignator=R38D
Change Component Designator: OldDesignator=R13 NewDesignator=R36A
Change Component Designator: OldDesignator=R14 NewDesignator=R36B
Change Component Designator: OldDesignator=R15 NewDesignator=R37A
Change Component Designator: OldDesignator=R16 NewDesignator=R37B
Change Component Designator: OldDesignator=R17 NewDesignator=R69
Change Component Designator: OldDesignator=R18 NewDesignator=R37C
Change Component Designator: OldDesignator=R19 NewDesignator=R37D
Change Component Designator: OldDesignator=R20 NewDesignator=R68
Change Component Designator: OldDesignator=R21 NewDesignator=R67
Change Component Designator: OldDesignator=R22 NewDesignator=R34C
Change Component Designator: OldDesignator=R23 NewDesignator=R66
Change Component Designator: OldDesignator=R24 NewDesignator=R35A
Change Component Designator: OldDesignator=R25 NewDesignator=R34A
Change Component Designator: OldDesignator=R26 NewDesignator=R35B
Change Component Designator: OldDesignator=R27 NewDesignator=R34B
Change Component Designator: OldDesignator=R28 NewDesignator=R36C
Change Component Designator: OldDesignator=R29 NewDesignator=R35C
Change Component Designator: OldDesignator=R30 NewDesignator=R36D
Change Component Designator: OldDesignator=R31 NewDesignator=R35D
Change Component Designator: OldDesignator=R32 NewDesignator=R34D
Change Component Designator: OldDesignator=R33 NewDesignator=R83
Change Component Designator: OldDesignator=R34 NewDesignator=R41A
Change Component Designator: OldDesignator=R35 NewDesignator=R41B
Change Component Designator: OldDesignator=R36 NewDesignator=R73
Change Component Designator: OldDesignator=R37 NewDesignator=R41C
Change Component Designator: OldDesignator=R38 NewDesignator=R41D
Change Component Designator: OldDesignator=R39 NewDesignator=R40A
Change Component Designator: OldDesignator=R40 NewDesignator=R40B
Change Component Designator: OldDesignator=R41 NewDesignator=R72
Change Component Designator: OldDesignator=R42 NewDesignator=R40C
Change Component Designator: OldDesignator=R43 NewDesignator=R40D
Change Component Designator: OldDesignator=R44 NewDesignator=R11
Change Component Designator: OldDesignator=R45 NewDesignator=R16
Change Component Designator: OldDesignator=R46 NewDesignator=R6
Change Component Designator: OldDesignator=R47 NewDesignator=R19
Change Component Designator: OldDesignator=R48 NewDesignator=R90C
Change Component Designator: OldDesignator=R49 NewDesignator=R90A
Change Component Designator: OldDesignator=R50 NewDesignator=R90D
Change Component Designator: OldDesignator=R51 NewDesignator=R90B
Change Component Designator: OldDesignator=R52 NewDesignator=R80
Change Component Designator: OldDesignator=R53 NewDesignator=R17
Change Component Designator: OldDesignator=R54 NewDesignator=R89C
Change Component Designator: OldDesignator=R55 NewDesignator=R89A
Change Component Designator: OldDesignator=R56 NewDesignator=R89D
Change Component Designator: OldDesignator=R57 NewDesignator=R89B
Change Component Designator: OldDesignator=R58 NewDesignator=R15
Change Component Designator: OldDesignator=R59 NewDesignator=R5
Change Component Designator: OldDesignator=R60 NewDesignator=R4
Change Component Designator: OldDesignator=R61 NewDesignator=R1
Change Component Designator: OldDesignator=R62 NewDesignator=R2
Change Component Designator: OldDesignator=R63 NewDesignator=R3
Change Component Designator: OldDesignator=R64 NewDesignator=R88
Change Component Designator: OldDesignator=R65 NewDesignator=R33A
Change Component Designator: OldDesignator=R66 NewDesignator=R30A
Change Component Designator: OldDesignator=R67 NewDesignator=R31A
Change Component Designator: OldDesignator=R68 NewDesignator=R32B
Change Component Designator: OldDesignator=R69 NewDesignator=R33B
Change Component Designator: OldDesignator=R70 NewDesignator=R30B
Change Component Designator: OldDesignator=R71 NewDesignator=R31B
Change Component Designator: OldDesignator=R72 NewDesignator=R32C
Change Component Designator: OldDesignator=R73 NewDesignator=R33C
Change Component Designator: OldDesignator=R74 NewDesignator=R30C
Change Component Designator: OldDesignator=R75 NewDesignator=R31C
Change Component Designator: OldDesignator=R76 NewDesignator=R32A
Change Component Designator: OldDesignator=R77 NewDesignator=R9
Change Component Designator: OldDesignator=R78 NewDesignator=R14
Change Component Designator: OldDesignator=R79 NewDesignator=R13
Change Component Designator: OldDesignator=R80 NewDesignator=R8
Change Component Designator: OldDesignator=R81 NewDesignator=R23
Change Component Designator: OldDesignator=R82 NewDesignator=R27
Change Component Designator: OldDesignator=R83 NewDesignator=R26
Change Component Designator: OldDesignator=R84 NewDesignator=R25
Change Component Designator: OldDesignator=R85 NewDesignator=R10
Change Component Designator: OldDesignator=R86 NewDesignator=R24
Change Component Designator: OldDesignator=R87 NewDesignator=R12
Change Component Designator: OldDesignator=R88 NewDesignator=R18
Change Component Designator: OldDesignator=R89 NewDesignator=R7
Change Component Designator: OldDesignator=R90 NewDesignator=R20
Change Component Designator: OldDesignator=R91 NewDesignator=R21
Change Component Designator: OldDesignator=R92 NewDesignator=R29
Change Component Designator: OldDesignator=R93 NewDesignator=R28
Change Component Designator: OldDesignator=R94 NewDesignator=R79
Change Component Designator: OldDesignator=R95 NewDesignator=R22
Change Component Designator: OldDesignator=R96 NewDesignator=R86
Change Component Designator: OldDesignator=R97 NewDesignator=R65
Change Component Designator: OldDesignator=R98 NewDesignator=R45
Change Component Designator: OldDesignator=R99 NewDesignator=R62
Change Component Designator: OldDesignator=R100 NewDesignator=R64
Change Component Designator: OldDesignator=R101 NewDesignator=R49
Change Component Designator: OldDesignator=R102 NewDesignator=R53
Change Component Designator: OldDesignator=R103 NewDesignator=R57
Change Component Designator: OldDesignator=R104 NewDesignator=R59
Change Component Designator: OldDesignator=R105 NewDesignator=R61
Change Component Designator: OldDesignator=R106 NewDesignator=R51
Change Component Designator: OldDesignator=R107 NewDesignator=R55
Change Component Designator: OldDesignator=R108 NewDesignator=R52
Change Component Designator: OldDesignator=R109 NewDesignator=R56
Change Component Designator: OldDesignator=R110 NewDesignator=R60
Change Component Designator: OldDesignator=R111 NewDesignator=R48
Change Component Designator: OldDesignator=R112 NewDesignator=R43
Change Component Designator: OldDesignator=R113 NewDesignator=R44
Change Component Designator: OldDesignator=R114 NewDesignator=R47
Change Component Designator: OldDesignator=R115 NewDesignator=R42
Change Component Designator: OldDesignator=R116 NewDesignator=R87
Change Component Designator: OldDesignator=R117 NewDesignator=R76
Change Component Designator: OldDesignator=R118 NewDesignator=R78
Change Component Designator: OldDesignator=R119 NewDesignator=R77
Change Component Designator: OldDesignator=R120 NewDesignator=R46
Change Component Designator: OldDesignator=R121 NewDesignator=R58
Change Component Designator: OldDesignator=R122 NewDesignator=R63
Change Component Designator: OldDesignator=R123 NewDesignator=R54
Change Component Designator: OldDesignator=R124 NewDesignator=R50
Change Component Designator: OldDesignator=R125 NewDesignator=R85
Change Component Designator: OldDesignator=R126 NewDesignator=R81
Change Component Designator: OldDesignator=R127 NewDesignator=R75
Change Component Designator: OldDesignator=R128 NewDesignator=R74
Change Component Designator: OldDesignator=SD1 NewDesignator=J1
Change Component Designator: OldDesignator=T1 NewDesignator=J15
Change Component Designator: OldDesignator=T2 NewDesignator=T1
Change Component Designator: OldDesignator=T3 NewDesignator=J14
Change Component Designator: OldDesignator=T4 NewDesignator=J11
Change Component Designator: OldDesignator=TP1 NewDesignator=TP38
Change Component Designator: OldDesignator=TP2 NewDesignator=TP19B
Change Component Designator: OldDesignator=TP3 NewDesignator=TP19C
Change Component Designator: OldDesignator=TP4 NewDesignator=TP19D
Change Component Designator: OldDesignator=TP5 NewDesignator=TP19A
Change Component Designator: OldDesignator=TP6 NewDesignator=TP26A
Change Component Designator: OldDesignator=TP7 NewDesignator=TP27B
Change Component Designator: OldDesignator=TP8 NewDesignator=TP20B
Change Component Designator: OldDesignator=TP9 NewDesignator=TP43
Change Component Designator: OldDesignator=TP10 NewDesignator=TP39
Change Component Designator: OldDesignator=TP11 NewDesignator=TP27C
Change Component Designator: OldDesignator=TP12 NewDesignator=TP20C
Change Component Designator: OldDesignator=TP13 NewDesignator=TP26D
Change Component Designator: OldDesignator=TP14 NewDesignator=TP27D
Change Component Designator: OldDesignator=TP15 NewDesignator=TP20D
Change Component Designator: OldDesignator=TP16 NewDesignator=TP25C
Change Component Designator: OldDesignator=TP17 NewDesignator=TP26C
Change Component Designator: OldDesignator=TP18 NewDesignator=TP25B
Change Component Designator: OldDesignator=TP19 NewDesignator=TP41
Change Component Designator: OldDesignator=TP20 NewDesignator=TP25D
Change Component Designator: OldDesignator=TP21 NewDesignator=TP44
Change Component Designator: OldDesignator=TP22 NewDesignator=TP25A
Change Component Designator: OldDesignator=TP23 NewDesignator=TP28B
Change Component Designator: OldDesignator=TP24 NewDesignator=TP42
Change Component Designator: OldDesignator=TP25 NewDesignator=TP45
Change Component Designator: OldDesignator=TP26 NewDesignator=TP29C
Change Component Designator: OldDesignator=TP27 NewDesignator=TP28C
Change Component Designator: OldDesignator=TP28 NewDesignator=TP26B
Change Component Designator: OldDesignator=TP29 NewDesignator=TP29B
Change Component Designator: OldDesignator=TP30 NewDesignator=TP29D
Change Component Designator: OldDesignator=TP31 NewDesignator=TP28D
Change Component Designator: OldDesignator=TP32 NewDesignator=TP27A
Change Component Designator: OldDesignator=TP33 NewDesignator=TP29A
Change Component Designator: OldDesignator=TP34 NewDesignator=TP20A
Change Component Designator: OldDesignator=TP35 NewDesignator=TP28A
Change Component Designator: OldDesignator=TP36 NewDesignator=TP23D
Change Component Designator: OldDesignator=TP37 NewDesignator=TP24D
Change Component Designator: OldDesignator=TP38 NewDesignator=TP22D
Change Component Designator: OldDesignator=TP39 NewDesignator=TP21D
Change Component Designator: OldDesignator=TP40 NewDesignator=TP23C
Change Component Designator: OldDesignator=TP41 NewDesignator=TP24C
Change Component Designator: OldDesignator=TP42 NewDesignator=TP22C
Change Component Designator: OldDesignator=TP43 NewDesignator=TP21C
Change Component Designator: OldDesignator=TP44 NewDesignator=TP46
Change Component Designator: OldDesignator=TP45 NewDesignator=TP47
Change Component Designator: OldDesignator=TP46 NewDesignator=TP37
Change Component Designator: OldDesignator=TP47 NewDesignator=TP40
Change Component Designator: OldDesignator=TP48 NewDesignator=TP23B
Change Component Designator: OldDesignator=TP49 NewDesignator=TP24B
Change Component Designator: OldDesignator=TP50 NewDesignator=TP22B
Change Component Designator: OldDesignator=TP51 NewDesignator=TP21B
Change Component Designator: OldDesignator=TP52 NewDesignator=TP23A
Change Component Designator: OldDesignator=TP53 NewDesignator=TP24A
Change Component Designator: OldDesignator=TP54 NewDesignator=TP22A
Change Component Designator: OldDesignator=TP55 NewDesignator=TP21A
Change Component Designator: OldDesignator=TP56 NewDesignator=TP36
Change Component Designator: OldDesignator=TP57 NewDesignator=TP18D
Change Component Designator: OldDesignator=TP58 NewDesignator=TP18C
Change Component Designator: OldDesignator=TP59 NewDesignator=TP18B
Change Component Designator: OldDesignator=TP60 NewDesignator=TP18A
Change Component Designator: OldDesignator=TP61 NewDesignator=TP53
Change Component Designator: OldDesignator=TP62 NewDesignator=TP5
Change Component Designator: OldDesignator=TP63 NewDesignator=TP1
Change Component Designator: OldDesignator=TP64 NewDesignator=TP2
Change Component Designator: OldDesignator=TP65 NewDesignator=TP3
Change Component Designator: OldDesignator=TP66 NewDesignator=TP4
Change Component Designator: OldDesignator=TP67 NewDesignator=TP58C
Change Component Designator: OldDesignator=TP68 NewDesignator=TP58D
Change Component Designator: OldDesignator=TP69 NewDesignator=TP58B
Change Component Designator: OldDesignator=TP70 NewDesignator=TP58A
Change Component Designator: OldDesignator=TP71 NewDesignator=TP56
Change Component Designator: OldDesignator=TP72 NewDesignator=TP57
Change Component Designator: OldDesignator=TP73 NewDesignator=TP17A
Change Component Designator: OldDesignator=TP74 NewDesignator=TP16C
Change Component Designator: OldDesignator=TP75 NewDesignator=TP17C
Change Component Designator: OldDesignator=TP76 NewDesignator=TP16B
Change Component Designator: OldDesignator=TP77 NewDesignator=TP17B
Change Component Designator: OldDesignator=TP78 NewDesignator=TP16A
Change Component Designator: OldDesignator=TP79 NewDesignator=TP12
Change Component Designator: OldDesignator=TP80 NewDesignator=TP14
Change Component Designator: OldDesignator=TP81 NewDesignator=TP13
Change Component Designator: OldDesignator=TP82 NewDesignator=TP11
Change Component Designator: OldDesignator=TP83 NewDesignator=TP52
Change Component Designator: OldDesignator=TP84 NewDesignator=TP15
Change Component Designator: OldDesignator=TP85 NewDesignator=TP6
Change Component Designator: OldDesignator=TP86 NewDesignator=TP8
Change Component Designator: OldDesignator=TP87 NewDesignator=TP10
Change Component Designator: OldDesignator=TP88 NewDesignator=TP55
Change Component Designator: OldDesignator=TP89 NewDesignator=TP7
Change Component Designator: OldDesignator=TP90 NewDesignator=TP9
Change Component Designator: OldDesignator=TP91 NewDesignator=TP51
Change Component Designator: OldDesignator=TP92 NewDesignator=TP50
Change Component Designator: OldDesignator=TP93 NewDesignator=TP48
Change Component Designator: OldDesignator=TP94 NewDesignator=TP49
Change Component Designator: OldDesignator=TP95 NewDesignator=TP31
Change Component Designator: OldDesignator=TP96 NewDesignator=TP30
Change Component Designator: OldDesignator=TP97 NewDesignator=TP35
Change Component Designator: OldDesignator=TP98 NewDesignator=TP34
Change Component Designator: OldDesignator=TP99 NewDesignator=TP33
Change Component Designator: OldDesignator=TP100 NewDesignator=TP32
Change Component Designator: OldDesignator=TP101 NewDesignator=TP54
Change Component Designator: OldDesignator=U1 NewDesignator=U4A
Change Component Designator: OldDesignator=U2 NewDesignator=U4B
Change Component Designator: OldDesignator=U3 NewDesignator=U11
Change Component Designator: OldDesignator=U4 NewDesignator=U4C
Change Component Designator: OldDesignator=U5 NewDesignator=U4D
Change Component Designator: OldDesignator=U6 NewDesignator=U2
Change Component Designator: OldDesignator=U7 NewDesignator=U1
Change Component Designator: OldDesignator=U8 NewDesignator=U3
Change Component Designator: OldDesignator=U9 NewDesignator=U13
Change Component Designator: OldDesignator=U11 NewDesignator=U5
Change Component Designator: OldDesignator=U12 NewDesignator=U9
Change Component Designator: OldDesignator=U13 NewDesignator=U6
Change Component Designator: OldDesignator=U14 NewDesignator=U7
Change Component Designator: OldDesignator=U15 NewDesignator=U8
Change Component Designator: OldDesignator=U16 NewDesignator=U12
Change Net Name : Old Net Name=DECAY_M1 New Net Name=DECAYA
Change Net Name : Old Net Name=DECAY_M2 New Net Name=DECAYB
Change Net Name : Old Net Name=DECAY_M3 New Net Name=DECAYC
Change Net Name : Old Net Name=DECAY_M4 New Net Name=DECAYD
Change Net Name : Old Net Name=NetC3_M1_1 New Net Name=NetC47A_1
Change Net Name : Old Net Name=NetC3_M2_1 New Net Name=NetC47B_1
Change Net Name : Old Net Name=NetC3_M3_1 New Net Name=NetC47C_1
Change Net Name : Old Net Name=NetC3_M4_1 New Net Name=NetC47D_1
Change Net Name : Old Net Name=NetC5_M1_1 New Net Name=NetC48A_1
Change Net Name : Old Net Name=NetC5_M2_1 New Net Name=NetC48B_1
Change Net Name : Old Net Name=NetC5_M3_1 New Net Name=NetC48C_1
Change Net Name : Old Net Name=NetC5_M4_1 New Net Name=NetC48D_1
Change Net Name : Old Net Name=NetC6_M1_1 New Net Name=NetC49A_1
Change Net Name : Old Net Name=NetC6_M2_1 New Net Name=NetC49B_1
Change Net Name : Old Net Name=NetC6_M3_1 New Net Name=NetC49C_1
Change Net Name : Old Net Name=NetC6_M4_1 New Net Name=NetC49D_1
Change Net Name : Old Net Name=NetC8_M1_2 New Net Name=NetC50A_2
Change Net Name : Old Net Name=NetC8_M2_2 New Net Name=NetC50B_2
Change Net Name : Old Net Name=NetC8_M3_2 New Net Name=NetC50C_2
Change Net Name : Old Net Name=NetC8_M4_2 New Net Name=NetC50D_2
Change Net Name : Old Net Name=NetC18_1 New Net Name=NetC95_1
Change Net Name : Old Net Name=NetC22_1 New Net Name=NetC91_1
Change Net Name : Old Net Name=NetC24_2 New Net Name=NetC35_2
Change Net Name : Old Net Name=NetC35_1 New Net Name=NetC68_1
Change Net Name : Old Net Name=NetC37_M1_2 New Net Name=NetC42A_2
Change Net Name : Old Net Name=NetC37_M2_2 New Net Name=NetC42B_2
Change Net Name : Old Net Name=NetC37_M3_2 New Net Name=NetC42C_2
Change Net Name : Old Net Name=NetC37_M4_2 New Net Name=NetC42D_2
Change Net Name : Old Net Name=NetC40_1 New Net Name=NetC83_1
Change Net Name : Old Net Name=NetC40_2 New Net Name=NetC83_2
Change Net Name : Old Net Name=NetC43_1 New Net Name=NetC5_1
Change Net Name : Old Net Name=NetC44_1 New Net Name=NetC4_1
Change Net Name : Old Net Name=NetC49_1 New Net Name=NetC69_1
Change Net Name : Old Net Name=NetC49_2 New Net Name=NetC69_2
Change Net Name : Old Net Name=NetC50_2 New Net Name=NetC70_2
Change Net Name : Old Net Name=NetC51_2 New Net Name=NetC66_2
Change Net Name : Old Net Name=NetC52_1 New Net Name=NetC71_1
Change Net Name : Old Net Name=NetC62_1 New Net Name=NetC72_1
Change Net Name : Old Net Name=NetC66_M1_1 New Net Name=NetC44A_1
Change Net Name : Old Net Name=NetC66_M2_1 New Net Name=NetC44B_1
Change Net Name : Old Net Name=NetC66_M3_1 New Net Name=NetC44C_1
Change Net Name : Old Net Name=NetC66_M4_1 New Net Name=NetC44D_1
Change Net Name : Old Net Name=NetC67_1 New Net Name=NetC73_1
Change Net Name : Old Net Name=NetC68_M1_1 New Net Name=NetC45A_1
Change Net Name : Old Net Name=NetC68_M1_2 New Net Name=NetC45A_2
Change Net Name : Old Net Name=NetC68_M2_1 New Net Name=NetC45B_1
Change Net Name : Old Net Name=NetC68_M2_2 New Net Name=NetC45B_2
Change Net Name : Old Net Name=NetC68_M3_1 New Net Name=NetC45C_1
Change Net Name : Old Net Name=NetC68_M3_2 New Net Name=NetC45C_2
Change Net Name : Old Net Name=NetC68_M4_1 New Net Name=NetC45D_1
Change Net Name : Old Net Name=NetC68_M4_2 New Net Name=NetC45D_2
Change Net Name : Old Net Name=NetC71_M1_2 New Net Name=NetC46A_2
Change Net Name : Old Net Name=NetC71_M2_2 New Net Name=NetC46B_2
Change Net Name : Old Net Name=NetC71_M3_2 New Net Name=NetC46C_2
Change Net Name : Old Net Name=NetC71_M4_2 New Net Name=NetC46D_2
Change Net Name : Old Net Name=NetC72_2 New Net Name=NetC74_2
Change Net Name : Old Net Name=NetC73_1 New Net Name=NetC6_1
Change Net Name : Old Net Name=NetC75_M1_2 New Net Name=NetC43A_2
Change Net Name : Old Net Name=NetC75_M2_2 New Net Name=NetC43B_2
Change Net Name : Old Net Name=NetC75_M3_2 New Net Name=NetC43C_2
Change Net Name : Old Net Name=NetC75_M4_2 New Net Name=NetC43D_2
Change Net Name : Old Net Name=NetC84_2 New Net Name=NetC67_2
Change Net Name : Old Net Name=NetC92_2 New Net Name=NetC29_2
Change Net Name : Old Net Name=NetC101_2 New Net Name=NetC54_2
Change Net Name : Old Net Name=NetD2_A New Net Name=NetD34_A
Change Net Name : Old Net Name=NetD10_A New Net Name=NetD11_A
Change Net Name : Old Net Name=NetD11_A New Net Name=NetD14_A
Change Net Name : Old Net Name=NetD13_A New Net Name=NetD17_A
Change Net Name : Old Net Name=NetD14_A New Net Name=NetD20_A
Change Net Name : Old Net Name=NetD16_A New Net Name=NetD23_A
Change Net Name : Old Net Name=NetD18_A New Net Name=NetD26_A
Change Net Name : Old Net Name=NetD24_A New Net Name=NetD3_A
Change Net Name : Old Net Name=NetD29_A New Net Name=NetD4_A
Change Net Name : Old Net Name=NetD38_ES1_A New Net Name=NetD5A_A
Change Net Name : Old Net Name=NetD38_ES2_A New Net Name=NetD5B_A
Change Net Name : Old Net Name=NetD38_ES3_A New Net Name=NetD5C_A
Change Net Name : Old Net Name=NetD39_ES1_A New Net Name=NetD6A_A
Change Net Name : Old Net Name=NetD39_ES2_A New Net Name=NetD6B_A
Change Net Name : Old Net Name=NetD39_ES3_A New Net Name=NetD6C_A
Change Net Name : Old Net Name=NetD40_1 New Net Name=NetD1_1
Change Net Name : Old Net Name=NetD40_3 New Net Name=NetD1_3
Change Net Name : Old Net Name=NetF1_1 New Net Name=NetF2_1
Change Net Name : Old Net Name=NetF2_1 New Net Name=NetF1_1
Change Net Name : Old Net Name=NetP2_TR1_1 New Net Name=NetJ16A_1
Change Net Name : Old Net Name=NetP2_TR2_1 New Net Name=NetJ16B_1
Change Net Name : Old Net Name=NetP2_TR3_1 New Net Name=NetJ16C_1
Change Net Name : Old Net Name=NetP2_TR4_1 New Net Name=NetJ16D_1
Change Net Name : Old Net Name=NetQ4_4 New Net Name=NetQ2_4
Change Net Name : Old Net Name=NetQ5_4 New Net Name=NetQ3_4
Change Net Name : Old Net Name=NetQ6_4 New Net Name=NetQ4_4
Change Net Name : Old Net Name=NetQ7_4 New Net Name=NetQ5_4
Change Net Name : Old Net Name=NetR5_1 New Net Name=NetR8_1
Change Net Name : Old Net Name=NetR6_1 New Net Name=NetR9_1
Change Net Name : Old Net Name=NetR7_1 New Net Name=NetR75_1
Change Net Name : Old Net Name=NetR10_2 New Net Name=NetR77_2
Change Net Name : Old Net Name=NetR17_1 New Net Name=NetR74_1
Change Net Name : Old Net Name=NetR22_1 New Net Name=NetR10_1
Change Net Name : Old Net Name=NetR32_M1_2 New Net Name=NetR38A_2
Change Net Name : Old Net Name=NetR32_M2_2 New Net Name=NetR38B_2
Change Net Name : Old Net Name=NetR32_M3_2 New Net Name=NetR38C_2
Change Net Name : Old Net Name=NetR32_M4_2 New Net Name=NetR38D_2
Change Net Name : Old Net Name=NetR33_M1_2 New Net Name=NetR39A_2
Change Net Name : Old Net Name=NetR33_M2_2 New Net Name=NetR39B_2
Change Net Name : Old Net Name=NetR33_M3_2 New Net Name=NetR39C_2
Change Net Name : Old Net Name=NetR33_M4_2 New Net Name=NetR39D_2
Change Net Name : Old Net Name=NetR38_2 New Net Name=NetR70_2
Change Net Name : Old Net Name=NetR39_2 New Net Name=NetR71_2
Change Net Name : Old Net Name=NetR45_1 New Net Name=NetR44_1
Change Net Name : Old Net Name=NetR46_1 New Net Name=NetR47_1
Change Net Name : Old Net Name=NetR52_1 New Net Name=NetR48_1
Change Net Name : Old Net Name=NetR55_1 New Net Name=NetR51_1
Change Net Name : Old Net Name=NetR57_1 New Net Name=NetR52_1
Change Net Name : Old Net Name=NetR59_1 New Net Name=NetR55_1
Change Net Name : Old Net Name=NetR61_1 New Net Name=NetR56_1
Change Net Name : Old Net Name=NetR63_1 New Net Name=NetR59_1
Change Net Name : Old Net Name=NetR65_1 New Net Name=NetR60_1
Change Net Name : Old Net Name=NetR67_1 New Net Name=NetR62_1
Change Net Name : Old Net Name=NetR69_1 New Net Name=NetR64_1
Change Net Name : Old Net Name=NetR70_1 New Net Name=NetR43_1
Change Net Name : Old Net Name=NetR85_2 New Net Name=NetR17_2
Change Net Name : Old Net Name=NetR86_2 New Net Name=NetR19_2
Change Net Name : Old Net Name=NetR90_1 New Net Name=NetR7_1
Added Member To Class: ClassName=ATSAM3X8E Main Controller - TR R1.1 Member=Component C1 100nF
Added Member To Class: ClassName=ATSAM3X8E Main Controller - TR R1.1 Member=Component C3 100nF
Added Member To Class: ClassName=ATSAM3X8E Main Controller - TR R1.1 Member=Component C15 0603
Added Member To Class: ClassName=ATSAM3X8E Main Controller - TR R1.1 Member=Component C22 100nF
Added Member To Class: ClassName=ATSAM3X8E Main Controller - TR R1.1 Member=Component C27 100nF
Added Member To Class: ClassName=ATSAM3X8E Main Controller - TR R1.1 Member=Component C35 4.7nF
Added Member To Class: ClassName=ATSAM3X8E Main Controller - TR R1.1 Member=Component C38 100nF
Added Member To Class: ClassName=ATSAM3X8E Main Controller - TR R1.1 Member=Component C39 C0603TBD
Added Member To Class: ClassName=ES2 Member=Component C40B (C40) 0402
Added Member To Class: ClassName=ES3 Member=Component C40C (C40) 0402
Added Member To Class: ClassName=M1 Member=Component C42A (C42) 0402
Added Member To Class: ClassName=M3 Member=Component C42C (C42) 0402
Added Member To Class: ClassName=M2 Member=Component C43B (C43) 0402
Added Member To Class: ClassName=M3 Member=Component C43C (C43) 0402
Added Member To Class: ClassName=M3 Member=Component C44C (C44) 100nF
Added Member To Class: ClassName=M3 Member=Component C45C (C45) 0402
Added Member To Class: ClassName=M1 Member=Component C46A (C46) 0402
Added Member To Class: ClassName=M2 Member=Component C46B (C46) 0402
Added Member To Class: ClassName=M4 Member=Component C46D (C46) 0402
Added Member To Class: ClassName=M1 Member=Component C47A (C47) 1nF
Added Member To Class: ClassName=M3 Member=Component C48C (C48) 1nF
Added Member To Class: ClassName=M4 Member=Component C49D (C49) 1nF
Added Member To Class: ClassName=M1 Member=Component C50A (C50) 1nF
Added Member To Class: ClassName=M2 Member=Component C50B (C50) 1nF
Added Member To Class: ClassName=M4 Member=Component C50D (C50) 1nF
Added Member To Class: ClassName=M1 Member=Component C51A (C51) EEE-1VA101XP
Added Member To Class: ClassName=M3 Member=Component C51C (C51) EEE-1VA101XP
Added Member To Class: ClassName=M1 Member=Component C52A (C52) 100nF
Added Member To Class: ClassName=M2 Member=Component C52B (C52) 100nF
Added Member To Class: ClassName=M4 Member=Component C53D (C53) 100nF
Added Member To Class: ClassName=U_MZ Member=Component C66 0402
Added Member To Class: ClassName=U_MZ Member=Component C67 0402
Added Member To Class: ClassName=U_MZ Member=Component C69 0402
Added Member To Class: ClassName=U_MZ Member=Component C74 1nF
Added Member To Class: ClassName=U_MZ Member=Component C75 EEE-1VA101XP
Added Member To Class: ClassName=U_MZ Member=Component C77 100nF
Added Member To Class: ClassName=Designator Member=Component C92 10uF 50V
Added Member To Class: ClassName=Designator Member=Component C99 C0402TBD
Added Member To Class: ClassName=TR1 Member=Component C101A (C101) 100nF
Added Member To Class: ClassName=TR4 Member=Component C101D (C101) 100nF
Added Member To Class: ClassName=ATSAM3X8E Main Controller - TR R1.1 Member=Component D1 PRTR5V0U2F
Added Member To Class: ClassName=ES1 Member=Component D5A (D5) ESD9B3.3ST5G
Added Member To Class: ClassName=ES3 Member=Component D5C (D5) ESD9B3.3ST5G
Added Member To Class: ClassName=ES3 Member=Component D6C (D6) ESD9B3.3ST5G
Added Member To Class: ClassName=M3 Member=Component D7C (D7) SMAJ30A
Added Member To Class: ClassName=M3 Member=Component D8C (D8) SMAJ30A
Added Member To Class: ClassName=M2 Member=Component D9B (D9) SMAJ30A
Added Member To Class: ClassName=M1 Member=Component D10A (D10) SMAJ30A
Added Member To Class: ClassName=M2 Member=Component D10B (D10) SMAJ30A
Added Member To Class: ClassName=M4 Member=Component D10D (D10) SMAJ30A
Added Member To Class: ClassName=U_MZ Member=Component D29 SMAJ30A
Added Member To Class: ClassName=TR1 Member=Component D40A (D40) 1N4148WT
Added Member To Class: ClassName=TR2 Member=Component D40B (D40) 1N4148WT
Added Member To Class: ClassName=TR4 Member=Component D40D (D40) 1N4148WT
Added Member To Class: ClassName=ATSAM3X8E Main Controller - TR R1.1 Member=Component J5 20021121-00010C4LF
Added Member To Class: ClassName=ATSAM3X8E Main Controller - TR R1.1 Member=Component J6 USB-B
Added Member To Class: ClassName=U_MOSFETs and Driver Member=Component J11 Molex 0395311010
Added Member To Class: ClassName=TR2 Member=Component J16B (J16A) C-GRID-02-70543
Added Member To Class: ClassName=Designator Member=Component L7 XAL5050-153MEB
Added Member To Class: ClassName=ATSAM3X8E Main Controller - TR R1.1 Member=Component R2 10K
Added Member To Class: ClassName=ATSAM3X8E Main Controller - TR R1.1 Member=Component R3 10K
Added Member To Class: ClassName=ATSAM3X8E Main Controller - TR R1.1 Member=Component R4 10K
Added Member To Class: ClassName=ATSAM3X8E Main Controller - TR R1.1 Member=Component R13 6.8K
Added Member To Class: ClassName=ATSAM3X8E Main Controller - TR R1.1 Member=Component R14 1k
Added Member To Class: ClassName=ATSAM3X8E Main Controller - TR R1.1 Member=Component R15 4.7K
Added Member To Class: ClassName=ATSAM3X8E Main Controller - TR R1.1 Member=Component R17 24r
Added Member To Class: ClassName=ATSAM3X8E Main Controller - TR R1.1 Member=Component R25 24r
Added Member To Class: ClassName=ATSAM3X8E Main Controller - TR R1.1 Member=Component R27 1M
Added Member To Class: ClassName=ES1 Member=Component R30A (R30) 100K
Added Member To Class: ClassName=ES2 Member=Component R31B (R31) 1k
Added Member To Class: ClassName=ES3 Member=Component R31C (R31) 1k
Added Member To Class: ClassName=ES3 Member=Component R32C (R32) 100K
Added Member To Class: ClassName=ES1 Member=Component R33A (R33) 1k
Added Member To Class: ClassName=ES3 Member=Component R33C (R33) 1k
Added Member To Class: ClassName=M3 Member=Component R34C (R34) 10K
Added Member To Class: ClassName=M1 Member=Component R35A (R35) 10K
Added Member To Class: ClassName=M2 Member=Component R35B (R35) 10K
Added Member To Class: ClassName=M1 Member=Component R36A (R36) 100K
Added Member To Class: ClassName=M3 Member=Component R36C (R36) 100K
Added Member To Class: ClassName=M1 Member=Component R37A (R37) 1M
Added Member To Class: ClassName=M2 Member=Component R38B (R38) 2512
Added Member To Class: ClassName=M3 Member=Component R38C (R38) 2512
Added Member To Class: ClassName=M1 Member=Component R40A (R40) NP
Added Member To Class: ClassName=M2 Member=Component R40B (R40) NP
Added Member To Class: ClassName=M3 Member=Component R40C (R40) NP
Added Member To Class: ClassName=U_MZ Member=Component R67 10K
Added Member To Class: ClassName=U_MZ Member=Component R68 100K
Added Member To Class: ClassName=U_MZ Member=Component R69 1M
Added Member To Class: ClassName=Designator Member=Component R88 R0402TBD
Added Member To Class: ClassName=TR1 Member=Component R89A (R89) 4.7K
Added Member To Class: ClassName=TR2 Member=Component R89B (R89) 4.7K
Added Member To Class: ClassName=TR4 Member=Component R89D (R89) 4.7K
Added Member To Class: ClassName=TR1 Member=Component R90A (R90) 4.7K
Added Member To Class: ClassName=TR3 Member=Component R90C (R90) 4.7K
Added Member To Class: ClassName=M1 Member=Component TP18A (TP18) TP4
Added Member To Class: ClassName=M2 Member=Component TP18B (TP18) TP4
Added Member To Class: ClassName=M2 Member=Component TP19B (TP19) TP4
Added Member To Class: ClassName=M4 Member=Component TP19D (TP19) TP4
Added Member To Class: ClassName=M1 Member=Component TP20A (TP20) TP4
Added Member To Class: ClassName=M2 Member=Component TP20B (TP20) TP4
Added Member To Class: ClassName=M3 Member=Component TP20C (TP20) TP4
Added Member To Class: ClassName=M1 Member=Component TP21A (TP21) TP4
Added Member To Class: ClassName=M2 Member=Component TP21B (TP21) TP4
Added Member To Class: ClassName=M1 Member=Component TP22A (TP22) TP4
Added Member To Class: ClassName=M3 Member=Component TP22C (TP22) TP4
Added Member To Class: ClassName=M3 Member=Component TP24C (TP24) TP4
Added Member To Class: ClassName=M1 Member=Component TP25A (TP25) TP4
Added Member To Class: ClassName=M2 Member=Component TP25B (TP25) TP4
Added Member To Class: ClassName=M4 Member=Component TP25D (TP25) TP4
Added Member To Class: ClassName=M1 Member=Component TP26A (TP26) TP4
Added Member To Class: ClassName=M3 Member=Component TP26C (TP26) TP4
Added Member To Class: ClassName=M3 Member=Component TP27C (TP27) TP4
Added Member To Class: ClassName=M4 Member=Component TP27D (TP27) TP4
Added Member To Class: ClassName=M4 Member=Component TP28D (TP28) TP4
Added Member To Class: ClassName=U_MZ Member=Component TP36 TP4
Added Member To Class: ClassName=M2 Member=Component U4B (U4) DRV8825
Added Member To Class: ClassName=M3 Member=Component U4C (U4) DRV8825
Added Member To Class: ClassName=Designator Member=Component U13 MIC5353-3.3YMT-TR
