Added Component: Designator=U12(DRV8825PWPR)
Added Component: Designator=U13(DRV8825PWPR)
Added Component: Designator=U14(DRV8825PWPR)
Added Component: Designator=U15(DRV8825PWPR)
Added Component: Designator=U16(DRV8825PWPR)
Added Pin To Net: NetName=NetC94_1 Pin=U12-1
Added Pin To Net: NetName=NetC94_2 Pin=U12-2
Added Pin To Net: NetName=NetC97_1 Pin=U12-3
Added Pin To Net: NetName=+12VCC1 Pin=U12-4
Added Pin To Net: NetName=NetC126_1 Pin=U12-5
Added Pin To Net: NetName=NetR116_2 Pin=U12-6
Added Pin To Net: NetName=NetC125_1 Pin=U12-7
Added Pin To Net: NetName=NetC127_2 Pin=U12-8
Added Pin To Net: NetName=NetR117_2 Pin=U12-9
Added Pin To Net: NetName=NetC128_1 Pin=U12-10
Added Pin To Net: NetName=+12VCC1 Pin=U12-11
Added Pin To Net: NetName=NetC100_2 Pin=U12-12
Added Pin To Net: NetName=NetC100_2 Pin=U12-13
Added Pin To Net: NetName=GND Pin=U12-14
Added Pin To Net: NetName=NetC83_2 Pin=U12-15
Added Pin To Net: NetName=3.3VCC Pin=U12-16
Added Pin To Net: NetName=3.3VCC Pin=U12-17
Added Pin To Net: NetName=DECAYA Pin=U12-19
Added Pin To Net: NetName=DIR1 Pin=U12-20
Added Pin To Net: NetName=EN1 Pin=U12-21
Added Pin To Net: NetName=STEP1 Pin=U12-22
Added Pin To Net: NetName=MOD0E1 Pin=U12-24
Added Pin To Net: NetName=MOD1E1 Pin=U12-25
Added Pin To Net: NetName=MOD2E1 Pin=U12-26
Added Pin To Net: NetName=GND Pin=U12-28
Added Pin To Net: NetName=GND Pin=U12-29
Added Pin To Net: NetName=NetC102_1 Pin=U13-1
Added Pin To Net: NetName=NetC102_2 Pin=U13-2
Added Pin To Net: NetName=NetC103_1 Pin=U13-3
Added Pin To Net: NetName=+12VCC1 Pin=U13-4
Added Pin To Net: NetName=NetC130_1 Pin=U13-5
Added Pin To Net: NetName=NetR118_2 Pin=U13-6
Added Pin To Net: NetName=NetC129_1 Pin=U13-7
Added Pin To Net: NetName=NetC131_2 Pin=U13-8
Added Pin To Net: NetName=NetR119_2 Pin=U13-9
Added Pin To Net: NetName=NetC132_1 Pin=U13-10
Added Pin To Net: NetName=+12VCC1 Pin=U13-11
Added Pin To Net: NetName=NetC105_2 Pin=U13-12
Added Pin To Net: NetName=NetC105_2 Pin=U13-13
Added Pin To Net: NetName=GND Pin=U13-14
Added Pin To Net: NetName=NetC85_2 Pin=U13-15
Added Pin To Net: NetName=3.3VCC Pin=U13-16
Added Pin To Net: NetName=3.3VCC Pin=U13-17
Added Pin To Net: NetName=DECAYB Pin=U13-19
Added Pin To Net: NetName=DIR2 Pin=U13-20
Added Pin To Net: NetName=EN2 Pin=U13-21
Added Pin To Net: NetName=STEP2 Pin=U13-22
Added Pin To Net: NetName=MOD0E2 Pin=U13-24
Added Pin To Net: NetName=MOD1E2 Pin=U13-25
Added Pin To Net: NetName=MOD2E2 Pin=U13-26
Added Pin To Net: NetName=GND Pin=U13-28
Added Pin To Net: NetName=GND Pin=U13-29
Added Pin To Net: NetName=NetC108_1 Pin=U14-1
Added Pin To Net: NetName=NetC108_2 Pin=U14-2
Added Pin To Net: NetName=NetC115_1 Pin=U14-3
Added Pin To Net: NetName=+12VCC1 Pin=U14-4
Added Pin To Net: NetName=NetC133_1 Pin=U14-5
Added Pin To Net: NetName=NetR121_2 Pin=U14-6
Added Pin To Net: NetName=NetC134_1 Pin=U14-7
Added Pin To Net: NetName=NetC137_2 Pin=U14-8
Added Pin To Net: NetName=NetR122_2 Pin=U14-9
Added Pin To Net: NetName=NetC136_1 Pin=U14-10
Added Pin To Net: NetName=+12VCC1 Pin=U14-11
Added Pin To Net: NetName=NetC116_2 Pin=U14-12
Added Pin To Net: NetName=NetC116_2 Pin=U14-13
Added Pin To Net: NetName=GND Pin=U14-14
Added Pin To Net: NetName=NetC86_2 Pin=U14-15
Added Pin To Net: NetName=3.3VCC Pin=U14-16
Added Pin To Net: NetName=3.3VCC Pin=U14-17
Added Pin To Net: NetName=DECAYZ Pin=U14-19
Added Pin To Net: NetName=DIR_Z Pin=U14-20
Added Pin To Net: NetName=EN_Z Pin=U14-21
Added Pin To Net: NetName=STEP_Z Pin=U14-22
Added Pin To Net: NetName=MOD0E_Z Pin=U14-24
Added Pin To Net: NetName=MOD1E_Z Pin=U14-25
Added Pin To Net: NetName=MOD2E_Z Pin=U14-26
Added Pin To Net: NetName=GND Pin=U14-28
Added Pin To Net: NetName=GND Pin=U14-29
Added Pin To Net: NetName=NetC112_1 Pin=U15-1
Added Pin To Net: NetName=NetC112_2 Pin=U15-2
Added Pin To Net: NetName=NetC117_1 Pin=U15-3
Added Pin To Net: NetName=+12VCC1 Pin=U15-4
Added Pin To Net: NetName=NetC135_1 Pin=U15-5
Added Pin To Net: NetName=NetR123_2 Pin=U15-6
Added Pin To Net: NetName=NetC138_1 Pin=U15-7
Added Pin To Net: NetName=NetC139_2 Pin=U15-8
Added Pin To Net: NetName=NetR124_2 Pin=U15-9
Added Pin To Net: NetName=NetC144_1 Pin=U15-10
Added Pin To Net: NetName=+12VCC1 Pin=U15-11
Added Pin To Net: NetName=NetC119_2 Pin=U15-12
Added Pin To Net: NetName=NetC119_2 Pin=U15-13
Added Pin To Net: NetName=GND Pin=U15-14
Added Pin To Net: NetName=NetC89_2 Pin=U15-15
Added Pin To Net: NetName=3.3VCC Pin=U15-16
Added Pin To Net: NetName=3.3VCC Pin=U15-17
Added Pin To Net: NetName=DECAYC Pin=U15-19
Added Pin To Net: NetName=DIR3 Pin=U15-20
Added Pin To Net: NetName=EN3 Pin=U15-21
Added Pin To Net: NetName=STEP3 Pin=U15-22
Added Pin To Net: NetName=MOD0E3 Pin=U15-24
Added Pin To Net: NetName=MOD1E3 Pin=U15-25
Added Pin To Net: NetName=MOD2E3 Pin=U15-26
Added Pin To Net: NetName=GND Pin=U15-28
Added Pin To Net: NetName=GND Pin=U15-29
Added Pin To Net: NetName=NetC114_1 Pin=U16-1
Added Pin To Net: NetName=NetC114_2 Pin=U16-2
Added Pin To Net: NetName=NetC121_1 Pin=U16-3
Added Pin To Net: NetName=+12VCC1 Pin=U16-4
Added Pin To Net: NetName=NetC141_1 Pin=U16-5
Added Pin To Net: NetName=NetR125_2 Pin=U16-6
Added Pin To Net: NetName=NetC140_1 Pin=U16-7
Added Pin To Net: NetName=NetC142_2 Pin=U16-8
Added Pin To Net: NetName=NetR126_2 Pin=U16-9
Added Pin To Net: NetName=NetC143_1 Pin=U16-10
Added Pin To Net: NetName=+12VCC1 Pin=U16-11
Added Pin To Net: NetName=NetC124_2 Pin=U16-12
Added Pin To Net: NetName=NetC124_2 Pin=U16-13
Added Pin To Net: NetName=GND Pin=U16-14
Added Pin To Net: NetName=NetC91_2 Pin=U16-15
Added Pin To Net: NetName=3.3VCC Pin=U16-16
Added Pin To Net: NetName=3.3VCC Pin=U16-17
Added Pin To Net: NetName=DECAYD Pin=U16-19
Added Pin To Net: NetName=DIR4 Pin=U16-20
Added Pin To Net: NetName=EN4 Pin=U16-21
Added Pin To Net: NetName=STEP4 Pin=U16-22
Added Pin To Net: NetName=MOD0E4 Pin=U16-24
Added Pin To Net: NetName=MOD1E4 Pin=U16-25
Added Pin To Net: NetName=MOD2E4 Pin=U16-26
Added Pin To Net: NetName=GND Pin=U16-28
Added Pin To Net: NetName=GND Pin=U16-29
Added Member To Class: ClassName=M1 Member=Component U12 (U3) DRV8825
Added Member To Class: ClassName=M2 Member=Component U13 (U3) DRV8825
Added Member To Class: ClassName=U_MZ Member=Component U14 DRV8825
Added Member To Class: ClassName=M3 Member=Component U15 (U3) DRV8825
Added Member To Class: ClassName=M4 Member=Component U16 (U3) DRV8825
