Removed Member From Class: ClassName=ATSAM3X8E Main Controller - TR R1.1 Member=J15
Removed Member From Class: ClassName=ATSAM3X8E Main Controller - TR R1.1 Member=R26
Removed Member From Class: ClassName=ATSAM3X8E Main Controller - TR R1.1 Member=R27
Removed Member From Class: ClassName=ATSAM3X8E Main Controller - TR R1.1 Member=R29
Change Component Designator: OldDesignator=C1 NewDesignator=C2
Change Component Designator: OldDesignator=C2 NewDesignator=C3
Change Component Designator: OldDesignator=C3 NewDesignator=C1
Change Component Designator: OldDesignator=C4 NewDesignator=C87
Change Component Designator: OldDesignator=C5 NewDesignator=C88
Change Component Designator: OldDesignator=C6 NewDesignator=C89
Change Component Designator: OldDesignator=C7 NewDesignator=C90
Change Component Designator: OldDesignator=C8 NewDesignator=C91
Change Component Designator: OldDesignator=C9 NewDesignator=C43
Change Component Designator: OldDesignator=C10 NewDesignator=C44
Change Component Designator: OldDesignator=C11 NewDesignator=C49
Change Component Designator: OldDesignator=C12 NewDesignator=C50
Change Component Designator: OldDesignator=C13 NewDesignator=C51
Change Component Designator: OldDesignator=C14 NewDesignator=C52
Change Component Designator: OldDesignator=C15 NewDesignator=C57
Change Component Designator: OldDesignator=C16 NewDesignator=C58
Change Component Designator: OldDesignator=C17 NewDesignator=C59
Change Component Designator: OldDesignator=C18 NewDesignator=C60
Change Component Designator: OldDesignator=C19 NewDesignator=C61
Change Component Designator: OldDesignator=C20 NewDesignator=C62
Change Component Designator: OldDesignator=C21 NewDesignator=C63
Change Component Designator: OldDesignator=C22 NewDesignator=C65
Change Component Designator: OldDesignator=C23 NewDesignator=C68
Change Component Designator: OldDesignator=C24 NewDesignator=C72
Change Component Designator: OldDesignator=C25 NewDesignator=C71
Change Component Designator: OldDesignator=C26 NewDesignator=C70
Change Component Designator: OldDesignator=C27 NewDesignator=C69
Change Component Designator: OldDesignator=C28 NewDesignator=C92
Change Component Designator: OldDesignator=C29 NewDesignator=C93
Change Component Designator: OldDesignator=C30 NewDesignator=C94
Change Component Designator: OldDesignator=C31 NewDesignator=C95
Change Component Designator: OldDesignator=C32 NewDesignator=C96
Change Component Designator: OldDesignator=C33 NewDesignator=C4
Change Component Designator: OldDesignator=C34 NewDesignator=C97
Change Component Designator: OldDesignator=C35 NewDesignator=C99
Change Component Designator: OldDesignator=C36 NewDesignator=C98
Change Component Designator: OldDesignator=C37 NewDesignator=C86
Change Component Designator: OldDesignator=C38 NewDesignator=C100
Change Component Designator: OldDesignator=C39 NewDesignator=C101
Change Component Designator: OldDesignator=C40A NewDesignator=C5A
Change Component Designator: OldDesignator=C40B NewDesignator=C5B
Change Component Designator: OldDesignator=C40C NewDesignator=C5C
Change Component Designator: OldDesignator=C41A NewDesignator=C6A
Change Component Designator: OldDesignator=C41B NewDesignator=C6B
Change Component Designator: OldDesignator=C41C NewDesignator=C6C
Change Component Designator: OldDesignator=C42A NewDesignator=C7A
Change Component Designator: OldDesignator=C42B NewDesignator=C7B
Change Component Designator: OldDesignator=C42C NewDesignator=C7C
Change Component Designator: OldDesignator=C42D NewDesignator=C7D
Change Component Designator: OldDesignator=C43A NewDesignator=C8A
Change Component Designator: OldDesignator=C43B NewDesignator=C8B
Change Component Designator: OldDesignator=C43C NewDesignator=C8C
Change Component Designator: OldDesignator=C43D NewDesignator=C8D
Change Component Designator: OldDesignator=C44A NewDesignator=C9A
Change Component Designator: OldDesignator=C44B NewDesignator=C9B
Change Component Designator: OldDesignator=C44C NewDesignator=C9C
Change Component Designator: OldDesignator=C44D NewDesignator=C9D
Change Component Designator: OldDesignator=C45A NewDesignator=C10A
Change Component Designator: OldDesignator=C45B NewDesignator=C10B
Change Component Designator: OldDesignator=C45C NewDesignator=C10C
Change Component Designator: OldDesignator=C45D NewDesignator=C10D
Change Component Designator: OldDesignator=C46A NewDesignator=C11A
Change Component Designator: OldDesignator=C46B NewDesignator=C11B
Change Component Designator: OldDesignator=C46C NewDesignator=C11C
Change Component Designator: OldDesignator=C46D NewDesignator=C11D
Change Component Designator: OldDesignator=C47A NewDesignator=C12A
Change Component Designator: OldDesignator=C47B NewDesignator=C12B
Change Component Designator: OldDesignator=C47C NewDesignator=C12C
Change Component Designator: OldDesignator=C47D NewDesignator=C12D
Change Component Designator: OldDesignator=C48A NewDesignator=C13A
Change Component Designator: OldDesignator=C48B NewDesignator=C13B
Change Component Designator: OldDesignator=C48C NewDesignator=C13C
Change Component Designator: OldDesignator=C48D NewDesignator=C13D
Change Component Designator: OldDesignator=C49A NewDesignator=C14A
Change Component Designator: OldDesignator=C49B NewDesignator=C14B
Change Component Designator: OldDesignator=C49C NewDesignator=C14C
Change Component Designator: OldDesignator=C49D NewDesignator=C14D
Change Component Designator: OldDesignator=C50A NewDesignator=C15A
Change Component Designator: OldDesignator=C50B NewDesignator=C15B
Change Component Designator: OldDesignator=C50C NewDesignator=C15C
Change Component Designator: OldDesignator=C50D NewDesignator=C15D
Change Component Designator: OldDesignator=C51A NewDesignator=C16A
Change Component Designator: OldDesignator=C51B NewDesignator=C16B
Change Component Designator: OldDesignator=C51C NewDesignator=C16C
Change Component Designator: OldDesignator=C51D NewDesignator=C16D
Change Component Designator: OldDesignator=C52A NewDesignator=C17A
Change Component Designator: OldDesignator=C52B NewDesignator=C17B
Change Component Designator: OldDesignator=C52C NewDesignator=C17C
Change Component Designator: OldDesignator=C52D NewDesignator=C17D
Change Component Designator: OldDesignator=C53A NewDesignator=C18A
Change Component Designator: OldDesignator=C53B NewDesignator=C18B
Change Component Designator: OldDesignator=C53C NewDesignator=C18C
Change Component Designator: OldDesignator=C53D NewDesignator=C18D
Change Component Designator: OldDesignator=C54 NewDesignator=C19
Change Component Designator: OldDesignator=C55 NewDesignator=C20
Change Component Designator: OldDesignator=C56 NewDesignator=C21
Change Component Designator: OldDesignator=C57 NewDesignator=C22
Change Component Designator: OldDesignator=C58 NewDesignator=C23
Change Component Designator: OldDesignator=C59 NewDesignator=C24
Change Component Designator: OldDesignator=C60 NewDesignator=C25
Change Component Designator: OldDesignator=C61 NewDesignator=C26
Change Component Designator: OldDesignator=C62 NewDesignator=C27
Change Component Designator: OldDesignator=C63 NewDesignator=C28
Change Component Designator: OldDesignator=C64 NewDesignator=C29
Change Component Designator: OldDesignator=C65 NewDesignator=C30
Change Component Designator: OldDesignator=C66 NewDesignator=C31
Change Component Designator: OldDesignator=C67 NewDesignator=C32
Change Component Designator: OldDesignator=C68 NewDesignator=C33
Change Component Designator: OldDesignator=C69 NewDesignator=C34
Change Component Designator: OldDesignator=C70 NewDesignator=C35
Change Component Designator: OldDesignator=C71 NewDesignator=C36
Change Component Designator: OldDesignator=C72 NewDesignator=C37
Change Component Designator: OldDesignator=C73 NewDesignator=C38
Change Component Designator: OldDesignator=C74 NewDesignator=C39
Change Component Designator: OldDesignator=C75 NewDesignator=C40
Change Component Designator: OldDesignator=C76 NewDesignator=C41
Change Component Designator: OldDesignator=C77 NewDesignator=C42
Change Component Designator: OldDesignator=C78 NewDesignator=C45
Change Component Designator: OldDesignator=C79 NewDesignator=C46
Change Component Designator: OldDesignator=C80 NewDesignator=C47
Change Component Designator: OldDesignator=C81 NewDesignator=C48
Change Component Designator: OldDesignator=C82 NewDesignator=C77
Change Component Designator: OldDesignator=C83 NewDesignator=C78
Change Component Designator: OldDesignator=C84 NewDesignator=C80
Change Component Designator: OldDesignator=C85 NewDesignator=C53
Change Component Designator: OldDesignator=C86 NewDesignator=C54
Change Component Designator: OldDesignator=C87 NewDesignator=C55
Change Component Designator: OldDesignator=C88 NewDesignator=C56
Change Component Designator: OldDesignator=C89 NewDesignator=C79
Change Component Designator: OldDesignator=C90 NewDesignator=C81
Change Component Designator: OldDesignator=C91 NewDesignator=C82
Change Component Designator: OldDesignator=C92 NewDesignator=C64
Change Component Designator: OldDesignator=C93 NewDesignator=C66
Change Component Designator: OldDesignator=C94 NewDesignator=C67
Change Component Designator: OldDesignator=C95 NewDesignator=C73
Change Component Designator: OldDesignator=C96 NewDesignator=C74
Change Component Designator: OldDesignator=C97 NewDesignator=C75
Change Component Designator: OldDesignator=C98 NewDesignator=C76
Change Component Designator: OldDesignator=C99 NewDesignator=C83
Change Component Designator: OldDesignator=C100 NewDesignator=C84
Change Component Designator: OldDesignator=C101A NewDesignator=C85A
Change Component Designator: OldDesignator=C101B NewDesignator=C85B
Change Component Designator: OldDesignator=C101C NewDesignator=C85C
Change Component Designator: OldDesignator=C101D NewDesignator=C85D
Change Component Designator: OldDesignator=D1 NewDesignator=D39
Change Component Designator: OldDesignator=D2 NewDesignator=D40
Change Component Designator: OldDesignator=D3 NewDesignator=D1
Change Component Designator: OldDesignator=D4 NewDesignator=D2
Change Component Designator: OldDesignator=D5A NewDesignator=D3A
Change Component Designator: OldDesignator=D5B NewDesignator=D3B
Change Component Designator: OldDesignator=D5C NewDesignator=D3C
Change Component Designator: OldDesignator=D6A NewDesignator=D4A
Change Component Designator: OldDesignator=D6B NewDesignator=D4B
Change Component Designator: OldDesignator=D6C NewDesignator=D4C
Change Component Designator: OldDesignator=D7A NewDesignator=D5A
Change Component Designator: OldDesignator=D7B NewDesignator=D5B
Change Component Designator: OldDesignator=D7C NewDesignator=D5C
Change Component Designator: OldDesignator=D7D NewDesignator=D5D
Change Component Designator: OldDesignator=D8A NewDesignator=D6A
Change Component Designator: OldDesignator=D8B NewDesignator=D6B
Change Component Designator: OldDesignator=D8C NewDesignator=D6C
Change Component Designator: OldDesignator=D8D NewDesignator=D6D
Change Component Designator: OldDesignator=D9A NewDesignator=D7A
Change Component Designator: OldDesignator=D9B NewDesignator=D7B
Change Component Designator: OldDesignator=D9C NewDesignator=D7C
Change Component Designator: OldDesignator=D9D NewDesignator=D7D
Change Component Designator: OldDesignator=D10A NewDesignator=D8A
Change Component Designator: OldDesignator=D10B NewDesignator=D8B
Change Component Designator: OldDesignator=D10C NewDesignator=D8C
Change Component Designator: OldDesignator=D10D NewDesignator=D8D
Change Component Designator: OldDesignator=D11 NewDesignator=D9
Change Component Designator: OldDesignator=D12 NewDesignator=D10
Change Component Designator: OldDesignator=D13 NewDesignator=D11
Change Component Designator: OldDesignator=D14 NewDesignator=D12
Change Component Designator: OldDesignator=D15 NewDesignator=D13
Change Component Designator: OldDesignator=D16 NewDesignator=D14
Change Component Designator: OldDesignator=D17 NewDesignator=D15
Change Component Designator: OldDesignator=D18 NewDesignator=D16
Change Component Designator: OldDesignator=D19 NewDesignator=D17
Change Component Designator: OldDesignator=D20 NewDesignator=D18
Change Component Designator: OldDesignator=D21 NewDesignator=D19
Change Component Designator: OldDesignator=D22 NewDesignator=D20
Change Component Designator: OldDesignator=D23 NewDesignator=D21
Change Component Designator: OldDesignator=D24 NewDesignator=D22
Change Component Designator: OldDesignator=D25 NewDesignator=D23
Change Component Designator: OldDesignator=D26 NewDesignator=D24
Change Component Designator: OldDesignator=D27 NewDesignator=D25
Change Component Designator: OldDesignator=D28 NewDesignator=D26
Change Component Designator: OldDesignator=D29 NewDesignator=D27
Change Component Designator: OldDesignator=D30 NewDesignator=D28
Change Component Designator: OldDesignator=D31 NewDesignator=D29
Change Component Designator: OldDesignator=D32 NewDesignator=D30
Change Component Designator: OldDesignator=D33 NewDesignator=D31
Change Component Designator: OldDesignator=D35 NewDesignator=D32
Change Component Designator: OldDesignator=D36 NewDesignator=D33
Change Component Designator: OldDesignator=D37 NewDesignator=D35
Change Component Designator: OldDesignator=D38 NewDesignator=D36
Change Component Designator: OldDesignator=D39A NewDesignator=D37A
Change Component Designator: OldDesignator=D39B NewDesignator=D37B
Change Component Designator: OldDesignator=D39C NewDesignator=D37C
Change Component Designator: OldDesignator=D39D NewDesignator=D37D
Change Component Designator: OldDesignator=D40A NewDesignator=D38A
Change Component Designator: OldDesignator=D40B NewDesignator=D38B
Change Component Designator: OldDesignator=D40C NewDesignator=D38C
Change Component Designator: OldDesignator=D40D NewDesignator=D38D
Change Component Designator: OldDesignator=FD1 NewDesignator=FD3
Change Component Designator: OldDesignator=FD3 NewDesignator=FD1
Change Component Designator: OldDesignator=J1 NewDesignator=J5
Change Component Designator: OldDesignator=J2 NewDesignator=J6
Change Component Designator: OldDesignator=J3 NewDesignator=J4
Change Component Designator: OldDesignator=J4 NewDesignator=J15
Change Component Designator: OldDesignator=J5 NewDesignator=J2
Change Component Designator: OldDesignator=J6 NewDesignator=J3
Change Component Designator: OldDesignator=J15 NewDesignator=J1
Change Component Designator: OldDesignator=L4 NewDesignator=L5
Change Component Designator: OldDesignator=L5 NewDesignator=L6
Change Component Designator: OldDesignator=L6 NewDesignator=L7
Change Component Designator: OldDesignator=L7 NewDesignator=L4
Change Component Designator: OldDesignator=R1 NewDesignator=R6
Change Component Designator: OldDesignator=R2 NewDesignator=R7
Change Component Designator: OldDesignator=R3 NewDesignator=R9
Change Component Designator: OldDesignator=R4 NewDesignator=R10
Change Component Designator: OldDesignator=R5 NewDesignator=R11
Change Component Designator: OldDesignator=R6 NewDesignator=R12
Change Component Designator: OldDesignator=R7 NewDesignator=R81
Change Component Designator: OldDesignator=R8 NewDesignator=R82
Change Component Designator: OldDesignator=R9 NewDesignator=R83
Change Component Designator: OldDesignator=R10 NewDesignator=R84
Change Component Designator: OldDesignator=R11 NewDesignator=R2
Change Component Designator: OldDesignator=R12 NewDesignator=R1
Change Component Designator: OldDesignator=R13 NewDesignator=R85
Change Component Designator: OldDesignator=R14 NewDesignator=R3
Change Component Designator: OldDesignator=R15 NewDesignator=R4
Change Component Designator: OldDesignator=R16 NewDesignator=R5
Change Component Designator: OldDesignator=R17 NewDesignator=R8
Change Component Designator: OldDesignator=R18 NewDesignator=R17
Change Component Designator: OldDesignator=R19 NewDesignator=R18
Change Component Designator: OldDesignator=R20 NewDesignator=R19
Change Component Designator: OldDesignator=R21 NewDesignator=R86
Change Component Designator: OldDesignator=R22 NewDesignator=R87
Change Component Designator: OldDesignator=R23 NewDesignator=R88
Change Component Designator: OldDesignator=R24 NewDesignator=R89
Change Component Designator: OldDesignator=R25 NewDesignator=R90
Change Component Designator: OldDesignator=R26 NewDesignator=R14
Change Component Designator: OldDesignator=R27 NewDesignator=R15
Change Component Designator: OldDesignator=R28 NewDesignator=R13
Change Component Designator: OldDesignator=R29 NewDesignator=R16
Change Component Designator: OldDesignator=R30A NewDesignator=R20A
Change Component Designator: OldDesignator=R30B NewDesignator=R20B
Change Component Designator: OldDesignator=R30C NewDesignator=R20C
Change Component Designator: OldDesignator=R31A NewDesignator=R21A
Change Component Designator: OldDesignator=R31B NewDesignator=R21B
Change Component Designator: OldDesignator=R31C NewDesignator=R21C
Change Component Designator: OldDesignator=R32A NewDesignator=R22A
Change Component Designator: OldDesignator=R32B NewDesignator=R22B
Change Component Designator: OldDesignator=R32C NewDesignator=R22C
Change Component Designator: OldDesignator=R33A NewDesignator=R23A
Change Component Designator: OldDesignator=R33B NewDesignator=R23B
Change Component Designator: OldDesignator=R33C NewDesignator=R23C
Change Component Designator: OldDesignator=R34A NewDesignator=R24A
Change Component Designator: OldDesignator=R34B NewDesignator=R24B
Change Component Designator: OldDesignator=R34C NewDesignator=R24C
Change Component Designator: OldDesignator=R34D NewDesignator=R24D
Change Component Designator: OldDesignator=R35A NewDesignator=R25A
Change Component Designator: OldDesignator=R35B NewDesignator=R25B
Change Component Designator: OldDesignator=R35C NewDesignator=R25C
Change Component Designator: OldDesignator=R35D NewDesignator=R25D
Change Component Designator: OldDesignator=R36A NewDesignator=R26A
Change Component Designator: OldDesignator=R36B NewDesignator=R26B
Change Component Designator: OldDesignator=R36C NewDesignator=R26C
Change Component Designator: OldDesignator=R36D NewDesignator=R26D
Change Component Designator: OldDesignator=R37A NewDesignator=R27A
Change Component Designator: OldDesignator=R37B NewDesignator=R27B
Change Component Designator: OldDesignator=R37C NewDesignator=R27C
Change Component Designator: OldDesignator=R37D NewDesignator=R27D
Change Component Designator: OldDesignator=R38A NewDesignator=R28A
Change Component Designator: OldDesignator=R38B NewDesignator=R28B
Change Component Designator: OldDesignator=R38C NewDesignator=R28C
Change Component Designator: OldDesignator=R38D NewDesignator=R28D
Change Component Designator: OldDesignator=R39A NewDesignator=R29A
Change Component Designator: OldDesignator=R39B NewDesignator=R29B
Change Component Designator: OldDesignator=R39C NewDesignator=R29C
Change Component Designator: OldDesignator=R39D NewDesignator=R29D
Change Component Designator: OldDesignator=R40A NewDesignator=R30A
Change Component Designator: OldDesignator=R40B NewDesignator=R30B
Change Component Designator: OldDesignator=R40C NewDesignator=R30C
Change Component Designator: OldDesignator=R40D NewDesignator=R30D
Change Component Designator: OldDesignator=R41A NewDesignator=R31A
Change Component Designator: OldDesignator=R41B NewDesignator=R31B
Change Component Designator: OldDesignator=R41C NewDesignator=R31C
Change Component Designator: OldDesignator=R41D NewDesignator=R31D
Change Component Designator: OldDesignator=R42 NewDesignator=R32
Change Component Designator: OldDesignator=R43 NewDesignator=R33
Change Component Designator: OldDesignator=R44 NewDesignator=R34
Change Component Designator: OldDesignator=R45 NewDesignator=R35
Change Component Designator: OldDesignator=R46 NewDesignator=R36
Change Component Designator: OldDesignator=R47 NewDesignator=R37
Change Component Designator: OldDesignator=R48 NewDesignator=R38
Change Component Designator: OldDesignator=R49 NewDesignator=R39
Change Component Designator: OldDesignator=R50 NewDesignator=R40
Change Component Designator: OldDesignator=R51 NewDesignator=R41
Change Component Designator: OldDesignator=R52 NewDesignator=R42
Change Component Designator: OldDesignator=R53 NewDesignator=R43
Change Component Designator: OldDesignator=R54 NewDesignator=R44
Change Component Designator: OldDesignator=R55 NewDesignator=R45
Change Component Designator: OldDesignator=R56 NewDesignator=R46
Change Component Designator: OldDesignator=R57 NewDesignator=R47
Change Component Designator: OldDesignator=R58 NewDesignator=R48
Change Component Designator: OldDesignator=R59 NewDesignator=R49
Change Component Designator: OldDesignator=R60 NewDesignator=R50
Change Component Designator: OldDesignator=R61 NewDesignator=R51
Change Component Designator: OldDesignator=R62 NewDesignator=R52
Change Component Designator: OldDesignator=R63 NewDesignator=R53
Change Component Designator: OldDesignator=R64 NewDesignator=R54
Change Component Designator: OldDesignator=R65 NewDesignator=R55
Change Component Designator: OldDesignator=R66 NewDesignator=R56
Change Component Designator: OldDesignator=R67 NewDesignator=R57
Change Component Designator: OldDesignator=R68 NewDesignator=R58
Change Component Designator: OldDesignator=R69 NewDesignator=R59
Change Component Designator: OldDesignator=R70 NewDesignator=R60
Change Component Designator: OldDesignator=R71 NewDesignator=R61
Change Component Designator: OldDesignator=R72 NewDesignator=R62
Change Component Designator: OldDesignator=R73 NewDesignator=R63
Change Component Designator: OldDesignator=R74 NewDesignator=R65
Change Component Designator: OldDesignator=R75 NewDesignator=R66
Change Component Designator: OldDesignator=R76 NewDesignator=R67
Change Component Designator: OldDesignator=R77 NewDesignator=R68
Change Component Designator: OldDesignator=R78 NewDesignator=R69
Change Component Designator: OldDesignator=R79 NewDesignator=R70
Change Component Designator: OldDesignator=R80 NewDesignator=R64
Change Component Designator: OldDesignator=R81 NewDesignator=R73
Change Component Designator: OldDesignator=R82 NewDesignator=R74
Change Component Designator: OldDesignator=R83 NewDesignator=R75
Change Component Designator: OldDesignator=R84 NewDesignator=R76
Change Component Designator: OldDesignator=R85 NewDesignator=R77
Change Component Designator: OldDesignator=R86 NewDesignator=R78
Change Component Designator: OldDesignator=R87 NewDesignator=R71
Change Component Designator: OldDesignator=R88 NewDesignator=R72
Change Component Designator: OldDesignator=R89A NewDesignator=R79A
Change Component Designator: OldDesignator=R89B NewDesignator=R79B
Change Component Designator: OldDesignator=R89C NewDesignator=R79C
Change Component Designator: OldDesignator=R89D NewDesignator=R79D
Change Component Designator: OldDesignator=R90A NewDesignator=R80A
Change Component Designator: OldDesignator=R90B NewDesignator=R80B
Change Component Designator: OldDesignator=R90C NewDesignator=R80C
Change Component Designator: OldDesignator=R90D NewDesignator=R80D
Change Component Designator: OldDesignator=TP11 NewDesignator=TP55
Change Component Designator: OldDesignator=TP12 NewDesignator=TP56
Change Component Designator: OldDesignator=TP13 NewDesignator=TP57
Change Component Designator: OldDesignator=TP14 NewDesignator=TP58
Change Component Designator: OldDesignator=TP15 NewDesignator=TP54
Change Component Designator: OldDesignator=TP16A NewDesignator=TP11A
Change Component Designator: OldDesignator=TP16B NewDesignator=TP11B
Change Component Designator: OldDesignator=TP16C NewDesignator=TP11C
Change Component Designator: OldDesignator=TP17A NewDesignator=TP12A
Change Component Designator: OldDesignator=TP17B NewDesignator=TP12B
Change Component Designator: OldDesignator=TP17C NewDesignator=TP12C
Change Component Designator: OldDesignator=TP18A NewDesignator=TP13A
Change Component Designator: OldDesignator=TP18B NewDesignator=TP13B
Change Component Designator: OldDesignator=TP18C NewDesignator=TP13C
Change Component Designator: OldDesignator=TP18D NewDesignator=TP13D
Change Component Designator: OldDesignator=TP19A NewDesignator=TP14A
Change Component Designator: OldDesignator=TP19B NewDesignator=TP14B
Change Component Designator: OldDesignator=TP19C NewDesignator=TP14C
Change Component Designator: OldDesignator=TP19D NewDesignator=TP14D
Change Component Designator: OldDesignator=TP20A NewDesignator=TP15A
Change Component Designator: OldDesignator=TP20B NewDesignator=TP15B
Change Component Designator: OldDesignator=TP20C NewDesignator=TP15C
Change Component Designator: OldDesignator=TP20D NewDesignator=TP15D
Change Component Designator: OldDesignator=TP21A NewDesignator=TP16A
Change Component Designator: OldDesignator=TP21B NewDesignator=TP16B
Change Component Designator: OldDesignator=TP21C NewDesignator=TP16C
Change Component Designator: OldDesignator=TP21D NewDesignator=TP16D
Change Component Designator: OldDesignator=TP22A NewDesignator=TP17A
Change Component Designator: OldDesignator=TP22B NewDesignator=TP17B
Change Component Designator: OldDesignator=TP22C NewDesignator=TP17C
Change Component Designator: OldDesignator=TP22D NewDesignator=TP17D
Change Component Designator: OldDesignator=TP23A NewDesignator=TP18A
Change Component Designator: OldDesignator=TP23B NewDesignator=TP18B
Change Component Designator: OldDesignator=TP23C NewDesignator=TP18C
Change Component Designator: OldDesignator=TP23D NewDesignator=TP18D
Change Component Designator: OldDesignator=TP24A NewDesignator=TP19A
Change Component Designator: OldDesignator=TP24B NewDesignator=TP19B
Change Component Designator: OldDesignator=TP24C NewDesignator=TP19C
Change Component Designator: OldDesignator=TP24D NewDesignator=TP19D
Change Component Designator: OldDesignator=TP25A NewDesignator=TP20A
Change Component Designator: OldDesignator=TP25B NewDesignator=TP20B
Change Component Designator: OldDesignator=TP25C NewDesignator=TP20C
Change Component Designator: OldDesignator=TP25D NewDesignator=TP20D
Change Component Designator: OldDesignator=TP26A NewDesignator=TP21A
Change Component Designator: OldDesignator=TP26B NewDesignator=TP21B
Change Component Designator: OldDesignator=TP26C NewDesignator=TP21C
Change Component Designator: OldDesignator=TP26D NewDesignator=TP21D
Change Component Designator: OldDesignator=TP27A NewDesignator=TP22A
Change Component Designator: OldDesignator=TP27B NewDesignator=TP22B
Change Component Designator: OldDesignator=TP27C NewDesignator=TP22C
Change Component Designator: OldDesignator=TP27D NewDesignator=TP22D
Change Component Designator: OldDesignator=TP28A NewDesignator=TP23A
Change Component Designator: OldDesignator=TP28B NewDesignator=TP23B
Change Component Designator: OldDesignator=TP28C NewDesignator=TP23C
Change Component Designator: OldDesignator=TP28D NewDesignator=TP23D
Change Component Designator: OldDesignator=TP29A NewDesignator=TP24A
Change Component Designator: OldDesignator=TP29B NewDesignator=TP24B
Change Component Designator: OldDesignator=TP29C NewDesignator=TP24C
Change Component Designator: OldDesignator=TP29D NewDesignator=TP24D
Change Component Designator: OldDesignator=TP30 NewDesignator=TP25
Change Component Designator: OldDesignator=TP31 NewDesignator=TP26
Change Component Designator: OldDesignator=TP32 NewDesignator=TP27
Change Component Designator: OldDesignator=TP33 NewDesignator=TP28
Change Component Designator: OldDesignator=TP34 NewDesignator=TP29
Change Component Designator: OldDesignator=TP35 NewDesignator=TP30
Change Component Designator: OldDesignator=TP36 NewDesignator=TP31
Change Component Designator: OldDesignator=TP37 NewDesignator=TP32
Change Component Designator: OldDesignator=TP38 NewDesignator=TP33
Change Component Designator: OldDesignator=TP39 NewDesignator=TP34
Change Component Designator: OldDesignator=TP40 NewDesignator=TP35
Change Component Designator: OldDesignator=TP41 NewDesignator=TP36
Change Component Designator: OldDesignator=TP42 NewDesignator=TP37
Change Component Designator: OldDesignator=TP43 NewDesignator=TP38
Change Component Designator: OldDesignator=TP44 NewDesignator=TP39
Change Component Designator: OldDesignator=TP45 NewDesignator=TP40
Change Component Designator: OldDesignator=TP46 NewDesignator=TP41
Change Component Designator: OldDesignator=TP47 NewDesignator=TP42
Change Component Designator: OldDesignator=TP48 NewDesignator=TP43
Change Component Designator: OldDesignator=TP49 NewDesignator=TP44
Change Component Designator: OldDesignator=TP50 NewDesignator=TP45
Change Component Designator: OldDesignator=TP51 NewDesignator=TP46
Change Component Designator: OldDesignator=TP52 NewDesignator=TP47
Change Component Designator: OldDesignator=TP53 NewDesignator=TP48
Change Component Designator: OldDesignator=TP54 NewDesignator=TP51
Change Component Designator: OldDesignator=TP55 NewDesignator=TP49
Change Component Designator: OldDesignator=TP56 NewDesignator=TP50
Change Component Designator: OldDesignator=TP57 NewDesignator=TP52
Change Component Designator: OldDesignator=TP58A NewDesignator=TP53A
Change Component Designator: OldDesignator=TP58B NewDesignator=TP53B
Change Component Designator: OldDesignator=TP58C NewDesignator=TP53C
Change Component Designator: OldDesignator=TP58D NewDesignator=TP53D
Change Component Designator: OldDesignator=U3 NewDesignator=U13
Change Component Designator: OldDesignator=U4A NewDesignator=U3A
Change Component Designator: OldDesignator=U4B NewDesignator=U3B
Change Component Designator: OldDesignator=U4C NewDesignator=U3C
Change Component Designator: OldDesignator=U4D NewDesignator=U3D
Change Component Designator: OldDesignator=U5 NewDesignator=U4
Change Component Designator: OldDesignator=U6 NewDesignator=U5
Change Component Designator: OldDesignator=U7 NewDesignator=U6
Change Component Designator: OldDesignator=U8 NewDesignator=U7
Change Component Designator: OldDesignator=U9 NewDesignator=U8
Change Component Designator: OldDesignator=U10 NewDesignator=U9
Change Component Designator: OldDesignator=U11 NewDesignator=U10
Change Component Designator: OldDesignator=U13 NewDesignator=U11
Change Net Name : Old Net Name=NetC4_1 New Net Name=NetC87_1
Change Net Name : Old Net Name=NetC5_1 New Net Name=NetC88_1
Change Net Name : Old Net Name=NetC6_1 New Net Name=NetC89_1
Change Net Name : Old Net Name=NetC28_2 New Net Name=NetC92_2
Change Net Name : Old Net Name=NetC35_2 New Net Name=NetC99_2
Change Net Name : Old Net Name=NetC42A_2 New Net Name=NetC7A_2
Change Net Name : Old Net Name=NetC42B_2 New Net Name=NetC7B_2
Change Net Name : Old Net Name=NetC42C_2 New Net Name=NetC7C_2
Change Net Name : Old Net Name=NetC42D_2 New Net Name=NetC7D_2
Change Net Name : Old Net Name=NetC43A_2 New Net Name=NetC8A_2
Change Net Name : Old Net Name=NetC43B_2 New Net Name=NetC8B_2
Change Net Name : Old Net Name=NetC43C_2 New Net Name=NetC8C_2
Change Net Name : Old Net Name=NetC43D_2 New Net Name=NetC8D_2
Change Net Name : Old Net Name=NetC44A_1 New Net Name=NetC9A_1
Change Net Name : Old Net Name=NetC44B_1 New Net Name=NetC9B_1
Change Net Name : Old Net Name=NetC44C_1 New Net Name=NetC9C_1
Change Net Name : Old Net Name=NetC44D_1 New Net Name=NetC9D_1
Change Net Name : Old Net Name=NetC45A_1 New Net Name=NetC10A_1
Change Net Name : Old Net Name=NetC45A_2 New Net Name=NetC10A_2
Change Net Name : Old Net Name=NetC45B_1 New Net Name=NetC10B_1
Change Net Name : Old Net Name=NetC45B_2 New Net Name=NetC10B_2
Change Net Name : Old Net Name=NetC45C_1 New Net Name=NetC10C_1
Change Net Name : Old Net Name=NetC45C_2 New Net Name=NetC10C_2
Change Net Name : Old Net Name=NetC45D_1 New Net Name=NetC10D_1
Change Net Name : Old Net Name=NetC45D_2 New Net Name=NetC10D_2
Change Net Name : Old Net Name=NetC46A_2 New Net Name=NetC11A_2
Change Net Name : Old Net Name=NetC46B_2 New Net Name=NetC11B_2
Change Net Name : Old Net Name=NetC46C_2 New Net Name=NetC11C_2
Change Net Name : Old Net Name=NetC46D_2 New Net Name=NetC11D_2
Change Net Name : Old Net Name=NetC47A_1 New Net Name=NetC12A_1
Change Net Name : Old Net Name=NetC47B_1 New Net Name=NetC12B_1
Change Net Name : Old Net Name=NetC47C_1 New Net Name=NetC12C_1
Change Net Name : Old Net Name=NetC47D_1 New Net Name=NetC12D_1
Change Net Name : Old Net Name=NetC48A_1 New Net Name=NetC13A_1
Change Net Name : Old Net Name=NetC48B_1 New Net Name=NetC13B_1
Change Net Name : Old Net Name=NetC48C_1 New Net Name=NetC13C_1
Change Net Name : Old Net Name=NetC48D_1 New Net Name=NetC13D_1
Change Net Name : Old Net Name=NetC49A_1 New Net Name=NetC14A_1
Change Net Name : Old Net Name=NetC49B_1 New Net Name=NetC14B_1
Change Net Name : Old Net Name=NetC49C_1 New Net Name=NetC14C_1
Change Net Name : Old Net Name=NetC49D_1 New Net Name=NetC14D_1
Change Net Name : Old Net Name=NetC50A_2 New Net Name=NetC15A_2
Change Net Name : Old Net Name=NetC50B_2 New Net Name=NetC15B_2
Change Net Name : Old Net Name=NetC50C_2 New Net Name=NetC15C_2
Change Net Name : Old Net Name=NetC50D_2 New Net Name=NetC15D_2
Change Net Name : Old Net Name=NetC54_2 New Net Name=NetC19_2
Change Net Name : Old Net Name=NetC66_2 New Net Name=NetC31_2
Change Net Name : Old Net Name=NetC67_2 New Net Name=NetC32_2
Change Net Name : Old Net Name=NetC68_1 New Net Name=NetC33_1
Change Net Name : Old Net Name=NetC69_1 New Net Name=NetC34_1
Change Net Name : Old Net Name=NetC69_2 New Net Name=NetC34_2
Change Net Name : Old Net Name=NetC70_2 New Net Name=NetC35_2
Change Net Name : Old Net Name=NetC71_1 New Net Name=NetC36_1
Change Net Name : Old Net Name=NetC72_1 New Net Name=NetC37_1
Change Net Name : Old Net Name=NetC73_1 New Net Name=NetC38_1
Change Net Name : Old Net Name=NetC74_2 New Net Name=NetC39_2
Change Net Name : Old Net Name=NetC83_1 New Net Name=NetC78_1
Change Net Name : Old Net Name=NetC83_2 New Net Name=NetC78_2
Change Net Name : Old Net Name=NetC91_1 New Net Name=NetC82_1
Change Net Name : Old Net Name=NetC95_1 New Net Name=NetC73_1
Change Net Name : Old Net Name=NetD1_1 New Net Name=NetD39_1
Change Net Name : Old Net Name=NetD1_3 New Net Name=NetD39_3
Change Net Name : Old Net Name=NetD3_A New Net Name=NetD1_A
Change Net Name : Old Net Name=NetD4_A New Net Name=NetD2_A
Change Net Name : Old Net Name=NetD5A_A New Net Name=NetD3A_A
Change Net Name : Old Net Name=NetD5B_A New Net Name=NetD3B_A
Change Net Name : Old Net Name=NetD5C_A New Net Name=NetD3C_A
Change Net Name : Old Net Name=NetD6A_A New Net Name=NetD4A_A
Change Net Name : Old Net Name=NetD6B_A New Net Name=NetD4B_A
Change Net Name : Old Net Name=NetD6C_A New Net Name=NetD4C_A
Change Net Name : Old Net Name=NetD11_A New Net Name=NetD9_A
Change Net Name : Old Net Name=NetD14_A New Net Name=NetD12_A
Change Net Name : Old Net Name=NetD17_A New Net Name=NetD15_A
Change Net Name : Old Net Name=NetD20_A New Net Name=NetD18_A
Change Net Name : Old Net Name=NetD23_A New Net Name=NetD21_A
Change Net Name : Old Net Name=NetD26_A New Net Name=NetD24_A
Change Net Name : Old Net Name=NetD37_C New Net Name=NetD35_C
Change Net Name : Old Net Name=NetL5_1 New Net Name=NetL6_1
Change Net Name : Old Net Name=NetL5_4 New Net Name=NetL6_4
Change Net Name : Old Net Name=NetR7_1 New Net Name=NetR81_1
Change Net Name : Old Net Name=NetR8_1 New Net Name=NetR82_1
Change Net Name : Old Net Name=NetR9_1 New Net Name=NetR83_1
Change Net Name : Old Net Name=NetR10_1 New Net Name=NetR84_1
Change Net Name : Old Net Name=NetR15_2 New Net Name=NetR4_2
Change Net Name : Old Net Name=NetR16_2 New Net Name=NetR5_2
Change Net Name : Old Net Name=NetR17_2 New Net Name=NetR8_2
Change Net Name : Old Net Name=NetR38A_2 New Net Name=NetR28A_2
Change Net Name : Old Net Name=NetR38B_2 New Net Name=NetR28B_2
Change Net Name : Old Net Name=NetR38C_2 New Net Name=NetR28C_2
Change Net Name : Old Net Name=NetR38D_2 New Net Name=NetR28D_2
Change Net Name : Old Net Name=NetR39A_2 New Net Name=NetR29A_2
Change Net Name : Old Net Name=NetR39B_2 New Net Name=NetR29B_2
Change Net Name : Old Net Name=NetR39C_2 New Net Name=NetR29C_2
Change Net Name : Old Net Name=NetR39D_2 New Net Name=NetR29D_2
Change Net Name : Old Net Name=NetR43_1 New Net Name=NetR33_1
Change Net Name : Old Net Name=NetR44_1 New Net Name=NetR34_1
Change Net Name : Old Net Name=NetR47_1 New Net Name=NetR37_1
Change Net Name : Old Net Name=NetR48_1 New Net Name=NetR38_1
Change Net Name : Old Net Name=NetR51_1 New Net Name=NetR41_1
Change Net Name : Old Net Name=NetR52_1 New Net Name=NetR42_1
Change Net Name : Old Net Name=NetR55_1 New Net Name=NetR45_1
Change Net Name : Old Net Name=NetR56_1 New Net Name=NetR46_1
Change Net Name : Old Net Name=NetR59_1 New Net Name=NetR49_1
Change Net Name : Old Net Name=NetR60_1 New Net Name=NetR50_1
Change Net Name : Old Net Name=NetR62_1 New Net Name=NetR52_1
Change Net Name : Old Net Name=NetR64_1 New Net Name=NetR54_1
Change Net Name : Old Net Name=NetR70_2 New Net Name=NetR60_2
Change Net Name : Old Net Name=NetR71_2 New Net Name=NetR61_2
Change Net Name : Old Net Name=NetR74_1 New Net Name=NetR65_1
Change Net Name : Old Net Name=NetR75_1 New Net Name=NetR66_1
Change Net Name : Old Net Name=NetR77_2 New Net Name=NetR68_2
Added Member To Class: ClassName=ATSAM3X8E Main Controller - TR R1.1 Member=Component J4 Header 12X2
Added Member To Class: ClassName=ATSAM3X8E Main Controller - TR R1.1 Member=Component R7 10K
Added Member To Class: ClassName=ATSAM3X8E Main Controller - TR R1.1 Member=Component R9 10K
Added Member To Class: ClassName=ATSAM3X8E Main Controller - TR R1.1 Member=Component R10 10K
