Removed Member From Class: ClassName=Designator Member=C4
Removed Member From Class: ClassName=U_MOSFETs and Driver Member=C4
Removed Member From Class: ClassName=Designator Member=C27
Removed Member From Class: ClassName=USB Member=C27
Removed Member From Class: ClassName=USB Member=C29
Removed Member From Class: ClassName=Designator Member=C31
Removed Member From Class: ClassName=U_MOSFETs and Driver Member=C31
Removed Member From Class: ClassName=Designator Member=C34
Removed Member From Class: ClassName=Designator Member=C35
Removed Member From Class: ClassName=Designator Member=C37
Removed Member From Class: ClassName=Designator Member=C40
Removed Member From Class: ClassName=USB Member=C40
Removed Member From Class: ClassName=Designator Member=C41
Removed Member From Class: ClassName=USB Member=C41
Removed Member From Class: ClassName=Designator Member=C42
Removed Member From Class: ClassName=USB Member=C46
Removed Member From Class: ClassName=U_MZ Member=C54
Removed Member From Class: ClassName=ATSAM3X8E Main Controller - TR R1.1 Member=C55
Removed Member From Class: ClassName=U_MZ Member=C55
Removed Member From Class: ClassName=U_MOSFETs and Driver Member=C61
Removed Member From Class: ClassName=USB Member=C61
Removed Member From Class: ClassName=U_MOSFETs and Driver Member=C67
Removed Member From Class: ClassName=U_MOSFETs and Driver Member=C69
Removed Member From Class: ClassName=U_MOSFETs and Driver Member=C72
Removed Member From Class: ClassName=USB Member=C74
Removed Member From Class: ClassName=U_MZ Member=C75
Removed Member From Class: ClassName=USB Member=C78
Removed Member From Class: ClassName=USB Member=C81
Removed Member From Class: ClassName=USB Member=C82
Removed Member From Class: ClassName=U_MZ Member=C84
Removed Member From Class: ClassName=USB Member=C84
Removed Member From Class: ClassName=Designator Member=C92
Removed Member From Class: ClassName=U_MOSFETs and Driver Member=C92
Removed Member From Class: ClassName=Designator Member=C95
Removed Member From Class: ClassName=U_MZ Member=C95
Removed Member From Class: ClassName=Designator Member=C98
Removed Member From Class: ClassName=U_MOSFETs and Driver Member=C98
Removed Member From Class: ClassName=Designator Member=C99
Removed Member From Class: ClassName=U_MOSFETs and Driver Member=C99
Removed Member From Class: ClassName=U_MZ Member=C99
Removed Member From Class: ClassName=Designator Member=C100
Removed Member From Class: ClassName=Designator Member=C101
Removed Member From Class: ClassName=U_MZ Member=C101
Removed Member From Class: ClassName=M1 Member=D3A
Removed Member From Class: ClassName=M2 Member=D3B
Removed Member From Class: ClassName=M3 Member=D3C
Removed Member From Class: ClassName=M1 Member=D4A
Removed Member From Class: ClassName=M2 Member=D4B
Removed Member From Class: ClassName=M3 Member=D4C
Removed Member From Class: ClassName=U_MZ Member=D20
Removed Member From Class: ClassName=U_MZ Member=D23
Removed Member From Class: ClassName=Designator Member=D24
Removed Member From Class: ClassName=U_MZ Member=D24
Removed Member From Class: ClassName=Designator Member=D27
Removed Member From Class: ClassName=Designator Member=D30
Removed Member From Class: ClassName=ATSAM3X8E Main Controller - TR R1.1 Member=D39
Removed Member From Class: ClassName=ATSAM3X8E Main Controller - TR R1.1 Member=D40
Removed Member From Class: ClassName=USB Member=J5
Removed Member From Class: ClassName=Designator Member=J11
Removed Member From Class: ClassName=Designator Member=L7
Removed Member From Class: ClassName=M1 Member=R20A
Removed Member From Class: ClassName=M2 Member=R20B
Removed Member From Class: ClassName=M3 Member=R20C
Removed Member From Class: ClassName=M1 Member=R21A
Removed Member From Class: ClassName=M2 Member=R21B
Removed Member From Class: ClassName=M3 Member=R21C
Removed Member From Class: ClassName=Designator Member=R35
Removed Member From Class: ClassName=Designator Member=R36
Removed Member From Class: ClassName=U_MZ Member=R36
Removed Member From Class: ClassName=Designator Member=R37
Removed Member From Class: ClassName=U_MZ Member=R37
Removed Member From Class: ClassName=U_MZ Member=R39
Removed Member From Class: ClassName=Designator Member=R40
Removed Member From Class: ClassName=U_MZ Member=R40
Removed Member From Class: ClassName=U_MZ Member=R41
Removed Member From Class: ClassName=Designator Member=R44
Removed Member From Class: ClassName=ATSAM3X8E Main Controller - TR R1.1 Member=R47
Removed Member From Class: ClassName=Designator Member=R47
Removed Member From Class: ClassName=USB Member=R47
Removed Member From Class: ClassName=Designator Member=R48
Removed Member From Class: ClassName=U_MZ Member=R48
Removed Member From Class: ClassName=Designator Member=R51
Removed Member From Class: ClassName=USB Member=R51
Removed Member From Class: ClassName=U_MZ Member=R52
Removed Member From Class: ClassName=U_MZ Member=R53
Removed Member From Class: ClassName=Designator Member=R55
Removed Member From Class: ClassName=ATSAM3X8E Main Controller - TR R1.1 Member=R56
Removed Member From Class: ClassName=Designator Member=R56
Removed Member From Class: ClassName=USB Member=R56
Removed Member From Class: ClassName=ATSAM3X8E Main Controller - TR R1.1 Member=R58
Removed Member From Class: ClassName=Designator Member=R58
Removed Member From Class: ClassName=USB Member=R58
Removed Member From Class: ClassName=Designator Member=R59
Removed Member From Class: ClassName=USB Member=R59
Removed Member From Class: ClassName=Designator Member=R62
Removed Member From Class: ClassName=ATSAM3X8E Main Controller - TR R1.1 Member=R63
Removed Member From Class: ClassName=Designator Member=R63
Removed Member From Class: ClassName=USB Member=R63
Removed Member From Class: ClassName=USB Member=R72
Removed Member From Class: ClassName=ATSAM3X8E Main Controller - TR R1.1 Member=R73
Removed Member From Class: ClassName=ATSAM3X8E Main Controller - TR R1.1 Member=R74
Removed Member From Class: ClassName=USB Member=R74
Removed Member From Class: ClassName=ATSAM3X8E Main Controller - TR R1.1 Member=R75
Removed Member From Class: ClassName=ATSAM3X8E Main Controller - TR R1.1 Member=R76
Removed Member From Class: ClassName=ATSAM3X8E Main Controller - TR R1.1 Member=R82
Removed Member From Class: ClassName=ATSAM3X8E Main Controller - TR R1.1 Member=R85
Removed Member From Class: ClassName=ATSAM3X8E Main Controller - TR R1.1 Member=R89
Removed Member From Class: ClassName=M1 Member=TP11A
Removed Member From Class: ClassName=M3 Member=TP11C
Removed Member From Class: ClassName=U_MZ Member=TP26
Removed Member From Class: ClassName=U_MZ Member=TP27
Removed Member From Class: ClassName=Designator Member=TP38
Removed Member From Class: ClassName=Designator Member=TP41
Removed Member From Class: ClassName=USB Member=TP44
Removed Member From Class: ClassName=USB Member=TP52
Removed Member From Class: ClassName=U_MZ Member=U4
Removed Member From Class: ClassName=Designator Member=U8
Removed Member From Class: ClassName=USB Member=U8
Change Component Designator: OldDesignator=LED1 NewDesignator=D41
Change Net Name : Old Net Name=NetLED1_A New Net Name=NetD41_A
Added Member To Class: ClassName=U_MOSFETs and Driver Member=Component C19 C0603TBD
Added Member To Class: ClassName=U_MOSFETs and Driver Member=Component C20 0402
Added Member To Class: ClassName=U_MOSFETs and Driver Member=Component C21 C0603TBD
Added Member To Class: ClassName=U_MOSFETs and Driver Member=Component C22 0402
Added Member To Class: ClassName=U_MOSFETs and Driver Member=Component C23 0402
Added Member To Class: ClassName=U_MOSFETs and Driver Member=Component C24 C0603TBD
Added Member To Class: ClassName=U_MOSFETs and Driver Member=Component C25 0402
Added Member To Class: ClassName=U_MOSFETs and Driver Member=Component C26 C0603TBD
Added Member To Class: ClassName=U_MOSFETs and Driver Member=Component C28 C0603TBD
Added Member To Class: ClassName=U_MZ Member=Component C31 0402
Added Member To Class: ClassName=U_MZ Member=Component C32 0402
Added Member To Class: ClassName=U_MZ Member=Component C33 100nF
Added Member To Class: ClassName=U_MZ Member=Component C34 0402
Added Member To Class: ClassName=U_MZ Member=Component C35 0402
Added Member To Class: ClassName=U_MZ Member=Component C36 1nF
Added Member To Class: ClassName=U_MZ Member=Component C37 1nF
Added Member To Class: ClassName=U_MZ Member=Component C38 1nF
Added Member To Class: ClassName=U_MZ Member=Component C39 1nF
Added Member To Class: ClassName=Designator Member=Component C54 10uF 50V
Added Member To Class: ClassName=Designator Member=Component C55 100nF
Added Member To Class: ClassName=Designator Member=Component C56 1nF
Added Member To Class: ClassName=Designator Member=Component C57 100nF
Added Member To Class: ClassName=Designator Member=Component C58 0603
Added Member To Class: ClassName=Designator Member=Component C59 100nF
Added Member To Class: ClassName=Designator Member=Component C60 100nF
Added Member To Class: ClassName=Designator Member=Component C62 100nF
Added Member To Class: ClassName=Designator Member=Component C64 10uF 50V
Added Member To Class: ClassName=Designator Member=Component C66 100nF
Added Member To Class: ClassName=Designator Member=Component C70 100nF
Added Member To Class: ClassName=Designator Member=Component C73 0402
Added Member To Class: ClassName=Designator Member=Component C75 0402
Added Member To Class: ClassName=Designator Member=Component C76 10uF
Added Member To Class: ClassName=Designator Member=Component C77 4.7uF
Added Member To Class: ClassName=Designator Member=Component C79 100nF
Added Member To Class: ClassName=Designator Member=Component C81 10uF
Added Member To Class: ClassName=Designator Member=Component C82 1uF
Added Member To Class: ClassName=Designator Member=Component C83 C0402TBD
Added Member To Class: ClassName=Designator Member=Component C84 C0402TBD
Added Member To Class: ClassName=USB Member=Component C86 0402
Added Member To Class: ClassName=USB Member=Component C87 3pF
Added Member To Class: ClassName=USB Member=Component C88 3pF
Added Member To Class: ClassName=USB Member=Component C89 0402
Added Member To Class: ClassName=USB Member=Component C90 0402
Added Member To Class: ClassName=USB Member=Component C91 100nF
Added Member To Class: ClassName=USB Member=Component C93 1uF
Added Member To Class: ClassName=USB Member=Component C94 100nF
Added Member To Class: ClassName=USB Member=Component C96 100nF
Added Member To Class: ClassName=USB Member=Component C97 100nF
Added Member To Class: ClassName=USB Member=Component C98 C0603TBD
Added Member To Class: ClassName=USB Member=Component C99 4.7nF
Added Member To Class: ClassName=ATSAM3X8E Main Controller - TR R1.1 Member=Component D1 5988110107F
Added Member To Class: ClassName=ATSAM3X8E Main Controller - TR R1.1 Member=Component D2 5988140107F
Added Member To Class: ClassName=M3 Member=Component D6C (D6) SMAJ30A
Added Member To Class: ClassName=M1 Member=Component D7A (D7) SMAJ30A
Added Member To Class: ClassName=M2 Member=Component D7B (D7) SMAJ30A
Added Member To Class: ClassName=M3 Member=Component D7C (D7) SMAJ30A
Added Member To Class: ClassName=M4 Member=Component D7D (D7) SMAJ30A
Added Member To Class: ClassName=M1 Member=Component D8A (D8) SMAJ30A
Added Member To Class: ClassName=M2 Member=Component D8B (D8) SMAJ30A
Added Member To Class: ClassName=M3 Member=Component D8C (D8) SMAJ30A
Added Member To Class: ClassName=M4 Member=Component D8D (D8) SMAJ30A
Added Member To Class: ClassName=U_MOSFETs and Driver Member=Component D25 B240A-13-F
Added Member To Class: ClassName=U_MOSFETs and Driver Member=Component D26 RSB39VTE-17
Added Member To Class: ClassName=U_MZ Member=Component D28 SMAJ30A
Added Member To Class: ClassName=U_MZ Member=Component D29 SMAJ30A
Added Member To Class: ClassName=U_MZ Member=Component D30 SMAJ30A
Added Member To Class: ClassName=Designator Member=Component D32 S3A-13-F
Added Member To Class: ClassName=Designator Member=Component D35 MM3Z2V7T1G
Added Member To Class: ClassName=Designator Member=Component D36 RSB39VTE-17
Added Member To Class: ClassName=USB Member=Component J15 USB-B
Added Member To Class: ClassName=Designator Member=Component L4 XAL5050-153MEB
Added Member To Class: ClassName=U_MOSFETs and Driver Member=Component Q4 PSMN7R0-60YS,115
Added Member To Class: ClassName=U_MOSFETs and Driver Member=Component Q5 PSMN7R0-60YS,115
Added Member To Class: ClassName=ATSAM3X8E Main Controller - TR R1.1 Member=Component R3 1k
Added Member To Class: ClassName=ATSAM3X8E Main Controller - TR R1.1 Member=Component R4 24r
Added Member To Class: ClassName=ATSAM3X8E Main Controller - TR R1.1 Member=Component R8 24r
Added Member To Class: ClassName=ATSAM3X8E Main Controller - TR R1.1 Member=Component R13 1k
Added Member To Class: ClassName=ATSAM3X8E Main Controller - TR R1.1 Member=Component R14 4.7K
Added Member To Class: ClassName=ATSAM3X8E Main Controller - TR R1.1 Member=Component R15 4.7K
Added Member To Class: ClassName=ATSAM3X8E Main Controller - TR R1.1 Member=Component R16 1k
Added Member To Class: ClassName=ATSAM3X8E Main Controller - TR R1.1 Member=Component R19 100K
Added Member To Class: ClassName=M1 Member=Component R30A (R30) NP
Added Member To Class: ClassName=M2 Member=Component R30B (R30) NP
Added Member To Class: ClassName=M3 Member=Component R30C (R30) NP
Added Member To Class: ClassName=M1 Member=Component R31A (R31) NP
Added Member To Class: ClassName=M2 Member=Component R31B (R31) NP
Added Member To Class: ClassName=M3 Member=Component R31C (R31) NP
Added Member To Class: ClassName=U_MOSFETs and Driver Member=Component R46 10R
Added Member To Class: ClassName=U_MOSFETs and Driver Member=Component R47 100K
Added Member To Class: ClassName=U_MOSFETs and Driver Member=Component R48 1.8K
Added Member To Class: ClassName=U_MOSFETs and Driver Member=Component R49 10R
Added Member To Class: ClassName=U_MOSFETs and Driver Member=Component R50 10R
Added Member To Class: ClassName=U_MOSFETs and Driver Member=Component R51 100K
Added Member To Class: ClassName=U_MOSFETs and Driver Member=Component R52 10R
Added Member To Class: ClassName=U_MOSFETs and Driver Member=Component R53 1.8K
Added Member To Class: ClassName=U_MOSFETs and Driver Member=Component R54 10R
Added Member To Class: ClassName=U_MOSFETs and Driver Member=Component R55 100K
Added Member To Class: ClassName=U_MZ Member=Component R56 10K
Added Member To Class: ClassName=U_MZ Member=Component R57 10K
Added Member To Class: ClassName=U_MZ Member=Component R58 100K
Added Member To Class: ClassName=U_MZ Member=Component R59 1M
Added Member To Class: ClassName=U_MZ Member=Component R60 2512
Added Member To Class: ClassName=U_MZ Member=Component R61 2512
Added Member To Class: ClassName=U_MZ Member=Component R62 NP
Added Member To Class: ClassName=U_MZ Member=Component R63 NP
Added Member To Class: ClassName=Designator Member=Component R65 200K
Added Member To Class: ClassName=Designator Member=Component R66 10K
Added Member To Class: ClassName=Designator Member=Component R67 0.6r
Added Member To Class: ClassName=Designator Member=Component R68 R0603TBD
Added Member To Class: ClassName=Designator Member=Component R70 430r
Added Member To Class: ClassName=Designator Member=Component R71 24r
Added Member To Class: ClassName=Designator Member=Component R72 R0402TBD
Added Member To Class: ClassName=Designator Member=Component R73 R0402TBD
Added Member To Class: ClassName=Designator Member=Component R74 R0402TBD
Added Member To Class: ClassName=Designator Member=Component R75 R0402TBD
Added Member To Class: ClassName=Designator Member=Component R76 R0402TBD
Added Member To Class: ClassName=Designator Member=Component R77 R0402TBD
Added Member To Class: ClassName=Designator Member=Component R78 R0402TBD
Added Member To Class: ClassName=USB Member=Component R81 R0402TBD
Added Member To Class: ClassName=USB Member=Component R82 24r
Added Member To Class: ClassName=USB Member=Component R83 100K
Added Member To Class: ClassName=USB Member=Component R84 24r
Added Member To Class: ClassName=USB Member=Component R85 6.8K
Added Member To Class: ClassName=USB Member=Component R86 24r
Added Member To Class: ClassName=USB Member=Component R87 24r
Added Member To Class: ClassName=USB Member=Component R88 24r
Added Member To Class: ClassName=Designator Member=Component T1 MSTBV6
Added Member To Class: ClassName=M1 Member=Component TP16A (TP16) TP4
Added Member To Class: ClassName=M3 Member=Component TP16C (TP16) TP4
Added Member To Class: ClassName=U_MZ Member=Component TP31 TP4
Added Member To Class: ClassName=U_MZ Member=Component TP32 TP4
Added Member To Class: ClassName=Designator Member=Component TP43 TP4
Added Member To Class: ClassName=Designator Member=Component TP46 TP4
Added Member To Class: ClassName=USB Member=Component TP55 TP4
Added Member To Class: ClassName=USB Member=Component TP57 TP4
Added Member To Class: ClassName=U_MOSFETs and Driver Member=Component U9 ZXGD3009E6
Added Member To Class: ClassName=U_MZ Member=Component U10 DRV8825
Added Member To Class: ClassName=Designator Member=Component U11 MIC5353-3.3YMT-TR
Added Member To Class: ClassName=USB Member=Component U13 ADuM4160
