Removed Member From Class: ClassName=TR4 Member=C2
Removed Member From Class: ClassName=Designator Member=C9
Removed Member From Class: ClassName=Designator Member=C10
Removed Member From Class: ClassName=M1 Member=C12
Removed Member From Class: ClassName=USB Member=C13
Removed Member From Class: ClassName=Designator Member=C16
Removed Member From Class: ClassName=USB Member=C16
Removed Member From Class: ClassName=Designator Member=C18
Removed Member From Class: ClassName=Designator Member=C19
Removed Member From Class: ClassName=Designator Member=C21
Removed Member From Class: ClassName=USB Member=C21
Removed Member From Class: ClassName=Designator Member=C29
Removed Member From Class: ClassName=USB Member=C30
Removed Member From Class: ClassName=M1 Member=C31
Removed Member From Class: ClassName=U_MOSFETs and Driver Member=C31
Removed Member From Class: ClassName=USB Member=C34
Removed Member From Class: ClassName=M1 Member=C38
Removed Member From Class: ClassName=USB Member=C45
Removed Member From Class: ClassName=USB Member=C52
Removed Member From Class: ClassName=ES2 Member=C53
Removed Member From Class: ClassName=M1 Member=C58
Removed Member From Class: ClassName=Designator Member=C67
Removed Member From Class: ClassName=Designator Member=C71
Removed Member From Class: ClassName=M4 Member=C71
Removed Member From Class: ClassName=ES1 Member=C73
Removed Member From Class: ClassName=USB Member=C73
Removed Member From Class: ClassName=USB Member=C75
Removed Member From Class: ClassName=Designator Member=C77
Removed Member From Class: ClassName=M4 Member=C77
Removed Member From Class: ClassName=U_MZ Member=C84
Removed Member From Class: ClassName=Designator Member=C86
Removed Member From Class: ClassName=Designator Member=C87
Removed Member From Class: ClassName=Designator Member=C88
Removed Member From Class: ClassName=USB Member=C88
Removed Member From Class: ClassName=U_MZ Member=C89
Removed Member From Class: ClassName=U_MOSFETs and Driver Member=C98
Removed Member From Class: ClassName=Designator Member=C101
Removed Member From Class: ClassName=U_MZ Member=C101
Removed Member From Class: ClassName=U_MOSFETs and Driver Member=C102
Removed Member From Class: ClassName=U_MOSFETs and Driver Member=C103
Removed Member From Class: ClassName=Designator Member=C104
Removed Member From Class: ClassName=U_MZ Member=C104
Removed Member From Class: ClassName=Designator Member=C105
Removed Member From Class: ClassName=U_MOSFETs and Driver Member=C105
Removed Member From Class: ClassName=Designator Member=C107
Removed Member From Class: ClassName=Designator Member=C111
Removed Member From Class: ClassName=U_MZ Member=C112
Removed Member From Class: ClassName=Designator Member=C113
Removed Member From Class: ClassName=Designator Member=C114
Removed Member From Class: ClassName=Designator Member=C116
Removed Member From Class: ClassName=Designator Member=C123
Removed Member From Class: ClassName=Designator Member=C124
Removed Member From Class: ClassName=USB Member=C124
Removed Member From Class: ClassName=U_MOSFETs and Driver Member=C129
Removed Member From Class: ClassName=U_MZ Member=C131
Removed Member From Class: ClassName=U_MOSFETs and Driver Member=C132
Removed Member From Class: ClassName=Designator Member=C134
Removed Member From Class: ClassName=Designator Member=C137
Removed Member From Class: ClassName=Designator Member=C139
Removed Member From Class: ClassName=Designator Member=C140
Removed Member From Class: ClassName=USB Member=C140
Removed Member From Class: ClassName=Designator Member=C142
Removed Member From Class: ClassName=Designator Member=C143
Removed Member From Class: ClassName=USB Member=C143
Removed Member From Class: ClassName=U_MZ Member=C144
Removed Member From Class: ClassName=U_MZ Member=D3
Removed Member From Class: ClassName=U_MZ Member=D4
Removed Member From Class: ClassName=Designator Member=D5
Removed Member From Class: ClassName=TR4 Member=D7
Removed Member From Class: ClassName=Designator Member=D9
Removed Member From Class: ClassName=U_MZ Member=D9
Removed Member From Class: ClassName=ATSAM3X8E Main Controller - TR R1.1 Member=D11
Removed Member From Class: ClassName=U_MOSFETs and Driver Member=D25
Removed Member From Class: ClassName=TR3 Member=D26
Removed Member From Class: ClassName=TR4 Member=D42
Removed Member From Class: ClassName=U_MOSFETs and Driver Member=D44
Removed Member From Class: ClassName=U_MOSFETs and Driver Member=D45
Removed Member From Class: ClassName=U_MOSFETs and Driver Member=D46
Removed Member From Class: ClassName=U_MOSFETs and Driver Member=D47
Removed Member From Class: ClassName=ES1 Member=D50
Removed Member From Class: ClassName=U_MOSFETs and Driver Member=D51
Removed Member From Class: ClassName=U_MOSFETs and Driver Member=D53
Removed Member From Class: ClassName=U_MOSFETs and Driver Member=D54
Removed Member From Class: ClassName=U_MOSFETs and Driver Member=D55
Removed Member From Class: ClassName=U_MOSFETs and Driver Member=D56
Removed Member From Class: ClassName=Designator Member=D57
Removed Member From Class: ClassName=U_MOSFETs and Driver Member=D57
Removed Member From Class: ClassName=ES1 Member=D58
Removed Member From Class: ClassName=ES2 Member=D59
Removed Member From Class: ClassName=U_MOSFETs and Driver Member=D60
Removed Member From Class: ClassName=Designator Member=D61
Removed Member From Class: ClassName=U_MOSFETs and Driver Member=D61
Removed Member From Class: ClassName=ES3 Member=J1
Removed Member From Class: ClassName=U_MZ Member=J1
Removed Member From Class: ClassName=TR3 Member=J5
Removed Member From Class: ClassName=U_MOSFETs and Driver Member=J8
Removed Member From Class: ClassName=U_MOSFETs and Driver Member=J10
Removed Member From Class: ClassName=U_MZ Member=J22
Removed Member From Class: ClassName=Designator Member=J23
Removed Member From Class: ClassName=ATSAM3X8E Main Controller - TR R1.1 Member=J24
Removed Member From Class: ClassName=ATSAM3X8E Main Controller - TR R1.1 Member=J25
Removed Member From Class: ClassName=Designator Member=J26
Removed Member From Class: ClassName=USB Member=L1
Removed Member From Class: ClassName=USB Member=L7
Removed Member From Class: ClassName=ATSAM3X8E Main Controller - TR R1.1 Member=R1
Removed Member From Class: ClassName=ES1 Member=R8
Removed Member From Class: ClassName=ATSAM3X8E Main Controller - TR R1.1 Member=R12
Removed Member From Class: ClassName=Designator Member=R13
Removed Member From Class: ClassName=Designator Member=R16
Removed Member From Class: ClassName=ATSAM3X8E Main Controller - TR R1.1 Member=R17
Removed Member From Class: ClassName=ATSAM3X8E Main Controller - TR R1.1 Member=R19
Removed Member From Class: ClassName=Designator Member=R19
Removed Member From Class: ClassName=Designator Member=R21
Removed Member From Class: ClassName=Designator Member=R22
Removed Member From Class: ClassName=Designator Member=R23
Removed Member From Class: ClassName=M2 Member=R23
Removed Member From Class: ClassName=USB Member=R26
Removed Member From Class: ClassName=TR2 Member=R27
Removed Member From Class: ClassName=USB Member=R27
Removed Member From Class: ClassName=ATSAM3X8E Main Controller - TR R1.1 Member=R28
Removed Member From Class: ClassName=ATSAM3X8E Main Controller - TR R1.1 Member=R29
Removed Member From Class: ClassName=USB Member=R30
Removed Member From Class: ClassName=TR4 Member=R32
Removed Member From Class: ClassName=ATSAM3X8E Main Controller - TR R1.1 Member=R34
Removed Member From Class: ClassName=Designator Member=R38
Removed Member From Class: ClassName=U_MOSFETs and Driver Member=R45
Removed Member From Class: ClassName=Designator Member=R47
Removed Member From Class: ClassName=U_MOSFETs and Driver Member=R47
Removed Member From Class: ClassName=M1 Member=R48
Removed Member From Class: ClassName=U_MOSFETs and Driver Member=R48
Removed Member From Class: ClassName=ES3 Member=R66
Removed Member From Class: ClassName=Designator Member=R85
Removed Member From Class: ClassName=U_MOSFETs and Driver Member=R87
Removed Member From Class: ClassName=ES3 Member=R90
Removed Member From Class: ClassName=U_MOSFETs and Driver Member=R91
Removed Member From Class: ClassName=U_MOSFETs and Driver Member=R92
Removed Member From Class: ClassName=U_MOSFETs and Driver Member=R93
Removed Member From Class: ClassName=USB Member=R93
Removed Member From Class: ClassName=U_MZ Member=R94
Removed Member From Class: ClassName=U_MZ Member=R95
Removed Member From Class: ClassName=TR3 Member=R96
Removed Member From Class: ClassName=U_MOSFETs and Driver Member=R97
Removed Member From Class: ClassName=U_MOSFETs and Driver Member=R100
Removed Member From Class: ClassName=U_MOSFETs and Driver Member=R101
Removed Member From Class: ClassName=Designator Member=R102
Removed Member From Class: ClassName=U_MOSFETs and Driver Member=R102
Removed Member From Class: ClassName=ES2 Member=R104
Removed Member From Class: ClassName=ES2 Member=R106
Removed Member From Class: ClassName=ES1 Member=R107
Removed Member From Class: ClassName=USB Member=R107
Removed Member From Class: ClassName=U_MOSFETs and Driver Member=R109
Removed Member From Class: ClassName=U_MOSFETs and Driver Member=R110
Removed Member From Class: ClassName=U_MZ Member=R113
Removed Member From Class: ClassName=USB Member=R113
Removed Member From Class: ClassName=U_MZ Member=R115
Removed Member From Class: ClassName=USB Member=R115
Removed Member From Class: ClassName=Designator Member=R116
Removed Member From Class: ClassName=U_MOSFETs and Driver Member=R116
Removed Member From Class: ClassName=Designator Member=R117
Removed Member From Class: ClassName=U_MOSFETs and Driver Member=R117
Removed Member From Class: ClassName=U_MOSFETs and Driver Member=R119
Removed Member From Class: ClassName=U_MOSFETs and Driver Member=R120
Removed Member From Class: ClassName=ES2 Member=R122
Removed Member From Class: ClassName=U_MOSFETs and Driver Member=R123
Removed Member From Class: ClassName=USB Member=R123
Removed Member From Class: ClassName=U_MZ Member=R125
Removed Member From Class: ClassName=U_MZ Member=R126
Removed Member From Class: ClassName=TR3 Member=R128
Removed Member From Class: ClassName=ATSAM3X8E Main Controller - TR R1.1 Member=S1
Removed Member From Class: ClassName=U_MOSFETs and Driver Member=TP1
Removed Member From Class: ClassName=U_MOSFETs and Driver Member=TP2
Removed Member From Class: ClassName=U_MOSFETs and Driver Member=TP4
Removed Member From Class: ClassName=U_MOSFETs and Driver Member=TP6
Removed Member From Class: ClassName=U_MZ Member=TP9
Removed Member From Class: ClassName=U_MZ Member=TP10
Removed Member From Class: ClassName=U_MZ Member=TP11
Removed Member From Class: ClassName=M4 Member=TP14
Removed Member From Class: ClassName=U_MOSFETs and Driver Member=TP14
Removed Member From Class: ClassName=M4 Member=TP15
Removed Member From Class: ClassName=Designator Member=TP22
Removed Member From Class: ClassName=Designator Member=TP23
Removed Member From Class: ClassName=Designator Member=TP24
Removed Member From Class: ClassName=M4 Member=TP38
Removed Member From Class: ClassName=Designator Member=TP43
Removed Member From Class: ClassName=M3 Member=TP43
Removed Member From Class: ClassName=M2 Member=TP50
Removed Member From Class: ClassName=ATSAM3X8E Main Controller - TR R1.1 Member=TP66
Removed Member From Class: ClassName=ATSAM3X8E Main Controller - TR R1.1 Member=TP69
Removed Member From Class: ClassName=M2 Member=TP69
Removed Member From Class: ClassName=U_MZ Member=TP69
Removed Member From Class: ClassName=M1 Member=TP74
Removed Member From Class: ClassName=ATSAM3X8E Main Controller - TR R1.1 Member=TP75
Removed Member From Class: ClassName=M1 Member=TP77
Removed Member From Class: ClassName=U_MZ Member=TP79
Removed Member From Class: ClassName=USB Member=TP85
Removed Member From Class: ClassName=Designator Member=TP87
Removed Member From Class: ClassName=Designator Member=TP88
Removed Member From Class: ClassName=Designator Member=TP89
Removed Member From Class: ClassName=Designator Member=TP90
Removed Member From Class: ClassName=M4 Member=TP93
Removed Member From Class: ClassName=M2 Member=TP94
Removed Member From Class: ClassName=U_MZ Member=TP95
Removed Member From Class: ClassName=U_MZ Member=TP96
Removed Member From Class: ClassName=U_MZ Member=TP97
Removed Member From Class: ClassName=M1 Member=U1
Removed Member From Class: ClassName=M2 Member=U4
Removed Member From Class: ClassName=ATSAM3X8E Main Controller - TR R1.1 Member=U9
Removed Member From Class: ClassName=ATSAM3X8E Main Controller - TR R1.1 Member=U14
Removed Member From Class: ClassName=USB Member=U14
Change Net Name : Old Net Name=NetC7A_2 New Net Name=NetC100_2
Change Net Name : Old Net Name=NetC7B_2 New Net Name=NetC105_2
Change Net Name : Old Net Name=NetC7C_2 New Net Name=NetC119_2
Change Net Name : Old Net Name=NetC7D_2 New Net Name=NetC124_2
Change Net Name : Old Net Name=NetC8A_2 New Net Name=NetC99_2
Change Net Name : Old Net Name=NetC8B_2 New Net Name=NetC106_2
Change Net Name : Old Net Name=NetC8C_2 New Net Name=NetC118_2
Change Net Name : Old Net Name=NetC8D_2 New Net Name=NetC123_2
Change Net Name : Old Net Name=NetC9A_1 New Net Name=NetC97_1
Change Net Name : Old Net Name=NetC9B_1 New Net Name=NetC103_1
Change Net Name : Old Net Name=NetC9C_1 New Net Name=NetC117_1
Change Net Name : Old Net Name=NetC9D_1 New Net Name=NetC121_1
Change Net Name : Old Net Name=NetC10A_1 New Net Name=NetC94_1
Change Net Name : Old Net Name=NetC10A_2 New Net Name=NetC94_2
Change Net Name : Old Net Name=NetC10B_1 New Net Name=NetC102_1
Change Net Name : Old Net Name=NetC10B_2 New Net Name=NetC102_2
Change Net Name : Old Net Name=NetC10C_1 New Net Name=NetC112_1
Change Net Name : Old Net Name=NetC10C_2 New Net Name=NetC112_2
Change Net Name : Old Net Name=NetC10D_1 New Net Name=NetC114_1
Change Net Name : Old Net Name=NetC10D_2 New Net Name=NetC114_2
Change Net Name : Old Net Name=NetC11A_2 New Net Name=NetC83_2
Change Net Name : Old Net Name=NetC11B_2 New Net Name=NetC85_2
Change Net Name : Old Net Name=NetC11C_2 New Net Name=NetC89_2
Change Net Name : Old Net Name=NetC11D_2 New Net Name=NetC91_2
Change Net Name : Old Net Name=NetC12A_1 New Net Name=NetC126_1
Change Net Name : Old Net Name=NetC12B_1 New Net Name=NetC130_1
Change Net Name : Old Net Name=NetC12C_1 New Net Name=NetC135_1
Change Net Name : Old Net Name=NetC12D_1 New Net Name=NetC141_1
Change Net Name : Old Net Name=NetC13A_1 New Net Name=NetC125_1
Change Net Name : Old Net Name=NetC13B_1 New Net Name=NetC129_1
Change Net Name : Old Net Name=NetC13C_1 New Net Name=NetC138_1
Change Net Name : Old Net Name=NetC13D_1 New Net Name=NetC140_1
Change Net Name : Old Net Name=NetC14A_1 New Net Name=NetC128_1
Change Net Name : Old Net Name=NetC14B_1 New Net Name=NetC132_1
Change Net Name : Old Net Name=NetC14C_1 New Net Name=NetC144_1
Change Net Name : Old Net Name=NetC14D_1 New Net Name=NetC143_1
Change Net Name : Old Net Name=NetC15A_2 New Net Name=NetC127_2
Change Net Name : Old Net Name=NetC15B_2 New Net Name=NetC131_2
Change Net Name : Old Net Name=NetC15C_2 New Net Name=NetC139_2
Change Net Name : Old Net Name=NetC15D_2 New Net Name=NetC142_2
Change Net Name : Old Net Name=NetC19_2 New Net Name=NetC16_2
Change Net Name : Old Net Name=NetC31_2 New Net Name=NetC116_2
Change Net Name : Old Net Name=NetC32_2 New Net Name=NetC110_2
Change Net Name : Old Net Name=NetC33_1 New Net Name=NetC115_1
Change Net Name : Old Net Name=NetC34_1 New Net Name=NetC108_1
Change Net Name : Old Net Name=NetC34_2 New Net Name=NetC108_2
Change Net Name : Old Net Name=NetC35_2 New Net Name=NetC86_2
Change Net Name : Old Net Name=NetC36_1 New Net Name=NetC133_1
Change Net Name : Old Net Name=NetC37_1 New Net Name=NetC134_1
Change Net Name : Old Net Name=NetC38_1 New Net Name=NetC136_1
Change Net Name : Old Net Name=NetC39_2 New Net Name=NetC137_2
Change Net Name : Old Net Name=NetC73_1 New Net Name=NetC28_1
Change Net Name : Old Net Name=NetC78_1 New Net Name=NetC4_1
Change Net Name : Old Net Name=NetC78_2 New Net Name=NetC4_2
Change Net Name : Old Net Name=NetC82_1 New Net Name=NetC12_1
Change Net Name : Old Net Name=NetC87_1 New Net Name=NetC42_1
Change Net Name : Old Net Name=NetC88_1 New Net Name=NetC41_1
Change Net Name : Old Net Name=NetC89_1 New Net Name=NetC49_1
Change Net Name : Old Net Name=NetC92_2 New Net Name=NetC40_2
Change Net Name : Old Net Name=NetC99_2 New Net Name=NetC38_2
Change Net Name : Old Net Name=NetD1_A New Net Name=NetD23_A
Change Net Name : Old Net Name=NetD2_A New Net Name=NetD25_A
Change Net Name : Old Net Name=NetD3A_A New Net Name=NetD29_A
Change Net Name : Old Net Name=NetD3B_A New Net Name=NetD31_A
Change Net Name : Old Net Name=NetD3C_A New Net Name=NetD33_A
Change Net Name : Old Net Name=NetD4A_A New Net Name=NetD28_A
Change Net Name : Old Net Name=NetD4B_A New Net Name=NetD30_A
Change Net Name : Old Net Name=NetD4C_A New Net Name=NetD32_A
Change Net Name : Old Net Name=NetD9_A New Net Name=NetD20_A
Change Net Name : Old Net Name=NetD12_A New Net Name=NetD4_A
Change Net Name : Old Net Name=NetD15_A New Net Name=NetD6_A
Change Net Name : Old Net Name=NetD18_A New Net Name=NetD9_A
Change Net Name : Old Net Name=NetD21_A New Net Name=NetD18_A
Change Net Name : Old Net Name=NetD24_A New Net Name=NetD14_A
Change Net Name : Old Net Name=NetD26A_C New Net Name=NetD34_C
Change Net Name : Old Net Name=NetD34_A New Net Name=NetD15_A
Change Net Name : Old Net Name=NetD35_A New Net Name=NetD24_A
Change Net Name : Old Net Name=NetD40_1 New Net Name=NetD27_1
Change Net Name : Old Net Name=NetD40_3 New Net Name=NetD27_3
Change Net Name : Old Net Name=NetJ17A_1 New Net Name=NetJ15_1
Change Net Name : Old Net Name=NetJ17B_1 New Net Name=NetJ16_1
Change Net Name : Old Net Name=NetJ17C_1 New Net Name=NetJ17_1
Change Net Name : Old Net Name=NetJ17D_1 New Net Name=NetJ18_1
Change Net Name : Old Net Name=NetL6_1 New Net Name=NetL5_1
Change Net Name : Old Net Name=NetL6_4 New Net Name=NetL5_4
Change Net Name : Old Net Name=NetR4_2 New Net Name=NetR84_2
Change Net Name : Old Net Name=NetR5_2 New Net Name=NetR73_2
Change Net Name : Old Net Name=NetR8_2 New Net Name=NetR72_2
Change Net Name : Old Net Name=NetR28A_2 New Net Name=NetR117_2
Change Net Name : Old Net Name=NetR28B_2 New Net Name=NetR119_2
Change Net Name : Old Net Name=NetR28C_2 New Net Name=NetR124_2
Change Net Name : Old Net Name=NetR28D_2 New Net Name=NetR126_2
Change Net Name : Old Net Name=NetR29A_2 New Net Name=NetR116_2
Change Net Name : Old Net Name=NetR29B_2 New Net Name=NetR118_2
Change Net Name : Old Net Name=NetR29C_2 New Net Name=NetR123_2
Change Net Name : Old Net Name=NetR29D_2 New Net Name=NetR125_2
Change Net Name : Old Net Name=NetR33_1 New Net Name=NetR15_1
Change Net Name : Old Net Name=NetR34_1 New Net Name=NetR18_1
Change Net Name : Old Net Name=NetR37_1 New Net Name=NetR17_1
Change Net Name : Old Net Name=NetR38_1 New Net Name=NetR16_1
Change Net Name : Old Net Name=NetR41_1 New Net Name=NetR20_1
Change Net Name : Old Net Name=NetR42_1 New Net Name=NetR21_1
Change Net Name : Old Net Name=NetR45_1 New Net Name=NetR23_1
Change Net Name : Old Net Name=NetR46_1 New Net Name=NetR24_1
Change Net Name : Old Net Name=NetR49_1 New Net Name=NetR26_1
Change Net Name : Old Net Name=NetR50_1 New Net Name=NetR27_1
Change Net Name : Old Net Name=NetR52_1 New Net Name=NetR30_1
Change Net Name : Old Net Name=NetR54_1 New Net Name=NetR31_1
Change Net Name : Old Net Name=NetR60_2 New Net Name=NetR122_2
Change Net Name : Old Net Name=NetR61_2 New Net Name=NetR121_2
Change Net Name : Old Net Name=NetR65_1 New Net Name=NetR1_1
Change Net Name : Old Net Name=NetR66_1 New Net Name=NetR2_1
Change Net Name : Old Net Name=NetR68_2 New Net Name=NetR9_1
Change Net Name : Old Net Name=NetR81_1 New Net Name=NetR42_1
Change Net Name : Old Net Name=NetR82_1 New Net Name=NetR50_1
Change Net Name : Old Net Name=NetR83_1 New Net Name=NetR52_1
Change Net Name : Old Net Name=NetR84_1 New Net Name=NetR44_1
Added Member To Class: ClassName=Designator Member=Component C1 EEE-1VA101XP
Added Member To Class: ClassName=Designator Member=Component C3 4.7uF
Added Member To Class: ClassName=Designator Member=Component C4 100nF
Added Member To Class: ClassName=Designator Member=Component C5 10uF
Added Member To Class: ClassName=Designator Member=Component C6 100nF
Added Member To Class: ClassName=U_MOSFETs and Driver Member=Component C7 C0603TBD
Added Member To Class: ClassName=U_MOSFETs and Driver Member=Component C8 C0603TBD
Added Member To Class: ClassName=U_MOSFETs and Driver Member=Component C11 C0603TBD
Added Member To Class: ClassName=Designator Member=Component C12 1uF
Added Member To Class: ClassName=Designator Member=Component C13 100nF
Added Member To Class: ClassName=Designator Member=Component C14 1nF
Added Member To Class: ClassName=Designator Member=Component C17 10uF 50V
Added Member To Class: ClassName=U_MOSFETs and Driver Member=Component C20 0402
Added Member To Class: ClassName=U_MOSFETs and Driver Member=Component C21 0402
Added Member To Class: ClassName=U_MOSFETs and Driver Member=Component C22 0402
Added Member To Class: ClassName=Designator Member=Component C23 EEE-1VA101XP
Added Member To Class: ClassName=USB Member=Component C24 100nF
Added Member To Class: ClassName=USB Member=Component C26 100nF
Added Member To Class: ClassName=Designator Member=Component C28 0402
Added Member To Class: ClassName=U_MOSFETs and Driver Member=Component C29 100nF
Added Member To Class: ClassName=USB Member=Component C31 1uF
Added Member To Class: ClassName=USB Member=Component C32 100nF
Added Member To Class: ClassName=Designator Member=Component C33 0603
Added Member To Class: ClassName=Designator Member=Component C35 100nF
Added Member To Class: ClassName=Designator Member=Component C36 10uF 50V
Added Member To Class: ClassName=Designator Member=Component C37 1uF
Added Member To Class: ClassName=USB Member=Component C38 4.7nF
Added Member To Class: ClassName=USB Member=Component C39 100nF
Added Member To Class: ClassName=USB Member=Component C40 10nF
Added Member To Class: ClassName=USB Member=Component C41 3pF
Added Member To Class: ClassName=USB Member=Component C42 3pF
Added Member To Class: ClassName=USB Member=Component C43 0402
Added Member To Class: ClassName=Designator Member=Component C47 100nF
Added Member To Class: ClassName=USB Member=Component C48 C0603TBD
Added Member To Class: ClassName=USB Member=Component C49 0402
Added Member To Class: ClassName=Designator Member=Component C51 100nF
Added Member To Class: ClassName=Designator Member=Component C54 0603
Added Member To Class: ClassName=Designator Member=Component C55 0603
Added Member To Class: ClassName=Designator Member=Component C56 100nF
Added Member To Class: ClassName=Designator Member=Component C57 100nF
Added Member To Class: ClassName=Designator Member=Component C59 100nF
Added Member To Class: ClassName=ES1 Member=Component C61 (C5) 0402
Added Member To Class: ClassName=ES2 Member=Component C62 (C6) 0402
Added Member To Class: ClassName=Designator Member=Component C69 100nF
Added Member To Class: ClassName=Designator Member=Component C70 100nF
Added Member To Class: ClassName=USB Member=Component C71 100nF
Added Member To Class: ClassName=Designator Member=Component C72 100nF
Added Member To Class: ClassName=Designator Member=Component C75 0603
Added Member To Class: ClassName=TR4 Member=Component C80 (C54) 100nF
Added Member To Class: ClassName=M1 Member=Component C82 (C16) EEE-1VA101XP
Added Member To Class: ClassName=M1 Member=Component C83 (C11) 0402
Added Member To Class: ClassName=M4 Member=Component C90 (C16) EEE-1VA101XP
Added Member To Class: ClassName=M4 Member=Component C91 (C11) 0402
Added Member To Class: ClassName=Designator Member=Component C92 10uF 50V
Added Member To Class: ClassName=M1 Member=Component C93 (C17) 100nF
Added Member To Class: ClassName=Designator Member=Component C95 1nF
Added Member To Class: ClassName=Designator Member=Component C96 100nF
Added Member To Class: ClassName=M1 Member=Component C99 (C8) 0402
Added Member To Class: ClassName=U_MZ Member=Component C108 0402
Added Member To Class: ClassName=U_MZ Member=Component C109 100nF
Added Member To Class: ClassName=U_MZ Member=Component C110 0402
Added Member To Class: ClassName=U_MZ Member=Component C115 100nF
Added Member To Class: ClassName=U_MZ Member=Component C116 0402
Added Member To Class: ClassName=U_MZ Member=Component C136 1nF
Added Member To Class: ClassName=U_MZ Member=Component C137 1nF
Added Member To Class: ClassName=U_MOSFETs and Driver Member=Component D2 B240A-13-F
Added Member To Class: ClassName=U_MOSFETs and Driver Member=Component D4 5988140107F
Added Member To Class: ClassName=U_MOSFETs and Driver Member=Component D6 5988140107F
Added Member To Class: ClassName=U_MOSFETs and Driver Member=Component D7 B240A-13-F
Added Member To Class: ClassName=U_MOSFETs and Driver Member=Component D8 RSB39VTE-17
Added Member To Class: ClassName=U_MOSFETs and Driver Member=Component D10 B240A-13-F
Added Member To Class: ClassName=U_MOSFETs and Driver Member=Component D11 RSB39VTE-17
Added Member To Class: ClassName=U_MOSFETs and Driver Member=Component D13 RSB39VTE-17
Added Member To Class: ClassName=U_MOSFETs and Driver Member=Component D14 5988140107F
Added Member To Class: ClassName=Designator Member=Component D16 RSB39VTE-17
Added Member To Class: ClassName=U_MOSFETs and Driver Member=Component D17 B240A-13-F
Added Member To Class: ClassName=U_MOSFETs and Driver Member=Component D18 5988140107F
Added Member To Class: ClassName=U_MOSFETs and Driver Member=Component D19 B240A-13-F
Added Member To Class: ClassName=U_MOSFETs and Driver Member=Component D21 RSB39VTE-17
Added Member To Class: ClassName=Designator Member=Component D22 S3A-13-F
Added Member To Class: ClassName=ATSAM3X8E Main Controller - TR R1.1 Member=Component D23 5988110107F
Added Member To Class: ClassName=ES1 Member=Component D28 (D4) ESD9B3.3ST5G
Added Member To Class: ClassName=ES1 Member=Component D29 (D3) ESD9B3.3ST5G
Added Member To Class: ClassName=ES2 Member=Component D30 (D4) ESD9B3.3ST5G
Added Member To Class: ClassName=TR4 Member=Component D36 (D48) 1N4148WT
Added Member To Class: ClassName=TR4 Member=Component D37 (D13) 1N4148WT
Added Member To Class: ClassName=TR3 Member=Component D41 (D13) 1N4148WT
Added Member To Class: ClassName=Designator Member=Component D42 MM3Z2V7T1G
Added Member To Class: ClassName=Designator Member=Component D43 S3A-13-F
Added Member To Class: ClassName=U_MZ Member=Component D48 SMAJ30A
Added Member To Class: ClassName=U_MZ Member=Component D58 SMAJ30A
Added Member To Class: ClassName=U_MZ Member=Component D59 SMAJ30A
Added Member To Class: ClassName=U_MOSFETs and Driver Member=Component J1 Molex 0395311010
Added Member To Class: ClassName=U_MOSFETs and Driver Member=Component J2 C-GRID-02-70543
Added Member To Class: ClassName=Designator Member=Component J3 MSTBV6
Added Member To Class: ClassName=ES3 Member=Component J11 (J8A) Molex 70543-03
Added Member To Class: ClassName=ATSAM3X8E Main Controller - TR R1.1 Member=Component J12 Header 5X2
Added Member To Class: ClassName=ATSAM3X8E Main Controller - TR R1.1 Member=Component J13 502570-0893
Added Member To Class: ClassName=TR3 Member=Component J17 (J5A) C-GRID-02-70543
Added Member To Class: ClassName=Designator Member=Component J21 Molex 0705430003
Added Member To Class: ClassName=U_MZ Member=Component J24 Molex 0705430003
Added Member To Class: ClassName=U_MZ Member=Component J25 Molex 0705430003
Added Member To Class: ClassName=USB Member=Component L2 MPZ1608S221A
Added Member To Class: ClassName=USB Member=Component L4 MPZ1608S221A
Added Member To Class: ClassName=Designator Member=Component R1 200K
Added Member To Class: ClassName=Designator Member=Component R2 10K
Added Member To Class: ClassName=Designator Member=Component R3 R0402TBD
Added Member To Class: ClassName=U_MOSFETs and Driver Member=Component R4 1.8K
Added Member To Class: ClassName=U_MOSFETs and Driver Member=Component R5 1.8K
Added Member To Class: ClassName=U_MOSFETs and Driver Member=Component R6 1.8K
Added Member To Class: ClassName=U_MOSFETs and Driver Member=Component R7 1.8K
Added Member To Class: ClassName=U_MOSFETs and Driver Member=Component R8 1.8K
Added Member To Class: ClassName=Designator Member=Component R9 R0603TBD
Added Member To Class: ClassName=Designator Member=Component R10 0.6r
Added Member To Class: ClassName=Designator Member=Component R11 R0603TBD
Added Member To Class: ClassName=Designator Member=Component R14 24r
Added Member To Class: ClassName=U_MOSFETs and Driver Member=Component R15 10R
Added Member To Class: ClassName=U_MOSFETs and Driver Member=Component R16 10R
Added Member To Class: ClassName=U_MOSFETs and Driver Member=Component R17 10R
Added Member To Class: ClassName=U_MOSFETs and Driver Member=Component R18 10R
Added Member To Class: ClassName=U_MOSFETs and Driver Member=Component R19 100K
Added Member To Class: ClassName=U_MOSFETs and Driver Member=Component R21 10R
Added Member To Class: ClassName=U_MOSFETs and Driver Member=Component R22 100K
Added Member To Class: ClassName=U_MOSFETs and Driver Member=Component R24 10R
Added Member To Class: ClassName=U_MOSFETs and Driver Member=Component R25 100K
Added Member To Class: ClassName=U_MOSFETs and Driver Member=Component R27 10R
Added Member To Class: ClassName=U_MOSFETs and Driver Member=Component R29 100K
Added Member To Class: ClassName=U_MOSFETs and Driver Member=Component R31 10R
Added Member To Class: ClassName=Designator Member=Component R34 1k
Added Member To Class: ClassName=ATSAM3X8E Main Controller - TR R1.1 Member=Component R35 100K
Added Member To Class: ClassName=U_MOSFETs and Driver Member=Component R36 100K
Added Member To Class: ClassName=ATSAM3X8E Main Controller - TR R1.1 Member=Component R37 1k
Added Member To Class: ClassName=ATSAM3X8E Main Controller - TR R1.1 Member=Component R39 100K
Added Member To Class: ClassName=USB Member=Component R40 1M
Added Member To Class: ClassName=USB Member=Component R41 24r
Added Member To Class: ClassName=USB Member=Component R42 R0402TBD
Added Member To Class: ClassName=USB Member=Component R43 24r
Added Member To Class: ClassName=USB Member=Component R44 24r
Added Member To Class: ClassName=USB Member=Component R45 24r
Added Member To Class: ClassName=USB Member=Component R49 6.8K
Added Member To Class: ClassName=ATSAM3X8E Main Controller - TR R1.1 Member=Component R51 1k
Added Member To Class: ClassName=USB Member=Component R52 100K
Added Member To Class: ClassName=ES1 Member=Component R53 (R23) 1k
Added Member To Class: ClassName=ES1 Member=Component R56 (R21) 1k
Added Member To Class: ClassName=ES2 Member=Component R58 (R23) 1k
Added Member To Class: ClassName=ES2 Member=Component R59 (R22) 100K
Added Member To Class: ClassName=ES2 Member=Component R60 (R21) 1k
Added Member To Class: ClassName=ES3 Member=Component R63 (R20) 100K
Added Member To Class: ClassName=Designator Member=Component R64 R0402TBD
Added Member To Class: ClassName=ATSAM3X8E Main Controller - TR R1.1 Member=Component R65 10K
Added Member To Class: ClassName=ES3 Member=Component R69 (R23) 1k
Added Member To Class: ClassName=ATSAM3X8E Main Controller - TR R1.1 Member=Component R72 24r
Added Member To Class: ClassName=ATSAM3X8E Main Controller - TR R1.1 Member=Component R73 24r
Added Member To Class: ClassName=TR3 Member=Component R75 (R6) 4.7K
Added Member To Class: ClassName=TR3 Member=Component R76 (R23) 4.7K
Added Member To Class: ClassName=TR4 Member=Component R78 (R23) 4.7K
Added Member To Class: ClassName=TR2 Member=Component R82 (R23) 4.7K
Added Member To Class: ClassName=Designator Member=Component R83 430r
Added Member To Class: ClassName=M1 Member=Component R86 (R30) NP
Added Member To Class: ClassName=M2 Member=Component R88 (R31) NP
Added Member To Class: ClassName=U_MZ Member=Component R89 NP
Added Member To Class: ClassName=U_MZ Member=Component R90 NP
Added Member To Class: ClassName=Designator Member=Component R96 R0402TBD
Added Member To Class: ClassName=U_MZ Member=Component R105 10K
Added Member To Class: ClassName=U_MZ Member=Component R106 100K
Added Member To Class: ClassName=U_MZ Member=Component R121 2512
Added Member To Class: ClassName=U_MZ Member=Component R122 2512
Added Member To Class: ClassName=Designator Member=Component R127 R0402TBD
Added Member To Class: ClassName=ATSAM3X8E Main Controller - TR R1.1 Member=Component S2 KSC721JLFS
Added Member To Class: ClassName=M1 Member=Component TP3 (TP15) TP4
Added Member To Class: ClassName=M1 Member=Component TP5 (TP20) TP4
Added Member To Class: ClassName=M2 Member=Component TP7 (TP24) TP4
Added Member To Class: ClassName=M2 Member=Component TP8 (TP21) TP4
Added Member To Class: ClassName=U_MZ Member=Component TP12 TP4
Added Member To Class: ClassName=U_MZ Member=Component TP13 TP4
Added Member To Class: ClassName=U_MZ Member=Component TP15 TP4
Added Member To Class: ClassName=U_MZ Member=Component TP16 TP4
Added Member To Class: ClassName=U_MZ Member=Component TP20 TP4
Added Member To Class: ClassName=M3 Member=Component TP26 (TP15) TP4
Added Member To Class: ClassName=M4 Member=Component TP28 (TP21) TP4
Added Member To Class: ClassName=M4 Member=Component TP29 (TP20) TP4
Added Member To Class: ClassName=M4 Member=Component TP30 (TP15) TP4
Added Member To Class: ClassName=M2 Member=Component TP32 (TP14) TP4
Added Member To Class: ClassName=U_MZ Member=Component TP33 TP4
Added Member To Class: ClassName=M4 Member=Component TP35 (TP14) TP4
Added Member To Class: ClassName=Designator Member=Component TP36 TP4
Added Member To Class: ClassName=U_MOSFETs and Driver Member=Component TP37 TP4
Added Member To Class: ClassName=U_MOSFETs and Driver Member=Component TP39 TP4
Added Member To Class: ClassName=U_MOSFETs and Driver Member=Component TP40 TP4
Added Member To Class: ClassName=Designator Member=Component TP41 TP4
Added Member To Class: ClassName=Designator Member=Component TP42 TP4
Added Member To Class: ClassName=U_MOSFETs and Driver Member=Component TP43 TP4
Added Member To Class: ClassName=U_MOSFETs and Driver Member=Component TP44 TP4
Added Member To Class: ClassName=Designator Member=Component TP45 TP4
Added Member To Class: ClassName=Designator Member=Component TP46 TP4
Added Member To Class: ClassName=Designator Member=Component TP47 TP4
Added Member To Class: ClassName=ATSAM3X8E Main Controller - TR R1.1 Member=Component TP48 TP4
Added Member To Class: ClassName=ATSAM3X8E Main Controller - TR R1.1 Member=Component TP51 TP4
Added Member To Class: ClassName=ATSAM3X8E Main Controller - TR R1.1 Member=Component TP52 TP4
Added Member To Class: ClassName=Designator Member=Component TP53 TP4
Added Member To Class: ClassName=USB Member=Component TP58 TP4
Added Member To Class: ClassName=Designator Member=Component TP75 TP4
Added Member To Class: ClassName=U_MZ Member=Component TP92 TP4
Added Member To Class: ClassName=U_MZ Member=Component TP93 TP4
Added Member To Class: ClassName=USB Member=Component U8 ADuM4160
Added Member To Class: ClassName=ATSAM3X8E Main Controller - TR R1.1 Member=Component U10 ATML-ATSAM3X-LQFP-144
Added Member To Class: ClassName=ATSAM3X8E Main Controller - TR R1.1 Member=Component U11 S25FL216K0PMFI041
Added Member To Class: ClassName=M1 Member=Component U12 (U3) DRV8825
Added Member To Class: ClassName=M2 Member=Component U13 (U3) DRV8825
