Removed Pin From Net: NetName=GND Pin=C63-2
Removed Pin From Net: NetName=RESET Pin=P3-8
Removed Pin From Net: NetName=GND Pin=P5-11
Removed Pin From Net: NetName=3.3VCC Pin=P5-12
Removed Pin From Net: NetName=RESET Pin=R21-1
Removed Pin From Net: NetName=3.3VCC Pin=R21-2
Removed Pin From Net: NetName=STEP_Z Pin=U3-93
Removed Pin From Net: NetName=DIR3 Pin=U3-117
Removed Pin From Net: NetName=PB10 Pin=U3-128
Removed Pin From Net: NetName=PB11 Pin=U3-129
Removed Member From Class: ClassName=ATSAM3X8E Main Controller - TR R1.1 Member=R21
Change Component DesignItemId : Designator=C63 Old DesignItemId=GRM155R71C104KA88D New DesignItemId=GRM155R71H103JA88D
Change Component Comment : Designator=C63 Old Comment=100nF New Comment=0402
Change Component Designator: OldDesignator=R71 NewDesignator=R21
Change Component Designator: OldDesignator=R76 NewDesignator=R71
Change Component Description : Designator=C63 Old Description=CAP CER 0402 100nF 16V 10% X7R New Description=CAP CER 10nF 50V X7R 0402
Change Component Library : Designator=C63 Old Library=3Delight.SCHLIB New Library=Tigershark3D.SchLib
Added Pin To Net: NetName=3.3VCC Pin=C63-2
Added Pin To Net: NetName=NRST Pin=P3-8
Added Pin To Net: NetName=GND Pin=P5-23
Added Pin To Net: NetName=3.3VCC Pin=P5-24
Added Pin To Net: NetName=TDI Pin=R71-1
Added Pin To Net: NetName=3.3VCC Pin=R71-2
Added Pin To Net: NetName=MOD2E2 Pin=U3-93
Added Pin To Net: NetName=STEP_Z Pin=U3-117
Added Pin To Net: NetName=EN_Z Pin=U3-128
Added Pin To Net: NetName=DIR_Z Pin=U3-129
Added Pin To Net: NetName=MOD2E3 Pin=U3-131
Added Pin To Net: NetName=MOD1E3 Pin=U3-138
Added Pin To Net: NetName=MOD0E3 Pin=U3-141
Added Pin To Net: NetName=STEP3 Pin=U3-142
Added Pin To Net: NetName=EN3 Pin=U3-143
