Removed Pin From Net: NetName=HTBD Pin=T1-1
Removed Pin From Net: NetName=+12VCC3 Pin=T1-2
Removed Pin From Net: NetName=HTRA Pin=T1-3
Removed Pin From Net: NetName=+12VCC2 Pin=T1-4
Removed Pin From Net: NetName=HTR1 Pin=T1-5
Removed Pin From Net: NetName=+12VCC2 Pin=T1-6
Removed Pin From Net: NetName=HTR0 Pin=T1-7
Removed Pin From Net: NetName=+12VCC2 Pin=T1-8
Removed Pin From Net: NetName=FN1 Pin=T1-9
Removed Pin From Net: NetName=+12VCC2 Pin=T1-10
Added Pin To Net: NetName=+12VCC3 Pin=T1-1
Added Pin To Net: NetName=HTBD Pin=T1-2
Added Pin To Net: NetName=+12VCC2 Pin=T1-3
Added Pin To Net: NetName=HTRA Pin=T1-4
Added Pin To Net: NetName=+12VCC2 Pin=T1-5
Added Pin To Net: NetName=HTR1 Pin=T1-6
Added Pin To Net: NetName=+12VCC2 Pin=T1-7
Added Pin To Net: NetName=HTR0 Pin=T1-8
Added Pin To Net: NetName=+12VCC2 Pin=T1-9
Added Pin To Net: NetName=FN1 Pin=T1-10
