Removed Pin From Net: NetName=GND Pin=R71-1
Removed Pin From Net: NetName=FET_PWM1 Pin=R71-2
Removed Pin From Net: NetName=WP# Pin=TP29-1
Removed Pin From Net: NetName=MAX_ES1 Pin=U3-76
Removed Pin From Net: NetName=MIN_ES1 Pin=U3-77
Removed Pin From Net: NetName=THERM_AN1 Pin=U3-88
Removed Pin From Net: NetName=THERM_AN2 Pin=U3-89
Removed Pin From Net: NetName=THERM_AN3 Pin=U3-90
Removed Pin From Net: NetName=THERM_AN4 Pin=U3-91
Removed Pin From Net: NetName=EN2 Pin=U3-92
Removed Pin From Net: NetName=DIR2 Pin=U3-93
Removed Pin From Net: NetName=MOD2E_Z Pin=U3-94
Removed Pin From Net: NetName=MOD1E_Z Pin=U3-95
Removed Pin From Net: NetName=MOD0E_Z Pin=U3-96
Removed Pin From Net: NetName=STEP_Z Pin=U3-97
Removed Pin From Net: NetName=EN_Z Pin=U3-98
Removed Pin From Net: NetName=DIR_Z Pin=U3-99
Removed Pin From Net: NetName=WP# Pin=U3-101
Removed Pin From Net: NetName=REF2 Pin=U3-102
Removed Pin From Net: NetName=MOD0E2 Pin=U3-140
Removed Pin From Net: NetName=STEP2 Pin=U3-141
Removed Member From Class: ClassName=ATSAM3X8E Main Controller - TR R1.1 Member=TP29
Added Component: Designator=R73(R0402)
Added Component: Designator=R74(R0402)
Added Component: Designator=R75(R0402)
Added Component: Designator=R76(R0402)
Added Pin To Net: NetName=PA3 Pin=P4-1
Added Pin To Net: NetName=TDI Pin=R71-1
Added Pin To Net: NetName=3.3VCC Pin=R71-2
Added Pin To Net: NetName=WP# Pin=R73-1
Added Pin To Net: NetName=3.3VCC Pin=R73-2
Added Pin To Net: NetName=TCK/SWDCLK Pin=R74-1
Added Pin To Net: NetName=3.3VCC Pin=R74-2
Added Pin To Net: NetName=TMS/SWDIO Pin=R75-1
Added Pin To Net: NetName=3.3VCC Pin=R75-2
Added Pin To Net: NetName=GND Pin=R71-1
Added Pin To Net: NetName=FET_PWM1 Pin=R71-2
Added Pin To Net: NetName=REF2 Pin=U3-85
Added Pin To Net: NetName=THERM_AN2 Pin=U3-88
Added Pin To Net: NetName=THERM_AN1 Pin=U3-89
Added Pin To Net: NetName=THERM_AN4 Pin=U3-90
Added Pin To Net: NetName=THERM_AN3 Pin=U3-91
Added Pin To Net: NetName=MOD2E2 Pin=U3-93
Added Pin To Net: NetName=MOD1E2 Pin=U3-94
Added Pin To Net: NetName=MOD0E2 Pin=U3-95
Added Pin To Net: NetName=STEP2 Pin=U3-96
Added Pin To Net: NetName=EN2 Pin=U3-97
Added Pin To Net: NetName=DIR2 Pin=U3-98
Added Pin To Net: NetName=PB15 Pin=U3-76
Added Net: Name=PB15
Added Pin To Net: NetName=PB16 Pin=U3-77
Added Net: Name=PB16
Added Member To Class: ClassName=ATSAM3X8E Main Controller - TR R1.1 Member=Component R71 100K
Added Member To Class: ClassName=ATSAM3X8E Main Controller - TR R1.1 Member=Component R73 10K
Added Member To Class: ClassName=ATSAM3X8E Main Controller - TR R1.1 Member=Component R74 100K
Added Member To Class: ClassName=ATSAM3X8E Main Controller - TR R1.1 Member=Component R75 100K
