Removed Pin From Net: NetName=NetC19_1 Pin=SD-12
Change Component DesignItemId : Designator=R10 Old DesignItemId=ERJ-3EKF1002V New DesignItemId=R0603TBD
Change Component DesignItemId : Designator=R12 Old DesignItemId=ERJ-3EKF1002V New DesignItemId=R0603TBD
Change Component Comment : Designator=R10 Old Comment=10K New Comment=R0603TBD
Change Component Comment : Designator=R12 Old Comment=10K New Comment=R0603TBD
Change Component Comment : Designator=D1 Old Comment=SZMM3Z4V7T1G New Comment=MM3Z2V7T1G
Change Component Designator: OldDesignator=C54 NewDesignator=C25
Change Component Description : Designator=R10 Old Description=RES 0603 10K 100mW 1% New Description=Resistor
Change Component Description : Designator=R12 Old Description=RES 0603 10K 100mW 1% New Description=Resistor
Added Component: Designator=C54(C0402)
Added Component: Designator=R50(R0603)
Added Pin To Net: NetName=3.3VCC Pin=C54-1
Added Pin To Net: NetName=GND Pin=C54-2
Added Pin To Net: NetName=3.3VCC Pin=R50-2
Added Pin To Net: NetName=GND Pin=SD-14
Added Pin To Net: NetName=SDCD Pin=R50-1
Added Pin To Net: NetName=SDCD Pin=SD-12
Added Net: Name=SDCD
Added Member To Class: ClassName=ATSAM3X8E Main Controller - TR R1.1 Member=Component C54 100nF
Added Member To Class: ClassName=ATSAM3X8E Main Controller - TR R1.1 Member=Component R50 10K
Added Member To Class: ClassName=SD Member=Wire SDCD
