Change Component Designator: OldDesignator=C30_TR1 NewDesignator=C101_TR1
Change Component Designator: OldDesignator=C30_TR2 NewDesignator=C101_TR2
Change Component Designator: OldDesignator=C30_TR3 NewDesignator=C101_TR3
Change Component Designator: OldDesignator=C30_TR4 NewDesignator=C101_TR4
Added Component: Designator=C30(C0402)
Added Component: Designator=C96(C0402)
Added Component: Designator=C97(C0402)
Added Component: Designator=C98(C0402)
Added Component: Designator=C99(C0402)
Added Component: Designator=C100(C0402)
Added Pin To Net: NetName=+12VCC2 Pin=C30-1
Added Pin To Net: NetName=NetD10_C Pin=C30-2
Added Pin To Net: NetName=+12VCC2 Pin=C96-1
Added Pin To Net: NetName=FN1 Pin=C96-2
Added Pin To Net: NetName=+12VCC2 Pin=C97-1
Added Pin To Net: NetName=HTR0 Pin=C97-2
Added Pin To Net: NetName=+12VCC2 Pin=C98-1
Added Pin To Net: NetName=HTR1 Pin=C98-2
Added Pin To Net: NetName=+12VCC2 Pin=C99-1
Added Pin To Net: NetName=HTRA Pin=C99-2
Added Pin To Net: NetName=+12VCC3 Pin=C100-1
Added Pin To Net: NetName=HTBD Pin=C100-2
Change Net Name : Old Net Name=NetD10_C New Net Name=NetC30_2
Added Member To Class: ClassName=U_MOSFETs and Driver Member=Component C30 100nF
Added Member To Class: ClassName=U_MOSFETs and Driver Member=Component C96 100nF
Added Member To Class: ClassName=U_MOSFETs and Driver Member=Component C97 100nF
Added Member To Class: ClassName=U_MOSFETs and Driver Member=Component C98 100nF
Added Member To Class: ClassName=U_MOSFETs and Driver Member=Component C99 100nF
Added Member To Class: ClassName=U_MOSFETs and Driver Member=Component C100 100nF
