Change Component Designator: Old Designator=C4 New Designator=C87
Change Component Designator: Old Designator=C5 New Designator=C88
Change Component Designator: Old Designator=C6 New Designator=C89
Change Component Designator: Old Designator=C7 New Designator=C90
Change Component Designator: Old Designator=C8 New Designator=C91
Change Component Designator: Old Designator=C28 New Designator=C92
Change Component Designator: Old Designator=C29 New Designator=C93
Change Component Designator: Old Designator=C30 New Designator=C94
Change Component Designator: Old Designator=C31 New Designator=C95
Change Component Designator: Old Designator=C32 New Designator=C96
Change Component Designator: Old Designator=C34 New Designator=C97
Change Component Designator: Old Designator=C35 New Designator=C99
Change Component Designator: Old Designator=C36 New Designator=C98
Change Component Designator: Old Designator=C37 New Designator=C86
Change Component Designator: Old Designator=C38 New Designator=C100
Change Component Designator: Old Designator=C39 New Designator=C101
Change Component Designator: Old Designator=D1 New Designator=D39
Change Component Designator: Old Designator=D2 New Designator=D40
Change Component Designator: Old Designator=J4 New Designator=J15
Change Component Designator: Old Designator=L4 New Designator=L5
Change Component Designator: Old Designator=L5 New Designator=L6
Change Component Designator: Old Designator=L6 New Designator=L7
Change Component Designator: Old Designator=R7 New Designator=R81
Change Component Designator: Old Designator=R8 New Designator=R82
Change Component Designator: Old Designator=R9 New Designator=R83
Change Component Designator: Old Designator=R10 New Designator=R84
Change Component Designator: Old Designator=R13 New Designator=R85
Change Component Designator: Old Designator=R21 New Designator=R86
Change Component Designator: Old Designator=R22 New Designator=R87
Change Component Designator: Old Designator=R23 New Designator=R88
Change Component Designator: Old Designator=R24 New Designator=R89
Change Component Designator: Old Designator=R25 New Designator=R90
Change Component Designator: Old Designator=TP11 New Designator=TP55
Change Component Designator: Old Designator=TP12 New Designator=TP56
Change Component Designator: Old Designator=TP13 New Designator=TP57
Change Component Designator: Old Designator=TP14 New Designator=TP58
Change Component Designator: Old Designator=TP15 New Designator=TP54
Change Component Designator: Old Designator=U3 New Designator=U13
