Change Component Designator: Old Designator=C86 New Designator=C61
Change Component Designator: Old Designator=C87 New Designator=C62
Change Component Designator: Old Designator=C88 New Designator=C63
Change Component Designator: Old Designator=C89 New Designator=C65
Change Component Designator: Old Designator=C90 New Designator=C69
Change Component Designator: Old Designator=C91 New Designator=C70
Change Component Designator: Old Designator=C92 New Designator=C50
Change Component Designator: Old Designator=C93 New Designator=C51
Change Component Designator: Old Designator=C94 New Designator=C53
Change Component Designator: Old Designator=C95 New Designator=C48
Change Component Designator: Old Designator=C96 New Designator=C52
Change Component Designator: Old Designator=C97 New Designator=C49
Change Component Designator: Old Designator=C98 New Designator=C44
Change Component Designator: Old Designator=C99 New Designator=C33
Change Component Designator: Old Designator=C100 New Designator=C34
Change Component Designator: Old Designator=C101 New Designator=C47
Change Component Designator: Old Designator=D39 New Designator=D24
Change Component Designator: Old Designator=D40 New Designator=D25
Change Component Designator: Old Designator=J15 New Designator=J18
Change Component Designator: Old Designator=L5 New Designator=L2
Change Component Designator: Old Designator=L6 New Designator=L4
Change Component Designator: Old Designator=L7 New Designator=L1
Change Component Designator: Old Designator=R81 New Designator=R50
Change Component Designator: Old Designator=R82 New Designator=R41
Change Component Designator: Old Designator=R83 New Designator=R49
Change Component Designator: Old Designator=R84 New Designator=R42
Change Component Designator: Old Designator=R85 New Designator=R46
Change Component Designator: Old Designator=R86 New Designator=R38
Change Component Designator: Old Designator=R87 New Designator=R47
Change Component Designator: Old Designator=R88 New Designator=R43
Change Component Designator: Old Designator=R89 New Designator=R39
Change Component Designator: Old Designator=R90 New Designator=R48
Change Component Designator: Old Designator=TP54 New Designator=TP102
Change Component Designator: Old Designator=TP55 New Designator=TP100
Change Component Designator: Old Designator=TP56 New Designator=TP78
Change Component Designator: Old Designator=TP57 New Designator=TP79
Change Component Designator: Old Designator=TP58 New Designator=TP80
Change Component Designator: Old Designator=TP59 New Designator=TP81
Change Component Designator: Old Designator=U1 New Designator=U12
Change Component Designator: Old Designator=U13 New Designator=U4
