Change Component Designator: Old Designator=C33 New Designator=C99
Change Component Designator: Old Designator=C34 New Designator=C100
Change Component Designator: Old Designator=C44 New Designator=C98
Change Component Designator: Old Designator=C47 New Designator=C101
Change Component Designator: Old Designator=C48 New Designator=C95
Change Component Designator: Old Designator=C49 New Designator=C97
Change Component Designator: Old Designator=C50 New Designator=C92
Change Component Designator: Old Designator=C51 New Designator=C93
Change Component Designator: Old Designator=C52 New Designator=C96
Change Component Designator: Old Designator=C53 New Designator=C94
Change Component Designator: Old Designator=C61 New Designator=C86
Change Component Designator: Old Designator=C62 New Designator=C87
Change Component Designator: Old Designator=C63 New Designator=C88
Change Component Designator: Old Designator=C65 New Designator=C89
Change Component Designator: Old Designator=C69 New Designator=C90
Change Component Designator: Old Designator=C70 New Designator=C91
Change Component Designator: Old Designator=D24 New Designator=D40
Change Component Designator: Old Designator=D25 New Designator=D41
Change Component Designator: Old Designator=J18 New Designator=J17
Change Component Designator: Old Designator=L1 New Designator=L7
Change Component Designator: Old Designator=L2 New Designator=L5
Change Component Designator: Old Designator=L4 New Designator=L6
Change Component Designator: Old Designator=R38 New Designator=R86
Change Component Designator: Old Designator=R39 New Designator=R89
Change Component Designator: Old Designator=R41 New Designator=R82
Change Component Designator: Old Designator=R42 New Designator=R84
Change Component Designator: Old Designator=R43 New Designator=R88
Change Component Designator: Old Designator=R46 New Designator=R85
Change Component Designator: Old Designator=R47 New Designator=R87
Change Component Designator: Old Designator=R48 New Designator=R90
Change Component Designator: Old Designator=R49 New Designator=R83
Change Component Designator: Old Designator=R50 New Designator=R81
Change Component Designator: Old Designator=TP78 New Designator=TP57
Change Component Designator: Old Designator=TP79 New Designator=TP58
Change Component Designator: Old Designator=TP80 New Designator=TP59
Change Component Designator: Old Designator=TP81 New Designator=TP55
Change Component Designator: Old Designator=TP100 New Designator=TP56
Change Component Designator: Old Designator=TP102 New Designator=TP54
Change Component Designator: Old Designator=U4 New Designator=U13
Change Component Designator: Old Designator=U10 New Designator=U1
