Change Component Designator: Old Designator=C86 New Designator=C43
Change Component Designator: Old Designator=C87 New Designator=C42
Change Component Designator: Old Designator=C88 New Designator=C41
Change Component Designator: Old Designator=C89 New Designator=C49
Change Component Designator: Old Designator=C90 New Designator=C77
Change Component Designator: Old Designator=C91 New Designator=C71
Change Component Designator: Old Designator=C92 New Designator=C40
Change Component Designator: Old Designator=C93 New Designator=C31
Change Component Designator: Old Designator=C94 New Designator=C32
Change Component Designator: Old Designator=C95 New Designator=C27
Change Component Designator: Old Designator=C96 New Designator=C26
Change Component Designator: Old Designator=C97 New Designator=C24
Change Component Designator: Old Designator=C98 New Designator=C25
Change Component Designator: Old Designator=C99 New Designator=C38
Change Component Designator: Old Designator=C100 New Designator=C39
Change Component Designator: Old Designator=C101 New Designator=C48
Change Component Designator: Old Designator=D40 New Designator=D27
Change Component Designator: Old Designator=D41 New Designator=D26
Change Component Designator: Old Designator=J17 New Designator=J5
Change Component Designator: Old Designator=L5 New Designator=L2
Change Component Designator: Old Designator=L6 New Designator=L5
Change Component Designator: Old Designator=L7 New Designator=L4
Change Component Designator: Old Designator=R81 New Designator=R42
Change Component Designator: Old Designator=R82 New Designator=R50
Change Component Designator: Old Designator=R83 New Designator=R52
Change Component Designator: Old Designator=R84 New Designator=R44
Change Component Designator: Old Designator=R85 New Designator=R49
Change Component Designator: Old Designator=R86 New Designator=R48
Change Component Designator: Old Designator=R87 New Designator=R41
Change Component Designator: Old Designator=R88 New Designator=R45
Change Component Designator: Old Designator=R89 New Designator=R43
Change Component Designator: Old Designator=R90 New Designator=R40
Change Component Designator: Old Designator=S2 New Designator=S1
Change Component Designator: Old Designator=TP54 New Designator=TP55
Change Component Designator: Old Designator=TP55 New Designator=TP54
Change Component Designator: Old Designator=TP56 New Designator=TP57
Change Component Designator: Old Designator=TP57 New Designator=TP58
Change Component Designator: Old Designator=TP58 New Designator=TP56
Change Component Designator: Old Designator=U1 New Designator=U10
Change Component Designator: Old Designator=U13 New Designator=U8
